[0.035s] Invoking command in '/home/bobo/ros2_ws/build/tug_turtlebot4': CMAKE_PREFIX_PATH=/home/bobo/ros2_ws/install/tug_msgs:/home/bobo/ros2_ws/install/tug_turtlebot4:/home/bobo/ros2_ws/install/tug_stage_ros2:/home/bobo/ros2_ws/install/tug_mr2:/home/bobo/ros2_ws/install/ros2cpp_tutorials_service:/home/bobo/ros2_ws/install/ros2cpp_tutorials_publisher_subscriber:/home/bobo/ros2_ws/install/ros2cpp_tutorials_parameter:/home/bobo/ros2_ws/install/ros2cpp_tutorials_action:/home/bobo/ros2_ws/install/Eigen3:/opt/ros/humble LD_LIBRARY_PATH=/home/bobo/ros2_ws/install/tug_msgs/lib:/home/bobo/stg/lib:/home/bobo/ros2_ws/install/ros2cpp_tutorials_service/lib:/home/bobo/ros2_ws/install/ros2cpp_tutorials_action/lib:/opt/ros/humble/opt/rviz_ogre_vendor/lib:/opt/ros/humble/lib/x86_64-linux-gnu:/opt/ros/humble/lib /usr/bin/cmake --build /home/bobo/ros2_ws/build/tug_turtlebot4 -- -j8 -l8
[0.168s] [35m[1mConsolidate compiler generated dependencies of target simple_turtle[0m
[0.188s] [ 28%] Built target static_transform_publisher
[0.205s] [ 57%] Built target tug_wheel_encoder-system
[0.229s] [ 71%] [32mBuilding CXX object CMakeFiles/simple_turtle.dir/src/SimpleTurtleNode.cpp.o[0m
[20.260s] [ 85%] [32m[1mLinking CXX executable simple_turtle[0m
[21.347s] [100%] Built target simple_turtle
[21.369s] Invoked command in '/home/bobo/ros2_ws/build/tug_turtlebot4' returned '0': CMAKE_PREFIX_PATH=/home/bobo/ros2_ws/install/tug_msgs:/home/bobo/ros2_ws/install/tug_turtlebot4:/home/bobo/ros2_ws/install/tug_stage_ros2:/home/bobo/ros2_ws/install/tug_mr2:/home/bobo/ros2_ws/install/ros2cpp_tutorials_service:/home/bobo/ros2_ws/install/ros2cpp_tutorials_publisher_subscriber:/home/bobo/ros2_ws/install/ros2cpp_tutorials_parameter:/home/bobo/ros2_ws/install/ros2cpp_tutorials_action:/home/bobo/ros2_ws/install/Eigen3:/opt/ros/humble LD_LIBRARY_PATH=/home/bobo/ros2_ws/install/tug_msgs/lib:/home/bobo/stg/lib:/home/bobo/ros2_ws/install/ros2cpp_tutorials_service/lib:/home/bobo/ros2_ws/install/ros2cpp_tutorials_action/lib:/opt/ros/humble/opt/rviz_ogre_vendor/lib:/opt/ros/humble/lib/x86_64-linux-gnu:/opt/ros/humble/lib /usr/bin/cmake --build /home/bobo/ros2_ws/build/tug_turtlebot4 -- -j8 -l8
[21.443s] Invoking command in '/home/bobo/ros2_ws/build/tug_turtlebot4': CMAKE_PREFIX_PATH=/home/bobo/ros2_ws/install/tug_msgs:/home/bobo/ros2_ws/install/tug_turtlebot4:/home/bobo/ros2_ws/install/tug_stage_ros2:/home/bobo/ros2_ws/install/tug_mr2:/home/bobo/ros2_ws/install/ros2cpp_tutorials_service:/home/bobo/ros2_ws/install/ros2cpp_tutorials_publisher_subscriber:/home/bobo/ros2_ws/install/ros2cpp_tutorials_parameter:/home/bobo/ros2_ws/install/ros2cpp_tutorials_action:/home/bobo/ros2_ws/install/Eigen3:/opt/ros/humble LD_LIBRARY_PATH=/home/bobo/ros2_ws/install/tug_msgs/lib:/home/bobo/stg/lib:/home/bobo/ros2_ws/install/ros2cpp_tutorials_service/lib:/home/bobo/ros2_ws/install/ros2cpp_tutorials_action/lib:/opt/ros/humble/opt/rviz_ogre_vendor/lib:/opt/ros/humble/lib/x86_64-linux-gnu:/opt/ros/humble/lib /usr/bin/cmake --install /home/bobo/ros2_ws/build/tug_turtlebot4
[21.457s] -- Install configuration: ""
[21.458s] -- Up-to-date: /home/bobo/ros2_ws/install/tug_turtlebot4/lib/tug_turtlebot4/libtug_wheel_encoder-system.so
[21.459s] -- Installing: /home/bobo/ros2_ws/install/tug_turtlebot4/lib/tug_turtlebot4/simple_turtle
[21.472s] -- Set runtime path of "/home/bobo/ros2_ws/install/tug_turtlebot4/lib/tug_turtlebot4/simple_turtle" to ""
[21.473s] -- Up-to-date: /home/bobo/ros2_ws/install/tug_turtlebot4/lib/tug_turtlebot4/static_transform_publisher
[21.474s] -- Up-to-date: /home/bobo/ros2_ws/install/tug_turtlebot4/share/tug_turtlebot4/config
[21.474s] -- Up-to-date: /home/bobo/ros2_ws/install/tug_turtlebot4/share/tug_turtlebot4/config/static_transform_publisher.yaml
[21.474s] -- Up-to-date: /home/bobo/ros2_ws/install/tug_turtlebot4/share/tug_turtlebot4/config/ros_gz_bridge.yaml
[21.475s] -- Up-to-date: /home/bobo/ros2_ws/install/tug_turtlebot4/share/tug_turtlebot4/launch
[21.475s] -- Up-to-date: /home/bobo/ros2_ws/install/tug_turtlebot4/share/tug_turtlebot4/launch/turtlebot_launch.xml
[21.475s] -- Up-to-date: /home/bobo/ros2_ws/install/tug_turtlebot4/share/tug_turtlebot4/launch/simple_turtle_launch.xml
[21.476s] -- Up-to-date: /home/bobo/ros2_ws/install/tug_turtlebot4/share/tug_turtlebot4/rviz
[21.476s] -- Up-to-date: /home/bobo/ros2_ws/install/tug_turtlebot4/share/tug_turtlebot4/rviz/config.rviz
[21.476s] -- Up-to-date: /home/bobo/ros2_ws/install/tug_turtlebot4/share/tug_turtlebot4/urdf
[21.476s] -- Up-to-date: /home/bobo/ros2_ws/install/tug_turtlebot4/share/tug_turtlebot4/urdf/tug_turtlebot4.urdf
[21.476s] -- Up-to-date: /home/bobo/ros2_ws/install/tug_turtlebot4/share/tug_turtlebot4/worlds
[21.476s] -- Up-to-date: /home/bobo/ros2_ws/install/tug_turtlebot4/share/tug_turtlebot4/worlds/columns.sdf
[21.477s] -- Up-to-date: /home/bobo/ros2_ws/install/tug_turtlebot4/share/ament_index/resource_index/package_run_dependencies/tug_turtlebot4
[21.477s] -- Up-to-date: /home/bobo/ros2_ws/install/tug_turtlebot4/share/ament_index/resource_index/parent_prefix_path/tug_turtlebot4
[21.477s] -- Up-to-date: /home/bobo/ros2_ws/install/tug_turtlebot4/share/tug_turtlebot4/environment/ament_prefix_path.sh
[21.477s] -- Up-to-date: /home/bobo/ros2_ws/install/tug_turtlebot4/share/tug_turtlebot4/environment/ament_prefix_path.dsv
[21.477s] -- Up-to-date: /home/bobo/ros2_ws/install/tug_turtlebot4/share/tug_turtlebot4/environment/path.sh
[21.477s] -- Up-to-date: /home/bobo/ros2_ws/install/tug_turtlebot4/share/tug_turtlebot4/environment/path.dsv
[21.478s] -- Up-to-date: /home/bobo/ros2_ws/install/tug_turtlebot4/share/tug_turtlebot4/local_setup.bash
[21.478s] -- Up-to-date: /home/bobo/ros2_ws/install/tug_turtlebot4/share/tug_turtlebot4/local_setup.sh
[21.479s] -- Up-to-date: /home/bobo/ros2_ws/install/tug_turtlebot4/share/tug_turtlebot4/local_setup.zsh
[21.480s] -- Up-to-date: /home/bobo/ros2_ws/install/tug_turtlebot4/share/tug_turtlebot4/local_setup.dsv
[21.480s] -- Installing: /home/bobo/ros2_ws/install/tug_turtlebot4/share/tug_turtlebot4/package.dsv
[21.480s] -- Up-to-date: /home/bobo/ros2_ws/install/tug_turtlebot4/share/ament_index/resource_index/packages/tug_turtlebot4
[21.481s] -- Up-to-date: /home/bobo/ros2_ws/install/tug_turtlebot4/share/tug_turtlebot4/cmake/tug_turtlebot4Config.cmake
[21.481s] -- Up-to-date: /home/bobo/ros2_ws/install/tug_turtlebot4/share/tug_turtlebot4/cmake/tug_turtlebot4Config-version.cmake
[21.481s] -- Up-to-date: /home/bobo/ros2_ws/install/tug_turtlebot4/share/tug_turtlebot4/package.xml
[21.482s] Invoked command in '/home/bobo/ros2_ws/build/tug_turtlebot4' returned '0': CMAKE_PREFIX_PATH=/home/bobo/ros2_ws/install/tug_msgs:/home/bobo/ros2_ws/install/tug_turtlebot4:/home/bobo/ros2_ws/install/tug_stage_ros2:/home/bobo/ros2_ws/install/tug_mr2:/home/bobo/ros2_ws/install/ros2cpp_tutorials_service:/home/bobo/ros2_ws/install/ros2cpp_tutorials_publisher_subscriber:/home/bobo/ros2_ws/install/ros2cpp_tutorials_parameter:/home/bobo/ros2_ws/install/ros2cpp_tutorials_action:/home/bobo/ros2_ws/install/Eigen3:/opt/ros/humble LD_LIBRARY_PATH=/home/bobo/ros2_ws/install/tug_msgs/lib:/home/bobo/stg/lib:/home/bobo/ros2_ws/install/ros2cpp_tutorials_service/lib:/home/bobo/ros2_ws/install/ros2cpp_tutorials_action/lib:/opt/ros/humble/opt/rviz_ogre_vendor/lib:/opt/ros/humble/lib/x86_64-linux-gnu:/opt/ros/humble/lib /usr/bin/cmake --install /home/bobo/ros2_ws/build/tug_turtlebot4
