[0.026s] Invoking command in '/home/bobo/ros2_ws/build/tug_turtlebot4': CMAKE_PREFIX_PATH=/home/bobo/ros2_ws/install/tug_msgs:/home/bobo/ros2_ws/install/tug_turtlebot4:/home/bobo/ros2_ws/install/tug_stage_ros2:/home/bobo/ros2_ws/install/tug_mr2:/home/bobo/ros2_ws/install/ros2cpp_tutorials_service:/home/bobo/ros2_ws/install/ros2cpp_tutorials_publisher_subscriber:/home/bobo/ros2_ws/install/ros2cpp_tutorials_parameter:/home/bobo/ros2_ws/install/ros2cpp_tutorials_action:/home/bobo/ros2_ws/install/Eigen3:/opt/ros/humble LD_LIBRARY_PATH=/home/bobo/ros2_ws/install/tug_msgs/lib:/home/bobo/stg/lib:/home/bobo/ros2_ws/install/ros2cpp_tutorials_service/lib:/home/bobo/ros2_ws/install/ros2cpp_tutorials_action/lib:/opt/ros/humble/opt/rviz_ogre_vendor/lib:/opt/ros/humble/lib/x86_64-linux-gnu:/opt/ros/humble/lib /usr/bin/cmake --build /home/bobo/ros2_ws/build/tug_turtlebot4 -- -j8 -l8
[0.112s] [35m[1mConsolidate compiler generated dependencies of target nav[0m
[0.134s] [ 14%] Built target static_transform_publisher
[0.137s] [ 28%] Built target tug_wheel_encoder-system
[0.137s] [ 50%] Built target simple_turtle
[0.137s] [ 78%] Built target slam
[0.142s] [ 85%] [32mBuilding CXX object CMakeFiles/nav.dir/src/NavNode.cpp.o[0m
[3.659s] [01m[K/home/bobo/ros2_ws/src/mr2_public/tug_turtlebot4/src/NavNode.cpp:[m[K In member function ‘[01m[Kdouble tug_turtlebot4::NavNode::findBestSector(int, const std::vector<int>&)[m[K’:
[3.659s] [01m[K/home/bobo/ros2_ws/src/mr2_public/tug_turtlebot4/src/NavNode.cpp:100:7:[m[K [01;35m[Kwarning: [m[Kunused variable ‘[01m[Ki[m[K’ [[01;35m[K]8;;https://gcc.gnu.org/onlinedocs/gcc/Warning-Options.html#index-Wunused-variable-Wunused-variable]8;;[m[K]
[3.659s]   100 |   int [01;35m[Ki[m[K = 0;
[3.659s]       |       [01;35m[K^[m[K
[29.110s] [ 92%] [32m[1mLinking CXX executable nav[0m
[31.535s] [100%] Built target nav
[31.572s] Invoked command in '/home/bobo/ros2_ws/build/tug_turtlebot4' returned '0': CMAKE_PREFIX_PATH=/home/bobo/ros2_ws/install/tug_msgs:/home/bobo/ros2_ws/install/tug_turtlebot4:/home/bobo/ros2_ws/install/tug_stage_ros2:/home/bobo/ros2_ws/install/tug_mr2:/home/bobo/ros2_ws/install/ros2cpp_tutorials_service:/home/bobo/ros2_ws/install/ros2cpp_tutorials_publisher_subscriber:/home/bobo/ros2_ws/install/ros2cpp_tutorials_parameter:/home/bobo/ros2_ws/install/ros2cpp_tutorials_action:/home/bobo/ros2_ws/install/Eigen3:/opt/ros/humble LD_LIBRARY_PATH=/home/bobo/ros2_ws/install/tug_msgs/lib:/home/bobo/stg/lib:/home/bobo/ros2_ws/install/ros2cpp_tutorials_service/lib:/home/bobo/ros2_ws/install/ros2cpp_tutorials_action/lib:/opt/ros/humble/opt/rviz_ogre_vendor/lib:/opt/ros/humble/lib/x86_64-linux-gnu:/opt/ros/humble/lib /usr/bin/cmake --build /home/bobo/ros2_ws/build/tug_turtlebot4 -- -j8 -l8
[31.577s] Invoking command in '/home/bobo/ros2_ws/build/tug_turtlebot4': CMAKE_PREFIX_PATH=/home/bobo/ros2_ws/install/tug_msgs:/home/bobo/ros2_ws/install/tug_turtlebot4:/home/bobo/ros2_ws/install/tug_stage_ros2:/home/bobo/ros2_ws/install/tug_mr2:/home/bobo/ros2_ws/install/ros2cpp_tutorials_service:/home/bobo/ros2_ws/install/ros2cpp_tutorials_publisher_subscriber:/home/bobo/ros2_ws/install/ros2cpp_tutorials_parameter:/home/bobo/ros2_ws/install/ros2cpp_tutorials_action:/home/bobo/ros2_ws/install/Eigen3:/opt/ros/humble LD_LIBRARY_PATH=/home/bobo/ros2_ws/install/tug_msgs/lib:/home/bobo/stg/lib:/home/bobo/ros2_ws/install/ros2cpp_tutorials_service/lib:/home/bobo/ros2_ws/install/ros2cpp_tutorials_action/lib:/opt/ros/humble/opt/rviz_ogre_vendor/lib:/opt/ros/humble/lib/x86_64-linux-gnu:/opt/ros/humble/lib /usr/bin/cmake --install /home/bobo/ros2_ws/build/tug_turtlebot4
[31.601s] -- Install configuration: ""
[31.601s] -- Up-to-date: /home/bobo/ros2_ws/install/tug_turtlebot4/lib/tug_turtlebot4/libtug_wheel_encoder-system.so
[31.602s] -- Installing: /home/bobo/ros2_ws/install/tug_turtlebot4/lib/tug_turtlebot4/nav
[31.628s] -- Set runtime path of "/home/bobo/ros2_ws/install/tug_turtlebot4/lib/tug_turtlebot4/nav" to ""
[31.628s] -- Up-to-date: /home/bobo/ros2_ws/install/tug_turtlebot4/lib/tug_turtlebot4/simple_turtle
[31.630s] -- Up-to-date: /home/bobo/ros2_ws/install/tug_turtlebot4/lib/tug_turtlebot4/slam
[31.631s] -- Up-to-date: /home/bobo/ros2_ws/install/tug_turtlebot4/lib/tug_turtlebot4/static_transform_publisher
[31.632s] -- Up-to-date: /home/bobo/ros2_ws/install/tug_turtlebot4/share/tug_turtlebot4/config
[31.632s] -- Up-to-date: /home/bobo/ros2_ws/install/tug_turtlebot4/share/tug_turtlebot4/config/static_transform_publisher.yaml
[31.632s] -- Up-to-date: /home/bobo/ros2_ws/install/tug_turtlebot4/share/tug_turtlebot4/config/ros_gz_bridge.yaml
[31.633s] -- Up-to-date: /home/bobo/ros2_ws/install/tug_turtlebot4/share/tug_turtlebot4/launch
[31.633s] -- Up-to-date: /home/bobo/ros2_ws/install/tug_turtlebot4/share/tug_turtlebot4/launch/turtlebot_launch.xml
[31.633s] -- Up-to-date: /home/bobo/ros2_ws/install/tug_turtlebot4/share/tug_turtlebot4/launch/nav_launch.xml
[31.633s] -- Up-to-date: /home/bobo/ros2_ws/install/tug_turtlebot4/share/tug_turtlebot4/launch/simple_turtle_launch.xml
[31.634s] -- Up-to-date: /home/bobo/ros2_ws/install/tug_turtlebot4/share/tug_turtlebot4/launch/slam_launch.xml
[31.634s] -- Up-to-date: /home/bobo/ros2_ws/install/tug_turtlebot4/share/tug_turtlebot4/rviz
[31.634s] -- Up-to-date: /home/bobo/ros2_ws/install/tug_turtlebot4/share/tug_turtlebot4/rviz/config.rviz
[31.635s] -- Up-to-date: /home/bobo/ros2_ws/install/tug_turtlebot4/share/tug_turtlebot4/urdf
[31.635s] -- Up-to-date: /home/bobo/ros2_ws/install/tug_turtlebot4/share/tug_turtlebot4/urdf/turtlebot4.urdf
[31.635s] -- Up-to-date: /home/bobo/ros2_ws/install/tug_turtlebot4/share/tug_turtlebot4/urdf/tug_turtlebot4.urdf
[31.635s] -- Up-to-date: /home/bobo/ros2_ws/install/tug_turtlebot4/share/tug_turtlebot4/worlds
[31.636s] -- Up-to-date: /home/bobo/ros2_ws/install/tug_turtlebot4/share/tug_turtlebot4/worlds/columns.sdf
[31.636s] -- Up-to-date: /home/bobo/ros2_ws/install/tug_turtlebot4/share/ament_index/resource_index/package_run_dependencies/tug_turtlebot4
[31.636s] -- Up-to-date: /home/bobo/ros2_ws/install/tug_turtlebot4/share/ament_index/resource_index/parent_prefix_path/tug_turtlebot4
[31.636s] -- Up-to-date: /home/bobo/ros2_ws/install/tug_turtlebot4/share/tug_turtlebot4/environment/ament_prefix_path.sh
[31.636s] -- Up-to-date: /home/bobo/ros2_ws/install/tug_turtlebot4/share/tug_turtlebot4/environment/ament_prefix_path.dsv
[31.637s] -- Up-to-date: /home/bobo/ros2_ws/install/tug_turtlebot4/share/tug_turtlebot4/environment/path.sh
[31.637s] -- Up-to-date: /home/bobo/ros2_ws/install/tug_turtlebot4/share/tug_turtlebot4/environment/path.dsv
[31.637s] -- Up-to-date: /home/bobo/ros2_ws/install/tug_turtlebot4/share/tug_turtlebot4/local_setup.bash
[31.637s] -- Up-to-date: /home/bobo/ros2_ws/install/tug_turtlebot4/share/tug_turtlebot4/local_setup.sh
[31.637s] -- Up-to-date: /home/bobo/ros2_ws/install/tug_turtlebot4/share/tug_turtlebot4/local_setup.zsh
[31.638s] -- Up-to-date: /home/bobo/ros2_ws/install/tug_turtlebot4/share/tug_turtlebot4/local_setup.dsv
[31.638s] -- Installing: /home/bobo/ros2_ws/install/tug_turtlebot4/share/tug_turtlebot4/package.dsv
[31.638s] -- Up-to-date: /home/bobo/ros2_ws/install/tug_turtlebot4/share/ament_index/resource_index/packages/tug_turtlebot4
[31.639s] -- Up-to-date: /home/bobo/ros2_ws/install/tug_turtlebot4/share/tug_turtlebot4/cmake/tug_turtlebot4Config.cmake
[31.640s] -- Up-to-date: /home/bobo/ros2_ws/install/tug_turtlebot4/share/tug_turtlebot4/cmake/tug_turtlebot4Config-version.cmake
[31.641s] -- Up-to-date: /home/bobo/ros2_ws/install/tug_turtlebot4/share/tug_turtlebot4/package.xml
[31.642s] Invoked command in '/home/bobo/ros2_ws/build/tug_turtlebot4' returned '0': CMAKE_PREFIX_PATH=/home/bobo/ros2_ws/install/tug_msgs:/home/bobo/ros2_ws/install/tug_turtlebot4:/home/bobo/ros2_ws/install/tug_stage_ros2:/home/bobo/ros2_ws/install/tug_mr2:/home/bobo/ros2_ws/install/ros2cpp_tutorials_service:/home/bobo/ros2_ws/install/ros2cpp_tutorials_publisher_subscriber:/home/bobo/ros2_ws/install/ros2cpp_tutorials_parameter:/home/bobo/ros2_ws/install/ros2cpp_tutorials_action:/home/bobo/ros2_ws/install/Eigen3:/opt/ros/humble LD_LIBRARY_PATH=/home/bobo/ros2_ws/install/tug_msgs/lib:/home/bobo/stg/lib:/home/bobo/ros2_ws/install/ros2cpp_tutorials_service/lib:/home/bobo/ros2_ws/install/ros2cpp_tutorials_action/lib:/opt/ros/humble/opt/rviz_ogre_vendor/lib:/opt/ros/humble/lib/x86_64-linux-gnu:/opt/ros/humble/lib /usr/bin/cmake --install /home/bobo/ros2_ws/build/tug_turtlebot4
