[0.036s] Invoking command in '/home/bobo/ros2_ws/build/tug_msgs': CMAKE_PREFIX_PATH=${CMAKE_PREFIX_PATH}:/opt/ros/humble /usr/bin/cmake --build /home/bobo/ros2_ws/build/tug_msgs -- -j8 -l8
[0.133s] [  1%] Built target tug_msgs__cpp
[0.140s] [ 12%] Built target tug_msgs__rosidl_generator_c
[0.167s] [ 12%] Built target ament_cmake_python_copy_tug_msgs
[0.200s] [ 23%] Built target tug_msgs__rosidl_typesupport_c
[0.206s] [ 34%] Built target tug_msgs__rosidl_typesupport_fastrtps_cpp
[0.207s] [ 45%] Built target tug_msgs__rosidl_typesupport_cpp
[0.209s] [ 56%] Built target tug_msgs__rosidl_typesupport_introspection_cpp
[0.212s] [ 67%] Built target tug_msgs__rosidl_typesupport_introspection_c
[0.220s] [ 78%] Built target tug_msgs__rosidl_typesupport_fastrtps_c
[0.260s] [ 78%] Built target tug_msgs
[0.303s] [ 80%] Built target tug_msgs__py
[0.349s] [ 89%] Built target tug_msgs__rosidl_generator_py
[0.396s] [ 92%] Built target tug_msgs__rosidl_typesupport_fastrtps_c__pyext
[0.399s] [ 96%] Built target tug_msgs__rosidl_typesupport_c__pyext
[0.403s] [100%] Built target tug_msgs__rosidl_typesupport_introspection_c__pyext
[0.737s] running egg_info
[0.740s] writing tug_msgs.egg-info/PKG-INFO
[0.742s] writing dependency_links to tug_msgs.egg-info/dependency_links.txt
[0.743s] writing top-level names to tug_msgs.egg-info/top_level.txt
[0.769s] reading manifest file 'tug_msgs.egg-info/SOURCES.txt'
[0.776s] writing manifest file 'tug_msgs.egg-info/SOURCES.txt'
[0.910s] [100%] Built target ament_cmake_python_build_tug_msgs_egg
[0.910s] Invoked command in '/home/bobo/ros2_ws/build/tug_msgs' returned '0': CMAKE_PREFIX_PATH=${CMAKE_PREFIX_PATH}:/opt/ros/humble /usr/bin/cmake --build /home/bobo/ros2_ws/build/tug_msgs -- -j8 -l8
[0.911s] Invoking command in '/home/bobo/ros2_ws/build/tug_msgs': CMAKE_PREFIX_PATH=${CMAKE_PREFIX_PATH}:/opt/ros/humble /usr/bin/cmake --install /home/bobo/ros2_ws/build/tug_msgs
[0.911s] -- Install configuration: "debug"
[0.912s] -- Up-to-date: /home/bobo/ros2_ws/install/tug_msgs/share/ament_index/resource_index/rosidl_interfaces/tug_msgs
[0.912s] -- Up-to-date: /home/bobo/ros2_ws/install/tug_msgs/include/tug_msgs/tug_msgs
[0.912s] -- Up-to-date: /home/bobo/ros2_ws/install/tug_msgs/include/tug_msgs/tug_msgs/msg
[0.912s] -- Up-to-date: /home/bobo/ros2_ws/install/tug_msgs/include/tug_msgs/tug_msgs/msg/detail
[0.912s] -- Up-to-date: /home/bobo/ros2_ws/install/tug_msgs/include/tug_msgs/tug_msgs/msg/detail/wheel_encoder__functions.c
[0.912s] -- Up-to-date: /home/bobo/ros2_ws/install/tug_msgs/include/tug_msgs/tug_msgs/msg/detail/robot_pose__type_support.h
[0.912s] -- Up-to-date: /home/bobo/ros2_ws/install/tug_msgs/include/tug_msgs/tug_msgs/msg/detail/bicycle__functions.h
[0.912s] -- Up-to-date: /home/bobo/ros2_ws/install/tug_msgs/include/tug_msgs/tug_msgs/msg/detail/movement__struct.h
[0.913s] -- Up-to-date: /home/bobo/ros2_ws/install/tug_msgs/include/tug_msgs/tug_msgs/msg/detail/bicycle__type_support.h
[0.913s] -- Up-to-date: /home/bobo/ros2_ws/install/tug_msgs/include/tug_msgs/tug_msgs/msg/detail/robot_pose__functions.h
[0.913s] -- Up-to-date: /home/bobo/ros2_ws/install/tug_msgs/include/tug_msgs/tug_msgs/msg/detail/bicycle__functions.c
[0.913s] -- Up-to-date: /home/bobo/ros2_ws/install/tug_msgs/include/tug_msgs/tug_msgs/msg/detail/robot_pose__functions.c
[0.913s] -- Up-to-date: /home/bobo/ros2_ws/install/tug_msgs/include/tug_msgs/tug_msgs/msg/detail/movement__type_support.h
[0.913s] -- Up-to-date: /home/bobo/ros2_ws/install/tug_msgs/include/tug_msgs/tug_msgs/msg/detail/wheel_encoder__type_support.h
[0.913s] -- Up-to-date: /home/bobo/ros2_ws/install/tug_msgs/include/tug_msgs/tug_msgs/msg/detail/bicycle__struct.h
[0.913s] -- Up-to-date: /home/bobo/ros2_ws/install/tug_msgs/include/tug_msgs/tug_msgs/msg/detail/movement__functions.h
[0.913s] -- Up-to-date: /home/bobo/ros2_ws/install/tug_msgs/include/tug_msgs/tug_msgs/msg/detail/wheel_encoder__struct.h
[0.913s] -- Up-to-date: /home/bobo/ros2_ws/install/tug_msgs/include/tug_msgs/tug_msgs/msg/detail/robot_pose__struct.h
[0.913s] -- Up-to-date: /home/bobo/ros2_ws/install/tug_msgs/include/tug_msgs/tug_msgs/msg/detail/movement__functions.c
[0.914s] -- Up-to-date: /home/bobo/ros2_ws/install/tug_msgs/include/tug_msgs/tug_msgs/msg/detail/wheel_encoder__functions.h
[0.914s] -- Up-to-date: /home/bobo/ros2_ws/install/tug_msgs/include/tug_msgs/tug_msgs/msg/rosidl_generator_c__visibility_control.h
[0.914s] -- Up-to-date: /home/bobo/ros2_ws/install/tug_msgs/include/tug_msgs/tug_msgs/msg/movement.h
[0.914s] -- Up-to-date: /home/bobo/ros2_ws/install/tug_msgs/include/tug_msgs/tug_msgs/msg/wheel_encoder.h
[0.914s] -- Up-to-date: /home/bobo/ros2_ws/install/tug_msgs/include/tug_msgs/tug_msgs/msg/robot_pose.h
[0.914s] -- Up-to-date: /home/bobo/ros2_ws/install/tug_msgs/include/tug_msgs/tug_msgs/msg/bicycle.h
[0.914s] -- Up-to-date: /home/bobo/ros2_ws/install/tug_msgs/share/tug_msgs/environment/library_path.sh
[0.914s] -- Up-to-date: /home/bobo/ros2_ws/install/tug_msgs/share/tug_msgs/environment/library_path.dsv
[0.915s] -- Up-to-date: /home/bobo/ros2_ws/install/tug_msgs/lib/libtug_msgs__rosidl_generator_c.so
[0.915s] -- Up-to-date: /home/bobo/ros2_ws/install/tug_msgs/include/tug_msgs/tug_msgs
[0.915s] -- Up-to-date: /home/bobo/ros2_ws/install/tug_msgs/include/tug_msgs/tug_msgs/msg
[0.915s] -- Up-to-date: /home/bobo/ros2_ws/install/tug_msgs/include/tug_msgs/tug_msgs/msg/rosidl_typesupport_fastrtps_c__visibility_control.h
[0.915s] -- Up-to-date: /home/bobo/ros2_ws/install/tug_msgs/include/tug_msgs/tug_msgs/msg/detail
[0.915s] -- Up-to-date: /home/bobo/ros2_ws/install/tug_msgs/include/tug_msgs/tug_msgs/msg/detail/wheel_encoder__rosidl_typesupport_fastrtps_c.h
[0.915s] -- Up-to-date: /home/bobo/ros2_ws/install/tug_msgs/include/tug_msgs/tug_msgs/msg/detail/movement__rosidl_typesupport_fastrtps_c.h
[0.915s] -- Up-to-date: /home/bobo/ros2_ws/install/tug_msgs/include/tug_msgs/tug_msgs/msg/detail/robot_pose__rosidl_typesupport_fastrtps_c.h
[0.915s] -- Up-to-date: /home/bobo/ros2_ws/install/tug_msgs/include/tug_msgs/tug_msgs/msg/detail/bicycle__rosidl_typesupport_fastrtps_c.h
[0.915s] -- Up-to-date: /home/bobo/ros2_ws/install/tug_msgs/lib/libtug_msgs__rosidl_typesupport_fastrtps_c.so
[0.916s] -- Up-to-date: /home/bobo/ros2_ws/install/tug_msgs/include/tug_msgs/tug_msgs
[0.916s] -- Up-to-date: /home/bobo/ros2_ws/install/tug_msgs/include/tug_msgs/tug_msgs/msg
[0.916s] -- Up-to-date: /home/bobo/ros2_ws/install/tug_msgs/include/tug_msgs/tug_msgs/msg/detail
[0.916s] -- Up-to-date: /home/bobo/ros2_ws/install/tug_msgs/include/tug_msgs/tug_msgs/msg/detail/robot_pose__rosidl_typesupport_introspection_c.h
[0.916s] -- Up-to-date: /home/bobo/ros2_ws/install/tug_msgs/include/tug_msgs/tug_msgs/msg/detail/bicycle__rosidl_typesupport_introspection_c.h
[0.916s] -- Up-to-date: /home/bobo/ros2_ws/install/tug_msgs/include/tug_msgs/tug_msgs/msg/detail/wheel_encoder__rosidl_typesupport_introspection_c.h
[0.916s] -- Up-to-date: /home/bobo/ros2_ws/install/tug_msgs/include/tug_msgs/tug_msgs/msg/detail/movement__rosidl_typesupport_introspection_c.h
[0.916s] -- Up-to-date: /home/bobo/ros2_ws/install/tug_msgs/include/tug_msgs/tug_msgs/msg/detail/movement__type_support.c
[0.917s] -- Up-to-date: /home/bobo/ros2_ws/install/tug_msgs/include/tug_msgs/tug_msgs/msg/detail/bicycle__type_support.c
[0.917s] -- Up-to-date: /home/bobo/ros2_ws/install/tug_msgs/include/tug_msgs/tug_msgs/msg/detail/robot_pose__type_support.c
[0.917s] -- Up-to-date: /home/bobo/ros2_ws/install/tug_msgs/include/tug_msgs/tug_msgs/msg/detail/wheel_encoder__type_support.c
[0.917s] -- Up-to-date: /home/bobo/ros2_ws/install/tug_msgs/include/tug_msgs/tug_msgs/msg/rosidl_typesupport_introspection_c__visibility_control.h
[0.917s] -- Up-to-date: /home/bobo/ros2_ws/install/tug_msgs/lib/libtug_msgs__rosidl_typesupport_introspection_c.so
[0.917s] -- Up-to-date: /home/bobo/ros2_ws/install/tug_msgs/lib/libtug_msgs__rosidl_typesupport_c.so
[0.917s] -- Up-to-date: /home/bobo/ros2_ws/install/tug_msgs/include/tug_msgs/tug_msgs
[0.917s] -- Up-to-date: /home/bobo/ros2_ws/install/tug_msgs/include/tug_msgs/tug_msgs/msg
[0.917s] -- Up-to-date: /home/bobo/ros2_ws/install/tug_msgs/include/tug_msgs/tug_msgs/msg/detail
[0.918s] -- Up-to-date: /home/bobo/ros2_ws/install/tug_msgs/include/tug_msgs/tug_msgs/msg/detail/movement__type_support.hpp
[0.918s] -- Up-to-date: /home/bobo/ros2_ws/install/tug_msgs/include/tug_msgs/tug_msgs/msg/detail/robot_pose__traits.hpp
[0.918s] -- Up-to-date: /home/bobo/ros2_ws/install/tug_msgs/include/tug_msgs/tug_msgs/msg/detail/movement__traits.hpp
[0.918s] -- Up-to-date: /home/bobo/ros2_ws/install/tug_msgs/include/tug_msgs/tug_msgs/msg/detail/movement__builder.hpp
[0.918s] -- Up-to-date: /home/bobo/ros2_ws/install/tug_msgs/include/tug_msgs/tug_msgs/msg/detail/robot_pose__type_support.hpp
[0.918s] -- Up-to-date: /home/bobo/ros2_ws/install/tug_msgs/include/tug_msgs/tug_msgs/msg/detail/robot_pose__struct.hpp
[0.918s] -- Up-to-date: /home/bobo/ros2_ws/install/tug_msgs/include/tug_msgs/tug_msgs/msg/detail/wheel_encoder__type_support.hpp
[0.918s] -- Up-to-date: /home/bobo/ros2_ws/install/tug_msgs/include/tug_msgs/tug_msgs/msg/detail/bicycle__type_support.hpp
[0.918s] -- Up-to-date: /home/bobo/ros2_ws/install/tug_msgs/include/tug_msgs/tug_msgs/msg/detail/wheel_encoder__struct.hpp
[0.919s] -- Up-to-date: /home/bobo/ros2_ws/install/tug_msgs/include/tug_msgs/tug_msgs/msg/detail/bicycle__traits.hpp
[0.919s] -- Up-to-date: /home/bobo/ros2_ws/install/tug_msgs/include/tug_msgs/tug_msgs/msg/detail/wheel_encoder__traits.hpp
[0.919s] -- Up-to-date: /home/bobo/ros2_ws/install/tug_msgs/include/tug_msgs/tug_msgs/msg/detail/wheel_encoder__builder.hpp
[0.919s] -- Up-to-date: /home/bobo/ros2_ws/install/tug_msgs/include/tug_msgs/tug_msgs/msg/detail/bicycle__builder.hpp
[0.919s] -- Up-to-date: /home/bobo/ros2_ws/install/tug_msgs/include/tug_msgs/tug_msgs/msg/detail/robot_pose__builder.hpp
[0.919s] -- Up-to-date: /home/bobo/ros2_ws/install/tug_msgs/include/tug_msgs/tug_msgs/msg/detail/bicycle__struct.hpp
[0.919s] -- Up-to-date: /home/bobo/ros2_ws/install/tug_msgs/include/tug_msgs/tug_msgs/msg/detail/movement__struct.hpp
[0.919s] -- Up-to-date: /home/bobo/ros2_ws/install/tug_msgs/include/tug_msgs/tug_msgs/msg/rosidl_generator_cpp__visibility_control.hpp
[0.920s] -- Up-to-date: /home/bobo/ros2_ws/install/tug_msgs/include/tug_msgs/tug_msgs/msg/bicycle.hpp
[0.920s] -- Up-to-date: /home/bobo/ros2_ws/install/tug_msgs/include/tug_msgs/tug_msgs/msg/movement.hpp
[0.920s] -- Up-to-date: /home/bobo/ros2_ws/install/tug_msgs/include/tug_msgs/tug_msgs/msg/robot_pose.hpp
[0.920s] -- Up-to-date: /home/bobo/ros2_ws/install/tug_msgs/include/tug_msgs/tug_msgs/msg/wheel_encoder.hpp
[0.920s] -- Up-to-date: /home/bobo/ros2_ws/install/tug_msgs/include/tug_msgs/tug_msgs
[0.920s] -- Up-to-date: /home/bobo/ros2_ws/install/tug_msgs/include/tug_msgs/tug_msgs/msg
[0.921s] -- Up-to-date: /home/bobo/ros2_ws/install/tug_msgs/include/tug_msgs/tug_msgs/msg/rosidl_typesupport_fastrtps_cpp__visibility_control.h
[0.921s] -- Up-to-date: /home/bobo/ros2_ws/install/tug_msgs/include/tug_msgs/tug_msgs/msg/detail
[0.921s] -- Up-to-date: /home/bobo/ros2_ws/install/tug_msgs/include/tug_msgs/tug_msgs/msg/detail/movement__rosidl_typesupport_fastrtps_cpp.hpp
[0.921s] -- Up-to-date: /home/bobo/ros2_ws/install/tug_msgs/include/tug_msgs/tug_msgs/msg/detail/dds_fastrtps
[0.921s] -- Up-to-date: /home/bobo/ros2_ws/install/tug_msgs/include/tug_msgs/tug_msgs/msg/detail/bicycle__rosidl_typesupport_fastrtps_cpp.hpp
[0.922s] -- Up-to-date: /home/bobo/ros2_ws/install/tug_msgs/include/tug_msgs/tug_msgs/msg/detail/robot_pose__rosidl_typesupport_fastrtps_cpp.hpp
[0.922s] -- Up-to-date: /home/bobo/ros2_ws/install/tug_msgs/include/tug_msgs/tug_msgs/msg/detail/wheel_encoder__rosidl_typesupport_fastrtps_cpp.hpp
[0.922s] -- Up-to-date: /home/bobo/ros2_ws/install/tug_msgs/lib/libtug_msgs__rosidl_typesupport_fastrtps_cpp.so
[0.922s] -- Up-to-date: /home/bobo/ros2_ws/install/tug_msgs/include/tug_msgs/tug_msgs
[0.922s] -- Up-to-date: /home/bobo/ros2_ws/install/tug_msgs/include/tug_msgs/tug_msgs/msg
[0.922s] -- Up-to-date: /home/bobo/ros2_ws/install/tug_msgs/include/tug_msgs/tug_msgs/msg/detail
[0.922s] -- Up-to-date: /home/bobo/ros2_ws/install/tug_msgs/include/tug_msgs/tug_msgs/msg/detail/wheel_encoder__rosidl_typesupport_introspection_cpp.hpp
[0.922s] -- Up-to-date: /home/bobo/ros2_ws/install/tug_msgs/include/tug_msgs/tug_msgs/msg/detail/bicycle__type_support.cpp
[0.922s] -- Up-to-date: /home/bobo/ros2_ws/install/tug_msgs/include/tug_msgs/tug_msgs/msg/detail/robot_pose__rosidl_typesupport_introspection_cpp.hpp
[0.923s] -- Up-to-date: /home/bobo/ros2_ws/install/tug_msgs/include/tug_msgs/tug_msgs/msg/detail/robot_pose__type_support.cpp
[0.923s] -- Up-to-date: /home/bobo/ros2_ws/install/tug_msgs/include/tug_msgs/tug_msgs/msg/detail/bicycle__rosidl_typesupport_introspection_cpp.hpp
[0.923s] -- Up-to-date: /home/bobo/ros2_ws/install/tug_msgs/include/tug_msgs/tug_msgs/msg/detail/movement__type_support.cpp
[0.923s] -- Up-to-date: /home/bobo/ros2_ws/install/tug_msgs/include/tug_msgs/tug_msgs/msg/detail/wheel_encoder__type_support.cpp
[0.923s] -- Up-to-date: /home/bobo/ros2_ws/install/tug_msgs/include/tug_msgs/tug_msgs/msg/detail/movement__rosidl_typesupport_introspection_cpp.hpp
[0.923s] -- Up-to-date: /home/bobo/ros2_ws/install/tug_msgs/lib/libtug_msgs__rosidl_typesupport_introspection_cpp.so
[0.923s] -- Up-to-date: /home/bobo/ros2_ws/install/tug_msgs/lib/libtug_msgs__rosidl_typesupport_cpp.so
[0.923s] -- Up-to-date: /home/bobo/ros2_ws/install/tug_msgs/share/tug_msgs/environment/pythonpath.sh
[0.923s] -- Up-to-date: /home/bobo/ros2_ws/install/tug_msgs/share/tug_msgs/environment/pythonpath.dsv
[0.923s] -- Up-to-date: /home/bobo/ros2_ws/install/tug_msgs/local/lib/python3.10/dist-packages/tug_msgs-0.0.0-py3.10.egg-info
[0.924s] -- Installing: /home/bobo/ros2_ws/install/tug_msgs/local/lib/python3.10/dist-packages/tug_msgs-0.0.0-py3.10.egg-info/top_level.txt
[0.924s] -- Installing: /home/bobo/ros2_ws/install/tug_msgs/local/lib/python3.10/dist-packages/tug_msgs-0.0.0-py3.10.egg-info/dependency_links.txt
[0.924s] -- Installing: /home/bobo/ros2_ws/install/tug_msgs/local/lib/python3.10/dist-packages/tug_msgs-0.0.0-py3.10.egg-info/SOURCES.txt
[0.924s] -- Installing: /home/bobo/ros2_ws/install/tug_msgs/local/lib/python3.10/dist-packages/tug_msgs-0.0.0-py3.10.egg-info/PKG-INFO
[0.924s] -- Up-to-date: /home/bobo/ros2_ws/install/tug_msgs/local/lib/python3.10/dist-packages/tug_msgs
[0.924s] -- Up-to-date: /home/bobo/ros2_ws/install/tug_msgs/local/lib/python3.10/dist-packages/tug_msgs/libtug_msgs__rosidl_generator_py.so
[0.924s] -- Up-to-date: /home/bobo/ros2_ws/install/tug_msgs/local/lib/python3.10/dist-packages/tug_msgs/_tug_msgs_s.ep.rosidl_typesupport_introspection_c.c
[0.924s] -- Up-to-date: /home/bobo/ros2_ws/install/tug_msgs/local/lib/python3.10/dist-packages/tug_msgs/_tug_msgs_s.ep.rosidl_typesupport_c.c
[0.924s] -- Up-to-date: /home/bobo/ros2_ws/install/tug_msgs/local/lib/python3.10/dist-packages/tug_msgs/tug_msgs_s__rosidl_typesupport_introspection_c.cpython-310-x86_64-linux-gnu.so
[0.924s] -- Up-to-date: /home/bobo/ros2_ws/install/tug_msgs/local/lib/python3.10/dist-packages/tug_msgs/__init__.py
[0.925s] -- Up-to-date: /home/bobo/ros2_ws/install/tug_msgs/local/lib/python3.10/dist-packages/tug_msgs/msg
[0.925s] -- Up-to-date: /home/bobo/ros2_ws/install/tug_msgs/local/lib/python3.10/dist-packages/tug_msgs/msg/_wheel_encoder.py
[0.925s] -- Up-to-date: /home/bobo/ros2_ws/install/tug_msgs/local/lib/python3.10/dist-packages/tug_msgs/msg/_robot_pose_s.c
[0.925s] -- Up-to-date: /home/bobo/ros2_ws/install/tug_msgs/local/lib/python3.10/dist-packages/tug_msgs/msg/__init__.py
[0.925s] -- Up-to-date: /home/bobo/ros2_ws/install/tug_msgs/local/lib/python3.10/dist-packages/tug_msgs/msg/_movement_s.c
[0.925s] -- Up-to-date: /home/bobo/ros2_ws/install/tug_msgs/local/lib/python3.10/dist-packages/tug_msgs/msg/_movement.py
[0.925s] -- Up-to-date: /home/bobo/ros2_ws/install/tug_msgs/local/lib/python3.10/dist-packages/tug_msgs/msg/_robot_pose.py
[0.926s] -- Up-to-date: /home/bobo/ros2_ws/install/tug_msgs/local/lib/python3.10/dist-packages/tug_msgs/msg/_bicycle.py
[0.926s] -- Up-to-date: /home/bobo/ros2_ws/install/tug_msgs/local/lib/python3.10/dist-packages/tug_msgs/msg/_wheel_encoder_s.c
[0.926s] -- Up-to-date: /home/bobo/ros2_ws/install/tug_msgs/local/lib/python3.10/dist-packages/tug_msgs/msg/_bicycle_s.c
[0.926s] -- Up-to-date: /home/bobo/ros2_ws/install/tug_msgs/local/lib/python3.10/dist-packages/tug_msgs/tug_msgs_s__rosidl_typesupport_c.cpython-310-x86_64-linux-gnu.so
[0.926s] -- Up-to-date: /home/bobo/ros2_ws/install/tug_msgs/local/lib/python3.10/dist-packages/tug_msgs/tug_msgs_s__rosidl_typesupport_fastrtps_c.cpython-310-x86_64-linux-gnu.so
[0.926s] -- Up-to-date: /home/bobo/ros2_ws/install/tug_msgs/local/lib/python3.10/dist-packages/tug_msgs/_tug_msgs_s.ep.rosidl_typesupport_fastrtps_c.c
[0.955s] Listing '/home/bobo/ros2_ws/install/tug_msgs/local/lib/python3.10/dist-packages/tug_msgs'...
[0.955s] Listing '/home/bobo/ros2_ws/install/tug_msgs/local/lib/python3.10/dist-packages/tug_msgs/msg'...
[0.961s] -- Up-to-date: /home/bobo/ros2_ws/install/tug_msgs/local/lib/python3.10/dist-packages/tug_msgs/tug_msgs_s__rosidl_typesupport_fastrtps_c.cpython-310-x86_64-linux-gnu.so
[0.962s] -- Up-to-date: /home/bobo/ros2_ws/install/tug_msgs/local/lib/python3.10/dist-packages/tug_msgs/tug_msgs_s__rosidl_typesupport_introspection_c.cpython-310-x86_64-linux-gnu.so
[0.963s] -- Up-to-date: /home/bobo/ros2_ws/install/tug_msgs/local/lib/python3.10/dist-packages/tug_msgs/tug_msgs_s__rosidl_typesupport_c.cpython-310-x86_64-linux-gnu.so
[0.964s] -- Up-to-date: /home/bobo/ros2_ws/install/tug_msgs/lib/libtug_msgs__rosidl_generator_py.so
[0.964s] -- Up-to-date: /home/bobo/ros2_ws/install/tug_msgs/share/tug_msgs/msg/Bicycle.idl
[0.965s] -- Up-to-date: /home/bobo/ros2_ws/install/tug_msgs/share/tug_msgs/msg/Movement.idl
[0.965s] -- Up-to-date: /home/bobo/ros2_ws/install/tug_msgs/share/tug_msgs/msg/RobotPose.idl
[0.965s] -- Up-to-date: /home/bobo/ros2_ws/install/tug_msgs/share/tug_msgs/msg/WheelEncoder.idl
[0.966s] -- Up-to-date: /home/bobo/ros2_ws/install/tug_msgs/share/tug_msgs/msg/Bicycle.msg
[0.966s] -- Up-to-date: /home/bobo/ros2_ws/install/tug_msgs/share/tug_msgs/msg/Movement.msg
[0.966s] -- Up-to-date: /home/bobo/ros2_ws/install/tug_msgs/share/tug_msgs/msg/RobotPose.msg
[0.967s] -- Up-to-date: /home/bobo/ros2_ws/install/tug_msgs/share/tug_msgs/msg/WheelEncoder.msg
[0.967s] -- Up-to-date: /home/bobo/ros2_ws/install/tug_msgs/share/ament_index/resource_index/package_run_dependencies/tug_msgs
[0.967s] -- Up-to-date: /home/bobo/ros2_ws/install/tug_msgs/share/ament_index/resource_index/parent_prefix_path/tug_msgs
[0.967s] -- Up-to-date: /home/bobo/ros2_ws/install/tug_msgs/share/tug_msgs/environment/ament_prefix_path.sh
[0.968s] -- Up-to-date: /home/bobo/ros2_ws/install/tug_msgs/share/tug_msgs/environment/ament_prefix_path.dsv
[0.968s] -- Up-to-date: /home/bobo/ros2_ws/install/tug_msgs/share/tug_msgs/environment/path.sh
[0.968s] -- Up-to-date: /home/bobo/ros2_ws/install/tug_msgs/share/tug_msgs/environment/path.dsv
[0.969s] -- Up-to-date: /home/bobo/ros2_ws/install/tug_msgs/share/tug_msgs/local_setup.bash
[0.969s] -- Up-to-date: /home/bobo/ros2_ws/install/tug_msgs/share/tug_msgs/local_setup.sh
[0.969s] -- Up-to-date: /home/bobo/ros2_ws/install/tug_msgs/share/tug_msgs/local_setup.zsh
[0.969s] -- Up-to-date: /home/bobo/ros2_ws/install/tug_msgs/share/tug_msgs/local_setup.dsv
[0.970s] -- Installing: /home/bobo/ros2_ws/install/tug_msgs/share/tug_msgs/package.dsv
[0.970s] -- Up-to-date: /home/bobo/ros2_ws/install/tug_msgs/share/ament_index/resource_index/packages/tug_msgs
[0.970s] -- Up-to-date: /home/bobo/ros2_ws/install/tug_msgs/share/tug_msgs/cmake/export_tug_msgs__rosidl_generator_cExport.cmake
[0.970s] -- Up-to-date: /home/bobo/ros2_ws/install/tug_msgs/share/tug_msgs/cmake/export_tug_msgs__rosidl_generator_cExport-debug.cmake
[0.970s] -- Up-to-date: /home/bobo/ros2_ws/install/tug_msgs/share/tug_msgs/cmake/export_tug_msgs__rosidl_typesupport_fastrtps_cExport.cmake
[0.971s] -- Up-to-date: /home/bobo/ros2_ws/install/tug_msgs/share/tug_msgs/cmake/export_tug_msgs__rosidl_typesupport_fastrtps_cExport-debug.cmake
[0.971s] -- Up-to-date: /home/bobo/ros2_ws/install/tug_msgs/share/tug_msgs/cmake/tug_msgs__rosidl_typesupport_introspection_cExport.cmake
[0.971s] -- Up-to-date: /home/bobo/ros2_ws/install/tug_msgs/share/tug_msgs/cmake/tug_msgs__rosidl_typesupport_introspection_cExport-debug.cmake
[0.972s] -- Up-to-date: /home/bobo/ros2_ws/install/tug_msgs/share/tug_msgs/cmake/tug_msgs__rosidl_typesupport_cExport.cmake
[0.972s] -- Up-to-date: /home/bobo/ros2_ws/install/tug_msgs/share/tug_msgs/cmake/tug_msgs__rosidl_typesupport_cExport-debug.cmake
[0.972s] -- Up-to-date: /home/bobo/ros2_ws/install/tug_msgs/share/tug_msgs/cmake/export_tug_msgs__rosidl_generator_cppExport.cmake
[0.973s] -- Up-to-date: /home/bobo/ros2_ws/install/tug_msgs/share/tug_msgs/cmake/export_tug_msgs__rosidl_typesupport_fastrtps_cppExport.cmake
[0.973s] -- Up-to-date: /home/bobo/ros2_ws/install/tug_msgs/share/tug_msgs/cmake/export_tug_msgs__rosidl_typesupport_fastrtps_cppExport-debug.cmake
[0.973s] -- Up-to-date: /home/bobo/ros2_ws/install/tug_msgs/share/tug_msgs/cmake/tug_msgs__rosidl_typesupport_introspection_cppExport.cmake
[0.973s] -- Up-to-date: /home/bobo/ros2_ws/install/tug_msgs/share/tug_msgs/cmake/tug_msgs__rosidl_typesupport_introspection_cppExport-debug.cmake
[0.973s] -- Up-to-date: /home/bobo/ros2_ws/install/tug_msgs/share/tug_msgs/cmake/tug_msgs__rosidl_typesupport_cppExport.cmake
[0.973s] -- Up-to-date: /home/bobo/ros2_ws/install/tug_msgs/share/tug_msgs/cmake/tug_msgs__rosidl_typesupport_cppExport-debug.cmake
[0.973s] -- Up-to-date: /home/bobo/ros2_ws/install/tug_msgs/share/tug_msgs/cmake/export_tug_msgs__rosidl_generator_pyExport.cmake
[0.973s] -- Up-to-date: /home/bobo/ros2_ws/install/tug_msgs/share/tug_msgs/cmake/export_tug_msgs__rosidl_generator_pyExport-debug.cmake
[0.974s] -- Up-to-date: /home/bobo/ros2_ws/install/tug_msgs/share/tug_msgs/cmake/rosidl_cmake-extras.cmake
[0.974s] -- Up-to-date: /home/bobo/ros2_ws/install/tug_msgs/share/tug_msgs/cmake/ament_cmake_export_include_directories-extras.cmake
[0.974s] -- Up-to-date: /home/bobo/ros2_ws/install/tug_msgs/share/tug_msgs/cmake/ament_cmake_export_libraries-extras.cmake
[0.974s] -- Up-to-date: /home/bobo/ros2_ws/install/tug_msgs/share/tug_msgs/cmake/ament_cmake_export_targets-extras.cmake
[0.974s] -- Up-to-date: /home/bobo/ros2_ws/install/tug_msgs/share/tug_msgs/cmake/rosidl_cmake_export_typesupport_targets-extras.cmake
[0.974s] -- Up-to-date: /home/bobo/ros2_ws/install/tug_msgs/share/tug_msgs/cmake/ament_cmake_export_dependencies-extras.cmake
[0.974s] -- Up-to-date: /home/bobo/ros2_ws/install/tug_msgs/share/tug_msgs/cmake/rosidl_cmake_export_typesupport_libraries-extras.cmake
[0.974s] -- Up-to-date: /home/bobo/ros2_ws/install/tug_msgs/share/tug_msgs/cmake/tug_msgsConfig.cmake
[0.974s] -- Up-to-date: /home/bobo/ros2_ws/install/tug_msgs/share/tug_msgs/cmake/tug_msgsConfig-version.cmake
[0.975s] -- Up-to-date: /home/bobo/ros2_ws/install/tug_msgs/share/tug_msgs/package.xml
[0.978s] Invoked command in '/home/bobo/ros2_ws/build/tug_msgs' returned '0': CMAKE_PREFIX_PATH=${CMAKE_PREFIX_PATH}:/opt/ros/humble /usr/bin/cmake --install /home/bobo/ros2_ws/build/tug_msgs
