[0.069s] Invoking command in '/home/bobo/ros2_ws/build/tug_msgs': CMAKE_PREFIX_PATH=${CMAKE_PREFIX_PATH}:/opt/ros/humble /usr/bin/cmake --build /home/bobo/ros2_ws/build/tug_msgs -- -j8 -l8
[0.239s] [  1%] Built target tug_msgs__cpp
[0.245s] [ 12%] Built target tug_msgs__rosidl_generator_c
[0.377s] [ 12%] Built target ament_cmake_python_copy_tug_msgs
[0.429s] [ 23%] Built target tug_msgs__rosidl_typesupport_cpp
[0.473s] [ 34%] Built target tug_msgs__rosidl_typesupport_fastrtps_c
[0.492s] [ 45%] Built target tug_msgs__rosidl_typesupport_c
[0.503s] [ 56%] Built target tug_msgs__rosidl_typesupport_introspection_c
[0.513s] [ 67%] Built target tug_msgs__rosidl_typesupport_introspection_cpp
[0.522s] [ 78%] Built target tug_msgs__rosidl_typesupport_fastrtps_cpp
[0.609s] [ 78%] Built target tug_msgs
[0.725s] [ 80%] Built target tug_msgs__py
[0.829s] [ 89%] Built target tug_msgs__rosidl_generator_py
[0.952s] [ 92%] Built target tug_msgs__rosidl_typesupport_c__pyext
[0.962s] [ 96%] Built target tug_msgs__rosidl_typesupport_introspection_c__pyext
[0.981s] [100%] Built target tug_msgs__rosidl_typesupport_fastrtps_c__pyext
[1.267s] running egg_info
[1.268s] writing tug_msgs.egg-info/PKG-INFO
[1.269s] writing dependency_links to tug_msgs.egg-info/dependency_links.txt
[1.270s] writing top-level names to tug_msgs.egg-info/top_level.txt
[1.275s] reading manifest file 'tug_msgs.egg-info/SOURCES.txt'
[1.276s] writing manifest file 'tug_msgs.egg-info/SOURCES.txt'
[1.321s] [100%] Built target ament_cmake_python_build_tug_msgs_egg
[1.345s] Invoked command in '/home/bobo/ros2_ws/build/tug_msgs' returned '0': CMAKE_PREFIX_PATH=${CMAKE_PREFIX_PATH}:/opt/ros/humble /usr/bin/cmake --build /home/bobo/ros2_ws/build/tug_msgs -- -j8 -l8
[1.663s] Invoking command in '/home/bobo/ros2_ws/build/tug_msgs': CMAKE_PREFIX_PATH=${CMAKE_PREFIX_PATH}:/opt/ros/humble /usr/bin/cmake --install /home/bobo/ros2_ws/build/tug_msgs
[1.687s] -- Install configuration: ""
[1.688s] -- Up-to-date: /home/bobo/ros2_ws/install/tug_msgs/share/ament_index/resource_index/rosidl_interfaces/tug_msgs
[1.688s] -- Up-to-date: /home/bobo/ros2_ws/install/tug_msgs/include/tug_msgs/tug_msgs
[1.689s] -- Up-to-date: /home/bobo/ros2_ws/install/tug_msgs/include/tug_msgs/tug_msgs/msg
[1.689s] -- Up-to-date: /home/bobo/ros2_ws/install/tug_msgs/include/tug_msgs/tug_msgs/msg/detail
[1.691s] -- Up-to-date: /home/bobo/ros2_ws/install/tug_msgs/include/tug_msgs/tug_msgs/msg/detail/wheel_encoder__functions.c
[1.691s] -- Up-to-date: /home/bobo/ros2_ws/install/tug_msgs/include/tug_msgs/tug_msgs/msg/detail/robot_pose__type_support.h
[1.692s] -- Up-to-date: /home/bobo/ros2_ws/install/tug_msgs/include/tug_msgs/tug_msgs/msg/detail/bicycle__functions.h
[1.693s] -- Up-to-date: /home/bobo/ros2_ws/install/tug_msgs/include/tug_msgs/tug_msgs/msg/detail/movement__struct.h
[1.694s] -- Up-to-date: /home/bobo/ros2_ws/install/tug_msgs/include/tug_msgs/tug_msgs/msg/detail/bicycle__type_support.h
[1.695s] -- Up-to-date: /home/bobo/ros2_ws/install/tug_msgs/include/tug_msgs/tug_msgs/msg/detail/robot_pose__functions.h
[1.695s] -- Up-to-date: /home/bobo/ros2_ws/install/tug_msgs/include/tug_msgs/tug_msgs/msg/detail/bicycle__functions.c
[1.696s] -- Up-to-date: /home/bobo/ros2_ws/install/tug_msgs/include/tug_msgs/tug_msgs/msg/detail/robot_pose__functions.c
[1.698s] -- Up-to-date: /home/bobo/ros2_ws/install/tug_msgs/include/tug_msgs/tug_msgs/msg/detail/movement__type_support.h
[1.699s] -- Up-to-date: /home/bobo/ros2_ws/install/tug_msgs/include/tug_msgs/tug_msgs/msg/detail/wheel_encoder__type_support.h
[1.700s] -- Up-to-date: /home/bobo/ros2_ws/install/tug_msgs/include/tug_msgs/tug_msgs/msg/detail/bicycle__struct.h
[1.701s] -- Up-to-date: /home/bobo/ros2_ws/install/tug_msgs/include/tug_msgs/tug_msgs/msg/detail/movement__functions.h
[1.702s] -- Up-to-date: /home/bobo/ros2_ws/install/tug_msgs/include/tug_msgs/tug_msgs/msg/detail/wheel_encoder__struct.h
[1.702s] -- Up-to-date: /home/bobo/ros2_ws/install/tug_msgs/include/tug_msgs/tug_msgs/msg/detail/robot_pose__struct.h
[1.703s] -- Up-to-date: /home/bobo/ros2_ws/install/tug_msgs/include/tug_msgs/tug_msgs/msg/detail/movement__functions.c
[1.703s] -- Up-to-date: /home/bobo/ros2_ws/install/tug_msgs/include/tug_msgs/tug_msgs/msg/detail/wheel_encoder__functions.h
[1.703s] -- Up-to-date: /home/bobo/ros2_ws/install/tug_msgs/include/tug_msgs/tug_msgs/msg/rosidl_generator_c__visibility_control.h
[1.703s] -- Up-to-date: /home/bobo/ros2_ws/install/tug_msgs/include/tug_msgs/tug_msgs/msg/movement.h
[1.704s] -- Up-to-date: /home/bobo/ros2_ws/install/tug_msgs/include/tug_msgs/tug_msgs/msg/wheel_encoder.h
[1.705s] -- Up-to-date: /home/bobo/ros2_ws/install/tug_msgs/include/tug_msgs/tug_msgs/msg/robot_pose.h
[1.705s] -- Up-to-date: /home/bobo/ros2_ws/install/tug_msgs/include/tug_msgs/tug_msgs/msg/bicycle.h
[1.705s] -- Up-to-date: /home/bobo/ros2_ws/install/tug_msgs/share/tug_msgs/environment/library_path.sh
[1.706s] -- Up-to-date: /home/bobo/ros2_ws/install/tug_msgs/share/tug_msgs/environment/library_path.dsv
[1.706s] -- Up-to-date: /home/bobo/ros2_ws/install/tug_msgs/lib/libtug_msgs__rosidl_generator_c.so
[1.706s] -- Up-to-date: /home/bobo/ros2_ws/install/tug_msgs/include/tug_msgs/tug_msgs
[1.706s] -- Up-to-date: /home/bobo/ros2_ws/install/tug_msgs/include/tug_msgs/tug_msgs/msg
[1.707s] -- Up-to-date: /home/bobo/ros2_ws/install/tug_msgs/include/tug_msgs/tug_msgs/msg/rosidl_typesupport_fastrtps_c__visibility_control.h
[1.708s] -- Up-to-date: /home/bobo/ros2_ws/install/tug_msgs/include/tug_msgs/tug_msgs/msg/detail
[1.708s] -- Up-to-date: /home/bobo/ros2_ws/install/tug_msgs/include/tug_msgs/tug_msgs/msg/detail/wheel_encoder__rosidl_typesupport_fastrtps_c.h
[1.708s] -- Up-to-date: /home/bobo/ros2_ws/install/tug_msgs/include/tug_msgs/tug_msgs/msg/detail/movement__rosidl_typesupport_fastrtps_c.h
[1.709s] -- Up-to-date: /home/bobo/ros2_ws/install/tug_msgs/include/tug_msgs/tug_msgs/msg/detail/robot_pose__rosidl_typesupport_fastrtps_c.h
[1.709s] -- Up-to-date: /home/bobo/ros2_ws/install/tug_msgs/include/tug_msgs/tug_msgs/msg/detail/bicycle__rosidl_typesupport_fastrtps_c.h
[1.710s] -- Up-to-date: /home/bobo/ros2_ws/install/tug_msgs/lib/libtug_msgs__rosidl_typesupport_fastrtps_c.so
[1.710s] -- Up-to-date: /home/bobo/ros2_ws/install/tug_msgs/include/tug_msgs/tug_msgs
[1.710s] -- Up-to-date: /home/bobo/ros2_ws/install/tug_msgs/include/tug_msgs/tug_msgs/msg
[1.711s] -- Up-to-date: /home/bobo/ros2_ws/install/tug_msgs/include/tug_msgs/tug_msgs/msg/detail
[1.711s] -- Up-to-date: /home/bobo/ros2_ws/install/tug_msgs/include/tug_msgs/tug_msgs/msg/detail/robot_pose__rosidl_typesupport_introspection_c.h
[1.712s] -- Up-to-date: /home/bobo/ros2_ws/install/tug_msgs/include/tug_msgs/tug_msgs/msg/detail/bicycle__rosidl_typesupport_introspection_c.h
[1.712s] -- Up-to-date: /home/bobo/ros2_ws/install/tug_msgs/include/tug_msgs/tug_msgs/msg/detail/wheel_encoder__rosidl_typesupport_introspection_c.h
[1.712s] -- Up-to-date: /home/bobo/ros2_ws/install/tug_msgs/include/tug_msgs/tug_msgs/msg/detail/movement__rosidl_typesupport_introspection_c.h
[1.712s] -- Up-to-date: /home/bobo/ros2_ws/install/tug_msgs/include/tug_msgs/tug_msgs/msg/detail/movement__type_support.c
[1.713s] -- Up-to-date: /home/bobo/ros2_ws/install/tug_msgs/include/tug_msgs/tug_msgs/msg/detail/bicycle__type_support.c
[1.713s] -- Up-to-date: /home/bobo/ros2_ws/install/tug_msgs/include/tug_msgs/tug_msgs/msg/detail/robot_pose__type_support.c
[1.714s] -- Up-to-date: /home/bobo/ros2_ws/install/tug_msgs/include/tug_msgs/tug_msgs/msg/detail/wheel_encoder__type_support.c
[1.714s] -- Up-to-date: /home/bobo/ros2_ws/install/tug_msgs/include/tug_msgs/tug_msgs/msg/rosidl_typesupport_introspection_c__visibility_control.h
[1.714s] -- Up-to-date: /home/bobo/ros2_ws/install/tug_msgs/lib/libtug_msgs__rosidl_typesupport_introspection_c.so
[1.717s] -- Up-to-date: /home/bobo/ros2_ws/install/tug_msgs/lib/libtug_msgs__rosidl_typesupport_c.so
[1.717s] -- Up-to-date: /home/bobo/ros2_ws/install/tug_msgs/include/tug_msgs/tug_msgs
[1.717s] -- Up-to-date: /home/bobo/ros2_ws/install/tug_msgs/include/tug_msgs/tug_msgs/msg
[1.718s] -- Up-to-date: /home/bobo/ros2_ws/install/tug_msgs/include/tug_msgs/tug_msgs/msg/detail
[1.718s] -- Up-to-date: /home/bobo/ros2_ws/install/tug_msgs/include/tug_msgs/tug_msgs/msg/detail/robot_pose__traits.hpp
[1.718s] -- Up-to-date: /home/bobo/ros2_ws/install/tug_msgs/include/tug_msgs/tug_msgs/msg/detail/movement__traits.hpp
[1.718s] -- Up-to-date: /home/bobo/ros2_ws/install/tug_msgs/include/tug_msgs/tug_msgs/msg/detail/movement__builder.hpp
[1.718s] -- Up-to-date: /home/bobo/ros2_ws/install/tug_msgs/include/tug_msgs/tug_msgs/msg/detail/robot_pose__struct.hpp
[1.719s] -- Up-to-date: /home/bobo/ros2_ws/install/tug_msgs/include/tug_msgs/tug_msgs/msg/detail/wheel_encoder__struct.hpp
[1.719s] -- Up-to-date: /home/bobo/ros2_ws/install/tug_msgs/include/tug_msgs/tug_msgs/msg/detail/bicycle__traits.hpp
[1.720s] -- Up-to-date: /home/bobo/ros2_ws/install/tug_msgs/include/tug_msgs/tug_msgs/msg/detail/wheel_encoder__traits.hpp
[1.720s] -- Up-to-date: /home/bobo/ros2_ws/install/tug_msgs/include/tug_msgs/tug_msgs/msg/detail/wheel_encoder__builder.hpp
[1.721s] -- Up-to-date: /home/bobo/ros2_ws/install/tug_msgs/include/tug_msgs/tug_msgs/msg/detail/bicycle__builder.hpp
[1.721s] -- Up-to-date: /home/bobo/ros2_ws/install/tug_msgs/include/tug_msgs/tug_msgs/msg/detail/robot_pose__builder.hpp
[1.721s] -- Up-to-date: /home/bobo/ros2_ws/install/tug_msgs/include/tug_msgs/tug_msgs/msg/detail/bicycle__struct.hpp
[1.721s] -- Up-to-date: /home/bobo/ros2_ws/install/tug_msgs/include/tug_msgs/tug_msgs/msg/detail/movement__struct.hpp
[1.722s] -- Up-to-date: /home/bobo/ros2_ws/install/tug_msgs/include/tug_msgs/tug_msgs/msg/bicycle.hpp
[1.722s] -- Up-to-date: /home/bobo/ros2_ws/install/tug_msgs/include/tug_msgs/tug_msgs/msg/movement.hpp
[1.722s] -- Up-to-date: /home/bobo/ros2_ws/install/tug_msgs/include/tug_msgs/tug_msgs/msg/robot_pose.hpp
[1.723s] -- Up-to-date: /home/bobo/ros2_ws/install/tug_msgs/include/tug_msgs/tug_msgs/msg/wheel_encoder.hpp
[1.723s] -- Up-to-date: /home/bobo/ros2_ws/install/tug_msgs/include/tug_msgs/tug_msgs
[1.723s] -- Up-to-date: /home/bobo/ros2_ws/install/tug_msgs/include/tug_msgs/tug_msgs/msg
[1.724s] -- Up-to-date: /home/bobo/ros2_ws/install/tug_msgs/include/tug_msgs/tug_msgs/msg/rosidl_typesupport_fastrtps_cpp__visibility_control.h
[1.724s] -- Up-to-date: /home/bobo/ros2_ws/install/tug_msgs/include/tug_msgs/tug_msgs/msg/detail
[1.724s] -- Up-to-date: /home/bobo/ros2_ws/install/tug_msgs/include/tug_msgs/tug_msgs/msg/detail/movement__rosidl_typesupport_fastrtps_cpp.hpp
[1.724s] -- Up-to-date: /home/bobo/ros2_ws/install/tug_msgs/include/tug_msgs/tug_msgs/msg/detail/dds_fastrtps
[1.724s] -- Up-to-date: /home/bobo/ros2_ws/install/tug_msgs/include/tug_msgs/tug_msgs/msg/detail/bicycle__rosidl_typesupport_fastrtps_cpp.hpp
[1.726s] -- Up-to-date: /home/bobo/ros2_ws/install/tug_msgs/include/tug_msgs/tug_msgs/msg/detail/robot_pose__rosidl_typesupport_fastrtps_cpp.hpp
[1.726s] -- Up-to-date: /home/bobo/ros2_ws/install/tug_msgs/include/tug_msgs/tug_msgs/msg/detail/wheel_encoder__rosidl_typesupport_fastrtps_cpp.hpp
[1.726s] -- Up-to-date: /home/bobo/ros2_ws/install/tug_msgs/lib/libtug_msgs__rosidl_typesupport_fastrtps_cpp.so
[1.726s] -- Up-to-date: /home/bobo/ros2_ws/install/tug_msgs/include/tug_msgs/tug_msgs
[1.726s] -- Up-to-date: /home/bobo/ros2_ws/install/tug_msgs/include/tug_msgs/tug_msgs/msg
[1.727s] -- Up-to-date: /home/bobo/ros2_ws/install/tug_msgs/include/tug_msgs/tug_msgs/msg/detail
[1.727s] -- Up-to-date: /home/bobo/ros2_ws/install/tug_msgs/include/tug_msgs/tug_msgs/msg/detail/wheel_encoder__rosidl_typesupport_introspection_cpp.hpp
[1.727s] -- Up-to-date: /home/bobo/ros2_ws/install/tug_msgs/include/tug_msgs/tug_msgs/msg/detail/bicycle__type_support.cpp
[1.727s] -- Up-to-date: /home/bobo/ros2_ws/install/tug_msgs/include/tug_msgs/tug_msgs/msg/detail/robot_pose__rosidl_typesupport_introspection_cpp.hpp
[1.728s] -- Up-to-date: /home/bobo/ros2_ws/install/tug_msgs/include/tug_msgs/tug_msgs/msg/detail/robot_pose__type_support.cpp
[1.728s] -- Up-to-date: /home/bobo/ros2_ws/install/tug_msgs/include/tug_msgs/tug_msgs/msg/detail/bicycle__rosidl_typesupport_introspection_cpp.hpp
[1.728s] -- Up-to-date: /home/bobo/ros2_ws/install/tug_msgs/include/tug_msgs/tug_msgs/msg/detail/movement__type_support.cpp
[1.728s] -- Up-to-date: /home/bobo/ros2_ws/install/tug_msgs/include/tug_msgs/tug_msgs/msg/detail/wheel_encoder__type_support.cpp
[1.729s] -- Up-to-date: /home/bobo/ros2_ws/install/tug_msgs/include/tug_msgs/tug_msgs/msg/detail/movement__rosidl_typesupport_introspection_cpp.hpp
[1.729s] -- Up-to-date: /home/bobo/ros2_ws/install/tug_msgs/lib/libtug_msgs__rosidl_typesupport_introspection_cpp.so
[1.730s] -- Up-to-date: /home/bobo/ros2_ws/install/tug_msgs/lib/libtug_msgs__rosidl_typesupport_cpp.so
[1.730s] -- Up-to-date: /home/bobo/ros2_ws/install/tug_msgs/share/tug_msgs/environment/pythonpath.sh
[1.730s] -- Up-to-date: /home/bobo/ros2_ws/install/tug_msgs/share/tug_msgs/environment/pythonpath.dsv
[1.731s] -- Up-to-date: /home/bobo/ros2_ws/install/tug_msgs/local/lib/python3.10/dist-packages/tug_msgs-0.0.0-py3.10.egg-info
[1.733s] -- Installing: /home/bobo/ros2_ws/install/tug_msgs/local/lib/python3.10/dist-packages/tug_msgs-0.0.0-py3.10.egg-info/top_level.txt
[1.733s] -- Installing: /home/bobo/ros2_ws/install/tug_msgs/local/lib/python3.10/dist-packages/tug_msgs-0.0.0-py3.10.egg-info/dependency_links.txt
[1.733s] -- Installing: /home/bobo/ros2_ws/install/tug_msgs/local/lib/python3.10/dist-packages/tug_msgs-0.0.0-py3.10.egg-info/SOURCES.txt
[1.734s] -- Installing: /home/bobo/ros2_ws/install/tug_msgs/local/lib/python3.10/dist-packages/tug_msgs-0.0.0-py3.10.egg-info/PKG-INFO
[1.734s] -- Up-to-date: /home/bobo/ros2_ws/install/tug_msgs/local/lib/python3.10/dist-packages/tug_msgs
[1.734s] -- Up-to-date: /home/bobo/ros2_ws/install/tug_msgs/local/lib/python3.10/dist-packages/tug_msgs/libtug_msgs__rosidl_generator_py.so
[1.734s] -- Up-to-date: /home/bobo/ros2_ws/install/tug_msgs/local/lib/python3.10/dist-packages/tug_msgs/_tug_msgs_s.ep.rosidl_typesupport_introspection_c.c
[1.735s] -- Up-to-date: /home/bobo/ros2_ws/install/tug_msgs/local/lib/python3.10/dist-packages/tug_msgs/_tug_msgs_s.ep.rosidl_typesupport_c.c
[1.737s] -- Up-to-date: /home/bobo/ros2_ws/install/tug_msgs/local/lib/python3.10/dist-packages/tug_msgs/tug_msgs_s__rosidl_typesupport_introspection_c.cpython-310-x86_64-linux-gnu.so
[1.737s] -- Up-to-date: /home/bobo/ros2_ws/install/tug_msgs/local/lib/python3.10/dist-packages/tug_msgs/__init__.py
[1.738s] -- Up-to-date: /home/bobo/ros2_ws/install/tug_msgs/local/lib/python3.10/dist-packages/tug_msgs/msg
[1.738s] -- Up-to-date: /home/bobo/ros2_ws/install/tug_msgs/local/lib/python3.10/dist-packages/tug_msgs/msg/_wheel_encoder.py
[1.738s] -- Up-to-date: /home/bobo/ros2_ws/install/tug_msgs/local/lib/python3.10/dist-packages/tug_msgs/msg/_robot_pose_s.c
[1.739s] -- Up-to-date: /home/bobo/ros2_ws/install/tug_msgs/local/lib/python3.10/dist-packages/tug_msgs/msg/__init__.py
[1.739s] -- Up-to-date: /home/bobo/ros2_ws/install/tug_msgs/local/lib/python3.10/dist-packages/tug_msgs/msg/_movement_s.c
[1.739s] -- Up-to-date: /home/bobo/ros2_ws/install/tug_msgs/local/lib/python3.10/dist-packages/tug_msgs/msg/_movement.py
[1.740s] -- Up-to-date: /home/bobo/ros2_ws/install/tug_msgs/local/lib/python3.10/dist-packages/tug_msgs/msg/_robot_pose.py
[1.741s] -- Up-to-date: /home/bobo/ros2_ws/install/tug_msgs/local/lib/python3.10/dist-packages/tug_msgs/msg/_bicycle.py
[1.742s] -- Up-to-date: /home/bobo/ros2_ws/install/tug_msgs/local/lib/python3.10/dist-packages/tug_msgs/msg/_wheel_encoder_s.c
[1.742s] -- Up-to-date: /home/bobo/ros2_ws/install/tug_msgs/local/lib/python3.10/dist-packages/tug_msgs/msg/_bicycle_s.c
[1.742s] -- Up-to-date: /home/bobo/ros2_ws/install/tug_msgs/local/lib/python3.10/dist-packages/tug_msgs/tug_msgs_s__rosidl_typesupport_c.cpython-310-x86_64-linux-gnu.so
[1.744s] -- Up-to-date: /home/bobo/ros2_ws/install/tug_msgs/local/lib/python3.10/dist-packages/tug_msgs/tug_msgs_s__rosidl_typesupport_fastrtps_c.cpython-310-x86_64-linux-gnu.so
[1.744s] -- Up-to-date: /home/bobo/ros2_ws/install/tug_msgs/local/lib/python3.10/dist-packages/tug_msgs/_tug_msgs_s.ep.rosidl_typesupport_fastrtps_c.c
[1.840s] Listing '/home/bobo/ros2_ws/install/tug_msgs/local/lib/python3.10/dist-packages/tug_msgs'...
[1.841s] Listing '/home/bobo/ros2_ws/install/tug_msgs/local/lib/python3.10/dist-packages/tug_msgs/msg'...
[1.856s] -- Up-to-date: /home/bobo/ros2_ws/install/tug_msgs/local/lib/python3.10/dist-packages/tug_msgs/tug_msgs_s__rosidl_typesupport_fastrtps_c.cpython-310-x86_64-linux-gnu.so
[1.856s] -- Up-to-date: /home/bobo/ros2_ws/install/tug_msgs/local/lib/python3.10/dist-packages/tug_msgs/tug_msgs_s__rosidl_typesupport_introspection_c.cpython-310-x86_64-linux-gnu.so
[1.856s] -- Up-to-date: /home/bobo/ros2_ws/install/tug_msgs/local/lib/python3.10/dist-packages/tug_msgs/tug_msgs_s__rosidl_typesupport_c.cpython-310-x86_64-linux-gnu.so
[1.856s] -- Up-to-date: /home/bobo/ros2_ws/install/tug_msgs/lib/libtug_msgs__rosidl_generator_py.so
[1.857s] -- Up-to-date: /home/bobo/ros2_ws/install/tug_msgs/share/tug_msgs/msg/Bicycle.idl
[1.857s] -- Up-to-date: /home/bobo/ros2_ws/install/tug_msgs/share/tug_msgs/msg/Movement.idl
[1.859s] -- Up-to-date: /home/bobo/ros2_ws/install/tug_msgs/share/tug_msgs/msg/RobotPose.idl
[1.861s] -- Up-to-date: /home/bobo/ros2_ws/install/tug_msgs/share/tug_msgs/msg/WheelEncoder.idl
[1.861s] -- Up-to-date: /home/bobo/ros2_ws/install/tug_msgs/share/tug_msgs/msg/Bicycle.msg
[1.861s] -- Up-to-date: /home/bobo/ros2_ws/install/tug_msgs/share/tug_msgs/msg/Movement.msg
[1.862s] -- Up-to-date: /home/bobo/ros2_ws/install/tug_msgs/share/tug_msgs/msg/RobotPose.msg
[1.862s] -- Up-to-date: /home/bobo/ros2_ws/install/tug_msgs/share/tug_msgs/msg/WheelEncoder.msg
[1.862s] -- Up-to-date: /home/bobo/ros2_ws/install/tug_msgs/share/ament_index/resource_index/package_run_dependencies/tug_msgs
[1.863s] -- Up-to-date: /home/bobo/ros2_ws/install/tug_msgs/share/ament_index/resource_index/parent_prefix_path/tug_msgs
[1.863s] -- Up-to-date: /home/bobo/ros2_ws/install/tug_msgs/share/tug_msgs/environment/ament_prefix_path.sh
[1.863s] -- Up-to-date: /home/bobo/ros2_ws/install/tug_msgs/share/tug_msgs/environment/ament_prefix_path.dsv
[1.863s] -- Up-to-date: /home/bobo/ros2_ws/install/tug_msgs/share/tug_msgs/environment/path.sh
[1.864s] -- Up-to-date: /home/bobo/ros2_ws/install/tug_msgs/share/tug_msgs/environment/path.dsv
[1.864s] -- Up-to-date: /home/bobo/ros2_ws/install/tug_msgs/share/tug_msgs/local_setup.bash
[1.864s] -- Up-to-date: /home/bobo/ros2_ws/install/tug_msgs/share/tug_msgs/local_setup.sh
[1.864s] -- Up-to-date: /home/bobo/ros2_ws/install/tug_msgs/share/tug_msgs/local_setup.zsh
[1.865s] -- Up-to-date: /home/bobo/ros2_ws/install/tug_msgs/share/tug_msgs/local_setup.dsv
[1.865s] -- Installing: /home/bobo/ros2_ws/install/tug_msgs/share/tug_msgs/package.dsv
[1.865s] -- Up-to-date: /home/bobo/ros2_ws/install/tug_msgs/share/ament_index/resource_index/packages/tug_msgs
[1.865s] -- Up-to-date: /home/bobo/ros2_ws/install/tug_msgs/share/tug_msgs/cmake/export_tug_msgs__rosidl_generator_cExport.cmake
[1.866s] -- Up-to-date: /home/bobo/ros2_ws/install/tug_msgs/share/tug_msgs/cmake/export_tug_msgs__rosidl_generator_cExport-noconfig.cmake
[1.866s] -- Up-to-date: /home/bobo/ros2_ws/install/tug_msgs/share/tug_msgs/cmake/export_tug_msgs__rosidl_typesupport_fastrtps_cExport.cmake
[1.866s] -- Up-to-date: /home/bobo/ros2_ws/install/tug_msgs/share/tug_msgs/cmake/export_tug_msgs__rosidl_typesupport_fastrtps_cExport-noconfig.cmake
[1.868s] -- Up-to-date: /home/bobo/ros2_ws/install/tug_msgs/share/tug_msgs/cmake/tug_msgs__rosidl_typesupport_introspection_cExport.cmake
[1.868s] -- Up-to-date: /home/bobo/ros2_ws/install/tug_msgs/share/tug_msgs/cmake/tug_msgs__rosidl_typesupport_introspection_cExport-noconfig.cmake
[1.869s] -- Up-to-date: /home/bobo/ros2_ws/install/tug_msgs/share/tug_msgs/cmake/tug_msgs__rosidl_typesupport_cExport.cmake
[1.869s] -- Up-to-date: /home/bobo/ros2_ws/install/tug_msgs/share/tug_msgs/cmake/tug_msgs__rosidl_typesupport_cExport-noconfig.cmake
[1.870s] -- Up-to-date: /home/bobo/ros2_ws/install/tug_msgs/share/tug_msgs/cmake/export_tug_msgs__rosidl_generator_cppExport.cmake
[1.871s] -- Up-to-date: /home/bobo/ros2_ws/install/tug_msgs/share/tug_msgs/cmake/export_tug_msgs__rosidl_typesupport_fastrtps_cppExport.cmake
[1.871s] -- Up-to-date: /home/bobo/ros2_ws/install/tug_msgs/share/tug_msgs/cmake/export_tug_msgs__rosidl_typesupport_fastrtps_cppExport-noconfig.cmake
[1.871s] -- Up-to-date: /home/bobo/ros2_ws/install/tug_msgs/share/tug_msgs/cmake/tug_msgs__rosidl_typesupport_introspection_cppExport.cmake
[1.871s] -- Up-to-date: /home/bobo/ros2_ws/install/tug_msgs/share/tug_msgs/cmake/tug_msgs__rosidl_typesupport_introspection_cppExport-noconfig.cmake
[1.872s] -- Up-to-date: /home/bobo/ros2_ws/install/tug_msgs/share/tug_msgs/cmake/tug_msgs__rosidl_typesupport_cppExport.cmake
[1.872s] -- Up-to-date: /home/bobo/ros2_ws/install/tug_msgs/share/tug_msgs/cmake/tug_msgs__rosidl_typesupport_cppExport-noconfig.cmake
[1.872s] -- Up-to-date: /home/bobo/ros2_ws/install/tug_msgs/share/tug_msgs/cmake/export_tug_msgs__rosidl_generator_pyExport.cmake
[1.874s] -- Up-to-date: /home/bobo/ros2_ws/install/tug_msgs/share/tug_msgs/cmake/export_tug_msgs__rosidl_generator_pyExport-noconfig.cmake
[1.875s] -- Up-to-date: /home/bobo/ros2_ws/install/tug_msgs/share/tug_msgs/cmake/rosidl_cmake-extras.cmake
[1.875s] -- Up-to-date: /home/bobo/ros2_ws/install/tug_msgs/share/tug_msgs/cmake/ament_cmake_export_include_directories-extras.cmake
[1.875s] -- Up-to-date: /home/bobo/ros2_ws/install/tug_msgs/share/tug_msgs/cmake/ament_cmake_export_libraries-extras.cmake
[1.875s] -- Up-to-date: /home/bobo/ros2_ws/install/tug_msgs/share/tug_msgs/cmake/ament_cmake_export_targets-extras.cmake
[1.876s] -- Up-to-date: /home/bobo/ros2_ws/install/tug_msgs/share/tug_msgs/cmake/rosidl_cmake_export_typesupport_targets-extras.cmake
[1.876s] -- Up-to-date: /home/bobo/ros2_ws/install/tug_msgs/share/tug_msgs/cmake/ament_cmake_export_dependencies-extras.cmake
[1.876s] -- Up-to-date: /home/bobo/ros2_ws/install/tug_msgs/share/tug_msgs/cmake/rosidl_cmake_export_typesupport_libraries-extras.cmake
[1.877s] -- Up-to-date: /home/bobo/ros2_ws/install/tug_msgs/share/tug_msgs/cmake/tug_msgsConfig.cmake
[1.877s] -- Up-to-date: /home/bobo/ros2_ws/install/tug_msgs/share/tug_msgs/cmake/tug_msgsConfig-version.cmake
[1.877s] -- Up-to-date: /home/bobo/ros2_ws/install/tug_msgs/share/tug_msgs/package.xml
[1.886s] Invoked command in '/home/bobo/ros2_ws/build/tug_msgs' returned '0': CMAKE_PREFIX_PATH=${CMAKE_PREFIX_PATH}:/opt/ros/humble /usr/bin/cmake --install /home/bobo/ros2_ws/build/tug_msgs
