[0.180s] DEBUG:colcon:Command line arguments: ['/usr/bin/colcon', 'build']
[0.180s] DEBUG:colcon:Parsed command line arguments: Namespace(log_base=None, log_level=None, verb_name='build', build_base='build', install_base='install', merge_install=False, symlink_install=False, test_result_base=None, continue_on_error=False, executor='parallel', parallel_workers=8, event_handlers=None, ignore_user_meta=False, metas=['./colcon.meta'], base_paths=['.'], packages_ignore=None, packages_ignore_regex=None, paths=None, packages_up_to=None, packages_up_to_regex=None, packages_above=None, packages_above_and_dependencies=None, packages_above_depth=None, packages_select_by_dep=None, packages_skip_by_dep=None, packages_skip_up_to=None, packages_select_build_failed=False, packages_skip_build_finished=False, packages_select_test_failures=False, packages_skip_test_passed=False, packages_select=None, packages_skip=None, packages_select_regex=None, packages_skip_regex=None, packages_start=None, packages_end=None, allow_overriding=[], cmake_args=None, cmake_target=None, cmake_target_skip_unavailable=False, cmake_clean_cache=False, cmake_clean_first=False, cmake_force_configure=False, ament_cmake_args=None, catkin_cmake_args=None, catkin_skip_building_tests=False, mixin_files=None, mixin=None, verb_parser=<colcon_mixin.mixin.mixin_argument.MixinArgumentDecorator object at 0x706e3d2469b0>, verb_extension=<colcon_core.verb.build.BuildVerb object at 0x706e3d2463e0>, main=<bound method BuildVerb.main of <colcon_core.verb.build.BuildVerb object at 0x706e3d2463e0>>, mixin_verb=('build',))
[0.473s] Level 1:colcon.colcon_core.package_discovery:discover_packages(colcon_meta) check parameters
[0.473s] Level 1:colcon.colcon_core.package_discovery:discover_packages(recursive) check parameters
[0.474s] Level 1:colcon.colcon_core.package_discovery:discover_packages(ignore) check parameters
[0.474s] Level 1:colcon.colcon_core.package_discovery:discover_packages(path) check parameters
[0.474s] Level 1:colcon.colcon_core.package_discovery:discover_packages(colcon_meta) discover
[0.474s] Level 1:colcon.colcon_core.package_discovery:discover_packages(recursive) discover
[0.474s] INFO:colcon.colcon_core.package_discovery:Crawling recursively for packages in '/home/bobo/ros2_ws'
[0.474s] Level 1:colcon.colcon_core.package_identification:_identify(.) by extensions ['ignore', 'ignore_ament_install']
[0.474s] Level 1:colcon.colcon_core.package_identification:_identify(.) by extension 'ignore'
[0.474s] Level 1:colcon.colcon_core.package_identification:_identify(.) by extension 'ignore_ament_install'
[0.474s] Level 1:colcon.colcon_core.package_identification:_identify(.) by extensions ['colcon_pkg']
[0.474s] Level 1:colcon.colcon_core.package_identification:_identify(.) by extension 'colcon_pkg'
[0.474s] Level 1:colcon.colcon_core.package_identification:_identify(.) by extensions ['colcon_meta']
[0.475s] Level 1:colcon.colcon_core.package_identification:_identify(.) by extension 'colcon_meta'
[0.475s] Level 1:colcon.colcon_core.package_identification:_identify(.) by extensions ['ros']
[0.475s] Level 1:colcon.colcon_core.package_identification:_identify(.) by extension 'ros'
[0.492s] Level 1:colcon.colcon_core.package_identification:_identify(.) by extensions ['cmake', 'python']
[0.492s] Level 1:colcon.colcon_core.package_identification:_identify(.) by extension 'cmake'
[0.492s] Level 1:colcon.colcon_core.package_identification:_identify(.) by extension 'python'
[0.493s] Level 1:colcon.colcon_core.package_identification:_identify(.) by extensions ['python_setup_py']
[0.493s] Level 1:colcon.colcon_core.package_identification:_identify(.) by extension 'python_setup_py'
[0.493s] Level 1:colcon.colcon_core.package_identification:_identify(build) by extensions ['ignore', 'ignore_ament_install']
[0.493s] Level 1:colcon.colcon_core.package_identification:_identify(build) by extension 'ignore'
[0.493s] Level 1:colcon.colcon_core.package_identification:_identify(build) ignored
[0.493s] Level 1:colcon.colcon_core.package_identification:_identify(eigen-3.4.0) by extensions ['ignore', 'ignore_ament_install']
[0.493s] Level 1:colcon.colcon_core.package_identification:_identify(eigen-3.4.0) by extension 'ignore'
[0.493s] Level 1:colcon.colcon_core.package_identification:_identify(eigen-3.4.0) by extension 'ignore_ament_install'
[0.494s] Level 1:colcon.colcon_core.package_identification:_identify(eigen-3.4.0) by extensions ['colcon_pkg']
[0.494s] Level 1:colcon.colcon_core.package_identification:_identify(eigen-3.4.0) by extension 'colcon_pkg'
[0.494s] Level 1:colcon.colcon_core.package_identification:_identify(eigen-3.4.0) by extensions ['colcon_meta']
[0.494s] Level 1:colcon.colcon_core.package_identification:_identify(eigen-3.4.0) by extension 'colcon_meta'
[0.494s] Level 1:colcon.colcon_core.package_identification:_identify(eigen-3.4.0) by extensions ['ros']
[0.494s] Level 1:colcon.colcon_core.package_identification:_identify(eigen-3.4.0) by extension 'ros'
[0.494s] Level 1:colcon.colcon_core.package_identification:_identify(eigen-3.4.0) by extensions ['cmake', 'python']
[0.494s] Level 1:colcon.colcon_core.package_identification:_identify(eigen-3.4.0) by extension 'cmake'
[1.041s] Level 1:colcon.colcon_core.package_identification:_identify(eigen-3.4.0) by extension 'python'
[1.042s] DEBUG:colcon.colcon_core.package_identification:Package 'eigen-3.4.0' with type 'cmake' and name 'Eigen3'
[1.042s] Level 1:colcon.colcon_core.package_identification:_identify(install) by extensions ['ignore', 'ignore_ament_install']
[1.042s] Level 1:colcon.colcon_core.package_identification:_identify(install) by extension 'ignore'
[1.042s] Level 1:colcon.colcon_core.package_identification:_identify(install) ignored
[1.043s] Level 1:colcon.colcon_core.package_identification:_identify(log) by extensions ['ignore', 'ignore_ament_install']
[1.043s] Level 1:colcon.colcon_core.package_identification:_identify(log) by extension 'ignore'
[1.043s] Level 1:colcon.colcon_core.package_identification:_identify(log) ignored
[1.043s] Level 1:colcon.colcon_core.package_identification:_identify(src) by extensions ['ignore', 'ignore_ament_install']
[1.043s] Level 1:colcon.colcon_core.package_identification:_identify(src) by extension 'ignore'
[1.043s] Level 1:colcon.colcon_core.package_identification:_identify(src) by extension 'ignore_ament_install'
[1.044s] Level 1:colcon.colcon_core.package_identification:_identify(src) by extensions ['colcon_pkg']
[1.044s] Level 1:colcon.colcon_core.package_identification:_identify(src) by extension 'colcon_pkg'
[1.044s] Level 1:colcon.colcon_core.package_identification:_identify(src) by extensions ['colcon_meta']
[1.044s] Level 1:colcon.colcon_core.package_identification:_identify(src) by extension 'colcon_meta'
[1.044s] Level 1:colcon.colcon_core.package_identification:_identify(src) by extensions ['ros']
[1.044s] Level 1:colcon.colcon_core.package_identification:_identify(src) by extension 'ros'
[1.044s] Level 1:colcon.colcon_core.package_identification:_identify(src) by extensions ['cmake', 'python']
[1.044s] Level 1:colcon.colcon_core.package_identification:_identify(src) by extension 'cmake'
[1.044s] Level 1:colcon.colcon_core.package_identification:_identify(src) by extension 'python'
[1.045s] Level 1:colcon.colcon_core.package_identification:_identify(src) by extensions ['python_setup_py']
[1.045s] Level 1:colcon.colcon_core.package_identification:_identify(src) by extension 'python_setup_py'
[1.045s] Level 1:colcon.colcon_core.package_identification:_identify(src/mr2_public) by extensions ['ignore', 'ignore_ament_install']
[1.045s] Level 1:colcon.colcon_core.package_identification:_identify(src/mr2_public) by extension 'ignore'
[1.045s] Level 1:colcon.colcon_core.package_identification:_identify(src/mr2_public) by extension 'ignore_ament_install'
[1.045s] Level 1:colcon.colcon_core.package_identification:_identify(src/mr2_public) by extensions ['colcon_pkg']
[1.045s] Level 1:colcon.colcon_core.package_identification:_identify(src/mr2_public) by extension 'colcon_pkg'
[1.045s] Level 1:colcon.colcon_core.package_identification:_identify(src/mr2_public) by extensions ['colcon_meta']
[1.045s] Level 1:colcon.colcon_core.package_identification:_identify(src/mr2_public) by extension 'colcon_meta'
[1.046s] Level 1:colcon.colcon_core.package_identification:_identify(src/mr2_public) by extensions ['ros']
[1.046s] Level 1:colcon.colcon_core.package_identification:_identify(src/mr2_public) by extension 'ros'
[1.046s] Level 1:colcon.colcon_core.package_identification:_identify(src/mr2_public) by extensions ['cmake', 'python']
[1.046s] Level 1:colcon.colcon_core.package_identification:_identify(src/mr2_public) by extension 'cmake'
[1.046s] Level 1:colcon.colcon_core.package_identification:_identify(src/mr2_public) by extension 'python'
[1.046s] Level 1:colcon.colcon_core.package_identification:_identify(src/mr2_public) by extensions ['python_setup_py']
[1.046s] Level 1:colcon.colcon_core.package_identification:_identify(src/mr2_public) by extension 'python_setup_py'
[1.046s] Level 1:colcon.colcon_core.package_identification:_identify(src/mr2_public/tug_mr2) by extensions ['ignore', 'ignore_ament_install']
[1.046s] Level 1:colcon.colcon_core.package_identification:_identify(src/mr2_public/tug_mr2) by extension 'ignore'
[1.046s] Level 1:colcon.colcon_core.package_identification:_identify(src/mr2_public/tug_mr2) by extension 'ignore_ament_install'
[1.046s] Level 1:colcon.colcon_core.package_identification:_identify(src/mr2_public/tug_mr2) by extensions ['colcon_pkg']
[1.046s] Level 1:colcon.colcon_core.package_identification:_identify(src/mr2_public/tug_mr2) by extension 'colcon_pkg'
[1.047s] Level 1:colcon.colcon_core.package_identification:_identify(src/mr2_public/tug_mr2) by extensions ['colcon_meta']
[1.047s] Level 1:colcon.colcon_core.package_identification:_identify(src/mr2_public/tug_mr2) by extension 'colcon_meta'
[1.047s] Level 1:colcon.colcon_core.package_identification:_identify(src/mr2_public/tug_mr2) by extensions ['ros']
[1.047s] Level 1:colcon.colcon_core.package_identification:_identify(src/mr2_public/tug_mr2) by extension 'ros'
[1.051s] DEBUG:colcon.colcon_core.package_identification:Package 'src/mr2_public/tug_mr2' with type 'ros.ament_cmake' and name 'tug_mr2'
[1.051s] Level 1:colcon.colcon_core.package_identification:_identify(src/mr2_public/tug_msgs) by extensions ['ignore', 'ignore_ament_install']
[1.051s] Level 1:colcon.colcon_core.package_identification:_identify(src/mr2_public/tug_msgs) by extension 'ignore'
[1.051s] Level 1:colcon.colcon_core.package_identification:_identify(src/mr2_public/tug_msgs) by extension 'ignore_ament_install'
[1.051s] Level 1:colcon.colcon_core.package_identification:_identify(src/mr2_public/tug_msgs) by extensions ['colcon_pkg']
[1.051s] Level 1:colcon.colcon_core.package_identification:_identify(src/mr2_public/tug_msgs) by extension 'colcon_pkg'
[1.051s] Level 1:colcon.colcon_core.package_identification:_identify(src/mr2_public/tug_msgs) by extensions ['colcon_meta']
[1.052s] Level 1:colcon.colcon_core.package_identification:_identify(src/mr2_public/tug_msgs) by extension 'colcon_meta'
[1.052s] Level 1:colcon.colcon_core.package_identification:_identify(src/mr2_public/tug_msgs) by extensions ['ros']
[1.052s] Level 1:colcon.colcon_core.package_identification:_identify(src/mr2_public/tug_msgs) by extension 'ros'
[1.052s] DEBUG:colcon.colcon_core.package_identification:Package 'src/mr2_public/tug_msgs' with type 'ros.ament_cmake' and name 'tug_msgs'
[1.052s] Level 1:colcon.colcon_core.package_identification:_identify(src/mr2_public/tug_stage_ros2) by extensions ['ignore', 'ignore_ament_install']
[1.053s] Level 1:colcon.colcon_core.package_identification:_identify(src/mr2_public/tug_stage_ros2) by extension 'ignore'
[1.053s] Level 1:colcon.colcon_core.package_identification:_identify(src/mr2_public/tug_stage_ros2) by extension 'ignore_ament_install'
[1.053s] Level 1:colcon.colcon_core.package_identification:_identify(src/mr2_public/tug_stage_ros2) by extensions ['colcon_pkg']
[1.053s] Level 1:colcon.colcon_core.package_identification:_identify(src/mr2_public/tug_stage_ros2) by extension 'colcon_pkg'
[1.053s] Level 1:colcon.colcon_core.package_identification:_identify(src/mr2_public/tug_stage_ros2) by extensions ['colcon_meta']
[1.053s] Level 1:colcon.colcon_core.package_identification:_identify(src/mr2_public/tug_stage_ros2) by extension 'colcon_meta'
[1.053s] Level 1:colcon.colcon_core.package_identification:_identify(src/mr2_public/tug_stage_ros2) by extensions ['ros']
[1.053s] Level 1:colcon.colcon_core.package_identification:_identify(src/mr2_public/tug_stage_ros2) by extension 'ros'
[1.055s] DEBUG:colcon.colcon_core.package_identification:Package 'src/mr2_public/tug_stage_ros2' with type 'ros.ament_cmake' and name 'tug_stage_ros2'
[1.055s] Level 1:colcon.colcon_core.package_identification:_identify(src/mr2_public/tug_turtlebot4) by extensions ['ignore', 'ignore_ament_install']
[1.055s] Level 1:colcon.colcon_core.package_identification:_identify(src/mr2_public/tug_turtlebot4) by extension 'ignore'
[1.055s] Level 1:colcon.colcon_core.package_identification:_identify(src/mr2_public/tug_turtlebot4) by extension 'ignore_ament_install'
[1.055s] Level 1:colcon.colcon_core.package_identification:_identify(src/mr2_public/tug_turtlebot4) by extensions ['colcon_pkg']
[1.055s] Level 1:colcon.colcon_core.package_identification:_identify(src/mr2_public/tug_turtlebot4) by extension 'colcon_pkg'
[1.055s] Level 1:colcon.colcon_core.package_identification:_identify(src/mr2_public/tug_turtlebot4) by extensions ['colcon_meta']
[1.055s] Level 1:colcon.colcon_core.package_identification:_identify(src/mr2_public/tug_turtlebot4) by extension 'colcon_meta'
[1.055s] Level 1:colcon.colcon_core.package_identification:_identify(src/mr2_public/tug_turtlebot4) by extensions ['ros']
[1.055s] Level 1:colcon.colcon_core.package_identification:_identify(src/mr2_public/tug_turtlebot4) by extension 'ros'
[1.057s] DEBUG:colcon.colcon_core.package_identification:Package 'src/mr2_public/tug_turtlebot4' with type 'ros.ament_cmake' and name 'tug_turtlebot4'
[1.057s] Level 1:colcon.colcon_core.package_discovery:discover_packages(recursive) using defaults
[1.058s] Level 1:colcon.colcon_core.package_discovery:discover_packages(ignore) discover
[1.058s] Level 1:colcon.colcon_core.package_discovery:discover_packages(ignore) using defaults
[1.058s] Level 1:colcon.colcon_core.package_discovery:discover_packages(path) discover
[1.058s] Level 1:colcon.colcon_core.package_discovery:discover_packages(path) using defaults
[1.102s] Level 1:colcon.colcon_core.package_discovery:discover_packages(prefix_path) check parameters
[1.102s] Level 1:colcon.colcon_core.package_discovery:discover_packages(prefix_path) discover
[1.106s] DEBUG:colcon.colcon_installed_package_information.package_discovery:Found 9 installed packages in /home/bobo/ros2_ws/install
[1.109s] DEBUG:colcon.colcon_installed_package_information.package_discovery:Found 396 installed packages in /opt/ros/humble
[1.112s] Level 1:colcon.colcon_core.package_discovery:discover_packages(prefix_path) using defaults
[1.193s] Level 5:colcon.colcon_core.verb:set package 'Eigen3' build argument 'cmake_args' from command line to 'None'
[1.193s] Level 5:colcon.colcon_core.verb:set package 'Eigen3' build argument 'cmake_target' from command line to 'None'
[1.193s] Level 5:colcon.colcon_core.verb:set package 'Eigen3' build argument 'cmake_target_skip_unavailable' from command line to 'False'
[1.193s] Level 5:colcon.colcon_core.verb:set package 'Eigen3' build argument 'cmake_clean_cache' from command line to 'False'
[1.193s] Level 5:colcon.colcon_core.verb:set package 'Eigen3' build argument 'cmake_clean_first' from command line to 'False'
[1.193s] Level 5:colcon.colcon_core.verb:set package 'Eigen3' build argument 'cmake_force_configure' from command line to 'False'
[1.193s] Level 5:colcon.colcon_core.verb:set package 'Eigen3' build argument 'ament_cmake_args' from command line to 'None'
[1.193s] Level 5:colcon.colcon_core.verb:set package 'Eigen3' build argument 'catkin_cmake_args' from command line to 'None'
[1.193s] Level 5:colcon.colcon_core.verb:set package 'Eigen3' build argument 'catkin_skip_building_tests' from command line to 'False'
[1.193s] DEBUG:colcon.colcon_core.verb:Building package 'Eigen3' with the following arguments: {'ament_cmake_args': None, 'build_base': '/home/bobo/ros2_ws/build/Eigen3', 'catkin_cmake_args': None, 'catkin_skip_building_tests': False, 'cmake_args': None, 'cmake_clean_cache': False, 'cmake_clean_first': False, 'cmake_force_configure': False, 'cmake_target': None, 'cmake_target_skip_unavailable': False, 'install_base': '/home/bobo/ros2_ws/install/Eigen3', 'merge_install': False, 'path': '/home/bobo/ros2_ws/eigen-3.4.0', 'symlink_install': False, 'test_result_base': None}
[1.194s] Level 5:colcon.colcon_core.verb:set package 'tug_msgs' build argument 'cmake_args' from command line to 'None'
[1.194s] Level 5:colcon.colcon_core.verb:set package 'tug_msgs' build argument 'cmake_target' from command line to 'None'
[1.194s] Level 5:colcon.colcon_core.verb:set package 'tug_msgs' build argument 'cmake_target_skip_unavailable' from command line to 'False'
[1.194s] Level 5:colcon.colcon_core.verb:set package 'tug_msgs' build argument 'cmake_clean_cache' from command line to 'False'
[1.194s] Level 5:colcon.colcon_core.verb:set package 'tug_msgs' build argument 'cmake_clean_first' from command line to 'False'
[1.194s] Level 5:colcon.colcon_core.verb:set package 'tug_msgs' build argument 'cmake_force_configure' from command line to 'False'
[1.194s] Level 5:colcon.colcon_core.verb:set package 'tug_msgs' build argument 'ament_cmake_args' from command line to 'None'
[1.194s] Level 5:colcon.colcon_core.verb:set package 'tug_msgs' build argument 'catkin_cmake_args' from command line to 'None'
[1.194s] Level 5:colcon.colcon_core.verb:set package 'tug_msgs' build argument 'catkin_skip_building_tests' from command line to 'False'
[1.194s] DEBUG:colcon.colcon_core.verb:Building package 'tug_msgs' with the following arguments: {'ament_cmake_args': None, 'build_base': '/home/bobo/ros2_ws/build/tug_msgs', 'catkin_cmake_args': None, 'catkin_skip_building_tests': False, 'cmake_args': None, 'cmake_clean_cache': False, 'cmake_clean_first': False, 'cmake_force_configure': False, 'cmake_target': None, 'cmake_target_skip_unavailable': False, 'install_base': '/home/bobo/ros2_ws/install/tug_msgs', 'merge_install': False, 'path': '/home/bobo/ros2_ws/src/mr2_public/tug_msgs', 'symlink_install': False, 'test_result_base': None}
[1.194s] Level 5:colcon.colcon_core.verb:set package 'tug_mr2' build argument 'cmake_args' from command line to 'None'
[1.195s] Level 5:colcon.colcon_core.verb:set package 'tug_mr2' build argument 'cmake_target' from command line to 'None'
[1.195s] Level 5:colcon.colcon_core.verb:set package 'tug_mr2' build argument 'cmake_target_skip_unavailable' from command line to 'False'
[1.195s] Level 5:colcon.colcon_core.verb:set package 'tug_mr2' build argument 'cmake_clean_cache' from command line to 'False'
[1.195s] Level 5:colcon.colcon_core.verb:set package 'tug_mr2' build argument 'cmake_clean_first' from command line to 'False'
[1.195s] Level 5:colcon.colcon_core.verb:set package 'tug_mr2' build argument 'cmake_force_configure' from command line to 'False'
[1.195s] Level 5:colcon.colcon_core.verb:set package 'tug_mr2' build argument 'ament_cmake_args' from command line to 'None'
[1.195s] Level 5:colcon.colcon_core.verb:set package 'tug_mr2' build argument 'catkin_cmake_args' from command line to 'None'
[1.195s] Level 5:colcon.colcon_core.verb:set package 'tug_mr2' build argument 'catkin_skip_building_tests' from command line to 'False'
[1.195s] DEBUG:colcon.colcon_core.verb:Building package 'tug_mr2' with the following arguments: {'ament_cmake_args': None, 'build_base': '/home/bobo/ros2_ws/build/tug_mr2', 'catkin_cmake_args': None, 'catkin_skip_building_tests': False, 'cmake_args': None, 'cmake_clean_cache': False, 'cmake_clean_first': False, 'cmake_force_configure': False, 'cmake_target': None, 'cmake_target_skip_unavailable': False, 'install_base': '/home/bobo/ros2_ws/install/tug_mr2', 'merge_install': False, 'path': '/home/bobo/ros2_ws/src/mr2_public/tug_mr2', 'symlink_install': False, 'test_result_base': None}
[1.195s] Level 5:colcon.colcon_core.verb:set package 'tug_stage_ros2' build argument 'cmake_args' from command line to 'None'
[1.195s] Level 5:colcon.colcon_core.verb:set package 'tug_stage_ros2' build argument 'cmake_target' from command line to 'None'
[1.195s] Level 5:colcon.colcon_core.verb:set package 'tug_stage_ros2' build argument 'cmake_target_skip_unavailable' from command line to 'False'
[1.195s] Level 5:colcon.colcon_core.verb:set package 'tug_stage_ros2' build argument 'cmake_clean_cache' from command line to 'False'
[1.195s] Level 5:colcon.colcon_core.verb:set package 'tug_stage_ros2' build argument 'cmake_clean_first' from command line to 'False'
[1.195s] Level 5:colcon.colcon_core.verb:set package 'tug_stage_ros2' build argument 'cmake_force_configure' from command line to 'False'
[1.195s] Level 5:colcon.colcon_core.verb:set package 'tug_stage_ros2' build argument 'ament_cmake_args' from command line to 'None'
[1.195s] Level 5:colcon.colcon_core.verb:set package 'tug_stage_ros2' build argument 'catkin_cmake_args' from command line to 'None'
[1.195s] Level 5:colcon.colcon_core.verb:set package 'tug_stage_ros2' build argument 'catkin_skip_building_tests' from command line to 'False'
[1.196s] DEBUG:colcon.colcon_core.verb:Building package 'tug_stage_ros2' with the following arguments: {'ament_cmake_args': None, 'build_base': '/home/bobo/ros2_ws/build/tug_stage_ros2', 'catkin_cmake_args': None, 'catkin_skip_building_tests': False, 'cmake_args': None, 'cmake_clean_cache': False, 'cmake_clean_first': False, 'cmake_force_configure': False, 'cmake_target': None, 'cmake_target_skip_unavailable': False, 'install_base': '/home/bobo/ros2_ws/install/tug_stage_ros2', 'merge_install': False, 'path': '/home/bobo/ros2_ws/src/mr2_public/tug_stage_ros2', 'symlink_install': False, 'test_result_base': None}
[1.196s] Level 5:colcon.colcon_core.verb:set package 'tug_turtlebot4' build argument 'cmake_args' from command line to 'None'
[1.196s] Level 5:colcon.colcon_core.verb:set package 'tug_turtlebot4' build argument 'cmake_target' from command line to 'None'
[1.196s] Level 5:colcon.colcon_core.verb:set package 'tug_turtlebot4' build argument 'cmake_target_skip_unavailable' from command line to 'False'
[1.196s] Level 5:colcon.colcon_core.verb:set package 'tug_turtlebot4' build argument 'cmake_clean_cache' from command line to 'False'
[1.196s] Level 5:colcon.colcon_core.verb:set package 'tug_turtlebot4' build argument 'cmake_clean_first' from command line to 'False'
[1.196s] Level 5:colcon.colcon_core.verb:set package 'tug_turtlebot4' build argument 'cmake_force_configure' from command line to 'False'
[1.196s] Level 5:colcon.colcon_core.verb:set package 'tug_turtlebot4' build argument 'ament_cmake_args' from command line to 'None'
[1.196s] Level 5:colcon.colcon_core.verb:set package 'tug_turtlebot4' build argument 'catkin_cmake_args' from command line to 'None'
[1.196s] Level 5:colcon.colcon_core.verb:set package 'tug_turtlebot4' build argument 'catkin_skip_building_tests' from command line to 'False'
[1.196s] DEBUG:colcon.colcon_core.verb:Building package 'tug_turtlebot4' with the following arguments: {'ament_cmake_args': None, 'build_base': '/home/bobo/ros2_ws/build/tug_turtlebot4', 'catkin_cmake_args': None, 'catkin_skip_building_tests': False, 'cmake_args': None, 'cmake_clean_cache': False, 'cmake_clean_first': False, 'cmake_force_configure': False, 'cmake_target': None, 'cmake_target_skip_unavailable': False, 'install_base': '/home/bobo/ros2_ws/install/tug_turtlebot4', 'merge_install': False, 'path': '/home/bobo/ros2_ws/src/mr2_public/tug_turtlebot4', 'symlink_install': False, 'test_result_base': None}
[1.197s] INFO:colcon.colcon_core.executor:Executing jobs using 'parallel' executor
[1.198s] DEBUG:colcon.colcon_parallel_executor.executor.parallel:run_until_complete
[1.199s] INFO:colcon.colcon_ros.task.ament_cmake.build:Building ROS package in '/home/bobo/ros2_ws/src/mr2_public/tug_msgs' with build type 'ament_cmake'
[1.199s] INFO:colcon.colcon_cmake.task.cmake.build:Building CMake package in '/home/bobo/ros2_ws/src/mr2_public/tug_msgs'
[1.202s] INFO:colcon.colcon_core.plugin_system:Skipping extension 'colcon_core.shell.bat': Not used on non-Windows systems
[1.202s] INFO:colcon.colcon_core.shell:Skip shell extension 'powershell' for command environment: Not usable outside of PowerShell
[1.202s] DEBUG:colcon.colcon_core.shell:Skip shell extension 'dsv' for command environment
[1.209s] INFO:colcon.colcon_cmake.task.cmake.build:Building CMake package in '/home/bobo/ros2_ws/eigen-3.4.0'
[1.210s] INFO:colcon.colcon_core.shell:Skip shell extension 'powershell' for command environment: Not usable outside of PowerShell
[1.210s] DEBUG:colcon.colcon_core.shell:Skip shell extension 'dsv' for command environment
[1.227s] DEBUG:colcon.colcon_core.event_handler.log_command:Invoking command in '/home/bobo/ros2_ws/build/tug_msgs': CMAKE_PREFIX_PATH=${CMAKE_PREFIX_PATH}:/opt/ros/humble /usr/bin/cmake --build /home/bobo/ros2_ws/build/tug_msgs -- -j8 -l8
[1.235s] DEBUG:colcon.colcon_core.event_handler.log_command:Invoking command in '/home/bobo/ros2_ws/build/Eigen3': /usr/bin/cmake --build /home/bobo/ros2_ws/build/Eigen3 -- -j8 -l8
[1.856s] DEBUG:colcon.colcon_core.event_handler.log_command:Invoked command in '/home/bobo/ros2_ws/build/Eigen3' returned '0': /usr/bin/cmake --build /home/bobo/ros2_ws/build/Eigen3 -- -j8 -l8
[1.881s] DEBUG:colcon.colcon_core.event_handler.log_command:Invoking command in '/home/bobo/ros2_ws/build/Eigen3': /usr/bin/cmake --install /home/bobo/ros2_ws/build/Eigen3
[1.932s] Level 1:colcon.colcon_core.environment:create_environment_scripts_only(Eigen3)
[1.951s] Level 1:colcon.colcon_core.environment:checking '/home/bobo/ros2_ws/install/Eigen3' for CMake module files
[1.953s] Level 1:colcon.colcon_core.environment:checking '/home/bobo/ros2_ws/install/Eigen3' for CMake config files
[1.957s] Level 1:colcon.colcon_core.shell:create_environment_hook('Eigen3', 'cmake_prefix_path')
[1.958s] INFO:colcon.colcon_core.shell:Creating environment hook '/home/bobo/ros2_ws/install/Eigen3/share/Eigen3/hook/cmake_prefix_path.ps1'
[1.961s] INFO:colcon.colcon_core.shell:Creating environment descriptor '/home/bobo/ros2_ws/install/Eigen3/share/Eigen3/hook/cmake_prefix_path.dsv'
[1.963s] INFO:colcon.colcon_core.shell:Creating environment hook '/home/bobo/ros2_ws/install/Eigen3/share/Eigen3/hook/cmake_prefix_path.sh'
[1.966s] Level 1:colcon.colcon_core.environment:checking '/home/bobo/ros2_ws/install/Eigen3/bin'
[1.967s] Level 1:colcon.colcon_core.environment:checking '/home/bobo/ros2_ws/install/Eigen3/lib/pkgconfig/Eigen3.pc'
[1.967s] Level 1:colcon.colcon_core.environment:checking '/home/bobo/ros2_ws/install/Eigen3/lib/python3.10/site-packages'
[1.967s] Level 1:colcon.colcon_core.environment:checking '/home/bobo/ros2_ws/install/Eigen3/bin'
[1.968s] INFO:colcon.colcon_core.shell:Creating package script '/home/bobo/ros2_ws/install/Eigen3/share/Eigen3/package.ps1'
[1.972s] INFO:colcon.colcon_core.shell:Creating package descriptor '/home/bobo/ros2_ws/install/Eigen3/share/Eigen3/package.dsv'
[1.974s] INFO:colcon.colcon_core.shell:Creating package script '/home/bobo/ros2_ws/install/Eigen3/share/Eigen3/package.sh'
[1.976s] INFO:colcon.colcon_core.shell:Creating package script '/home/bobo/ros2_ws/install/Eigen3/share/Eigen3/package.bash'
[1.978s] INFO:colcon.colcon_core.shell:Creating package script '/home/bobo/ros2_ws/install/Eigen3/share/Eigen3/package.zsh'
[1.981s] Level 1:colcon.colcon_core.environment:create_file_with_runtime_dependencies(/home/bobo/ros2_ws/install/Eigen3/share/colcon-core/packages/Eigen3)
[2.016s] DEBUG:colcon.colcon_core.event_handler.log_command:Invoked command in '/home/bobo/ros2_ws/build/tug_msgs' returned '0': CMAKE_PREFIX_PATH=${CMAKE_PREFIX_PATH}:/opt/ros/humble /usr/bin/cmake --build /home/bobo/ros2_ws/build/tug_msgs -- -j8 -l8
[2.025s] DEBUG:colcon.colcon_core.event_handler.log_command:Invoking command in '/home/bobo/ros2_ws/build/tug_msgs': CMAKE_PREFIX_PATH=${CMAKE_PREFIX_PATH}:/opt/ros/humble /usr/bin/cmake --install /home/bobo/ros2_ws/build/tug_msgs
[2.027s] DEBUG:colcon.colcon_core.event_handler.log_command:Invoked command in '/home/bobo/ros2_ws/build/Eigen3' returned '0': /usr/bin/cmake --install /home/bobo/ros2_ws/build/Eigen3
[2.042s] Level 1:colcon.colcon_core.environment:create_environment_scripts_only(tug_msgs)
[2.043s] Level 1:colcon.colcon_core.environment:checking '/home/bobo/ros2_ws/install/tug_msgs' for CMake module files
[2.049s] Level 1:colcon.colcon_core.environment:checking '/home/bobo/ros2_ws/install/tug_msgs' for CMake config files
[2.057s] Level 1:colcon.colcon_core.shell:create_environment_hook('tug_msgs', 'cmake_prefix_path')
[2.058s] INFO:colcon.colcon_core.shell:Creating environment hook '/home/bobo/ros2_ws/install/tug_msgs/share/tug_msgs/hook/cmake_prefix_path.ps1'
[2.059s] INFO:colcon.colcon_core.shell:Creating environment descriptor '/home/bobo/ros2_ws/install/tug_msgs/share/tug_msgs/hook/cmake_prefix_path.dsv'
[2.060s] INFO:colcon.colcon_core.shell:Creating environment hook '/home/bobo/ros2_ws/install/tug_msgs/share/tug_msgs/hook/cmake_prefix_path.sh'
[2.062s] Level 1:colcon.colcon_core.environment:checking '/home/bobo/ros2_ws/install/tug_msgs/lib'
[2.063s] Level 1:colcon.colcon_core.shell:create_environment_hook('tug_msgs', 'ld_library_path_lib')
[2.063s] INFO:colcon.colcon_core.shell:Creating environment hook '/home/bobo/ros2_ws/install/tug_msgs/share/tug_msgs/hook/ld_library_path_lib.ps1'
[2.065s] INFO:colcon.colcon_core.shell:Creating environment descriptor '/home/bobo/ros2_ws/install/tug_msgs/share/tug_msgs/hook/ld_library_path_lib.dsv'
[2.066s] INFO:colcon.colcon_core.shell:Creating environment hook '/home/bobo/ros2_ws/install/tug_msgs/share/tug_msgs/hook/ld_library_path_lib.sh'
[2.067s] Level 1:colcon.colcon_core.environment:checking '/home/bobo/ros2_ws/install/tug_msgs/bin'
[2.067s] Level 1:colcon.colcon_core.environment:checking '/home/bobo/ros2_ws/install/tug_msgs/lib/pkgconfig/tug_msgs.pc'
[2.067s] Level 1:colcon.colcon_core.environment:checking '/home/bobo/ros2_ws/install/tug_msgs/lib/python3.10/site-packages'
[2.068s] Level 1:colcon.colcon_core.environment:checking '/home/bobo/ros2_ws/install/tug_msgs/bin'
[2.068s] INFO:colcon.colcon_core.shell:Creating package script '/home/bobo/ros2_ws/install/tug_msgs/share/tug_msgs/package.ps1'
[2.070s] INFO:colcon.colcon_core.shell:Creating package descriptor '/home/bobo/ros2_ws/install/tug_msgs/share/tug_msgs/package.dsv'
[2.071s] DEBUG:colcon.colcon_core.event_handler.log_command:Invoked command in '/home/bobo/ros2_ws/build/tug_msgs' returned '0': CMAKE_PREFIX_PATH=${CMAKE_PREFIX_PATH}:/opt/ros/humble /usr/bin/cmake --install /home/bobo/ros2_ws/build/tug_msgs
[2.072s] INFO:colcon.colcon_core.shell:Creating package script '/home/bobo/ros2_ws/install/tug_msgs/share/tug_msgs/package.sh'
[2.072s] INFO:colcon.colcon_core.shell:Creating package script '/home/bobo/ros2_ws/install/tug_msgs/share/tug_msgs/package.bash'
[2.073s] INFO:colcon.colcon_core.shell:Creating package script '/home/bobo/ros2_ws/install/tug_msgs/share/tug_msgs/package.zsh'
[2.074s] Level 1:colcon.colcon_core.environment:create_file_with_runtime_dependencies(/home/bobo/ros2_ws/install/tug_msgs/share/colcon-core/packages/tug_msgs)
[2.074s] Level 1:colcon.colcon_core.environment:create_environment_scripts_only(tug_msgs)
[2.075s] Level 1:colcon.colcon_core.environment:checking '/home/bobo/ros2_ws/install/tug_msgs' for CMake module files
[2.076s] Level 1:colcon.colcon_core.environment:checking '/home/bobo/ros2_ws/install/tug_msgs' for CMake config files
[2.077s] Level 1:colcon.colcon_core.shell:create_environment_hook('tug_msgs', 'cmake_prefix_path')
[2.077s] INFO:colcon.colcon_core.shell:Creating environment hook '/home/bobo/ros2_ws/install/tug_msgs/share/tug_msgs/hook/cmake_prefix_path.ps1'
[2.078s] INFO:colcon.colcon_core.shell:Creating environment descriptor '/home/bobo/ros2_ws/install/tug_msgs/share/tug_msgs/hook/cmake_prefix_path.dsv'
[2.078s] INFO:colcon.colcon_core.shell:Creating environment hook '/home/bobo/ros2_ws/install/tug_msgs/share/tug_msgs/hook/cmake_prefix_path.sh'
[2.079s] Level 1:colcon.colcon_core.environment:checking '/home/bobo/ros2_ws/install/tug_msgs/lib'
[2.079s] Level 1:colcon.colcon_core.shell:create_environment_hook('tug_msgs', 'ld_library_path_lib')
[2.080s] INFO:colcon.colcon_core.shell:Creating environment hook '/home/bobo/ros2_ws/install/tug_msgs/share/tug_msgs/hook/ld_library_path_lib.ps1'
[2.080s] INFO:colcon.colcon_core.shell:Creating environment descriptor '/home/bobo/ros2_ws/install/tug_msgs/share/tug_msgs/hook/ld_library_path_lib.dsv'
[2.081s] INFO:colcon.colcon_core.shell:Creating environment hook '/home/bobo/ros2_ws/install/tug_msgs/share/tug_msgs/hook/ld_library_path_lib.sh'
[2.081s] Level 1:colcon.colcon_core.environment:checking '/home/bobo/ros2_ws/install/tug_msgs/bin'
[2.082s] Level 1:colcon.colcon_core.environment:checking '/home/bobo/ros2_ws/install/tug_msgs/lib/pkgconfig/tug_msgs.pc'
[2.082s] Level 1:colcon.colcon_core.environment:checking '/home/bobo/ros2_ws/install/tug_msgs/lib/python3.10/site-packages'
[2.082s] Level 1:colcon.colcon_core.environment:checking '/home/bobo/ros2_ws/install/tug_msgs/bin'
[2.083s] INFO:colcon.colcon_core.shell:Creating package script '/home/bobo/ros2_ws/install/tug_msgs/share/tug_msgs/package.ps1'
[2.084s] INFO:colcon.colcon_core.shell:Creating package descriptor '/home/bobo/ros2_ws/install/tug_msgs/share/tug_msgs/package.dsv'
[2.084s] INFO:colcon.colcon_core.shell:Creating package script '/home/bobo/ros2_ws/install/tug_msgs/share/tug_msgs/package.sh'
[2.085s] INFO:colcon.colcon_core.shell:Creating package script '/home/bobo/ros2_ws/install/tug_msgs/share/tug_msgs/package.bash'
[2.086s] INFO:colcon.colcon_core.shell:Creating package script '/home/bobo/ros2_ws/install/tug_msgs/share/tug_msgs/package.zsh'
[2.086s] Level 1:colcon.colcon_core.environment:create_file_with_runtime_dependencies(/home/bobo/ros2_ws/install/tug_msgs/share/colcon-core/packages/tug_msgs)
[2.087s] INFO:colcon.colcon_ros.task.ament_cmake.build:Building ROS package in '/home/bobo/ros2_ws/src/mr2_public/tug_mr2' with build type 'ament_cmake'
[2.087s] INFO:colcon.colcon_cmake.task.cmake.build:Building CMake package in '/home/bobo/ros2_ws/src/mr2_public/tug_mr2'
[2.087s] INFO:colcon.colcon_core.shell:Skip shell extension 'powershell' for command environment: Not usable outside of PowerShell
[2.087s] DEBUG:colcon.colcon_core.shell:Skip shell extension 'dsv' for command environment
[2.098s] INFO:colcon.colcon_ros.task.ament_cmake.build:Building ROS package in '/home/bobo/ros2_ws/src/mr2_public/tug_stage_ros2' with build type 'ament_cmake'
[2.098s] INFO:colcon.colcon_cmake.task.cmake.build:Building CMake package in '/home/bobo/ros2_ws/src/mr2_public/tug_stage_ros2'
[2.098s] INFO:colcon.colcon_core.shell:Skip shell extension 'powershell' for command environment: Not usable outside of PowerShell
[2.098s] DEBUG:colcon.colcon_core.shell:Skip shell extension 'dsv' for command environment
[2.107s] INFO:colcon.colcon_ros.task.ament_cmake.build:Building ROS package in '/home/bobo/ros2_ws/src/mr2_public/tug_turtlebot4' with build type 'ament_cmake'
[2.107s] INFO:colcon.colcon_cmake.task.cmake.build:Building CMake package in '/home/bobo/ros2_ws/src/mr2_public/tug_turtlebot4'
[2.108s] INFO:colcon.colcon_core.shell:Skip shell extension 'powershell' for command environment: Not usable outside of PowerShell
[2.108s] DEBUG:colcon.colcon_core.shell:Skip shell extension 'dsv' for command environment
[2.127s] DEBUG:colcon.colcon_core.event_handler.log_command:Invoking command in '/home/bobo/ros2_ws/build/tug_mr2': CMAKE_PREFIX_PATH=/home/bobo/ros2_ws/install/tug_msgs:/home/bobo/ros2_ws/install/tug_turtlebot4:/home/bobo/ros2_ws/install/tug_stage_ros2:/home/bobo/ros2_ws/install/tug_mr2:/home/bobo/ros2_ws/install/ros2cpp_tutorials_service:/home/bobo/ros2_ws/install/ros2cpp_tutorials_publisher_subscriber:/home/bobo/ros2_ws/install/ros2cpp_tutorials_parameter:/home/bobo/ros2_ws/install/ros2cpp_tutorials_action:/home/bobo/ros2_ws/install/Eigen3:/opt/ros/humble LD_LIBRARY_PATH=/home/bobo/ros2_ws/install/tug_msgs/lib:/home/bobo/stg/lib:/home/bobo/ros2_ws/install/ros2cpp_tutorials_service/lib:/home/bobo/ros2_ws/install/ros2cpp_tutorials_action/lib:/opt/ros/humble/opt/rviz_ogre_vendor/lib:/opt/ros/humble/lib/x86_64-linux-gnu:/opt/ros/humble/lib /usr/bin/cmake --build /home/bobo/ros2_ws/build/tug_mr2 -- -j8 -l8
[2.136s] DEBUG:colcon.colcon_core.event_handler.log_command:Invoking command in '/home/bobo/ros2_ws/build/tug_stage_ros2': CMAKE_PREFIX_PATH=/home/bobo/ros2_ws/install/tug_msgs:/home/bobo/ros2_ws/install/tug_turtlebot4:/home/bobo/ros2_ws/install/tug_stage_ros2:/home/bobo/ros2_ws/install/tug_mr2:/home/bobo/ros2_ws/install/ros2cpp_tutorials_service:/home/bobo/ros2_ws/install/ros2cpp_tutorials_publisher_subscriber:/home/bobo/ros2_ws/install/ros2cpp_tutorials_parameter:/home/bobo/ros2_ws/install/ros2cpp_tutorials_action:/home/bobo/ros2_ws/install/Eigen3:/opt/ros/humble LD_LIBRARY_PATH=/home/bobo/ros2_ws/install/tug_msgs/lib:/home/bobo/stg/lib:/home/bobo/ros2_ws/install/ros2cpp_tutorials_service/lib:/home/bobo/ros2_ws/install/ros2cpp_tutorials_action/lib:/opt/ros/humble/opt/rviz_ogre_vendor/lib:/opt/ros/humble/lib/x86_64-linux-gnu:/opt/ros/humble/lib /usr/bin/cmake --build /home/bobo/ros2_ws/build/tug_stage_ros2 -- -j8 -l8
[2.144s] DEBUG:colcon.colcon_core.event_handler.log_command:Invoking command in '/home/bobo/ros2_ws/build/tug_turtlebot4': CMAKE_PREFIX_PATH=/home/bobo/ros2_ws/install/tug_msgs:/home/bobo/ros2_ws/install/tug_turtlebot4:/home/bobo/ros2_ws/install/tug_stage_ros2:/home/bobo/ros2_ws/install/tug_mr2:/home/bobo/ros2_ws/install/ros2cpp_tutorials_service:/home/bobo/ros2_ws/install/ros2cpp_tutorials_publisher_subscriber:/home/bobo/ros2_ws/install/ros2cpp_tutorials_parameter:/home/bobo/ros2_ws/install/ros2cpp_tutorials_action:/home/bobo/ros2_ws/install/Eigen3:/opt/ros/humble LD_LIBRARY_PATH=/home/bobo/ros2_ws/install/tug_msgs/lib:/home/bobo/stg/lib:/home/bobo/ros2_ws/install/ros2cpp_tutorials_service/lib:/home/bobo/ros2_ws/install/ros2cpp_tutorials_action/lib:/opt/ros/humble/opt/rviz_ogre_vendor/lib:/opt/ros/humble/lib/x86_64-linux-gnu:/opt/ros/humble/lib /usr/bin/cmake --build /home/bobo/ros2_ws/build/tug_turtlebot4 -- -j8 -l8
[2.283s] DEBUG:colcon.colcon_core.event_handler.log_command:Invoked command in '/home/bobo/ros2_ws/build/tug_mr2' returned '0': CMAKE_PREFIX_PATH=/home/bobo/ros2_ws/install/tug_msgs:/home/bobo/ros2_ws/install/tug_turtlebot4:/home/bobo/ros2_ws/install/tug_stage_ros2:/home/bobo/ros2_ws/install/tug_mr2:/home/bobo/ros2_ws/install/ros2cpp_tutorials_service:/home/bobo/ros2_ws/install/ros2cpp_tutorials_publisher_subscriber:/home/bobo/ros2_ws/install/ros2cpp_tutorials_parameter:/home/bobo/ros2_ws/install/ros2cpp_tutorials_action:/home/bobo/ros2_ws/install/Eigen3:/opt/ros/humble LD_LIBRARY_PATH=/home/bobo/ros2_ws/install/tug_msgs/lib:/home/bobo/stg/lib:/home/bobo/ros2_ws/install/ros2cpp_tutorials_service/lib:/home/bobo/ros2_ws/install/ros2cpp_tutorials_action/lib:/opt/ros/humble/opt/rviz_ogre_vendor/lib:/opt/ros/humble/lib/x86_64-linux-gnu:/opt/ros/humble/lib /usr/bin/cmake --build /home/bobo/ros2_ws/build/tug_mr2 -- -j8 -l8
[2.285s] DEBUG:colcon.colcon_core.event_handler.log_command:Invoking command in '/home/bobo/ros2_ws/build/tug_mr2': CMAKE_PREFIX_PATH=/home/bobo/ros2_ws/install/tug_msgs:/home/bobo/ros2_ws/install/tug_turtlebot4:/home/bobo/ros2_ws/install/tug_stage_ros2:/home/bobo/ros2_ws/install/tug_mr2:/home/bobo/ros2_ws/install/ros2cpp_tutorials_service:/home/bobo/ros2_ws/install/ros2cpp_tutorials_publisher_subscriber:/home/bobo/ros2_ws/install/ros2cpp_tutorials_parameter:/home/bobo/ros2_ws/install/ros2cpp_tutorials_action:/home/bobo/ros2_ws/install/Eigen3:/opt/ros/humble LD_LIBRARY_PATH=/home/bobo/ros2_ws/install/tug_msgs/lib:/home/bobo/stg/lib:/home/bobo/ros2_ws/install/ros2cpp_tutorials_service/lib:/home/bobo/ros2_ws/install/ros2cpp_tutorials_action/lib:/opt/ros/humble/opt/rviz_ogre_vendor/lib:/opt/ros/humble/lib/x86_64-linux-gnu:/opt/ros/humble/lib /usr/bin/cmake --install /home/bobo/ros2_ws/build/tug_mr2
[2.299s] DEBUG:colcon.colcon_core.event_handler.log_command:Invoked command in '/home/bobo/ros2_ws/build/tug_stage_ros2' returned '0': CMAKE_PREFIX_PATH=/home/bobo/ros2_ws/install/tug_msgs:/home/bobo/ros2_ws/install/tug_turtlebot4:/home/bobo/ros2_ws/install/tug_stage_ros2:/home/bobo/ros2_ws/install/tug_mr2:/home/bobo/ros2_ws/install/ros2cpp_tutorials_service:/home/bobo/ros2_ws/install/ros2cpp_tutorials_publisher_subscriber:/home/bobo/ros2_ws/install/ros2cpp_tutorials_parameter:/home/bobo/ros2_ws/install/ros2cpp_tutorials_action:/home/bobo/ros2_ws/install/Eigen3:/opt/ros/humble LD_LIBRARY_PATH=/home/bobo/ros2_ws/install/tug_msgs/lib:/home/bobo/stg/lib:/home/bobo/ros2_ws/install/ros2cpp_tutorials_service/lib:/home/bobo/ros2_ws/install/ros2cpp_tutorials_action/lib:/opt/ros/humble/opt/rviz_ogre_vendor/lib:/opt/ros/humble/lib/x86_64-linux-gnu:/opt/ros/humble/lib /usr/bin/cmake --build /home/bobo/ros2_ws/build/tug_stage_ros2 -- -j8 -l8
[2.306s] Level 1:colcon.colcon_core.environment:create_environment_scripts_only(tug_mr2)
[2.306s] Level 1:colcon.colcon_core.environment:checking '/home/bobo/ros2_ws/install/tug_mr2' for CMake module files
[2.309s] DEBUG:colcon.colcon_core.event_handler.log_command:Invoking command in '/home/bobo/ros2_ws/build/tug_stage_ros2': CMAKE_PREFIX_PATH=/home/bobo/ros2_ws/install/tug_msgs:/home/bobo/ros2_ws/install/tug_turtlebot4:/home/bobo/ros2_ws/install/tug_stage_ros2:/home/bobo/ros2_ws/install/tug_mr2:/home/bobo/ros2_ws/install/ros2cpp_tutorials_service:/home/bobo/ros2_ws/install/ros2cpp_tutorials_publisher_subscriber:/home/bobo/ros2_ws/install/ros2cpp_tutorials_parameter:/home/bobo/ros2_ws/install/ros2cpp_tutorials_action:/home/bobo/ros2_ws/install/Eigen3:/opt/ros/humble LD_LIBRARY_PATH=/home/bobo/ros2_ws/install/tug_msgs/lib:/home/bobo/stg/lib:/home/bobo/ros2_ws/install/ros2cpp_tutorials_service/lib:/home/bobo/ros2_ws/install/ros2cpp_tutorials_action/lib:/opt/ros/humble/opt/rviz_ogre_vendor/lib:/opt/ros/humble/lib/x86_64-linux-gnu:/opt/ros/humble/lib /usr/bin/cmake --install /home/bobo/ros2_ws/build/tug_stage_ros2
[2.310s] Level 1:colcon.colcon_core.environment:checking '/home/bobo/ros2_ws/install/tug_mr2' for CMake config files
[2.310s] DEBUG:colcon.colcon_core.event_handler.log_command:Invoked command in '/home/bobo/ros2_ws/build/tug_mr2' returned '0': CMAKE_PREFIX_PATH=/home/bobo/ros2_ws/install/tug_msgs:/home/bobo/ros2_ws/install/tug_turtlebot4:/home/bobo/ros2_ws/install/tug_stage_ros2:/home/bobo/ros2_ws/install/tug_mr2:/home/bobo/ros2_ws/install/ros2cpp_tutorials_service:/home/bobo/ros2_ws/install/ros2cpp_tutorials_publisher_subscriber:/home/bobo/ros2_ws/install/ros2cpp_tutorials_parameter:/home/bobo/ros2_ws/install/ros2cpp_tutorials_action:/home/bobo/ros2_ws/install/Eigen3:/opt/ros/humble LD_LIBRARY_PATH=/home/bobo/ros2_ws/install/tug_msgs/lib:/home/bobo/stg/lib:/home/bobo/ros2_ws/install/ros2cpp_tutorials_service/lib:/home/bobo/ros2_ws/install/ros2cpp_tutorials_action/lib:/opt/ros/humble/opt/rviz_ogre_vendor/lib:/opt/ros/humble/lib/x86_64-linux-gnu:/opt/ros/humble/lib /usr/bin/cmake --install /home/bobo/ros2_ws/build/tug_mr2
[2.311s] Level 1:colcon.colcon_core.shell:create_environment_hook('tug_mr2', 'cmake_prefix_path')
[2.311s] INFO:colcon.colcon_core.shell:Creating environment hook '/home/bobo/ros2_ws/install/tug_mr2/share/tug_mr2/hook/cmake_prefix_path.ps1'
[2.312s] INFO:colcon.colcon_core.shell:Creating environment descriptor '/home/bobo/ros2_ws/install/tug_mr2/share/tug_mr2/hook/cmake_prefix_path.dsv'
[2.313s] INFO:colcon.colcon_core.shell:Creating environment hook '/home/bobo/ros2_ws/install/tug_mr2/share/tug_mr2/hook/cmake_prefix_path.sh'
[2.313s] Level 1:colcon.colcon_core.environment:checking '/home/bobo/ros2_ws/install/tug_mr2/lib'
[2.314s] Level 1:colcon.colcon_core.environment:checking '/home/bobo/ros2_ws/install/tug_mr2/bin'
[2.314s] Level 1:colcon.colcon_core.environment:checking '/home/bobo/ros2_ws/install/tug_mr2/lib/pkgconfig/tug_mr2.pc'
[2.314s] Level 1:colcon.colcon_core.environment:checking '/home/bobo/ros2_ws/install/tug_mr2/lib/python3.10/site-packages'
[2.314s] Level 1:colcon.colcon_core.environment:checking '/home/bobo/ros2_ws/install/tug_mr2/bin'
[2.315s] INFO:colcon.colcon_core.shell:Creating package script '/home/bobo/ros2_ws/install/tug_mr2/share/tug_mr2/package.ps1'
[2.316s] INFO:colcon.colcon_core.shell:Creating package descriptor '/home/bobo/ros2_ws/install/tug_mr2/share/tug_mr2/package.dsv'
[2.319s] INFO:colcon.colcon_core.shell:Creating package script '/home/bobo/ros2_ws/install/tug_mr2/share/tug_mr2/package.sh'
[2.322s] INFO:colcon.colcon_core.shell:Creating package script '/home/bobo/ros2_ws/install/tug_mr2/share/tug_mr2/package.bash'
[2.325s] INFO:colcon.colcon_core.shell:Creating package script '/home/bobo/ros2_ws/install/tug_mr2/share/tug_mr2/package.zsh'
[2.326s] Level 1:colcon.colcon_core.environment:create_file_with_runtime_dependencies(/home/bobo/ros2_ws/install/tug_mr2/share/colcon-core/packages/tug_mr2)
[2.329s] Level 1:colcon.colcon_core.environment:create_environment_scripts_only(tug_mr2)
[2.329s] Level 1:colcon.colcon_core.environment:checking '/home/bobo/ros2_ws/install/tug_mr2' for CMake module files
[2.330s] Level 1:colcon.colcon_core.environment:checking '/home/bobo/ros2_ws/install/tug_mr2' for CMake config files
[2.330s] Level 1:colcon.colcon_core.shell:create_environment_hook('tug_mr2', 'cmake_prefix_path')
[2.331s] INFO:colcon.colcon_core.shell:Creating environment hook '/home/bobo/ros2_ws/install/tug_mr2/share/tug_mr2/hook/cmake_prefix_path.ps1'
[2.332s] INFO:colcon.colcon_core.shell:Creating environment descriptor '/home/bobo/ros2_ws/install/tug_mr2/share/tug_mr2/hook/cmake_prefix_path.dsv'
[2.332s] INFO:colcon.colcon_core.shell:Creating environment hook '/home/bobo/ros2_ws/install/tug_mr2/share/tug_mr2/hook/cmake_prefix_path.sh'
[2.333s] Level 1:colcon.colcon_core.environment:checking '/home/bobo/ros2_ws/install/tug_mr2/lib'
[2.334s] Level 1:colcon.colcon_core.environment:checking '/home/bobo/ros2_ws/install/tug_mr2/bin'
[2.334s] Level 1:colcon.colcon_core.environment:checking '/home/bobo/ros2_ws/install/tug_mr2/lib/pkgconfig/tug_mr2.pc'
[2.334s] Level 1:colcon.colcon_core.environment:checking '/home/bobo/ros2_ws/install/tug_mr2/lib/python3.10/site-packages'
[2.335s] Level 1:colcon.colcon_core.environment:checking '/home/bobo/ros2_ws/install/tug_mr2/bin'
[2.335s] INFO:colcon.colcon_core.shell:Creating package script '/home/bobo/ros2_ws/install/tug_mr2/share/tug_mr2/package.ps1'
[2.336s] INFO:colcon.colcon_core.shell:Creating package descriptor '/home/bobo/ros2_ws/install/tug_mr2/share/tug_mr2/package.dsv'
[2.337s] INFO:colcon.colcon_core.shell:Creating package script '/home/bobo/ros2_ws/install/tug_mr2/share/tug_mr2/package.sh'
[2.338s] INFO:colcon.colcon_core.shell:Creating package script '/home/bobo/ros2_ws/install/tug_mr2/share/tug_mr2/package.bash'
[2.339s] INFO:colcon.colcon_core.shell:Creating package script '/home/bobo/ros2_ws/install/tug_mr2/share/tug_mr2/package.zsh'
[2.340s] Level 1:colcon.colcon_core.environment:create_file_with_runtime_dependencies(/home/bobo/ros2_ws/install/tug_mr2/share/colcon-core/packages/tug_mr2)
[2.343s] Level 1:colcon.colcon_core.environment:create_environment_scripts_only(tug_stage_ros2)
[2.343s] Level 1:colcon.colcon_core.environment:checking '/home/bobo/ros2_ws/install/tug_stage_ros2' for CMake module files
[2.344s] DEBUG:colcon.colcon_core.event_handler.log_command:Invoked command in '/home/bobo/ros2_ws/build/tug_stage_ros2' returned '0': CMAKE_PREFIX_PATH=/home/bobo/ros2_ws/install/tug_msgs:/home/bobo/ros2_ws/install/tug_turtlebot4:/home/bobo/ros2_ws/install/tug_stage_ros2:/home/bobo/ros2_ws/install/tug_mr2:/home/bobo/ros2_ws/install/ros2cpp_tutorials_service:/home/bobo/ros2_ws/install/ros2cpp_tutorials_publisher_subscriber:/home/bobo/ros2_ws/install/ros2cpp_tutorials_parameter:/home/bobo/ros2_ws/install/ros2cpp_tutorials_action:/home/bobo/ros2_ws/install/Eigen3:/opt/ros/humble LD_LIBRARY_PATH=/home/bobo/ros2_ws/install/tug_msgs/lib:/home/bobo/stg/lib:/home/bobo/ros2_ws/install/ros2cpp_tutorials_service/lib:/home/bobo/ros2_ws/install/ros2cpp_tutorials_action/lib:/opt/ros/humble/opt/rviz_ogre_vendor/lib:/opt/ros/humble/lib/x86_64-linux-gnu:/opt/ros/humble/lib /usr/bin/cmake --install /home/bobo/ros2_ws/build/tug_stage_ros2
[2.345s] Level 1:colcon.colcon_core.environment:checking '/home/bobo/ros2_ws/install/tug_stage_ros2' for CMake config files
[2.345s] Level 1:colcon.colcon_core.shell:create_environment_hook('tug_stage_ros2', 'cmake_prefix_path')
[2.346s] INFO:colcon.colcon_core.shell:Creating environment hook '/home/bobo/ros2_ws/install/tug_stage_ros2/share/tug_stage_ros2/hook/cmake_prefix_path.ps1'
[2.347s] INFO:colcon.colcon_core.shell:Creating environment descriptor '/home/bobo/ros2_ws/install/tug_stage_ros2/share/tug_stage_ros2/hook/cmake_prefix_path.dsv'
[2.347s] INFO:colcon.colcon_core.shell:Creating environment hook '/home/bobo/ros2_ws/install/tug_stage_ros2/share/tug_stage_ros2/hook/cmake_prefix_path.sh'
[2.348s] Level 1:colcon.colcon_core.environment:checking '/home/bobo/ros2_ws/install/tug_stage_ros2/lib'
[2.348s] Level 1:colcon.colcon_core.environment:checking '/home/bobo/ros2_ws/install/tug_stage_ros2/bin'
[2.349s] Level 1:colcon.colcon_core.environment:checking '/home/bobo/ros2_ws/install/tug_stage_ros2/lib/pkgconfig/tug_stage_ros2.pc'
[2.349s] Level 1:colcon.colcon_core.environment:checking '/home/bobo/ros2_ws/install/tug_stage_ros2/lib/python3.10/site-packages'
[2.349s] Level 1:colcon.colcon_core.environment:checking '/home/bobo/ros2_ws/install/tug_stage_ros2/bin'
[2.350s] INFO:colcon.colcon_core.shell:Creating package script '/home/bobo/ros2_ws/install/tug_stage_ros2/share/tug_stage_ros2/package.ps1'
[2.351s] INFO:colcon.colcon_core.shell:Creating package descriptor '/home/bobo/ros2_ws/install/tug_stage_ros2/share/tug_stage_ros2/package.dsv'
[2.352s] INFO:colcon.colcon_core.shell:Creating package script '/home/bobo/ros2_ws/install/tug_stage_ros2/share/tug_stage_ros2/package.sh'
[2.353s] INFO:colcon.colcon_core.shell:Creating package script '/home/bobo/ros2_ws/install/tug_stage_ros2/share/tug_stage_ros2/package.bash'
[2.354s] INFO:colcon.colcon_core.shell:Creating package script '/home/bobo/ros2_ws/install/tug_stage_ros2/share/tug_stage_ros2/package.zsh'
[2.355s] Level 1:colcon.colcon_core.environment:create_file_with_runtime_dependencies(/home/bobo/ros2_ws/install/tug_stage_ros2/share/colcon-core/packages/tug_stage_ros2)
[2.356s] Level 1:colcon.colcon_core.environment:create_environment_scripts_only(tug_stage_ros2)
[2.357s] Level 1:colcon.colcon_core.environment:checking '/home/bobo/ros2_ws/install/tug_stage_ros2' for CMake module files
[2.357s] Level 1:colcon.colcon_core.environment:checking '/home/bobo/ros2_ws/install/tug_stage_ros2' for CMake config files
[2.358s] Level 1:colcon.colcon_core.shell:create_environment_hook('tug_stage_ros2', 'cmake_prefix_path')
[2.358s] INFO:colcon.colcon_core.shell:Creating environment hook '/home/bobo/ros2_ws/install/tug_stage_ros2/share/tug_stage_ros2/hook/cmake_prefix_path.ps1'
[2.359s] INFO:colcon.colcon_core.shell:Creating environment descriptor '/home/bobo/ros2_ws/install/tug_stage_ros2/share/tug_stage_ros2/hook/cmake_prefix_path.dsv'
[2.360s] INFO:colcon.colcon_core.shell:Creating environment hook '/home/bobo/ros2_ws/install/tug_stage_ros2/share/tug_stage_ros2/hook/cmake_prefix_path.sh'
[2.361s] Level 1:colcon.colcon_core.environment:checking '/home/bobo/ros2_ws/install/tug_stage_ros2/lib'
[2.361s] Level 1:colcon.colcon_core.environment:checking '/home/bobo/ros2_ws/install/tug_stage_ros2/bin'
[2.361s] Level 1:colcon.colcon_core.environment:checking '/home/bobo/ros2_ws/install/tug_stage_ros2/lib/pkgconfig/tug_stage_ros2.pc'
[2.361s] Level 1:colcon.colcon_core.environment:checking '/home/bobo/ros2_ws/install/tug_stage_ros2/lib/python3.10/site-packages'
[2.362s] Level 1:colcon.colcon_core.environment:checking '/home/bobo/ros2_ws/install/tug_stage_ros2/bin'
[2.362s] INFO:colcon.colcon_core.shell:Creating package script '/home/bobo/ros2_ws/install/tug_stage_ros2/share/tug_stage_ros2/package.ps1'
[2.363s] INFO:colcon.colcon_core.shell:Creating package descriptor '/home/bobo/ros2_ws/install/tug_stage_ros2/share/tug_stage_ros2/package.dsv'
[2.364s] INFO:colcon.colcon_core.shell:Creating package script '/home/bobo/ros2_ws/install/tug_stage_ros2/share/tug_stage_ros2/package.sh'
[2.365s] INFO:colcon.colcon_core.shell:Creating package script '/home/bobo/ros2_ws/install/tug_stage_ros2/share/tug_stage_ros2/package.bash'
[2.365s] INFO:colcon.colcon_core.shell:Creating package script '/home/bobo/ros2_ws/install/tug_stage_ros2/share/tug_stage_ros2/package.zsh'
[2.366s] Level 1:colcon.colcon_core.environment:create_file_with_runtime_dependencies(/home/bobo/ros2_ws/install/tug_stage_ros2/share/colcon-core/packages/tug_stage_ros2)
[12.095s] DEBUG:colcon.colcon_core.event_handler.log_command:Invoked command in '/home/bobo/ros2_ws/build/tug_turtlebot4' returned '2': CMAKE_PREFIX_PATH=/home/bobo/ros2_ws/install/tug_msgs:/home/bobo/ros2_ws/install/tug_turtlebot4:/home/bobo/ros2_ws/install/tug_stage_ros2:/home/bobo/ros2_ws/install/tug_mr2:/home/bobo/ros2_ws/install/ros2cpp_tutorials_service:/home/bobo/ros2_ws/install/ros2cpp_tutorials_publisher_subscriber:/home/bobo/ros2_ws/install/ros2cpp_tutorials_parameter:/home/bobo/ros2_ws/install/ros2cpp_tutorials_action:/home/bobo/ros2_ws/install/Eigen3:/opt/ros/humble LD_LIBRARY_PATH=/home/bobo/ros2_ws/install/tug_msgs/lib:/home/bobo/stg/lib:/home/bobo/ros2_ws/install/ros2cpp_tutorials_service/lib:/home/bobo/ros2_ws/install/ros2cpp_tutorials_action/lib:/opt/ros/humble/opt/rviz_ogre_vendor/lib:/opt/ros/humble/lib/x86_64-linux-gnu:/opt/ros/humble/lib /usr/bin/cmake --build /home/bobo/ros2_ws/build/tug_turtlebot4 -- -j8 -l8
[12.096s] Level 1:colcon.colcon_core.environment:create_environment_scripts_only(tug_turtlebot4)
[12.096s] Level 1:colcon.colcon_core.environment:checking '/home/bobo/ros2_ws/install/tug_turtlebot4' for CMake module files
[12.097s] Level 1:colcon.colcon_core.environment:checking '/home/bobo/ros2_ws/install/tug_turtlebot4' for CMake config files
[12.097s] Level 1:colcon.colcon_core.shell:create_environment_hook('tug_turtlebot4', 'cmake_prefix_path')
[12.098s] INFO:colcon.colcon_core.shell:Creating environment hook '/home/bobo/ros2_ws/install/tug_turtlebot4/share/tug_turtlebot4/hook/cmake_prefix_path.ps1'
[12.098s] INFO:colcon.colcon_core.shell:Creating environment descriptor '/home/bobo/ros2_ws/install/tug_turtlebot4/share/tug_turtlebot4/hook/cmake_prefix_path.dsv'
[12.099s] INFO:colcon.colcon_core.shell:Creating environment hook '/home/bobo/ros2_ws/install/tug_turtlebot4/share/tug_turtlebot4/hook/cmake_prefix_path.sh'
[12.100s] Level 1:colcon.colcon_core.environment:checking '/home/bobo/ros2_ws/install/tug_turtlebot4/lib'
[12.100s] Level 1:colcon.colcon_core.environment:checking '/home/bobo/ros2_ws/install/tug_turtlebot4/bin'
[12.100s] Level 1:colcon.colcon_core.environment:checking '/home/bobo/ros2_ws/install/tug_turtlebot4/lib/pkgconfig/tug_turtlebot4.pc'
[12.101s] Level 1:colcon.colcon_core.environment:checking '/home/bobo/ros2_ws/install/tug_turtlebot4/lib/python3.10/site-packages'
[12.101s] Level 1:colcon.colcon_core.environment:checking '/home/bobo/ros2_ws/install/tug_turtlebot4/bin'
[12.101s] INFO:colcon.colcon_core.shell:Creating package script '/home/bobo/ros2_ws/install/tug_turtlebot4/share/tug_turtlebot4/package.ps1'
[12.102s] INFO:colcon.colcon_core.shell:Creating package descriptor '/home/bobo/ros2_ws/install/tug_turtlebot4/share/tug_turtlebot4/package.dsv'
[12.103s] INFO:colcon.colcon_core.shell:Creating package script '/home/bobo/ros2_ws/install/tug_turtlebot4/share/tug_turtlebot4/package.sh'
[12.104s] INFO:colcon.colcon_core.shell:Creating package script '/home/bobo/ros2_ws/install/tug_turtlebot4/share/tug_turtlebot4/package.bash'
[12.104s] INFO:colcon.colcon_core.shell:Creating package script '/home/bobo/ros2_ws/install/tug_turtlebot4/share/tug_turtlebot4/package.zsh'
[12.105s] Level 1:colcon.colcon_core.environment:create_file_with_runtime_dependencies(/home/bobo/ros2_ws/install/tug_turtlebot4/share/colcon-core/packages/tug_turtlebot4)
[12.116s] DEBUG:colcon.colcon_parallel_executor.executor.parallel:closing loop
[12.116s] DEBUG:colcon.colcon_parallel_executor.executor.parallel:loop closed
[12.116s] DEBUG:colcon.colcon_parallel_executor.executor.parallel:run_until_complete finished with '2'
[12.116s] DEBUG:colcon.colcon_core.event_reactor:joining thread
[12.126s] INFO:colcon.colcon_core.plugin_system:Skipping extension 'colcon_notification.desktop_notification.terminal_notifier': Not used on non-Darwin systems
[12.126s] INFO:colcon.colcon_core.plugin_system:Skipping extension 'colcon_notification.desktop_notification.win32': Not used on non-Windows systems
[12.126s] INFO:colcon.colcon_notification.desktop_notification:Sending desktop notification using 'notify2'
[12.142s] DEBUG:colcon.colcon_core.event_reactor:joined thread
[12.142s] INFO:colcon.colcon_core.shell:Creating prefix script '/home/bobo/ros2_ws/install/local_setup.ps1'
[12.144s] INFO:colcon.colcon_core.shell:Creating prefix util module '/home/bobo/ros2_ws/install/_local_setup_util_ps1.py'
[12.146s] INFO:colcon.colcon_core.shell:Creating prefix chain script '/home/bobo/ros2_ws/install/setup.ps1'
[12.151s] INFO:colcon.colcon_core.shell:Creating prefix script '/home/bobo/ros2_ws/install/local_setup.sh'
[12.153s] INFO:colcon.colcon_core.shell:Creating prefix util module '/home/bobo/ros2_ws/install/_local_setup_util_sh.py'
[12.155s] INFO:colcon.colcon_core.shell:Creating prefix chain script '/home/bobo/ros2_ws/install/setup.sh'
[12.159s] INFO:colcon.colcon_core.shell:Creating prefix script '/home/bobo/ros2_ws/install/local_setup.bash'
[12.161s] INFO:colcon.colcon_core.shell:Creating prefix chain script '/home/bobo/ros2_ws/install/setup.bash'
[12.163s] INFO:colcon.colcon_core.shell:Creating prefix script '/home/bobo/ros2_ws/install/local_setup.zsh'
[12.164s] INFO:colcon.colcon_core.shell:Creating prefix chain script '/home/bobo/ros2_ws/install/setup.zsh'
