[0.014s] Invoking command in '/home/bobo/ros2_ws/build/Eigen3': /usr/bin/cmake --build /home/bobo/ros2_ws/build/Eigen3 -- -j8 -l8
[0.380s] Invoked command in '/home/bobo/ros2_ws/build/Eigen3' returned '0': /usr/bin/cmake --build /home/bobo/ros2_ws/build/Eigen3 -- -j8 -l8
[1.839s] Invoking command in '/home/bobo/ros2_ws/build/Eigen3': /usr/bin/cmake --install /home/bobo/ros2_ws/build/Eigen3
[1.847s] -- Install configuration: "Release"
[1.847s] -- Up-to-date: /home/bobo/ros2_ws/install/Eigen3/include/eigen3/signature_of_eigen3_matrix_library
[1.847s] -- Up-to-date: /home/bobo/ros2_ws/install/Eigen3/share/pkgconfig/eigen3.pc
[1.847s] -- Up-to-date: /home/bobo/ros2_ws/install/Eigen3/include/eigen3/Eigen
[1.847s] -- Up-to-date: /home/bobo/ros2_ws/install/Eigen3/include/eigen3/Eigen/src
[1.848s] -- Up-to-date: /home/bobo/ros2_ws/install/Eigen3/include/eigen3/Eigen/src/SparseLU
[1.848s] -- Up-to-date: /home/bobo/ros2_ws/install/Eigen3/include/eigen3/Eigen/src/SparseLU/SparseLU_gemm_kernel.h
[1.848s] -- Up-to-date: /home/bobo/ros2_ws/install/Eigen3/include/eigen3/Eigen/src/SparseLU/SparseLU_pruneL.h
[1.848s] -- Up-to-date: /home/bobo/ros2_ws/install/Eigen3/include/eigen3/Eigen/src/SparseLU/SparseLU_copy_to_ucol.h
[1.848s] -- Up-to-date: /home/bobo/ros2_ws/install/Eigen3/include/eigen3/Eigen/src/SparseLU/SparseLU_column_dfs.h
[1.848s] -- Up-to-date: /home/bobo/ros2_ws/install/Eigen3/include/eigen3/Eigen/src/SparseLU/SparseLU_panel_bmod.h
[1.848s] -- Up-to-date: /home/bobo/ros2_ws/install/Eigen3/include/eigen3/Eigen/src/SparseLU/SparseLU_SupernodalMatrix.h
[1.849s] -- Up-to-date: /home/bobo/ros2_ws/install/Eigen3/include/eigen3/Eigen/src/SparseLU/SparseLU_pivotL.h
[1.849s] -- Up-to-date: /home/bobo/ros2_ws/install/Eigen3/include/eigen3/Eigen/src/SparseLU/SparseLU_Utils.h
[1.849s] -- Up-to-date: /home/bobo/ros2_ws/install/Eigen3/include/eigen3/Eigen/src/SparseLU/SparseLU_Memory.h
[1.849s] -- Up-to-date: /home/bobo/ros2_ws/install/Eigen3/include/eigen3/Eigen/src/SparseLU/SparseLU_kernel_bmod.h
[1.849s] -- Up-to-date: /home/bobo/ros2_ws/install/Eigen3/include/eigen3/Eigen/src/SparseLU/SparseLU_Structs.h
[1.849s] -- Up-to-date: /home/bobo/ros2_ws/install/Eigen3/include/eigen3/Eigen/src/SparseLU/SparseLU_relax_snode.h
[1.849s] -- Up-to-date: /home/bobo/ros2_ws/install/Eigen3/include/eigen3/Eigen/src/SparseLU/SparseLU_heap_relax_snode.h
[1.849s] -- Up-to-date: /home/bobo/ros2_ws/install/Eigen3/include/eigen3/Eigen/src/SparseLU/SparseLU_column_bmod.h
[1.850s] -- Up-to-date: /home/bobo/ros2_ws/install/Eigen3/include/eigen3/Eigen/src/SparseLU/SparseLU_panel_dfs.h
[1.850s] -- Up-to-date: /home/bobo/ros2_ws/install/Eigen3/include/eigen3/Eigen/src/SparseLU/SparseLUImpl.h
[1.850s] -- Up-to-date: /home/bobo/ros2_ws/install/Eigen3/include/eigen3/Eigen/src/SparseLU/SparseLU.h
[1.850s] -- Up-to-date: /home/bobo/ros2_ws/install/Eigen3/include/eigen3/Eigen/src/PardisoSupport
[1.850s] -- Up-to-date: /home/bobo/ros2_ws/install/Eigen3/include/eigen3/Eigen/src/PardisoSupport/PardisoSupport.h
[1.850s] -- Up-to-date: /home/bobo/ros2_ws/install/Eigen3/include/eigen3/Eigen/src/UmfPackSupport
[1.850s] -- Up-to-date: /home/bobo/ros2_ws/install/Eigen3/include/eigen3/Eigen/src/UmfPackSupport/UmfPackSupport.h
[1.850s] -- Up-to-date: /home/bobo/ros2_ws/install/Eigen3/include/eigen3/Eigen/src/CholmodSupport
[1.851s] -- Up-to-date: /home/bobo/ros2_ws/install/Eigen3/include/eigen3/Eigen/src/CholmodSupport/CholmodSupport.h
[1.851s] -- Up-to-date: /home/bobo/ros2_ws/install/Eigen3/include/eigen3/Eigen/src/SparseCholesky
[1.851s] -- Up-to-date: /home/bobo/ros2_ws/install/Eigen3/include/eigen3/Eigen/src/SparseCholesky/SimplicialCholesky_impl.h
[1.851s] -- Up-to-date: /home/bobo/ros2_ws/install/Eigen3/include/eigen3/Eigen/src/SparseCholesky/SimplicialCholesky.h
[1.851s] -- Up-to-date: /home/bobo/ros2_ws/install/Eigen3/include/eigen3/Eigen/src/plugins
[1.851s] -- Up-to-date: /home/bobo/ros2_ws/install/Eigen3/include/eigen3/Eigen/src/plugins/ReshapedMethods.h
[1.851s] -- Up-to-date: /home/bobo/ros2_ws/install/Eigen3/include/eigen3/Eigen/src/plugins/BlockMethods.h
[1.852s] -- Up-to-date: /home/bobo/ros2_ws/install/Eigen3/include/eigen3/Eigen/src/plugins/IndexedViewMethods.h
[1.852s] -- Up-to-date: /home/bobo/ros2_ws/install/Eigen3/include/eigen3/Eigen/src/plugins/CommonCwiseUnaryOps.h
[1.852s] -- Up-to-date: /home/bobo/ros2_ws/install/Eigen3/include/eigen3/Eigen/src/plugins/MatrixCwiseBinaryOps.h
[1.852s] -- Up-to-date: /home/bobo/ros2_ws/install/Eigen3/include/eigen3/Eigen/src/plugins/ArrayCwiseBinaryOps.h
[1.852s] -- Up-to-date: /home/bobo/ros2_ws/install/Eigen3/include/eigen3/Eigen/src/plugins/CommonCwiseBinaryOps.h
[1.852s] -- Up-to-date: /home/bobo/ros2_ws/install/Eigen3/include/eigen3/Eigen/src/plugins/MatrixCwiseUnaryOps.h
[1.852s] -- Up-to-date: /home/bobo/ros2_ws/install/Eigen3/include/eigen3/Eigen/src/plugins/ArrayCwiseUnaryOps.h
[1.852s] -- Up-to-date: /home/bobo/ros2_ws/install/Eigen3/include/eigen3/Eigen/src/Geometry
[1.852s] -- Up-to-date: /home/bobo/ros2_ws/install/Eigen3/include/eigen3/Eigen/src/Geometry/EulerAngles.h
[1.852s] -- Up-to-date: /home/bobo/ros2_ws/install/Eigen3/include/eigen3/Eigen/src/Geometry/Translation.h
[1.853s] -- Up-to-date: /home/bobo/ros2_ws/install/Eigen3/include/eigen3/Eigen/src/Geometry/Scaling.h
[1.853s] -- Up-to-date: /home/bobo/ros2_ws/install/Eigen3/include/eigen3/Eigen/src/Geometry/arch
[1.853s] -- Up-to-date: /home/bobo/ros2_ws/install/Eigen3/include/eigen3/Eigen/src/Geometry/arch/Geometry_SIMD.h
[1.853s] -- Up-to-date: /home/bobo/ros2_ws/install/Eigen3/include/eigen3/Eigen/src/Geometry/AlignedBox.h
[1.853s] -- Up-to-date: /home/bobo/ros2_ws/install/Eigen3/include/eigen3/Eigen/src/Geometry/AngleAxis.h
[1.853s] -- Up-to-date: /home/bobo/ros2_ws/install/Eigen3/include/eigen3/Eigen/src/Geometry/Hyperplane.h
[1.853s] -- Up-to-date: /home/bobo/ros2_ws/install/Eigen3/include/eigen3/Eigen/src/Geometry/Transform.h
[1.853s] -- Up-to-date: /home/bobo/ros2_ws/install/Eigen3/include/eigen3/Eigen/src/Geometry/OrthoMethods.h
[1.853s] -- Up-to-date: /home/bobo/ros2_ws/install/Eigen3/include/eigen3/Eigen/src/Geometry/Homogeneous.h
[1.853s] -- Up-to-date: /home/bobo/ros2_ws/install/Eigen3/include/eigen3/Eigen/src/Geometry/ParametrizedLine.h
[1.853s] -- Up-to-date: /home/bobo/ros2_ws/install/Eigen3/include/eigen3/Eigen/src/Geometry/RotationBase.h
[1.853s] -- Up-to-date: /home/bobo/ros2_ws/install/Eigen3/include/eigen3/Eigen/src/Geometry/Rotation2D.h
[1.854s] -- Up-to-date: /home/bobo/ros2_ws/install/Eigen3/include/eigen3/Eigen/src/Geometry/Quaternion.h
[1.854s] -- Up-to-date: /home/bobo/ros2_ws/install/Eigen3/include/eigen3/Eigen/src/Geometry/Umeyama.h
[1.854s] -- Up-to-date: /home/bobo/ros2_ws/install/Eigen3/include/eigen3/Eigen/src/Cholesky
[1.854s] -- Up-to-date: /home/bobo/ros2_ws/install/Eigen3/include/eigen3/Eigen/src/Cholesky/LDLT.h
[1.854s] -- Up-to-date: /home/bobo/ros2_ws/install/Eigen3/include/eigen3/Eigen/src/Cholesky/LLT.h
[1.854s] -- Up-to-date: /home/bobo/ros2_ws/install/Eigen3/include/eigen3/Eigen/src/Cholesky/LLT_LAPACKE.h
[1.854s] -- Up-to-date: /home/bobo/ros2_ws/install/Eigen3/include/eigen3/Eigen/src/StlSupport
[1.854s] -- Up-to-date: /home/bobo/ros2_ws/install/Eigen3/include/eigen3/Eigen/src/StlSupport/StdVector.h
[1.855s] -- Up-to-date: /home/bobo/ros2_ws/install/Eigen3/include/eigen3/Eigen/src/StlSupport/StdList.h
[1.855s] -- Up-to-date: /home/bobo/ros2_ws/install/Eigen3/include/eigen3/Eigen/src/StlSupport/details.h
[1.855s] -- Up-to-date: /home/bobo/ros2_ws/install/Eigen3/include/eigen3/Eigen/src/StlSupport/StdDeque.h
[1.855s] -- Up-to-date: /home/bobo/ros2_ws/install/Eigen3/include/eigen3/Eigen/src/OrderingMethods
[1.855s] -- Up-to-date: /home/bobo/ros2_ws/install/Eigen3/include/eigen3/Eigen/src/OrderingMethods/Ordering.h
[1.855s] -- Up-to-date: /home/bobo/ros2_ws/install/Eigen3/include/eigen3/Eigen/src/OrderingMethods/Eigen_Colamd.h
[1.855s] -- Up-to-date: /home/bobo/ros2_ws/install/Eigen3/include/eigen3/Eigen/src/OrderingMethods/Amd.h
[1.855s] -- Up-to-date: /home/bobo/ros2_ws/install/Eigen3/include/eigen3/Eigen/src/SVD
[1.855s] -- Up-to-date: /home/bobo/ros2_ws/install/Eigen3/include/eigen3/Eigen/src/SVD/SVDBase.h
[1.855s] -- Up-to-date: /home/bobo/ros2_ws/install/Eigen3/include/eigen3/Eigen/src/SVD/JacobiSVD.h
[1.856s] -- Up-to-date: /home/bobo/ros2_ws/install/Eigen3/include/eigen3/Eigen/src/SVD/UpperBidiagonalization.h
[1.856s] -- Up-to-date: /home/bobo/ros2_ws/install/Eigen3/include/eigen3/Eigen/src/SVD/JacobiSVD_LAPACKE.h
[1.856s] -- Up-to-date: /home/bobo/ros2_ws/install/Eigen3/include/eigen3/Eigen/src/SVD/BDCSVD.h
[1.856s] -- Up-to-date: /home/bobo/ros2_ws/install/Eigen3/include/eigen3/Eigen/src/QR
[1.856s] -- Up-to-date: /home/bobo/ros2_ws/install/Eigen3/include/eigen3/Eigen/src/QR/ColPivHouseholderQR_LAPACKE.h
[1.856s] -- Up-to-date: /home/bobo/ros2_ws/install/Eigen3/include/eigen3/Eigen/src/QR/HouseholderQR.h
[1.856s] -- Up-to-date: /home/bobo/ros2_ws/install/Eigen3/include/eigen3/Eigen/src/QR/HouseholderQR_LAPACKE.h
[1.856s] -- Up-to-date: /home/bobo/ros2_ws/install/Eigen3/include/eigen3/Eigen/src/QR/CompleteOrthogonalDecomposition.h
[1.856s] -- Up-to-date: /home/bobo/ros2_ws/install/Eigen3/include/eigen3/Eigen/src/QR/FullPivHouseholderQR.h
[1.856s] -- Up-to-date: /home/bobo/ros2_ws/install/Eigen3/include/eigen3/Eigen/src/QR/ColPivHouseholderQR.h
[1.857s] -- Up-to-date: /home/bobo/ros2_ws/install/Eigen3/include/eigen3/Eigen/src/Householder
[1.857s] -- Up-to-date: /home/bobo/ros2_ws/install/Eigen3/include/eigen3/Eigen/src/Householder/BlockHouseholder.h
[1.857s] -- Up-to-date: /home/bobo/ros2_ws/install/Eigen3/include/eigen3/Eigen/src/Householder/HouseholderSequence.h
[1.857s] -- Up-to-date: /home/bobo/ros2_ws/install/Eigen3/include/eigen3/Eigen/src/Householder/Householder.h
[1.857s] -- Up-to-date: /home/bobo/ros2_ws/install/Eigen3/include/eigen3/Eigen/src/SparseCore
[1.857s] -- Up-to-date: /home/bobo/ros2_ws/install/Eigen3/include/eigen3/Eigen/src/SparseCore/ConservativeSparseSparseProduct.h
[1.857s] -- Up-to-date: /home/bobo/ros2_ws/install/Eigen3/include/eigen3/Eigen/src/SparseCore/SparseDenseProduct.h
[1.857s] -- Up-to-date: /home/bobo/ros2_ws/install/Eigen3/include/eigen3/Eigen/src/SparseCore/SparseCwiseBinaryOp.h
[1.857s] -- Up-to-date: /home/bobo/ros2_ws/install/Eigen3/include/eigen3/Eigen/src/SparseCore/SparseSolverBase.h
[1.857s] -- Up-to-date: /home/bobo/ros2_ws/install/Eigen3/include/eigen3/Eigen/src/SparseCore/SparseMatrixBase.h
[1.857s] -- Up-to-date: /home/bobo/ros2_ws/install/Eigen3/include/eigen3/Eigen/src/SparseCore/SparseDiagonalProduct.h
[1.857s] -- Up-to-date: /home/bobo/ros2_ws/install/Eigen3/include/eigen3/Eigen/src/SparseCore/SparseColEtree.h
[1.857s] -- Up-to-date: /home/bobo/ros2_ws/install/Eigen3/include/eigen3/Eigen/src/SparseCore/SparseUtil.h
[1.858s] -- Up-to-date: /home/bobo/ros2_ws/install/Eigen3/include/eigen3/Eigen/src/SparseCore/AmbiVector.h
[1.858s] -- Up-to-date: /home/bobo/ros2_ws/install/Eigen3/include/eigen3/Eigen/src/SparseCore/MappedSparseMatrix.h
[1.858s] -- Up-to-date: /home/bobo/ros2_ws/install/Eigen3/include/eigen3/Eigen/src/SparseCore/CompressedStorage.h
[1.858s] -- Up-to-date: /home/bobo/ros2_ws/install/Eigen3/include/eigen3/Eigen/src/SparseCore/SparseProduct.h
[1.858s] -- Up-to-date: /home/bobo/ros2_ws/install/Eigen3/include/eigen3/Eigen/src/SparseCore/SparseTranspose.h
[1.858s] -- Up-to-date: /home/bobo/ros2_ws/install/Eigen3/include/eigen3/Eigen/src/SparseCore/SparseCompressedBase.h
[1.858s] -- Up-to-date: /home/bobo/ros2_ws/install/Eigen3/include/eigen3/Eigen/src/SparseCore/SparseMatrix.h
[1.858s] -- Up-to-date: /home/bobo/ros2_ws/install/Eigen3/include/eigen3/Eigen/src/SparseCore/SparseCwiseUnaryOp.h
[1.858s] -- Up-to-date: /home/bobo/ros2_ws/install/Eigen3/include/eigen3/Eigen/src/SparseCore/SparseRef.h
[1.858s] -- Up-to-date: /home/bobo/ros2_ws/install/Eigen3/include/eigen3/Eigen/src/SparseCore/SparseVector.h
[1.858s] -- Up-to-date: /home/bobo/ros2_ws/install/Eigen3/include/eigen3/Eigen/src/SparseCore/SparseSparseProductWithPruning.h
[1.859s] -- Up-to-date: /home/bobo/ros2_ws/install/Eigen3/include/eigen3/Eigen/src/SparseCore/SparseRedux.h
[1.859s] -- Up-to-date: /home/bobo/ros2_ws/install/Eigen3/include/eigen3/Eigen/src/SparseCore/SparseBlock.h
[1.859s] -- Up-to-date: /home/bobo/ros2_ws/install/Eigen3/include/eigen3/Eigen/src/SparseCore/TriangularSolver.h
[1.859s] -- Up-to-date: /home/bobo/ros2_ws/install/Eigen3/include/eigen3/Eigen/src/SparseCore/SparseAssign.h
[1.859s] -- Up-to-date: /home/bobo/ros2_ws/install/Eigen3/include/eigen3/Eigen/src/SparseCore/SparseTriangularView.h
[1.859s] -- Up-to-date: /home/bobo/ros2_ws/install/Eigen3/include/eigen3/Eigen/src/SparseCore/SparseSelfAdjointView.h
[1.859s] -- Up-to-date: /home/bobo/ros2_ws/install/Eigen3/include/eigen3/Eigen/src/SparseCore/SparseMap.h
[1.859s] -- Up-to-date: /home/bobo/ros2_ws/install/Eigen3/include/eigen3/Eigen/src/SparseCore/SparsePermutation.h
[1.859s] -- Up-to-date: /home/bobo/ros2_ws/install/Eigen3/include/eigen3/Eigen/src/SparseCore/SparseView.h
[1.860s] -- Up-to-date: /home/bobo/ros2_ws/install/Eigen3/include/eigen3/Eigen/src/SparseCore/SparseDot.h
[1.860s] -- Up-to-date: /home/bobo/ros2_ws/install/Eigen3/include/eigen3/Eigen/src/SparseCore/SparseFuzzy.h
[1.860s] -- Up-to-date: /home/bobo/ros2_ws/install/Eigen3/include/eigen3/Eigen/src/MetisSupport
[1.860s] -- Up-to-date: /home/bobo/ros2_ws/install/Eigen3/include/eigen3/Eigen/src/MetisSupport/MetisSupport.h
[1.860s] -- Up-to-date: /home/bobo/ros2_ws/install/Eigen3/include/eigen3/Eigen/src/Jacobi
[1.860s] -- Up-to-date: /home/bobo/ros2_ws/install/Eigen3/include/eigen3/Eigen/src/Jacobi/Jacobi.h
[1.860s] -- Up-to-date: /home/bobo/ros2_ws/install/Eigen3/include/eigen3/Eigen/src/SuperLUSupport
[1.860s] -- Up-to-date: /home/bobo/ros2_ws/install/Eigen3/include/eigen3/Eigen/src/SuperLUSupport/SuperLUSupport.h
[1.860s] -- Up-to-date: /home/bobo/ros2_ws/install/Eigen3/include/eigen3/Eigen/src/PaStiXSupport
[1.861s] -- Up-to-date: /home/bobo/ros2_ws/install/Eigen3/include/eigen3/Eigen/src/PaStiXSupport/PaStiXSupport.h
[1.861s] -- Up-to-date: /home/bobo/ros2_ws/install/Eigen3/include/eigen3/Eigen/src/SPQRSupport
[1.861s] -- Up-to-date: /home/bobo/ros2_ws/install/Eigen3/include/eigen3/Eigen/src/SPQRSupport/SuiteSparseQRSupport.h
[1.861s] -- Up-to-date: /home/bobo/ros2_ws/install/Eigen3/include/eigen3/Eigen/src/misc
[1.861s] -- Up-to-date: /home/bobo/ros2_ws/install/Eigen3/include/eigen3/Eigen/src/misc/lapacke_mangling.h
[1.861s] -- Up-to-date: /home/bobo/ros2_ws/install/Eigen3/include/eigen3/Eigen/src/misc/Image.h
[1.861s] -- Up-to-date: /home/bobo/ros2_ws/install/Eigen3/include/eigen3/Eigen/src/misc/lapack.h
[1.861s] -- Up-to-date: /home/bobo/ros2_ws/install/Eigen3/include/eigen3/Eigen/src/misc/blas.h
[1.861s] -- Up-to-date: /home/bobo/ros2_ws/install/Eigen3/include/eigen3/Eigen/src/misc/Kernel.h
[1.861s] -- Up-to-date: /home/bobo/ros2_ws/install/Eigen3/include/eigen3/Eigen/src/misc/lapacke.h
[1.861s] -- Up-to-date: /home/bobo/ros2_ws/install/Eigen3/include/eigen3/Eigen/src/misc/RealSvd2x2.h
[1.861s] -- Up-to-date: /home/bobo/ros2_ws/install/Eigen3/include/eigen3/Eigen/src/Core
[1.862s] -- Up-to-date: /home/bobo/ros2_ws/install/Eigen3/include/eigen3/Eigen/src/Core/StableNorm.h
[1.862s] -- Up-to-date: /home/bobo/ros2_ws/install/Eigen3/include/eigen3/Eigen/src/Core/Assign.h
[1.862s] -- Up-to-date: /home/bobo/ros2_ws/install/Eigen3/include/eigen3/Eigen/src/Core/NoAlias.h
[1.862s] -- Up-to-date: /home/bobo/ros2_ws/install/Eigen3/include/eigen3/Eigen/src/Core/StlIterators.h
[1.862s] -- Up-to-date: /home/bobo/ros2_ws/install/Eigen3/include/eigen3/Eigen/src/Core/ProductEvaluators.h
[1.862s] -- Up-to-date: /home/bobo/ros2_ws/install/Eigen3/include/eigen3/Eigen/src/Core/CoreIterators.h
[1.862s] -- Up-to-date: /home/bobo/ros2_ws/install/Eigen3/include/eigen3/Eigen/src/Core/ConditionEstimator.h
[1.862s] -- Up-to-date: /home/bobo/ros2_ws/install/Eigen3/include/eigen3/Eigen/src/Core/CwiseNullaryOp.h
[1.862s] -- Up-to-date: /home/bobo/ros2_ws/install/Eigen3/include/eigen3/Eigen/src/Core/TriangularMatrix.h
[1.862s] -- Up-to-date: /home/bobo/ros2_ws/install/Eigen3/include/eigen3/Eigen/src/Core/Visitor.h
[1.862s] -- Up-to-date: /home/bobo/ros2_ws/install/Eigen3/include/eigen3/Eigen/src/Core/VectorBlock.h
[1.862s] -- Up-to-date: /home/bobo/ros2_ws/install/Eigen3/include/eigen3/Eigen/src/Core/MathFunctions.h
[1.862s] -- Up-to-date: /home/bobo/ros2_ws/install/Eigen3/include/eigen3/Eigen/src/Core/Block.h
[1.862s] -- Up-to-date: /home/bobo/ros2_ws/install/Eigen3/include/eigen3/Eigen/src/Core/Fuzzy.h
[1.863s] -- Up-to-date: /home/bobo/ros2_ws/install/Eigen3/include/eigen3/Eigen/src/Core/AssignEvaluator.h
[1.863s] -- Up-to-date: /home/bobo/ros2_ws/install/Eigen3/include/eigen3/Eigen/src/Core/ArrayWrapper.h
[1.863s] -- Up-to-date: /home/bobo/ros2_ws/install/Eigen3/include/eigen3/Eigen/src/Core/MathFunctionsImpl.h
[1.863s] -- Up-to-date: /home/bobo/ros2_ws/install/Eigen3/include/eigen3/Eigen/src/Core/Matrix.h
[1.863s] -- Up-to-date: /home/bobo/ros2_ws/install/Eigen3/include/eigen3/Eigen/src/Core/Select.h
[1.863s] -- Up-to-date: /home/bobo/ros2_ws/install/Eigen3/include/eigen3/Eigen/src/Core/Replicate.h
[1.863s] -- Up-to-date: /home/bobo/ros2_ws/install/Eigen3/include/eigen3/Eigen/src/Core/NumTraits.h
[1.863s] -- Up-to-date: /home/bobo/ros2_ws/install/Eigen3/include/eigen3/Eigen/src/Core/CwiseUnaryOp.h
[1.863s] -- Up-to-date: /home/bobo/ros2_ws/install/Eigen3/include/eigen3/Eigen/src/Core/CoreEvaluators.h
[1.864s] -- Up-to-date: /home/bobo/ros2_ws/install/Eigen3/include/eigen3/Eigen/src/Core/products
[1.864s] -- Up-to-date: /home/bobo/ros2_ws/install/Eigen3/include/eigen3/Eigen/src/Core/products/GeneralMatrixVector.h
[1.864s] -- Up-to-date: /home/bobo/ros2_ws/install/Eigen3/include/eigen3/Eigen/src/Core/products/SelfadjointProduct.h
[1.864s] -- Up-to-date: /home/bobo/ros2_ws/install/Eigen3/include/eigen3/Eigen/src/Core/products/Parallelizer.h
[1.864s] -- Up-to-date: /home/bobo/ros2_ws/install/Eigen3/include/eigen3/Eigen/src/Core/products/TriangularSolverVector.h
[1.864s] -- Up-to-date: /home/bobo/ros2_ws/install/Eigen3/include/eigen3/Eigen/src/Core/products/GeneralMatrixMatrixTriangular.h
[1.864s] -- Up-to-date: /home/bobo/ros2_ws/install/Eigen3/include/eigen3/Eigen/src/Core/products/SelfadjointRank2Update.h
[1.864s] -- Up-to-date: /home/bobo/ros2_ws/install/Eigen3/include/eigen3/Eigen/src/Core/products/GeneralMatrixVector_BLAS.h
[1.864s] -- Up-to-date: /home/bobo/ros2_ws/install/Eigen3/include/eigen3/Eigen/src/Core/products/GeneralMatrixMatrix_BLAS.h
[1.864s] -- Up-to-date: /home/bobo/ros2_ws/install/Eigen3/include/eigen3/Eigen/src/Core/products/GeneralMatrixMatrix.h
[1.864s] -- Up-to-date: /home/bobo/ros2_ws/install/Eigen3/include/eigen3/Eigen/src/Core/products/SelfadjointMatrixMatrix_BLAS.h
[1.864s] -- Up-to-date: /home/bobo/ros2_ws/install/Eigen3/include/eigen3/Eigen/src/Core/products/GeneralBlockPanelKernel.h
[1.865s] -- Up-to-date: /home/bobo/ros2_ws/install/Eigen3/include/eigen3/Eigen/src/Core/products/TriangularMatrixVector_BLAS.h
[1.865s] -- Up-to-date: /home/bobo/ros2_ws/install/Eigen3/include/eigen3/Eigen/src/Core/products/TriangularMatrixMatrix.h
[1.865s] -- Up-to-date: /home/bobo/ros2_ws/install/Eigen3/include/eigen3/Eigen/src/Core/products/TriangularSolverMatrix.h
[1.865s] -- Up-to-date: /home/bobo/ros2_ws/install/Eigen3/include/eigen3/Eigen/src/Core/products/SelfadjointMatrixMatrix.h
[1.865s] -- Up-to-date: /home/bobo/ros2_ws/install/Eigen3/include/eigen3/Eigen/src/Core/products/TriangularSolverMatrix_BLAS.h
[1.865s] -- Up-to-date: /home/bobo/ros2_ws/install/Eigen3/include/eigen3/Eigen/src/Core/products/GeneralMatrixMatrixTriangular_BLAS.h
[1.865s] -- Up-to-date: /home/bobo/ros2_ws/install/Eigen3/include/eigen3/Eigen/src/Core/products/TriangularMatrixMatrix_BLAS.h
[1.865s] -- Up-to-date: /home/bobo/ros2_ws/install/Eigen3/include/eigen3/Eigen/src/Core/products/SelfadjointMatrixVector.h
[1.865s] -- Up-to-date: /home/bobo/ros2_ws/install/Eigen3/include/eigen3/Eigen/src/Core/products/SelfadjointMatrixVector_BLAS.h
[1.865s] -- Up-to-date: /home/bobo/ros2_ws/install/Eigen3/include/eigen3/Eigen/src/Core/products/TriangularMatrixVector.h
[1.865s] -- Up-to-date: /home/bobo/ros2_ws/install/Eigen3/include/eigen3/Eigen/src/Core/arch
[1.865s] -- Up-to-date: /home/bobo/ros2_ws/install/Eigen3/include/eigen3/Eigen/src/Core/arch/ZVector
[1.866s] -- Up-to-date: /home/bobo/ros2_ws/install/Eigen3/include/eigen3/Eigen/src/Core/arch/ZVector/MathFunctions.h
[1.866s] -- Up-to-date: /home/bobo/ros2_ws/install/Eigen3/include/eigen3/Eigen/src/Core/arch/ZVector/PacketMath.h
[1.866s] -- Up-to-date: /home/bobo/ros2_ws/install/Eigen3/include/eigen3/Eigen/src/Core/arch/ZVector/Complex.h
[1.867s] -- Up-to-date: /home/bobo/ros2_ws/install/Eigen3/include/eigen3/Eigen/src/Core/arch/AltiVec
[1.868s] -- Up-to-date: /home/bobo/ros2_ws/install/Eigen3/include/eigen3/Eigen/src/Core/arch/AltiVec/MatrixProductCommon.h
[1.868s] -- Up-to-date: /home/bobo/ros2_ws/install/Eigen3/include/eigen3/Eigen/src/Core/arch/AltiVec/MathFunctions.h
[1.868s] -- Up-to-date: /home/bobo/ros2_ws/install/Eigen3/include/eigen3/Eigen/src/Core/arch/AltiVec/MatrixProduct.h
[1.868s] -- Up-to-date: /home/bobo/ros2_ws/install/Eigen3/include/eigen3/Eigen/src/Core/arch/AltiVec/PacketMath.h
[1.868s] -- Up-to-date: /home/bobo/ros2_ws/install/Eigen3/include/eigen3/Eigen/src/Core/arch/AltiVec/MatrixProductMMA.h
[1.868s] -- Up-to-date: /home/bobo/ros2_ws/install/Eigen3/include/eigen3/Eigen/src/Core/arch/AltiVec/Complex.h
[1.869s] -- Up-to-date: /home/bobo/ros2_ws/install/Eigen3/include/eigen3/Eigen/src/Core/arch/NEON
[1.869s] -- Up-to-date: /home/bobo/ros2_ws/install/Eigen3/include/eigen3/Eigen/src/Core/arch/NEON/MathFunctions.h
[1.869s] -- Up-to-date: /home/bobo/ros2_ws/install/Eigen3/include/eigen3/Eigen/src/Core/arch/NEON/PacketMath.h
[1.870s] -- Up-to-date: /home/bobo/ros2_ws/install/Eigen3/include/eigen3/Eigen/src/Core/arch/NEON/GeneralBlockPanelKernel.h
[1.870s] -- Up-to-date: /home/bobo/ros2_ws/install/Eigen3/include/eigen3/Eigen/src/Core/arch/NEON/TypeCasting.h
[1.870s] -- Up-to-date: /home/bobo/ros2_ws/install/Eigen3/include/eigen3/Eigen/src/Core/arch/NEON/Complex.h
[1.871s] -- Up-to-date: /home/bobo/ros2_ws/install/Eigen3/include/eigen3/Eigen/src/Core/arch/HIP
[1.871s] -- Up-to-date: /home/bobo/ros2_ws/install/Eigen3/include/eigen3/Eigen/src/Core/arch/HIP/hcc
[1.871s] -- Up-to-date: /home/bobo/ros2_ws/install/Eigen3/include/eigen3/Eigen/src/Core/arch/HIP/hcc/math_constants.h
[1.871s] -- Up-to-date: /home/bobo/ros2_ws/install/Eigen3/include/eigen3/Eigen/src/Core/arch/MSA
[1.871s] -- Up-to-date: /home/bobo/ros2_ws/install/Eigen3/include/eigen3/Eigen/src/Core/arch/MSA/MathFunctions.h
[1.871s] -- Up-to-date: /home/bobo/ros2_ws/install/Eigen3/include/eigen3/Eigen/src/Core/arch/MSA/PacketMath.h
[1.871s] -- Up-to-date: /home/bobo/ros2_ws/install/Eigen3/include/eigen3/Eigen/src/Core/arch/MSA/Complex.h
[1.871s] -- Up-to-date: /home/bobo/ros2_ws/install/Eigen3/include/eigen3/Eigen/src/Core/arch/AVX512
[1.871s] -- Up-to-date: /home/bobo/ros2_ws/install/Eigen3/include/eigen3/Eigen/src/Core/arch/AVX512/MathFunctions.h
[1.871s] -- Up-to-date: /home/bobo/ros2_ws/install/Eigen3/include/eigen3/Eigen/src/Core/arch/AVX512/PacketMath.h
[1.871s] -- Up-to-date: /home/bobo/ros2_ws/install/Eigen3/include/eigen3/Eigen/src/Core/arch/AVX512/TypeCasting.h
[1.872s] -- Up-to-date: /home/bobo/ros2_ws/install/Eigen3/include/eigen3/Eigen/src/Core/arch/AVX512/Complex.h
[1.872s] -- Up-to-date: /home/bobo/ros2_ws/install/Eigen3/include/eigen3/Eigen/src/Core/arch/GPU
[1.872s] -- Up-to-date: /home/bobo/ros2_ws/install/Eigen3/include/eigen3/Eigen/src/Core/arch/GPU/MathFunctions.h
[1.872s] -- Up-to-date: /home/bobo/ros2_ws/install/Eigen3/include/eigen3/Eigen/src/Core/arch/GPU/PacketMath.h
[1.872s] -- Up-to-date: /home/bobo/ros2_ws/install/Eigen3/include/eigen3/Eigen/src/Core/arch/GPU/TypeCasting.h
[1.872s] -- Up-to-date: /home/bobo/ros2_ws/install/Eigen3/include/eigen3/Eigen/src/Core/arch/SYCL
[1.872s] -- Up-to-date: /home/bobo/ros2_ws/install/Eigen3/include/eigen3/Eigen/src/Core/arch/SYCL/SyclMemoryModel.h
[1.872s] -- Up-to-date: /home/bobo/ros2_ws/install/Eigen3/include/eigen3/Eigen/src/Core/arch/SYCL/MathFunctions.h
[1.873s] -- Up-to-date: /home/bobo/ros2_ws/install/Eigen3/include/eigen3/Eigen/src/Core/arch/SYCL/PacketMath.h
[1.873s] -- Up-to-date: /home/bobo/ros2_ws/install/Eigen3/include/eigen3/Eigen/src/Core/arch/SYCL/InteropHeaders.h
[1.873s] -- Up-to-date: /home/bobo/ros2_ws/install/Eigen3/include/eigen3/Eigen/src/Core/arch/SYCL/TypeCasting.h
[1.873s] -- Up-to-date: /home/bobo/ros2_ws/install/Eigen3/include/eigen3/Eigen/src/Core/arch/CUDA
[1.873s] -- Up-to-date: /home/bobo/ros2_ws/install/Eigen3/include/eigen3/Eigen/src/Core/arch/CUDA/Complex.h
[1.873s] -- Up-to-date: /home/bobo/ros2_ws/install/Eigen3/include/eigen3/Eigen/src/Core/arch/SSE
[1.873s] -- Up-to-date: /home/bobo/ros2_ws/install/Eigen3/include/eigen3/Eigen/src/Core/arch/SSE/MathFunctions.h
[1.873s] -- Up-to-date: /home/bobo/ros2_ws/install/Eigen3/include/eigen3/Eigen/src/Core/arch/SSE/PacketMath.h
[1.873s] -- Up-to-date: /home/bobo/ros2_ws/install/Eigen3/include/eigen3/Eigen/src/Core/arch/SSE/TypeCasting.h
[1.873s] -- Up-to-date: /home/bobo/ros2_ws/install/Eigen3/include/eigen3/Eigen/src/Core/arch/SSE/Complex.h
[1.873s] -- Up-to-date: /home/bobo/ros2_ws/install/Eigen3/include/eigen3/Eigen/src/Core/arch/AVX
[1.873s] -- Up-to-date: /home/bobo/ros2_ws/install/Eigen3/include/eigen3/Eigen/src/Core/arch/AVX/MathFunctions.h
[1.873s] -- Up-to-date: /home/bobo/ros2_ws/install/Eigen3/include/eigen3/Eigen/src/Core/arch/AVX/PacketMath.h
[1.874s] -- Up-to-date: /home/bobo/ros2_ws/install/Eigen3/include/eigen3/Eigen/src/Core/arch/AVX/TypeCasting.h
[1.874s] -- Up-to-date: /home/bobo/ros2_ws/install/Eigen3/include/eigen3/Eigen/src/Core/arch/AVX/Complex.h
[1.874s] -- Up-to-date: /home/bobo/ros2_ws/install/Eigen3/include/eigen3/Eigen/src/Core/arch/Default
[1.874s] -- Up-to-date: /home/bobo/ros2_ws/install/Eigen3/include/eigen3/Eigen/src/Core/arch/Default/BFloat16.h
[1.874s] -- Up-to-date: /home/bobo/ros2_ws/install/Eigen3/include/eigen3/Eigen/src/Core/arch/Default/Half.h
[1.874s] -- Up-to-date: /home/bobo/ros2_ws/install/Eigen3/include/eigen3/Eigen/src/Core/arch/Default/ConjHelper.h
[1.874s] -- Up-to-date: /home/bobo/ros2_ws/install/Eigen3/include/eigen3/Eigen/src/Core/arch/Default/GenericPacketMathFunctionsFwd.h
[1.874s] -- Up-to-date: /home/bobo/ros2_ws/install/Eigen3/include/eigen3/Eigen/src/Core/arch/Default/GenericPacketMathFunctions.h
[1.874s] -- Up-to-date: /home/bobo/ros2_ws/install/Eigen3/include/eigen3/Eigen/src/Core/arch/Default/TypeCasting.h
[1.875s] -- Up-to-date: /home/bobo/ros2_ws/install/Eigen3/include/eigen3/Eigen/src/Core/arch/Default/Settings.h
[1.875s] -- Up-to-date: /home/bobo/ros2_ws/install/Eigen3/include/eigen3/Eigen/src/Core/arch/SVE
[1.875s] -- Up-to-date: /home/bobo/ros2_ws/install/Eigen3/include/eigen3/Eigen/src/Core/arch/SVE/MathFunctions.h
[1.875s] -- Up-to-date: /home/bobo/ros2_ws/install/Eigen3/include/eigen3/Eigen/src/Core/arch/SVE/PacketMath.h
[1.875s] -- Up-to-date: /home/bobo/ros2_ws/install/Eigen3/include/eigen3/Eigen/src/Core/arch/SVE/TypeCasting.h
[1.877s] -- Up-to-date: /home/bobo/ros2_ws/install/Eigen3/include/eigen3/Eigen/src/Core/BooleanRedux.h
[1.877s] -- Up-to-date: /home/bobo/ros2_ws/install/Eigen3/include/eigen3/Eigen/src/Core/Dot.h
[1.877s] -- Up-to-date: /home/bobo/ros2_ws/install/Eigen3/include/eigen3/Eigen/src/Core/MatrixBase.h
[1.877s] -- Up-to-date: /home/bobo/ros2_ws/install/Eigen3/include/eigen3/Eigen/src/Core/ForceAlignedAccess.h
[1.877s] -- Up-to-date: /home/bobo/ros2_ws/install/Eigen3/include/eigen3/Eigen/src/Core/util
[1.878s] -- Up-to-date: /home/bobo/ros2_ws/install/Eigen3/include/eigen3/Eigen/src/Core/util/Meta.h
[1.878s] -- Up-to-date: /home/bobo/ros2_ws/install/Eigen3/include/eigen3/Eigen/src/Core/util/Constants.h
[1.878s] -- Up-to-date: /home/bobo/ros2_ws/install/Eigen3/include/eigen3/Eigen/src/Core/util/MKL_support.h
[1.878s] -- Up-to-date: /home/bobo/ros2_ws/install/Eigen3/include/eigen3/Eigen/src/Core/util/DisableStupidWarnings.h
[1.878s] -- Up-to-date: /home/bobo/ros2_ws/install/Eigen3/include/eigen3/Eigen/src/Core/util/ReshapedHelper.h
[1.878s] -- Up-to-date: /home/bobo/ros2_ws/install/Eigen3/include/eigen3/Eigen/src/Core/util/ConfigureVectorization.h
[1.878s] -- Up-to-date: /home/bobo/ros2_ws/install/Eigen3/include/eigen3/Eigen/src/Core/util/SymbolicIndex.h
[1.878s] -- Up-to-date: /home/bobo/ros2_ws/install/Eigen3/include/eigen3/Eigen/src/Core/util/IntegralConstant.h
[1.878s] -- Up-to-date: /home/bobo/ros2_ws/install/Eigen3/include/eigen3/Eigen/src/Core/util/NonMPL2.h
[1.878s] -- Up-to-date: /home/bobo/ros2_ws/install/Eigen3/include/eigen3/Eigen/src/Core/util/XprHelper.h
[1.878s] -- Up-to-date: /home/bobo/ros2_ws/install/Eigen3/include/eigen3/Eigen/src/Core/util/ReenableStupidWarnings.h
[1.879s] -- Up-to-date: /home/bobo/ros2_ws/install/Eigen3/include/eigen3/Eigen/src/Core/util/Macros.h
[1.879s] -- Up-to-date: /home/bobo/ros2_ws/install/Eigen3/include/eigen3/Eigen/src/Core/util/StaticAssert.h
[1.879s] -- Up-to-date: /home/bobo/ros2_ws/install/Eigen3/include/eigen3/Eigen/src/Core/util/Memory.h
[1.879s] -- Up-to-date: /home/bobo/ros2_ws/install/Eigen3/include/eigen3/Eigen/src/Core/util/IndexedViewHelper.h
[1.879s] -- Up-to-date: /home/bobo/ros2_ws/install/Eigen3/include/eigen3/Eigen/src/Core/util/ForwardDeclarations.h
[1.879s] -- Up-to-date: /home/bobo/ros2_ws/install/Eigen3/include/eigen3/Eigen/src/Core/util/BlasUtil.h
[1.879s] -- Up-to-date: /home/bobo/ros2_ws/install/Eigen3/include/eigen3/Eigen/src/Core/DenseCoeffsBase.h
[1.879s] -- Up-to-date: /home/bobo/ros2_ws/install/Eigen3/include/eigen3/Eigen/src/Core/Transpositions.h
[1.879s] -- Up-to-date: /home/bobo/ros2_ws/install/Eigen3/include/eigen3/Eigen/src/Core/Assign_MKL.h
[1.879s] -- Up-to-date: /home/bobo/ros2_ws/install/Eigen3/include/eigen3/Eigen/src/Core/CwiseTernaryOp.h
[1.879s] -- Up-to-date: /home/bobo/ros2_ws/install/Eigen3/include/eigen3/Eigen/src/Core/Stride.h
[1.879s] -- Up-to-date: /home/bobo/ros2_ws/install/Eigen3/include/eigen3/Eigen/src/Core/IndexedView.h
[1.879s] -- Up-to-date: /home/bobo/ros2_ws/install/Eigen3/include/eigen3/Eigen/src/Core/GlobalFunctions.h
[1.880s] -- Up-to-date: /home/bobo/ros2_ws/install/Eigen3/include/eigen3/Eigen/src/Core/Inverse.h
[1.880s] -- Up-to-date: /home/bobo/ros2_ws/install/Eigen3/include/eigen3/Eigen/src/Core/BandMatrix.h
[1.880s] -- Up-to-date: /home/bobo/ros2_ws/install/Eigen3/include/eigen3/Eigen/src/Core/Redux.h
[1.880s] -- Up-to-date: /home/bobo/ros2_ws/install/Eigen3/include/eigen3/Eigen/src/Core/VectorwiseOp.h
[1.880s] -- Up-to-date: /home/bobo/ros2_ws/install/Eigen3/include/eigen3/Eigen/src/Core/ArithmeticSequence.h
[1.880s] -- Up-to-date: /home/bobo/ros2_ws/install/Eigen3/include/eigen3/Eigen/src/Core/Ref.h
[1.880s] -- Up-to-date: /home/bobo/ros2_ws/install/Eigen3/include/eigen3/Eigen/src/Core/Diagonal.h
[1.880s] -- Up-to-date: /home/bobo/ros2_ws/install/Eigen3/include/eigen3/Eigen/src/Core/CwiseUnaryView.h
[1.880s] -- Up-to-date: /home/bobo/ros2_ws/install/Eigen3/include/eigen3/Eigen/src/Core/Array.h
[1.880s] -- Up-to-date: /home/bobo/ros2_ws/install/Eigen3/include/eigen3/Eigen/src/Core/IO.h
[1.880s] -- Up-to-date: /home/bobo/ros2_ws/install/Eigen3/include/eigen3/Eigen/src/Core/functors
[1.880s] -- Up-to-date: /home/bobo/ros2_ws/install/Eigen3/include/eigen3/Eigen/src/Core/functors/TernaryFunctors.h
[1.881s] -- Up-to-date: /home/bobo/ros2_ws/install/Eigen3/include/eigen3/Eigen/src/Core/functors/StlFunctors.h
[1.881s] -- Up-to-date: /home/bobo/ros2_ws/install/Eigen3/include/eigen3/Eigen/src/Core/functors/BinaryFunctors.h
[1.881s] -- Up-to-date: /home/bobo/ros2_ws/install/Eigen3/include/eigen3/Eigen/src/Core/functors/UnaryFunctors.h
[1.881s] -- Up-to-date: /home/bobo/ros2_ws/install/Eigen3/include/eigen3/Eigen/src/Core/functors/AssignmentFunctors.h
[1.881s] -- Up-to-date: /home/bobo/ros2_ws/install/Eigen3/include/eigen3/Eigen/src/Core/functors/NullaryFunctors.h
[1.881s] -- Up-to-date: /home/bobo/ros2_ws/install/Eigen3/include/eigen3/Eigen/src/Core/DiagonalMatrix.h
[1.881s] -- Up-to-date: /home/bobo/ros2_ws/install/Eigen3/include/eigen3/Eigen/src/Core/CommaInitializer.h
[1.881s] -- Up-to-date: /home/bobo/ros2_ws/install/Eigen3/include/eigen3/Eigen/src/Core/Random.h
[1.881s] -- Up-to-date: /home/bobo/ros2_ws/install/Eigen3/include/eigen3/Eigen/src/Core/SelfCwiseBinaryOp.h
[1.881s] -- Up-to-date: /home/bobo/ros2_ws/install/Eigen3/include/eigen3/Eigen/src/Core/GenericPacketMath.h
[1.882s] -- Up-to-date: /home/bobo/ros2_ws/install/Eigen3/include/eigen3/Eigen/src/Core/DenseBase.h
[1.882s] -- Up-to-date: /home/bobo/ros2_ws/install/Eigen3/include/eigen3/Eigen/src/Core/Product.h
[1.882s] -- Up-to-date: /home/bobo/ros2_ws/install/Eigen3/include/eigen3/Eigen/src/Core/Reshaped.h
[1.882s] -- Up-to-date: /home/bobo/ros2_ws/install/Eigen3/include/eigen3/Eigen/src/Core/Transpose.h
[1.882s] -- Up-to-date: /home/bobo/ros2_ws/install/Eigen3/include/eigen3/Eigen/src/Core/PlainObjectBase.h
[1.882s] -- Up-to-date: /home/bobo/ros2_ws/install/Eigen3/include/eigen3/Eigen/src/Core/PartialReduxEvaluator.h
[1.882s] -- Up-to-date: /home/bobo/ros2_ws/install/Eigen3/include/eigen3/Eigen/src/Core/Reverse.h
[1.882s] -- Up-to-date: /home/bobo/ros2_ws/install/Eigen3/include/eigen3/Eigen/src/Core/EigenBase.h
[1.883s] -- Up-to-date: /home/bobo/ros2_ws/install/Eigen3/include/eigen3/Eigen/src/Core/NestByValue.h
[1.883s] -- Up-to-date: /home/bobo/ros2_ws/install/Eigen3/include/eigen3/Eigen/src/Core/MapBase.h
[1.883s] -- Up-to-date: /home/bobo/ros2_ws/install/Eigen3/include/eigen3/Eigen/src/Core/Map.h
[1.883s] -- Up-to-date: /home/bobo/ros2_ws/install/Eigen3/include/eigen3/Eigen/src/Core/SolveTriangular.h
[1.883s] -- Up-to-date: /home/bobo/ros2_ws/install/Eigen3/include/eigen3/Eigen/src/Core/Solve.h
[1.883s] -- Up-to-date: /home/bobo/ros2_ws/install/Eigen3/include/eigen3/Eigen/src/Core/Swap.h
[1.883s] -- Up-to-date: /home/bobo/ros2_ws/install/Eigen3/include/eigen3/Eigen/src/Core/ArrayBase.h
[1.883s] -- Up-to-date: /home/bobo/ros2_ws/install/Eigen3/include/eigen3/Eigen/src/Core/SolverBase.h
[1.883s] -- Up-to-date: /home/bobo/ros2_ws/install/Eigen3/include/eigen3/Eigen/src/Core/CwiseBinaryOp.h
[1.883s] -- Up-to-date: /home/bobo/ros2_ws/install/Eigen3/include/eigen3/Eigen/src/Core/DenseStorage.h
[1.883s] -- Up-to-date: /home/bobo/ros2_ws/install/Eigen3/include/eigen3/Eigen/src/Core/PermutationMatrix.h
[1.883s] -- Up-to-date: /home/bobo/ros2_ws/install/Eigen3/include/eigen3/Eigen/src/Core/GeneralProduct.h
[1.883s] -- Up-to-date: /home/bobo/ros2_ws/install/Eigen3/include/eigen3/Eigen/src/Core/DiagonalProduct.h
[1.883s] -- Up-to-date: /home/bobo/ros2_ws/install/Eigen3/include/eigen3/Eigen/src/Core/ReturnByValue.h
[1.884s] -- Up-to-date: /home/bobo/ros2_ws/install/Eigen3/include/eigen3/Eigen/src/Core/SelfAdjointView.h
[1.884s] -- Up-to-date: /home/bobo/ros2_ws/install/Eigen3/include/eigen3/Eigen/src/Eigenvalues
[1.884s] -- Up-to-date: /home/bobo/ros2_ws/install/Eigen3/include/eigen3/Eigen/src/Eigenvalues/EigenSolver.h
[1.884s] -- Up-to-date: /home/bobo/ros2_ws/install/Eigen3/include/eigen3/Eigen/src/Eigenvalues/HessenbergDecomposition.h
[1.884s] -- Up-to-date: /home/bobo/ros2_ws/install/Eigen3/include/eigen3/Eigen/src/Eigenvalues/RealSchur.h
[1.884s] -- Up-to-date: /home/bobo/ros2_ws/install/Eigen3/include/eigen3/Eigen/src/Eigenvalues/GeneralizedEigenSolver.h
[1.884s] -- Up-to-date: /home/bobo/ros2_ws/install/Eigen3/include/eigen3/Eigen/src/Eigenvalues/ComplexSchur_LAPACKE.h
[1.884s] -- Up-to-date: /home/bobo/ros2_ws/install/Eigen3/include/eigen3/Eigen/src/Eigenvalues/GeneralizedSelfAdjointEigenSolver.h
[1.884s] -- Up-to-date: /home/bobo/ros2_ws/install/Eigen3/include/eigen3/Eigen/src/Eigenvalues/SelfAdjointEigenSolver_LAPACKE.h
[1.884s] -- Up-to-date: /home/bobo/ros2_ws/install/Eigen3/include/eigen3/Eigen/src/Eigenvalues/ComplexEigenSolver.h
[1.884s] -- Up-to-date: /home/bobo/ros2_ws/install/Eigen3/include/eigen3/Eigen/src/Eigenvalues/RealSchur_LAPACKE.h
[1.884s] -- Up-to-date: /home/bobo/ros2_ws/install/Eigen3/include/eigen3/Eigen/src/Eigenvalues/SelfAdjointEigenSolver.h
[1.884s] -- Up-to-date: /home/bobo/ros2_ws/install/Eigen3/include/eigen3/Eigen/src/Eigenvalues/MatrixBaseEigenvalues.h
[1.884s] -- Up-to-date: /home/bobo/ros2_ws/install/Eigen3/include/eigen3/Eigen/src/Eigenvalues/RealQZ.h
[1.884s] -- Up-to-date: /home/bobo/ros2_ws/install/Eigen3/include/eigen3/Eigen/src/Eigenvalues/Tridiagonalization.h
[1.885s] -- Up-to-date: /home/bobo/ros2_ws/install/Eigen3/include/eigen3/Eigen/src/Eigenvalues/ComplexSchur.h
[1.885s] -- Up-to-date: /home/bobo/ros2_ws/install/Eigen3/include/eigen3/Eigen/src/LU
[1.885s] -- Up-to-date: /home/bobo/ros2_ws/install/Eigen3/include/eigen3/Eigen/src/LU/FullPivLU.h
[1.885s] -- Up-to-date: /home/bobo/ros2_ws/install/Eigen3/include/eigen3/Eigen/src/LU/PartialPivLU_LAPACKE.h
[1.885s] -- Up-to-date: /home/bobo/ros2_ws/install/Eigen3/include/eigen3/Eigen/src/LU/arch
[1.885s] -- Up-to-date: /home/bobo/ros2_ws/install/Eigen3/include/eigen3/Eigen/src/LU/arch/InverseSize4.h
[1.885s] -- Up-to-date: /home/bobo/ros2_ws/install/Eigen3/include/eigen3/Eigen/src/LU/PartialPivLU.h
[1.885s] -- Up-to-date: /home/bobo/ros2_ws/install/Eigen3/include/eigen3/Eigen/src/LU/InverseImpl.h
[1.885s] -- Up-to-date: /home/bobo/ros2_ws/install/Eigen3/include/eigen3/Eigen/src/LU/Determinant.h
[1.885s] -- Up-to-date: /home/bobo/ros2_ws/install/Eigen3/include/eigen3/Eigen/src/SparseQR
[1.885s] -- Up-to-date: /home/bobo/ros2_ws/install/Eigen3/include/eigen3/Eigen/src/SparseQR/SparseQR.h
[1.885s] -- Up-to-date: /home/bobo/ros2_ws/install/Eigen3/include/eigen3/Eigen/src/KLUSupport
[1.885s] -- Up-to-date: /home/bobo/ros2_ws/install/Eigen3/include/eigen3/Eigen/src/KLUSupport/KLUSupport.h
[1.885s] -- Up-to-date: /home/bobo/ros2_ws/install/Eigen3/include/eigen3/Eigen/src/IterativeLinearSolvers
[1.885s] -- Up-to-date: /home/bobo/ros2_ws/install/Eigen3/include/eigen3/Eigen/src/IterativeLinearSolvers/SolveWithGuess.h
[1.885s] -- Up-to-date: /home/bobo/ros2_ws/install/Eigen3/include/eigen3/Eigen/src/IterativeLinearSolvers/BasicPreconditioners.h
[1.885s] -- Up-to-date: /home/bobo/ros2_ws/install/Eigen3/include/eigen3/Eigen/src/IterativeLinearSolvers/BiCGSTAB.h
[1.886s] -- Up-to-date: /home/bobo/ros2_ws/install/Eigen3/include/eigen3/Eigen/src/IterativeLinearSolvers/IncompleteLUT.h
[1.886s] -- Up-to-date: /home/bobo/ros2_ws/install/Eigen3/include/eigen3/Eigen/src/IterativeLinearSolvers/IterativeSolverBase.h
[1.886s] -- Up-to-date: /home/bobo/ros2_ws/install/Eigen3/include/eigen3/Eigen/src/IterativeLinearSolvers/IncompleteCholesky.h
[1.886s] -- Up-to-date: /home/bobo/ros2_ws/install/Eigen3/include/eigen3/Eigen/src/IterativeLinearSolvers/ConjugateGradient.h
[1.886s] -- Up-to-date: /home/bobo/ros2_ws/install/Eigen3/include/eigen3/Eigen/src/IterativeLinearSolvers/LeastSquareConjugateGradient.h
[1.886s] -- Up-to-date: /home/bobo/ros2_ws/install/Eigen3/include/eigen3/Eigen/SparseLU
[1.886s] -- Up-to-date: /home/bobo/ros2_ws/install/Eigen3/include/eigen3/Eigen/PardisoSupport
[1.886s] -- Up-to-date: /home/bobo/ros2_ws/install/Eigen3/include/eigen3/Eigen/UmfPackSupport
[1.886s] -- Up-to-date: /home/bobo/ros2_ws/install/Eigen3/include/eigen3/Eigen/CholmodSupport
[1.886s] -- Up-to-date: /home/bobo/ros2_ws/install/Eigen3/include/eigen3/Eigen/QtAlignedMalloc
[1.886s] -- Up-to-date: /home/bobo/ros2_ws/install/Eigen3/include/eigen3/Eigen/SparseCholesky
[1.886s] -- Up-to-date: /home/bobo/ros2_ws/install/Eigen3/include/eigen3/Eigen/Geometry
[1.886s] -- Up-to-date: /home/bobo/ros2_ws/install/Eigen3/include/eigen3/Eigen/Cholesky
[1.886s] -- Up-to-date: /home/bobo/ros2_ws/install/Eigen3/include/eigen3/Eigen/OrderingMethods
[1.886s] -- Up-to-date: /home/bobo/ros2_ws/install/Eigen3/include/eigen3/Eigen/StdList
[1.886s] -- Up-to-date: /home/bobo/ros2_ws/install/Eigen3/include/eigen3/Eigen/SVD
[1.886s] -- Up-to-date: /home/bobo/ros2_ws/install/Eigen3/include/eigen3/Eigen/StdVector
[1.886s] -- Up-to-date: /home/bobo/ros2_ws/install/Eigen3/include/eigen3/Eigen/QR
[1.887s] -- Up-to-date: /home/bobo/ros2_ws/install/Eigen3/include/eigen3/Eigen/Householder
[1.887s] -- Up-to-date: /home/bobo/ros2_ws/install/Eigen3/include/eigen3/Eigen/Dense
[1.887s] -- Up-to-date: /home/bobo/ros2_ws/install/Eigen3/include/eigen3/Eigen/SparseCore
[1.887s] -- Up-to-date: /home/bobo/ros2_ws/install/Eigen3/include/eigen3/Eigen/MetisSupport
[1.887s] -- Up-to-date: /home/bobo/ros2_ws/install/Eigen3/include/eigen3/Eigen/StdDeque
[1.887s] -- Up-to-date: /home/bobo/ros2_ws/install/Eigen3/include/eigen3/Eigen/Jacobi
[1.887s] -- Up-to-date: /home/bobo/ros2_ws/install/Eigen3/include/eigen3/Eigen/SuperLUSupport
[1.887s] -- Up-to-date: /home/bobo/ros2_ws/install/Eigen3/include/eigen3/Eigen/Sparse
[1.887s] -- Up-to-date: /home/bobo/ros2_ws/install/Eigen3/include/eigen3/Eigen/PaStiXSupport
[1.887s] -- Up-to-date: /home/bobo/ros2_ws/install/Eigen3/include/eigen3/Eigen/SPQRSupport
[1.887s] -- Up-to-date: /home/bobo/ros2_ws/install/Eigen3/include/eigen3/Eigen/Core
[1.887s] -- Up-to-date: /home/bobo/ros2_ws/install/Eigen3/include/eigen3/Eigen/Eigenvalues
[1.887s] -- Up-to-date: /home/bobo/ros2_ws/install/Eigen3/include/eigen3/Eigen/LU
[1.887s] -- Up-to-date: /home/bobo/ros2_ws/install/Eigen3/include/eigen3/Eigen/SparseQR
[1.887s] -- Up-to-date: /home/bobo/ros2_ws/install/Eigen3/include/eigen3/Eigen/KLUSupport
[1.887s] -- Up-to-date: /home/bobo/ros2_ws/install/Eigen3/include/eigen3/Eigen/IterativeLinearSolvers
[1.887s] -- Up-to-date: /home/bobo/ros2_ws/install/Eigen3/include/eigen3/Eigen/Eigen
[1.888s] -- Up-to-date: /home/bobo/ros2_ws/install/Eigen3/share/eigen3/cmake/Eigen3Targets.cmake
[1.888s] -- Up-to-date: /home/bobo/ros2_ws/install/Eigen3/share/eigen3/cmake/UseEigen3.cmake
[1.888s] -- Up-to-date: /home/bobo/ros2_ws/install/Eigen3/share/eigen3/cmake/Eigen3Config.cmake
[1.888s] -- Up-to-date: /home/bobo/ros2_ws/install/Eigen3/share/eigen3/cmake/Eigen3ConfigVersion.cmake
[1.888s] -- Up-to-date: /home/bobo/ros2_ws/install/Eigen3/include/eigen3/unsupported/Eigen/AdolcForward
[1.888s] -- Up-to-date: /home/bobo/ros2_ws/install/Eigen3/include/eigen3/unsupported/Eigen/AlignedVector3
[1.888s] -- Up-to-date: /home/bobo/ros2_ws/install/Eigen3/include/eigen3/unsupported/Eigen/ArpackSupport
[1.888s] -- Up-to-date: /home/bobo/ros2_ws/install/Eigen3/include/eigen3/unsupported/Eigen/AutoDiff
[1.888s] -- Up-to-date: /home/bobo/ros2_ws/install/Eigen3/include/eigen3/unsupported/Eigen/BVH
[1.888s] -- Up-to-date: /home/bobo/ros2_ws/install/Eigen3/include/eigen3/unsupported/Eigen/EulerAngles
[1.888s] -- Up-to-date: /home/bobo/ros2_ws/install/Eigen3/include/eigen3/unsupported/Eigen/FFT
[1.888s] -- Up-to-date: /home/bobo/ros2_ws/install/Eigen3/include/eigen3/unsupported/Eigen/IterativeSolvers
[1.888s] -- Up-to-date: /home/bobo/ros2_ws/install/Eigen3/include/eigen3/unsupported/Eigen/KroneckerProduct
[1.888s] -- Up-to-date: /home/bobo/ros2_ws/install/Eigen3/include/eigen3/unsupported/Eigen/LevenbergMarquardt
[1.888s] -- Up-to-date: /home/bobo/ros2_ws/install/Eigen3/include/eigen3/unsupported/Eigen/MatrixFunctions
[1.888s] -- Up-to-date: /home/bobo/ros2_ws/install/Eigen3/include/eigen3/unsupported/Eigen/MoreVectorization
[1.888s] -- Up-to-date: /home/bobo/ros2_ws/install/Eigen3/include/eigen3/unsupported/Eigen/MPRealSupport
[1.888s] -- Up-to-date: /home/bobo/ros2_ws/install/Eigen3/include/eigen3/unsupported/Eigen/NonLinearOptimization
[1.889s] -- Up-to-date: /home/bobo/ros2_ws/install/Eigen3/include/eigen3/unsupported/Eigen/NumericalDiff
[1.889s] -- Up-to-date: /home/bobo/ros2_ws/install/Eigen3/include/eigen3/unsupported/Eigen/OpenGLSupport
[1.889s] -- Up-to-date: /home/bobo/ros2_ws/install/Eigen3/include/eigen3/unsupported/Eigen/Polynomials
[1.889s] -- Up-to-date: /home/bobo/ros2_ws/install/Eigen3/include/eigen3/unsupported/Eigen/Skyline
[1.889s] -- Up-to-date: /home/bobo/ros2_ws/install/Eigen3/include/eigen3/unsupported/Eigen/SparseExtra
[1.889s] -- Up-to-date: /home/bobo/ros2_ws/install/Eigen3/include/eigen3/unsupported/Eigen/SpecialFunctions
[1.889s] -- Up-to-date: /home/bobo/ros2_ws/install/Eigen3/include/eigen3/unsupported/Eigen/Splines
[1.889s] -- Up-to-date: /home/bobo/ros2_ws/install/Eigen3/include/eigen3/unsupported/Eigen/src
[1.889s] -- Up-to-date: /home/bobo/ros2_ws/install/Eigen3/include/eigen3/unsupported/Eigen/src/AutoDiff
[1.889s] -- Up-to-date: /home/bobo/ros2_ws/install/Eigen3/include/eigen3/unsupported/Eigen/src/AutoDiff/AutoDiffJacobian.h
[1.889s] -- Up-to-date: /home/bobo/ros2_ws/install/Eigen3/include/eigen3/unsupported/Eigen/src/AutoDiff/AutoDiffScalar.h
[1.889s] -- Up-to-date: /home/bobo/ros2_ws/install/Eigen3/include/eigen3/unsupported/Eigen/src/AutoDiff/AutoDiffVector.h
[1.889s] -- Up-to-date: /home/bobo/ros2_ws/install/Eigen3/include/eigen3/unsupported/Eigen/src/FFT
[1.889s] -- Up-to-date: /home/bobo/ros2_ws/install/Eigen3/include/eigen3/unsupported/Eigen/src/FFT/ei_fftw_impl.h
[1.889s] -- Up-to-date: /home/bobo/ros2_ws/install/Eigen3/include/eigen3/unsupported/Eigen/src/FFT/ei_kissfft_impl.h
[1.889s] -- Up-to-date: /home/bobo/ros2_ws/install/Eigen3/include/eigen3/unsupported/Eigen/src/SparseExtra
[1.889s] -- Up-to-date: /home/bobo/ros2_ws/install/Eigen3/include/eigen3/unsupported/Eigen/src/SparseExtra/MatrixMarketIterator.h
[1.890s] -- Up-to-date: /home/bobo/ros2_ws/install/Eigen3/include/eigen3/unsupported/Eigen/src/SparseExtra/BlockSparseMatrix.h
[1.890s] -- Up-to-date: /home/bobo/ros2_ws/install/Eigen3/include/eigen3/unsupported/Eigen/src/SparseExtra/MarketIO.h
[1.890s] -- Up-to-date: /home/bobo/ros2_ws/install/Eigen3/include/eigen3/unsupported/Eigen/src/SparseExtra/BlockOfDynamicSparseMatrix.h
[1.890s] -- Up-to-date: /home/bobo/ros2_ws/install/Eigen3/include/eigen3/unsupported/Eigen/src/SparseExtra/DynamicSparseMatrix.h
[1.890s] -- Up-to-date: /home/bobo/ros2_ws/install/Eigen3/include/eigen3/unsupported/Eigen/src/SparseExtra/RandomSetter.h
[1.890s] -- Up-to-date: /home/bobo/ros2_ws/install/Eigen3/include/eigen3/unsupported/Eigen/src/Skyline
[1.890s] -- Up-to-date: /home/bobo/ros2_ws/install/Eigen3/include/eigen3/unsupported/Eigen/src/Skyline/SkylineMatrixBase.h
[1.890s] -- Up-to-date: /home/bobo/ros2_ws/install/Eigen3/include/eigen3/unsupported/Eigen/src/Skyline/SkylineStorage.h
[1.890s] -- Up-to-date: /home/bobo/ros2_ws/install/Eigen3/include/eigen3/unsupported/Eigen/src/Skyline/SkylineProduct.h
[1.890s] -- Up-to-date: /home/bobo/ros2_ws/install/Eigen3/include/eigen3/unsupported/Eigen/src/Skyline/SkylineInplaceLU.h
[1.890s] -- Up-to-date: /home/bobo/ros2_ws/install/Eigen3/include/eigen3/unsupported/Eigen/src/Skyline/SkylineMatrix.h
[1.890s] -- Up-to-date: /home/bobo/ros2_ws/install/Eigen3/include/eigen3/unsupported/Eigen/src/Skyline/SkylineUtil.h
[1.890s] -- Up-to-date: /home/bobo/ros2_ws/install/Eigen3/include/eigen3/unsupported/Eigen/src/SpecialFunctions
[1.890s] -- Up-to-date: /home/bobo/ros2_ws/install/Eigen3/include/eigen3/unsupported/Eigen/src/SpecialFunctions/HipVectorCompatibility.h
[1.890s] -- Up-to-date: /home/bobo/ros2_ws/install/Eigen3/include/eigen3/unsupported/Eigen/src/SpecialFunctions/SpecialFunctionsFunctors.h
[1.890s] -- Up-to-date: /home/bobo/ros2_ws/install/Eigen3/include/eigen3/unsupported/Eigen/src/SpecialFunctions/BesselFunctionsFunctors.h
[1.890s] -- Up-to-date: /home/bobo/ros2_ws/install/Eigen3/include/eigen3/unsupported/Eigen/src/SpecialFunctions/BesselFunctionsArrayAPI.h
[1.890s] -- Up-to-date: /home/bobo/ros2_ws/install/Eigen3/include/eigen3/unsupported/Eigen/src/SpecialFunctions/BesselFunctionsPacketMath.h
[1.890s] -- Up-to-date: /home/bobo/ros2_ws/install/Eigen3/include/eigen3/unsupported/Eigen/src/SpecialFunctions/SpecialFunctionsImpl.h
[1.891s] -- Up-to-date: /home/bobo/ros2_ws/install/Eigen3/include/eigen3/unsupported/Eigen/src/SpecialFunctions/arch
[1.891s] -- Up-to-date: /home/bobo/ros2_ws/install/Eigen3/include/eigen3/unsupported/Eigen/src/SpecialFunctions/arch/NEON
[1.891s] -- Up-to-date: /home/bobo/ros2_ws/install/Eigen3/include/eigen3/unsupported/Eigen/src/SpecialFunctions/arch/NEON/BesselFunctions.h
[1.891s] -- Up-to-date: /home/bobo/ros2_ws/install/Eigen3/include/eigen3/unsupported/Eigen/src/SpecialFunctions/arch/NEON/SpecialFunctions.h
[1.891s] -- Up-to-date: /home/bobo/ros2_ws/install/Eigen3/include/eigen3/unsupported/Eigen/src/SpecialFunctions/arch/AVX512
[1.891s] -- Up-to-date: /home/bobo/ros2_ws/install/Eigen3/include/eigen3/unsupported/Eigen/src/SpecialFunctions/arch/AVX512/BesselFunctions.h
[1.891s] -- Up-to-date: /home/bobo/ros2_ws/install/Eigen3/include/eigen3/unsupported/Eigen/src/SpecialFunctions/arch/AVX512/SpecialFunctions.h
[1.891s] -- Up-to-date: /home/bobo/ros2_ws/install/Eigen3/include/eigen3/unsupported/Eigen/src/SpecialFunctions/arch/GPU
[1.891s] -- Up-to-date: /home/bobo/ros2_ws/install/Eigen3/include/eigen3/unsupported/Eigen/src/SpecialFunctions/arch/GPU/SpecialFunctions.h
[1.891s] -- Up-to-date: /home/bobo/ros2_ws/install/Eigen3/include/eigen3/unsupported/Eigen/src/SpecialFunctions/arch/AVX
[1.891s] -- Up-to-date: /home/bobo/ros2_ws/install/Eigen3/include/eigen3/unsupported/Eigen/src/SpecialFunctions/arch/AVX/BesselFunctions.h
[1.891s] -- Up-to-date: /home/bobo/ros2_ws/install/Eigen3/include/eigen3/unsupported/Eigen/src/SpecialFunctions/arch/AVX/SpecialFunctions.h
[1.891s] -- Up-to-date: /home/bobo/ros2_ws/install/Eigen3/include/eigen3/unsupported/Eigen/src/SpecialFunctions/BesselFunctionsImpl.h
[1.891s] -- Up-to-date: /home/bobo/ros2_ws/install/Eigen3/include/eigen3/unsupported/Eigen/src/SpecialFunctions/SpecialFunctionsPacketMath.h
[1.891s] -- Up-to-date: /home/bobo/ros2_ws/install/Eigen3/include/eigen3/unsupported/Eigen/src/SpecialFunctions/BesselFunctionsBFloat16.h
[1.891s] -- Up-to-date: /home/bobo/ros2_ws/install/Eigen3/include/eigen3/unsupported/Eigen/src/SpecialFunctions/SpecialFunctionsHalf.h
[1.891s] -- Up-to-date: /home/bobo/ros2_ws/install/Eigen3/include/eigen3/unsupported/Eigen/src/SpecialFunctions/BesselFunctionsHalf.h
[1.892s] -- Up-to-date: /home/bobo/ros2_ws/install/Eigen3/include/eigen3/unsupported/Eigen/src/SpecialFunctions/SpecialFunctionsArrayAPI.h
[1.892s] -- Up-to-date: /home/bobo/ros2_ws/install/Eigen3/include/eigen3/unsupported/Eigen/src/SpecialFunctions/SpecialFunctionsBFloat16.h
[1.892s] -- Up-to-date: /home/bobo/ros2_ws/install/Eigen3/include/eigen3/unsupported/Eigen/src/IterativeSolvers
[1.892s] -- Up-to-date: /home/bobo/ros2_ws/install/Eigen3/include/eigen3/unsupported/Eigen/src/IterativeSolvers/IterationController.h
[1.892s] -- Up-to-date: /home/bobo/ros2_ws/install/Eigen3/include/eigen3/unsupported/Eigen/src/IterativeSolvers/DGMRES.h
[1.892s] -- Up-to-date: /home/bobo/ros2_ws/install/Eigen3/include/eigen3/unsupported/Eigen/src/IterativeSolvers/IncompleteLU.h
[1.892s] -- Up-to-date: /home/bobo/ros2_ws/install/Eigen3/include/eigen3/unsupported/Eigen/src/IterativeSolvers/Scaling.h
[1.892s] -- Up-to-date: /home/bobo/ros2_ws/install/Eigen3/include/eigen3/unsupported/Eigen/src/IterativeSolvers/IDRS.h
[1.892s] -- Up-to-date: /home/bobo/ros2_ws/install/Eigen3/include/eigen3/unsupported/Eigen/src/IterativeSolvers/GMRES.h
[1.892s] -- Up-to-date: /home/bobo/ros2_ws/install/Eigen3/include/eigen3/unsupported/Eigen/src/IterativeSolvers/ConstrainedConjGrad.h
[1.892s] -- Up-to-date: /home/bobo/ros2_ws/install/Eigen3/include/eigen3/unsupported/Eigen/src/IterativeSolvers/MINRES.h
[1.892s] -- Up-to-date: /home/bobo/ros2_ws/install/Eigen3/include/eigen3/unsupported/Eigen/src/NonLinearOptimization
[1.892s] -- Up-to-date: /home/bobo/ros2_ws/install/Eigen3/include/eigen3/unsupported/Eigen/src/NonLinearOptimization/rwupdt.h
[1.892s] -- Up-to-date: /home/bobo/ros2_ws/install/Eigen3/include/eigen3/unsupported/Eigen/src/NonLinearOptimization/chkder.h
[1.892s] -- Up-to-date: /home/bobo/ros2_ws/install/Eigen3/include/eigen3/unsupported/Eigen/src/NonLinearOptimization/dogleg.h
[1.892s] -- Up-to-date: /home/bobo/ros2_ws/install/Eigen3/include/eigen3/unsupported/Eigen/src/NonLinearOptimization/r1updt.h
[1.892s] -- Up-to-date: /home/bobo/ros2_ws/install/Eigen3/include/eigen3/unsupported/Eigen/src/NonLinearOptimization/HybridNonLinearSolver.h
[1.893s] -- Up-to-date: /home/bobo/ros2_ws/install/Eigen3/include/eigen3/unsupported/Eigen/src/NonLinearOptimization/r1mpyq.h
[1.893s] -- Up-to-date: /home/bobo/ros2_ws/install/Eigen3/include/eigen3/unsupported/Eigen/src/NonLinearOptimization/qrsolv.h
[1.893s] -- Up-to-date: /home/bobo/ros2_ws/install/Eigen3/include/eigen3/unsupported/Eigen/src/NonLinearOptimization/lmpar.h
[1.893s] -- Up-to-date: /home/bobo/ros2_ws/install/Eigen3/include/eigen3/unsupported/Eigen/src/NonLinearOptimization/covar.h
[1.893s] -- Up-to-date: /home/bobo/ros2_ws/install/Eigen3/include/eigen3/unsupported/Eigen/src/NonLinearOptimization/LevenbergMarquardt.h
[1.893s] -- Up-to-date: /home/bobo/ros2_ws/install/Eigen3/include/eigen3/unsupported/Eigen/src/NonLinearOptimization/fdjac1.h
[1.893s] -- Up-to-date: /home/bobo/ros2_ws/install/Eigen3/include/eigen3/unsupported/Eigen/src/LevenbergMarquardt
[1.893s] -- Up-to-date: /home/bobo/ros2_ws/install/Eigen3/include/eigen3/unsupported/Eigen/src/LevenbergMarquardt/LMonestep.h
[1.893s] -- Up-to-date: /home/bobo/ros2_ws/install/Eigen3/include/eigen3/unsupported/Eigen/src/LevenbergMarquardt/LMpar.h
[1.893s] -- Up-to-date: /home/bobo/ros2_ws/install/Eigen3/include/eigen3/unsupported/Eigen/src/LevenbergMarquardt/LMqrsolv.h
[1.893s] -- Up-to-date: /home/bobo/ros2_ws/install/Eigen3/include/eigen3/unsupported/Eigen/src/LevenbergMarquardt/LMcovar.h
[1.893s] -- Up-to-date: /home/bobo/ros2_ws/install/Eigen3/include/eigen3/unsupported/Eigen/src/LevenbergMarquardt/LevenbergMarquardt.h
[1.893s] -- Up-to-date: /home/bobo/ros2_ws/install/Eigen3/include/eigen3/unsupported/Eigen/src/MatrixFunctions
[1.893s] -- Up-to-date: /home/bobo/ros2_ws/install/Eigen3/include/eigen3/unsupported/Eigen/src/MatrixFunctions/MatrixPower.h
[1.893s] -- Up-to-date: /home/bobo/ros2_ws/install/Eigen3/include/eigen3/unsupported/Eigen/src/MatrixFunctions/MatrixFunction.h
[1.893s] -- Up-to-date: /home/bobo/ros2_ws/install/Eigen3/include/eigen3/unsupported/Eigen/src/MatrixFunctions/MatrixLogarithm.h
[1.893s] -- Up-to-date: /home/bobo/ros2_ws/install/Eigen3/include/eigen3/unsupported/Eigen/src/MatrixFunctions/MatrixExponential.h
[1.893s] -- Up-to-date: /home/bobo/ros2_ws/install/Eigen3/include/eigen3/unsupported/Eigen/src/MatrixFunctions/MatrixSquareRoot.h
[1.894s] -- Up-to-date: /home/bobo/ros2_ws/install/Eigen3/include/eigen3/unsupported/Eigen/src/MatrixFunctions/StemFunction.h
[1.894s] -- Up-to-date: /home/bobo/ros2_ws/install/Eigen3/include/eigen3/unsupported/Eigen/src/EulerAngles
[1.894s] -- Up-to-date: /home/bobo/ros2_ws/install/Eigen3/include/eigen3/unsupported/Eigen/src/EulerAngles/EulerAngles.h
[1.894s] -- Up-to-date: /home/bobo/ros2_ws/install/Eigen3/include/eigen3/unsupported/Eigen/src/EulerAngles/EulerSystem.h
[1.894s] -- Up-to-date: /home/bobo/ros2_ws/install/Eigen3/include/eigen3/unsupported/Eigen/src/Polynomials
[1.894s] -- Up-to-date: /home/bobo/ros2_ws/install/Eigen3/include/eigen3/unsupported/Eigen/src/Polynomials/Companion.h
[1.894s] -- Up-to-date: /home/bobo/ros2_ws/install/Eigen3/include/eigen3/unsupported/Eigen/src/Polynomials/PolynomialSolver.h
[1.894s] -- Up-to-date: /home/bobo/ros2_ws/install/Eigen3/include/eigen3/unsupported/Eigen/src/Polynomials/PolynomialUtils.h
[1.894s] -- Up-to-date: /home/bobo/ros2_ws/install/Eigen3/include/eigen3/unsupported/Eigen/src/MoreVectorization
[1.894s] -- Up-to-date: /home/bobo/ros2_ws/install/Eigen3/include/eigen3/unsupported/Eigen/src/MoreVectorization/MathFunctions.h
[1.894s] -- Up-to-date: /home/bobo/ros2_ws/install/Eigen3/include/eigen3/unsupported/Eigen/src/KroneckerProduct
[1.894s] -- Up-to-date: /home/bobo/ros2_ws/install/Eigen3/include/eigen3/unsupported/Eigen/src/KroneckerProduct/KroneckerTensorProduct.h
[1.894s] -- Up-to-date: /home/bobo/ros2_ws/install/Eigen3/include/eigen3/unsupported/Eigen/src/Splines
[1.894s] -- Up-to-date: /home/bobo/ros2_ws/install/Eigen3/include/eigen3/unsupported/Eigen/src/Splines/SplineFwd.h
[1.894s] -- Up-to-date: /home/bobo/ros2_ws/install/Eigen3/include/eigen3/unsupported/Eigen/src/Splines/Spline.h
[1.894s] -- Up-to-date: /home/bobo/ros2_ws/install/Eigen3/include/eigen3/unsupported/Eigen/src/Splines/SplineFitting.h
[1.894s] -- Up-to-date: /home/bobo/ros2_ws/install/Eigen3/include/eigen3/unsupported/Eigen/src/Eigenvalues
[1.895s] -- Up-to-date: /home/bobo/ros2_ws/install/Eigen3/include/eigen3/unsupported/Eigen/src/Eigenvalues/ArpackSelfAdjointEigenSolver.h
[1.895s] -- Up-to-date: /home/bobo/ros2_ws/install/Eigen3/include/eigen3/unsupported/Eigen/src/BVH
[1.895s] -- Up-to-date: /home/bobo/ros2_ws/install/Eigen3/include/eigen3/unsupported/Eigen/src/BVH/KdBVH.h
[1.895s] -- Up-to-date: /home/bobo/ros2_ws/install/Eigen3/include/eigen3/unsupported/Eigen/src/BVH/BVAlgorithms.h
[1.895s] -- Up-to-date: /home/bobo/ros2_ws/install/Eigen3/include/eigen3/unsupported/Eigen/src/NumericalDiff
[1.895s] -- Up-to-date: /home/bobo/ros2_ws/install/Eigen3/include/eigen3/unsupported/Eigen/src/NumericalDiff/NumericalDiff.h
[1.895s] -- Up-to-date: /home/bobo/ros2_ws/install/Eigen3/include/eigen3/unsupported/Eigen/CXX11/Tensor
[1.895s] -- Up-to-date: /home/bobo/ros2_ws/install/Eigen3/include/eigen3/unsupported/Eigen/CXX11/TensorSymmetry
[1.895s] -- Up-to-date: /home/bobo/ros2_ws/install/Eigen3/include/eigen3/unsupported/Eigen/CXX11/ThreadPool
[1.895s] -- Up-to-date: /home/bobo/ros2_ws/install/Eigen3/include/eigen3/unsupported/Eigen/CXX11/src
[1.895s] -- Up-to-date: /home/bobo/ros2_ws/install/Eigen3/include/eigen3/unsupported/Eigen/CXX11/src/util
[1.895s] -- Up-to-date: /home/bobo/ros2_ws/install/Eigen3/include/eigen3/unsupported/Eigen/CXX11/src/util/MaxSizeVector.h
[1.895s] -- Up-to-date: /home/bobo/ros2_ws/install/Eigen3/include/eigen3/unsupported/Eigen/CXX11/src/util/CXX11Meta.h
[1.895s] -- Up-to-date: /home/bobo/ros2_ws/install/Eigen3/include/eigen3/unsupported/Eigen/CXX11/src/util/CXX11Workarounds.h
[1.895s] -- Up-to-date: /home/bobo/ros2_ws/install/Eigen3/include/eigen3/unsupported/Eigen/CXX11/src/util/EmulateArray.h
[1.895s] -- Up-to-date: /home/bobo/ros2_ws/install/Eigen3/include/eigen3/unsupported/Eigen/CXX11/src/Tensor
[1.895s] -- Up-to-date: /home/bobo/ros2_ws/install/Eigen3/include/eigen3/unsupported/Eigen/CXX11/src/Tensor/Tensor.h
[1.895s] -- Up-to-date: /home/bobo/ros2_ws/install/Eigen3/include/eigen3/unsupported/Eigen/CXX11/src/Tensor/TensorDimensions.h
[1.895s] -- Up-to-date: /home/bobo/ros2_ws/install/Eigen3/include/eigen3/unsupported/Eigen/CXX11/src/Tensor/TensorReductionGpu.h
[1.896s] -- Up-to-date: /home/bobo/ros2_ws/install/Eigen3/include/eigen3/unsupported/Eigen/CXX11/src/Tensor/TensorGpuHipCudaDefines.h
[1.896s] -- Up-to-date: /home/bobo/ros2_ws/install/Eigen3/include/eigen3/unsupported/Eigen/CXX11/src/Tensor/TensorUInt128.h
[1.896s] -- Up-to-date: /home/bobo/ros2_ws/install/Eigen3/include/eigen3/unsupported/Eigen/CXX11/src/Tensor/TensorContractionCuda.h
[1.896s] -- Up-to-date: /home/bobo/ros2_ws/install/Eigen3/include/eigen3/unsupported/Eigen/CXX11/src/Tensor/TensorContractionGpu.h
[1.896s] -- Up-to-date: /home/bobo/ros2_ws/install/Eigen3/include/eigen3/unsupported/Eigen/CXX11/src/Tensor/TensorGenerator.h
[1.896s] -- Up-to-date: /home/bobo/ros2_ws/install/Eigen3/include/eigen3/unsupported/Eigen/CXX11/src/Tensor/TensorDeviceSycl.h
[1.896s] -- Up-to-date: /home/bobo/ros2_ws/install/Eigen3/include/eigen3/unsupported/Eigen/CXX11/src/Tensor/TensorArgMax.h
[1.896s] -- Up-to-date: /home/bobo/ros2_ws/install/Eigen3/include/eigen3/unsupported/Eigen/CXX11/src/Tensor/TensorContractionThreadPool.h
[1.896s] -- Up-to-date: /home/bobo/ros2_ws/install/Eigen3/include/eigen3/unsupported/Eigen/CXX11/src/Tensor/TensorDimensionList.h
[1.896s] -- Up-to-date: /home/bobo/ros2_ws/install/Eigen3/include/eigen3/unsupported/Eigen/CXX11/src/Tensor/TensorStorage.h
[1.896s] -- Up-to-date: /home/bobo/ros2_ws/install/Eigen3/include/eigen3/unsupported/Eigen/CXX11/src/Tensor/TensorIndexList.h
[1.896s] -- Up-to-date: /home/bobo/ros2_ws/install/Eigen3/include/eigen3/unsupported/Eigen/CXX11/src/Tensor/TensorDeviceDefault.h
[1.896s] -- Up-to-date: /home/bobo/ros2_ws/install/Eigen3/include/eigen3/unsupported/Eigen/CXX11/src/Tensor/TensorContractionMapper.h
[1.896s] -- Up-to-date: /home/bobo/ros2_ws/install/Eigen3/include/eigen3/unsupported/Eigen/CXX11/src/Tensor/TensorIntDiv.h
[1.896s] -- Up-to-date: /home/bobo/ros2_ws/install/Eigen3/include/eigen3/unsupported/Eigen/CXX11/src/Tensor/TensorMacros.h
[1.896s] -- Up-to-date: /home/bobo/ros2_ws/install/Eigen3/include/eigen3/unsupported/Eigen/CXX11/src/Tensor/TensorDeviceCuda.h
[1.897s] -- Up-to-date: /home/bobo/ros2_ws/install/Eigen3/include/eigen3/unsupported/Eigen/CXX11/src/Tensor/TensorVolumePatch.h
[1.897s] -- Up-to-date: /home/bobo/ros2_ws/install/Eigen3/include/eigen3/unsupported/Eigen/CXX11/src/Tensor/TensorContractionBlocking.h
[1.897s] -- Up-to-date: /home/bobo/ros2_ws/install/Eigen3/include/eigen3/unsupported/Eigen/CXX11/src/Tensor/TensorExpr.h
[1.897s] -- Up-to-date: /home/bobo/ros2_ws/install/Eigen3/include/eigen3/unsupported/Eigen/CXX11/src/Tensor/TensorInitializer.h
[1.897s] -- Up-to-date: /home/bobo/ros2_ws/install/Eigen3/include/eigen3/unsupported/Eigen/CXX11/src/Tensor/TensorForcedEval.h
[1.897s] -- Up-to-date: /home/bobo/ros2_ws/install/Eigen3/include/eigen3/unsupported/Eigen/CXX11/src/Tensor/TensorDeviceThreadPool.h
[1.897s] -- Up-to-date: /home/bobo/ros2_ws/install/Eigen3/include/eigen3/unsupported/Eigen/CXX11/src/Tensor/TensorExecutor.h
[1.897s] -- Up-to-date: /home/bobo/ros2_ws/install/Eigen3/include/eigen3/unsupported/Eigen/CXX11/src/Tensor/TensorIO.h
[1.897s] -- Up-to-date: /home/bobo/ros2_ws/install/Eigen3/include/eigen3/unsupported/Eigen/CXX11/src/Tensor/TensorConvolution.h
[1.897s] -- Up-to-date: /home/bobo/ros2_ws/install/Eigen3/include/eigen3/unsupported/Eigen/CXX11/src/Tensor/TensorReductionSycl.h
[1.897s] -- Up-to-date: /home/bobo/ros2_ws/install/Eigen3/include/eigen3/unsupported/Eigen/CXX11/src/Tensor/TensorMorphing.h
[1.897s] -- Up-to-date: /home/bobo/ros2_ws/install/Eigen3/include/eigen3/unsupported/Eigen/CXX11/src/Tensor/TensorPadding.h
[1.897s] -- Up-to-date: /home/bobo/ros2_ws/install/Eigen3/include/eigen3/unsupported/Eigen/CXX11/src/Tensor/TensorDevice.h
[1.897s] -- Up-to-date: /home/bobo/ros2_ws/install/Eigen3/include/eigen3/unsupported/Eigen/CXX11/src/Tensor/TensorRandom.h
[1.897s] -- Up-to-date: /home/bobo/ros2_ws/install/Eigen3/include/eigen3/unsupported/Eigen/CXX11/src/Tensor/TensorLayoutSwap.h
[1.897s] -- Up-to-date: /home/bobo/ros2_ws/install/Eigen3/include/eigen3/unsupported/Eigen/CXX11/src/Tensor/TensorAssign.h
[1.897s] -- Up-to-date: /home/bobo/ros2_ws/install/Eigen3/include/eigen3/unsupported/Eigen/CXX11/src/Tensor/TensorPatch.h
[1.897s] -- Up-to-date: /home/bobo/ros2_ws/install/Eigen3/include/eigen3/unsupported/Eigen/CXX11/src/Tensor/TensorFixedSize.h
[1.897s] -- Up-to-date: /home/bobo/ros2_ws/install/Eigen3/include/eigen3/unsupported/Eigen/CXX11/src/Tensor/TensorReduction.h
[1.898s] -- Up-to-date: /home/bobo/ros2_ws/install/Eigen3/include/eigen3/unsupported/Eigen/CXX11/src/Tensor/TensorReductionCuda.h
[1.898s] -- Up-to-date: /home/bobo/ros2_ws/install/Eigen3/include/eigen3/unsupported/Eigen/CXX11/src/Tensor/TensorRef.h
[1.898s] -- Up-to-date: /home/bobo/ros2_ws/install/Eigen3/include/eigen3/unsupported/Eigen/CXX11/src/Tensor/TensorCostModel.h
[1.898s] -- Up-to-date: /home/bobo/ros2_ws/install/Eigen3/include/eigen3/unsupported/Eigen/CXX11/src/Tensor/TensorBase.h
[1.898s] -- Up-to-date: /home/bobo/ros2_ws/install/Eigen3/include/eigen3/unsupported/Eigen/CXX11/src/Tensor/TensorBroadcasting.h
[1.898s] -- Up-to-date: /home/bobo/ros2_ws/install/Eigen3/include/eigen3/unsupported/Eigen/CXX11/src/Tensor/TensorContraction.h
[1.898s] -- Up-to-date: /home/bobo/ros2_ws/install/Eigen3/include/eigen3/unsupported/Eigen/CXX11/src/Tensor/TensorChipping.h
[1.898s] -- Up-to-date: /home/bobo/ros2_ws/install/Eigen3/include/eigen3/unsupported/Eigen/CXX11/src/Tensor/TensorConvolutionSycl.h
[1.898s] -- Up-to-date: /home/bobo/ros2_ws/install/Eigen3/include/eigen3/unsupported/Eigen/CXX11/src/Tensor/TensorScanSycl.h
[1.898s] -- Up-to-date: /home/bobo/ros2_ws/install/Eigen3/include/eigen3/unsupported/Eigen/CXX11/src/Tensor/TensorBlock.h
[1.898s] -- Up-to-date: /home/bobo/ros2_ws/install/Eigen3/include/eigen3/unsupported/Eigen/CXX11/src/Tensor/TensorFFT.h
[1.898s] -- Up-to-date: /home/bobo/ros2_ws/install/Eigen3/include/eigen3/unsupported/Eigen/CXX11/src/Tensor/TensorReverse.h
[1.898s] -- Up-to-date: /home/bobo/ros2_ws/install/Eigen3/include/eigen3/unsupported/Eigen/CXX11/src/Tensor/TensorDeviceGpu.h
[1.898s] -- Up-to-date: /home/bobo/ros2_ws/install/Eigen3/include/eigen3/unsupported/Eigen/CXX11/src/Tensor/TensorForwardDeclarations.h
[1.898s] -- Up-to-date: /home/bobo/ros2_ws/install/Eigen3/include/eigen3/unsupported/Eigen/CXX11/src/Tensor/TensorInflation.h
[1.898s] -- Up-to-date: /home/bobo/ros2_ws/install/Eigen3/include/eigen3/unsupported/Eigen/CXX11/src/Tensor/TensorStriding.h
[1.898s] -- Up-to-date: /home/bobo/ros2_ws/install/Eigen3/include/eigen3/unsupported/Eigen/CXX11/src/Tensor/TensorShuffling.h
[1.898s] -- Up-to-date: /home/bobo/ros2_ws/install/Eigen3/include/eigen3/unsupported/Eigen/CXX11/src/Tensor/TensorConcatenation.h
[1.898s] -- Up-to-date: /home/bobo/ros2_ws/install/Eigen3/include/eigen3/unsupported/Eigen/CXX11/src/Tensor/TensorImagePatch.h
[1.899s] -- Up-to-date: /home/bobo/ros2_ws/install/Eigen3/include/eigen3/unsupported/Eigen/CXX11/src/Tensor/TensorGpuHipCudaUndefines.h
[1.899s] -- Up-to-date: /home/bobo/ros2_ws/install/Eigen3/include/eigen3/unsupported/Eigen/CXX11/src/Tensor/TensorMeta.h
[1.899s] -- Up-to-date: /home/bobo/ros2_ws/install/Eigen3/include/eigen3/unsupported/Eigen/CXX11/src/Tensor/TensorConversion.h
[1.899s] -- Up-to-date: /home/bobo/ros2_ws/install/Eigen3/include/eigen3/unsupported/Eigen/CXX11/src/Tensor/TensorScan.h
[1.899s] -- Up-to-date: /home/bobo/ros2_ws/install/Eigen3/include/eigen3/unsupported/Eigen/CXX11/src/Tensor/TensorTraits.h
[1.899s] -- Up-to-date: /home/bobo/ros2_ws/install/Eigen3/include/eigen3/unsupported/Eigen/CXX11/src/Tensor/TensorGlobalFunctions.h
[1.899s] -- Up-to-date: /home/bobo/ros2_ws/install/Eigen3/include/eigen3/unsupported/Eigen/CXX11/src/Tensor/TensorFunctors.h
[1.899s] -- Up-to-date: /home/bobo/ros2_ws/install/Eigen3/include/eigen3/unsupported/Eigen/CXX11/src/Tensor/TensorContractionSycl.h
[1.899s] -- Up-to-date: /home/bobo/ros2_ws/install/Eigen3/include/eigen3/unsupported/Eigen/CXX11/src/Tensor/TensorCustomOp.h
[1.899s] -- Up-to-date: /home/bobo/ros2_ws/install/Eigen3/include/eigen3/unsupported/Eigen/CXX11/src/Tensor/TensorTrace.h
[1.899s] -- Up-to-date: /home/bobo/ros2_ws/install/Eigen3/include/eigen3/unsupported/Eigen/CXX11/src/Tensor/TensorEvalTo.h
[1.899s] -- Up-to-date: /home/bobo/ros2_ws/install/Eigen3/include/eigen3/unsupported/Eigen/CXX11/src/Tensor/TensorEvaluator.h
[1.899s] -- Up-to-date: /home/bobo/ros2_ws/install/Eigen3/include/eigen3/unsupported/Eigen/CXX11/src/Tensor/TensorMap.h
[1.899s] -- Up-to-date: /home/bobo/ros2_ws/install/Eigen3/include/eigen3/unsupported/Eigen/CXX11/src/TensorSymmetry
[1.899s] -- Up-to-date: /home/bobo/ros2_ws/install/Eigen3/include/eigen3/unsupported/Eigen/CXX11/src/TensorSymmetry/StaticSymmetry.h
[1.899s] -- Up-to-date: /home/bobo/ros2_ws/install/Eigen3/include/eigen3/unsupported/Eigen/CXX11/src/TensorSymmetry/Symmetry.h
[1.899s] -- Up-to-date: /home/bobo/ros2_ws/install/Eigen3/include/eigen3/unsupported/Eigen/CXX11/src/TensorSymmetry/DynamicSymmetry.h
[1.900s] -- Up-to-date: /home/bobo/ros2_ws/install/Eigen3/include/eigen3/unsupported/Eigen/CXX11/src/TensorSymmetry/util
[1.900s] -- Up-to-date: /home/bobo/ros2_ws/install/Eigen3/include/eigen3/unsupported/Eigen/CXX11/src/TensorSymmetry/util/TemplateGroupTheory.h
[1.900s] -- Up-to-date: /home/bobo/ros2_ws/install/Eigen3/include/eigen3/unsupported/Eigen/CXX11/src/ThreadPool
[1.900s] -- Up-to-date: /home/bobo/ros2_ws/install/Eigen3/include/eigen3/unsupported/Eigen/CXX11/src/ThreadPool/ThreadYield.h
[1.900s] -- Up-to-date: /home/bobo/ros2_ws/install/Eigen3/include/eigen3/unsupported/Eigen/CXX11/src/ThreadPool/Barrier.h
[1.900s] -- Up-to-date: /home/bobo/ros2_ws/install/Eigen3/include/eigen3/unsupported/Eigen/CXX11/src/ThreadPool/ThreadPoolInterface.h
[1.900s] -- Up-to-date: /home/bobo/ros2_ws/install/Eigen3/include/eigen3/unsupported/Eigen/CXX11/src/ThreadPool/ThreadCancel.h
[1.900s] -- Up-to-date: /home/bobo/ros2_ws/install/Eigen3/include/eigen3/unsupported/Eigen/CXX11/src/ThreadPool/EventCount.h
[1.900s] -- Up-to-date: /home/bobo/ros2_ws/install/Eigen3/include/eigen3/unsupported/Eigen/CXX11/src/ThreadPool/NonBlockingThreadPool.h
[1.900s] -- Up-to-date: /home/bobo/ros2_ws/install/Eigen3/include/eigen3/unsupported/Eigen/CXX11/src/ThreadPool/ThreadEnvironment.h
[1.900s] -- Up-to-date: /home/bobo/ros2_ws/install/Eigen3/include/eigen3/unsupported/Eigen/CXX11/src/ThreadPool/ThreadLocal.h
[1.900s] -- Up-to-date: /home/bobo/ros2_ws/install/Eigen3/include/eigen3/unsupported/Eigen/CXX11/src/ThreadPool/RunQueue.h
[1.900s] Invoked command in '/home/bobo/ros2_ws/build/Eigen3' returned '0': /usr/bin/cmake --install /home/bobo/ros2_ws/build/Eigen3
