[0.045s] Invoking command in '/home/bobo/ros2_ws/build/tug_turtlebot4': CMAKE_PREFIX_PATH=/home/bobo/ros2_ws/install/tug_msgs:/home/bobo/ros2_ws/install/tug_turtlebot4:/home/bobo/ros2_ws/install/tug_stage_ros2:/home/bobo/ros2_ws/install/tug_mr2:/home/bobo/ros2_ws/install/ros2cpp_tutorials_service:/home/bobo/ros2_ws/install/ros2cpp_tutorials_publisher_subscriber:/home/bobo/ros2_ws/install/ros2cpp_tutorials_parameter:/home/bobo/ros2_ws/install/ros2cpp_tutorials_action:/home/bobo/ros2_ws/install/Eigen3:/opt/ros/humble LD_LIBRARY_PATH=/home/bobo/ros2_ws/install/tug_msgs/lib:/home/bobo/stg/lib:/home/bobo/ros2_ws/install/ros2cpp_tutorials_service/lib:/home/bobo/ros2_ws/install/ros2cpp_tutorials_action/lib:/opt/ros/humble/opt/rviz_ogre_vendor/lib:/opt/ros/humble/lib/x86_64-linux-gnu:/opt/ros/humble/lib /usr/bin/cmake --build /home/bobo/ros2_ws/build/tug_turtlebot4 -- -j8 -l8
[0.202s] [ 28%] Built target tug_wheel_encoder-system
[0.266s] [ 57%] Built target static_transform_publisher
[0.302s] [35m[1mConsolidate compiler generated dependencies of target simple_turtle[0m
[0.359s] [ 71%] [32mBuilding CXX object CMakeFiles/simple_turtle.dir/src/SimpleTurtleNode.cpp.o[0m
[5.263s] [01m[K/home/bobo/ros2_ws/src/mr2_public/tug_turtlebot4/src/SimpleTurtleNode.cpp:[m[K In member function ‘[01m[Kvoid tug_turtlebot4::SimpleTurtleNode::wheelEncoderCallback(const ConstSharedPtr&)[m[K’:
[5.264s] [01m[K/home/bobo/ros2_ws/src/mr2_public/tug_turtlebot4/src/SimpleTurtleNode.cpp:72:39:[m[K [01;35m[Kwarning: [m[Kunused parameter ‘[01m[Kmsg[m[K’ [[01;35m[K]8;;https://gcc.gnu.org/onlinedocs/gcc/Warning-Options.html#index-Wunused-parameter-Wunused-parameter]8;;[m[K]
[5.264s]    72 |   [01;35m[Kconst WheelEncoder::ConstSharedPtr& msg[m[K
[5.264s]       |   [01;35m[K~~~~~~~~~~~~~~~~~~~~~~~~~~~~~~~~~~~~^~~[m[K
[5.264s] [01m[K/home/bobo/ros2_ws/src/mr2_public/tug_turtlebot4/src/SimpleTurtleNode.cpp:[m[K In member function ‘[01m[Kvoid tug_turtlebot4::SimpleTurtleNode::poseCallback(const Pose&)[m[K’:
[5.264s] [01m[K/home/bobo/ros2_ws/src/mr2_public/tug_turtlebot4/src/SimpleTurtleNode.cpp:114:49:[m[K [01;35m[Kwarning: [m[Kunused parameter ‘[01m[Kmsg[m[K’ [[01;35m[K]8;;https://gcc.gnu.org/onlinedocs/gcc/Warning-Options.html#index-Wunused-parameter-Wunused-parameter]8;;[m[K]
[5.264s]   114 | void SimpleTurtleNode::poseCallback([01;35m[Kconst Pose& msg[m[K)
[5.265s]       |                                     [01;35m[K~~~~~~~~~~~~^~~[m[K
[23.244s] [ 85%] [32m[1mLinking CXX executable simple_turtle[0m
[24.355s] [100%] Built target simple_turtle
[24.376s] Invoked command in '/home/bobo/ros2_ws/build/tug_turtlebot4' returned '0': CMAKE_PREFIX_PATH=/home/bobo/ros2_ws/install/tug_msgs:/home/bobo/ros2_ws/install/tug_turtlebot4:/home/bobo/ros2_ws/install/tug_stage_ros2:/home/bobo/ros2_ws/install/tug_mr2:/home/bobo/ros2_ws/install/ros2cpp_tutorials_service:/home/bobo/ros2_ws/install/ros2cpp_tutorials_publisher_subscriber:/home/bobo/ros2_ws/install/ros2cpp_tutorials_parameter:/home/bobo/ros2_ws/install/ros2cpp_tutorials_action:/home/bobo/ros2_ws/install/Eigen3:/opt/ros/humble LD_LIBRARY_PATH=/home/bobo/ros2_ws/install/tug_msgs/lib:/home/bobo/stg/lib:/home/bobo/ros2_ws/install/ros2cpp_tutorials_service/lib:/home/bobo/ros2_ws/install/ros2cpp_tutorials_action/lib:/opt/ros/humble/opt/rviz_ogre_vendor/lib:/opt/ros/humble/lib/x86_64-linux-gnu:/opt/ros/humble/lib /usr/bin/cmake --build /home/bobo/ros2_ws/build/tug_turtlebot4 -- -j8 -l8
[24.471s] Invoking command in '/home/bobo/ros2_ws/build/tug_turtlebot4': CMAKE_PREFIX_PATH=/home/bobo/ros2_ws/install/tug_msgs:/home/bobo/ros2_ws/install/tug_turtlebot4:/home/bobo/ros2_ws/install/tug_stage_ros2:/home/bobo/ros2_ws/install/tug_mr2:/home/bobo/ros2_ws/install/ros2cpp_tutorials_service:/home/bobo/ros2_ws/install/ros2cpp_tutorials_publisher_subscriber:/home/bobo/ros2_ws/install/ros2cpp_tutorials_parameter:/home/bobo/ros2_ws/install/ros2cpp_tutorials_action:/home/bobo/ros2_ws/install/Eigen3:/opt/ros/humble LD_LIBRARY_PATH=/home/bobo/ros2_ws/install/tug_msgs/lib:/home/bobo/stg/lib:/home/bobo/ros2_ws/install/ros2cpp_tutorials_service/lib:/home/bobo/ros2_ws/install/ros2cpp_tutorials_action/lib:/opt/ros/humble/opt/rviz_ogre_vendor/lib:/opt/ros/humble/lib/x86_64-linux-gnu:/opt/ros/humble/lib /usr/bin/cmake --install /home/bobo/ros2_ws/build/tug_turtlebot4
[24.491s] -- Install configuration: ""
[24.491s] -- Up-to-date: /home/bobo/ros2_ws/install/tug_turtlebot4/lib/tug_turtlebot4/libtug_wheel_encoder-system.so
[24.492s] -- Installing: /home/bobo/ros2_ws/install/tug_turtlebot4/lib/tug_turtlebot4/simple_turtle
[24.505s] -- Set runtime path of "/home/bobo/ros2_ws/install/tug_turtlebot4/lib/tug_turtlebot4/simple_turtle" to ""
[24.506s] -- Up-to-date: /home/bobo/ros2_ws/install/tug_turtlebot4/lib/tug_turtlebot4/static_transform_publisher
[24.506s] -- Up-to-date: /home/bobo/ros2_ws/install/tug_turtlebot4/share/tug_turtlebot4/config
[24.507s] -- Up-to-date: /home/bobo/ros2_ws/install/tug_turtlebot4/share/tug_turtlebot4/config/static_transform_publisher.yaml
[24.507s] -- Up-to-date: /home/bobo/ros2_ws/install/tug_turtlebot4/share/tug_turtlebot4/config/ros_gz_bridge.yaml
[24.508s] -- Up-to-date: /home/bobo/ros2_ws/install/tug_turtlebot4/share/tug_turtlebot4/launch
[24.508s] -- Up-to-date: /home/bobo/ros2_ws/install/tug_turtlebot4/share/tug_turtlebot4/launch/turtlebot_launch.xml
[24.509s] -- Up-to-date: /home/bobo/ros2_ws/install/tug_turtlebot4/share/tug_turtlebot4/launch/simple_turtle_launch.xml
[24.509s] -- Up-to-date: /home/bobo/ros2_ws/install/tug_turtlebot4/share/tug_turtlebot4/rviz
[24.509s] -- Up-to-date: /home/bobo/ros2_ws/install/tug_turtlebot4/share/tug_turtlebot4/rviz/config.rviz
[24.509s] -- Up-to-date: /home/bobo/ros2_ws/install/tug_turtlebot4/share/tug_turtlebot4/urdf
[24.509s] -- Up-to-date: /home/bobo/ros2_ws/install/tug_turtlebot4/share/tug_turtlebot4/urdf/tug_turtlebot4.urdf
[24.509s] -- Up-to-date: /home/bobo/ros2_ws/install/tug_turtlebot4/share/tug_turtlebot4/worlds
[24.509s] -- Up-to-date: /home/bobo/ros2_ws/install/tug_turtlebot4/share/tug_turtlebot4/worlds/columns.sdf
[24.510s] -- Up-to-date: /home/bobo/ros2_ws/install/tug_turtlebot4/share/ament_index/resource_index/package_run_dependencies/tug_turtlebot4
[24.510s] -- Up-to-date: /home/bobo/ros2_ws/install/tug_turtlebot4/share/ament_index/resource_index/parent_prefix_path/tug_turtlebot4
[24.510s] -- Up-to-date: /home/bobo/ros2_ws/install/tug_turtlebot4/share/tug_turtlebot4/environment/ament_prefix_path.sh
[24.510s] -- Up-to-date: /home/bobo/ros2_ws/install/tug_turtlebot4/share/tug_turtlebot4/environment/ament_prefix_path.dsv
[24.510s] -- Up-to-date: /home/bobo/ros2_ws/install/tug_turtlebot4/share/tug_turtlebot4/environment/path.sh
[24.510s] -- Up-to-date: /home/bobo/ros2_ws/install/tug_turtlebot4/share/tug_turtlebot4/environment/path.dsv
[24.510s] -- Up-to-date: /home/bobo/ros2_ws/install/tug_turtlebot4/share/tug_turtlebot4/local_setup.bash
[24.510s] -- Up-to-date: /home/bobo/ros2_ws/install/tug_turtlebot4/share/tug_turtlebot4/local_setup.sh
[24.510s] -- Up-to-date: /home/bobo/ros2_ws/install/tug_turtlebot4/share/tug_turtlebot4/local_setup.zsh
[24.511s] -- Up-to-date: /home/bobo/ros2_ws/install/tug_turtlebot4/share/tug_turtlebot4/local_setup.dsv
[24.511s] -- Installing: /home/bobo/ros2_ws/install/tug_turtlebot4/share/tug_turtlebot4/package.dsv
[24.511s] -- Up-to-date: /home/bobo/ros2_ws/install/tug_turtlebot4/share/ament_index/resource_index/packages/tug_turtlebot4
[24.511s] -- Up-to-date: /home/bobo/ros2_ws/install/tug_turtlebot4/share/tug_turtlebot4/cmake/tug_turtlebot4Config.cmake
[24.511s] -- Up-to-date: /home/bobo/ros2_ws/install/tug_turtlebot4/share/tug_turtlebot4/cmake/tug_turtlebot4Config-version.cmake
[24.511s] -- Up-to-date: /home/bobo/ros2_ws/install/tug_turtlebot4/share/tug_turtlebot4/package.xml
[24.513s] Invoked command in '/home/bobo/ros2_ws/build/tug_turtlebot4' returned '0': CMAKE_PREFIX_PATH=/home/bobo/ros2_ws/install/tug_msgs:/home/bobo/ros2_ws/install/tug_turtlebot4:/home/bobo/ros2_ws/install/tug_stage_ros2:/home/bobo/ros2_ws/install/tug_mr2:/home/bobo/ros2_ws/install/ros2cpp_tutorials_service:/home/bobo/ros2_ws/install/ros2cpp_tutorials_publisher_subscriber:/home/bobo/ros2_ws/install/ros2cpp_tutorials_parameter:/home/bobo/ros2_ws/install/ros2cpp_tutorials_action:/home/bobo/ros2_ws/install/Eigen3:/opt/ros/humble LD_LIBRARY_PATH=/home/bobo/ros2_ws/install/tug_msgs/lib:/home/bobo/stg/lib:/home/bobo/ros2_ws/install/ros2cpp_tutorials_service/lib:/home/bobo/ros2_ws/install/ros2cpp_tutorials_action/lib:/opt/ros/humble/opt/rviz_ogre_vendor/lib:/opt/ros/humble/lib/x86_64-linux-gnu:/opt/ros/humble/lib /usr/bin/cmake --install /home/bobo/ros2_ws/build/tug_turtlebot4
