[0.036s] Invoking command in '/home/bobo/ros2_ws/build/tug_msgs': CMAKE_PREFIX_PATH=${CMAKE_PREFIX_PATH}:/opt/ros/humble /usr/bin/cmake --build /home/bobo/ros2_ws/build/tug_msgs -- -j8 -l8
[0.148s] [  1%] Built target tug_msgs__cpp
[0.156s] [ 12%] Built target tug_msgs__rosidl_generator_c
[0.170s] [ 12%] Built target ament_cmake_python_copy_tug_msgs
[0.230s] [ 23%] Built target tug_msgs__rosidl_typesupport_cpp
[0.231s] [ 34%] Built target tug_msgs__rosidl_typesupport_fastrtps_cpp
[0.242s] [ 45%] Built target tug_msgs__rosidl_typesupport_introspection_cpp
[0.246s] [ 56%] Built target tug_msgs__rosidl_typesupport_c
[0.250s] [ 67%] Built target tug_msgs__rosidl_typesupport_fastrtps_c
[0.257s] [ 78%] Built target tug_msgs__rosidl_typesupport_introspection_c
[0.317s] [ 78%] Built target tug_msgs
[0.379s] [ 80%] Built target tug_msgs__py
[0.442s] [ 89%] Built target tug_msgs__rosidl_generator_py
[0.499s] [ 92%] Built target tug_msgs__rosidl_typesupport_fastrtps_c__pyext
[0.504s] [ 96%] Built target tug_msgs__rosidl_typesupport_c__pyext
[0.509s] [100%] Built target tug_msgs__rosidl_typesupport_introspection_c__pyext
[1.190s] running egg_info
[1.190s] writing tug_msgs.egg-info/PKG-INFO
[1.190s] writing dependency_links to tug_msgs.egg-info/dependency_links.txt
[1.190s] writing top-level names to tug_msgs.egg-info/top_level.txt
[1.190s] reading manifest file 'tug_msgs.egg-info/SOURCES.txt'
[1.190s] writing manifest file 'tug_msgs.egg-info/SOURCES.txt'
[1.197s] [100%] Built target ament_cmake_python_build_tug_msgs_egg
[1.221s] Invoked command in '/home/bobo/ros2_ws/build/tug_msgs' returned '0': CMAKE_PREFIX_PATH=${CMAKE_PREFIX_PATH}:/opt/ros/humble /usr/bin/cmake --build /home/bobo/ros2_ws/build/tug_msgs -- -j8 -l8
[1.224s] Invoking command in '/home/bobo/ros2_ws/build/tug_msgs': CMAKE_PREFIX_PATH=${CMAKE_PREFIX_PATH}:/opt/ros/humble /usr/bin/cmake --install /home/bobo/ros2_ws/build/tug_msgs
[1.241s] -- Install configuration: "debug"
[1.241s] -- Up-to-date: /home/bobo/ros2_ws/install/tug_msgs/share/ament_index/resource_index/rosidl_interfaces/tug_msgs
[1.242s] -- Up-to-date: /home/bobo/ros2_ws/install/tug_msgs/include/tug_msgs/tug_msgs
[1.242s] -- Up-to-date: /home/bobo/ros2_ws/install/tug_msgs/include/tug_msgs/tug_msgs/msg
[1.242s] -- Up-to-date: /home/bobo/ros2_ws/install/tug_msgs/include/tug_msgs/tug_msgs/msg/detail
[1.243s] -- Up-to-date: /home/bobo/ros2_ws/install/tug_msgs/include/tug_msgs/tug_msgs/msg/detail/wheel_encoder__functions.c
[1.243s] -- Up-to-date: /home/bobo/ros2_ws/install/tug_msgs/include/tug_msgs/tug_msgs/msg/detail/robot_pose__type_support.h
[1.243s] -- Up-to-date: /home/bobo/ros2_ws/install/tug_msgs/include/tug_msgs/tug_msgs/msg/detail/bicycle__functions.h
[1.243s] -- Up-to-date: /home/bobo/ros2_ws/install/tug_msgs/include/tug_msgs/tug_msgs/msg/detail/movement__struct.h
[1.243s] -- Up-to-date: /home/bobo/ros2_ws/install/tug_msgs/include/tug_msgs/tug_msgs/msg/detail/bicycle__type_support.h
[1.243s] -- Up-to-date: /home/bobo/ros2_ws/install/tug_msgs/include/tug_msgs/tug_msgs/msg/detail/robot_pose__functions.h
[1.243s] -- Up-to-date: /home/bobo/ros2_ws/install/tug_msgs/include/tug_msgs/tug_msgs/msg/detail/bicycle__functions.c
[1.244s] -- Up-to-date: /home/bobo/ros2_ws/install/tug_msgs/include/tug_msgs/tug_msgs/msg/detail/robot_pose__functions.c
[1.244s] -- Up-to-date: /home/bobo/ros2_ws/install/tug_msgs/include/tug_msgs/tug_msgs/msg/detail/movement__type_support.h
[1.244s] -- Up-to-date: /home/bobo/ros2_ws/install/tug_msgs/include/tug_msgs/tug_msgs/msg/detail/wheel_encoder__type_support.h
[1.244s] -- Up-to-date: /home/bobo/ros2_ws/install/tug_msgs/include/tug_msgs/tug_msgs/msg/detail/bicycle__struct.h
[1.245s] -- Up-to-date: /home/bobo/ros2_ws/install/tug_msgs/include/tug_msgs/tug_msgs/msg/detail/movement__functions.h
[1.245s] -- Up-to-date: /home/bobo/ros2_ws/install/tug_msgs/include/tug_msgs/tug_msgs/msg/detail/wheel_encoder__struct.h
[1.245s] -- Up-to-date: /home/bobo/ros2_ws/install/tug_msgs/include/tug_msgs/tug_msgs/msg/detail/robot_pose__struct.h
[1.245s] -- Up-to-date: /home/bobo/ros2_ws/install/tug_msgs/include/tug_msgs/tug_msgs/msg/detail/movement__functions.c
[1.245s] -- Up-to-date: /home/bobo/ros2_ws/install/tug_msgs/include/tug_msgs/tug_msgs/msg/detail/wheel_encoder__functions.h
[1.246s] -- Up-to-date: /home/bobo/ros2_ws/install/tug_msgs/include/tug_msgs/tug_msgs/msg/rosidl_generator_c__visibility_control.h
[1.246s] -- Up-to-date: /home/bobo/ros2_ws/install/tug_msgs/include/tug_msgs/tug_msgs/msg/movement.h
[1.246s] -- Up-to-date: /home/bobo/ros2_ws/install/tug_msgs/include/tug_msgs/tug_msgs/msg/wheel_encoder.h
[1.247s] -- Up-to-date: /home/bobo/ros2_ws/install/tug_msgs/include/tug_msgs/tug_msgs/msg/robot_pose.h
[1.247s] -- Up-to-date: /home/bobo/ros2_ws/install/tug_msgs/include/tug_msgs/tug_msgs/msg/bicycle.h
[1.247s] -- Up-to-date: /home/bobo/ros2_ws/install/tug_msgs/share/tug_msgs/environment/library_path.sh
[1.247s] -- Up-to-date: /home/bobo/ros2_ws/install/tug_msgs/share/tug_msgs/environment/library_path.dsv
[1.247s] -- Up-to-date: /home/bobo/ros2_ws/install/tug_msgs/lib/libtug_msgs__rosidl_generator_c.so
[1.247s] -- Up-to-date: /home/bobo/ros2_ws/install/tug_msgs/include/tug_msgs/tug_msgs
[1.247s] -- Up-to-date: /home/bobo/ros2_ws/install/tug_msgs/include/tug_msgs/tug_msgs/msg
[1.247s] -- Up-to-date: /home/bobo/ros2_ws/install/tug_msgs/include/tug_msgs/tug_msgs/msg/rosidl_typesupport_fastrtps_c__visibility_control.h
[1.248s] -- Up-to-date: /home/bobo/ros2_ws/install/tug_msgs/include/tug_msgs/tug_msgs/msg/detail
[1.248s] -- Up-to-date: /home/bobo/ros2_ws/install/tug_msgs/include/tug_msgs/tug_msgs/msg/detail/wheel_encoder__rosidl_typesupport_fastrtps_c.h
[1.248s] -- Up-to-date: /home/bobo/ros2_ws/install/tug_msgs/include/tug_msgs/tug_msgs/msg/detail/movement__rosidl_typesupport_fastrtps_c.h
[1.248s] -- Up-to-date: /home/bobo/ros2_ws/install/tug_msgs/include/tug_msgs/tug_msgs/msg/detail/robot_pose__rosidl_typesupport_fastrtps_c.h
[1.248s] -- Up-to-date: /home/bobo/ros2_ws/install/tug_msgs/include/tug_msgs/tug_msgs/msg/detail/bicycle__rosidl_typesupport_fastrtps_c.h
[1.248s] -- Up-to-date: /home/bobo/ros2_ws/install/tug_msgs/lib/libtug_msgs__rosidl_typesupport_fastrtps_c.so
[1.248s] -- Up-to-date: /home/bobo/ros2_ws/install/tug_msgs/include/tug_msgs/tug_msgs
[1.248s] -- Up-to-date: /home/bobo/ros2_ws/install/tug_msgs/include/tug_msgs/tug_msgs/msg
[1.249s] -- Up-to-date: /home/bobo/ros2_ws/install/tug_msgs/include/tug_msgs/tug_msgs/msg/detail
[1.249s] -- Up-to-date: /home/bobo/ros2_ws/install/tug_msgs/include/tug_msgs/tug_msgs/msg/detail/robot_pose__rosidl_typesupport_introspection_c.h
[1.249s] -- Up-to-date: /home/bobo/ros2_ws/install/tug_msgs/include/tug_msgs/tug_msgs/msg/detail/bicycle__rosidl_typesupport_introspection_c.h
[1.249s] -- Up-to-date: /home/bobo/ros2_ws/install/tug_msgs/include/tug_msgs/tug_msgs/msg/detail/wheel_encoder__rosidl_typesupport_introspection_c.h
[1.249s] -- Up-to-date: /home/bobo/ros2_ws/install/tug_msgs/include/tug_msgs/tug_msgs/msg/detail/movement__rosidl_typesupport_introspection_c.h
[1.250s] -- Up-to-date: /home/bobo/ros2_ws/install/tug_msgs/include/tug_msgs/tug_msgs/msg/detail/movement__type_support.c
[1.250s] -- Up-to-date: /home/bobo/ros2_ws/install/tug_msgs/include/tug_msgs/tug_msgs/msg/detail/bicycle__type_support.c
[1.250s] -- Up-to-date: /home/bobo/ros2_ws/install/tug_msgs/include/tug_msgs/tug_msgs/msg/detail/robot_pose__type_support.c
[1.251s] -- Up-to-date: /home/bobo/ros2_ws/install/tug_msgs/include/tug_msgs/tug_msgs/msg/detail/wheel_encoder__type_support.c
[1.251s] -- Up-to-date: /home/bobo/ros2_ws/install/tug_msgs/include/tug_msgs/tug_msgs/msg/rosidl_typesupport_introspection_c__visibility_control.h
[1.251s] -- Up-to-date: /home/bobo/ros2_ws/install/tug_msgs/lib/libtug_msgs__rosidl_typesupport_introspection_c.so
[1.251s] -- Up-to-date: /home/bobo/ros2_ws/install/tug_msgs/lib/libtug_msgs__rosidl_typesupport_c.so
[1.252s] -- Up-to-date: /home/bobo/ros2_ws/install/tug_msgs/include/tug_msgs/tug_msgs
[1.252s] -- Up-to-date: /home/bobo/ros2_ws/install/tug_msgs/include/tug_msgs/tug_msgs/msg
[1.252s] -- Up-to-date: /home/bobo/ros2_ws/install/tug_msgs/include/tug_msgs/tug_msgs/msg/detail
[1.253s] -- Up-to-date: /home/bobo/ros2_ws/install/tug_msgs/include/tug_msgs/tug_msgs/msg/detail/movement__type_support.hpp
[1.253s] -- Up-to-date: /home/bobo/ros2_ws/install/tug_msgs/include/tug_msgs/tug_msgs/msg/detail/robot_pose__traits.hpp
[1.253s] -- Up-to-date: /home/bobo/ros2_ws/install/tug_msgs/include/tug_msgs/tug_msgs/msg/detail/movement__traits.hpp
[1.254s] -- Up-to-date: /home/bobo/ros2_ws/install/tug_msgs/include/tug_msgs/tug_msgs/msg/detail/movement__builder.hpp
[1.254s] -- Up-to-date: /home/bobo/ros2_ws/install/tug_msgs/include/tug_msgs/tug_msgs/msg/detail/robot_pose__type_support.hpp
[1.254s] -- Up-to-date: /home/bobo/ros2_ws/install/tug_msgs/include/tug_msgs/tug_msgs/msg/detail/robot_pose__struct.hpp
[1.255s] -- Up-to-date: /home/bobo/ros2_ws/install/tug_msgs/include/tug_msgs/tug_msgs/msg/detail/wheel_encoder__type_support.hpp
[1.255s] -- Up-to-date: /home/bobo/ros2_ws/install/tug_msgs/include/tug_msgs/tug_msgs/msg/detail/bicycle__type_support.hpp
[1.255s] -- Up-to-date: /home/bobo/ros2_ws/install/tug_msgs/include/tug_msgs/tug_msgs/msg/detail/wheel_encoder__struct.hpp
[1.255s] -- Up-to-date: /home/bobo/ros2_ws/install/tug_msgs/include/tug_msgs/tug_msgs/msg/detail/bicycle__traits.hpp
[1.256s] -- Up-to-date: /home/bobo/ros2_ws/install/tug_msgs/include/tug_msgs/tug_msgs/msg/detail/wheel_encoder__traits.hpp
[1.256s] -- Up-to-date: /home/bobo/ros2_ws/install/tug_msgs/include/tug_msgs/tug_msgs/msg/detail/wheel_encoder__builder.hpp
[1.256s] -- Up-to-date: /home/bobo/ros2_ws/install/tug_msgs/include/tug_msgs/tug_msgs/msg/detail/bicycle__builder.hpp
[1.256s] -- Up-to-date: /home/bobo/ros2_ws/install/tug_msgs/include/tug_msgs/tug_msgs/msg/detail/robot_pose__builder.hpp
[1.257s] -- Up-to-date: /home/bobo/ros2_ws/install/tug_msgs/include/tug_msgs/tug_msgs/msg/detail/bicycle__struct.hpp
[1.257s] -- Up-to-date: /home/bobo/ros2_ws/install/tug_msgs/include/tug_msgs/tug_msgs/msg/detail/movement__struct.hpp
[1.257s] -- Up-to-date: /home/bobo/ros2_ws/install/tug_msgs/include/tug_msgs/tug_msgs/msg/rosidl_generator_cpp__visibility_control.hpp
[1.257s] -- Up-to-date: /home/bobo/ros2_ws/install/tug_msgs/include/tug_msgs/tug_msgs/msg/bicycle.hpp
[1.257s] -- Up-to-date: /home/bobo/ros2_ws/install/tug_msgs/include/tug_msgs/tug_msgs/msg/movement.hpp
[1.258s] -- Up-to-date: /home/bobo/ros2_ws/install/tug_msgs/include/tug_msgs/tug_msgs/msg/robot_pose.hpp
[1.258s] -- Up-to-date: /home/bobo/ros2_ws/install/tug_msgs/include/tug_msgs/tug_msgs/msg/wheel_encoder.hpp
[1.258s] -- Up-to-date: /home/bobo/ros2_ws/install/tug_msgs/include/tug_msgs/tug_msgs
[1.258s] -- Up-to-date: /home/bobo/ros2_ws/install/tug_msgs/include/tug_msgs/tug_msgs/msg
[1.258s] -- Up-to-date: /home/bobo/ros2_ws/install/tug_msgs/include/tug_msgs/tug_msgs/msg/rosidl_typesupport_fastrtps_cpp__visibility_control.h
[1.258s] -- Up-to-date: /home/bobo/ros2_ws/install/tug_msgs/include/tug_msgs/tug_msgs/msg/detail
[1.258s] -- Up-to-date: /home/bobo/ros2_ws/install/tug_msgs/include/tug_msgs/tug_msgs/msg/detail/movement__rosidl_typesupport_fastrtps_cpp.hpp
[1.258s] -- Up-to-date: /home/bobo/ros2_ws/install/tug_msgs/include/tug_msgs/tug_msgs/msg/detail/dds_fastrtps
[1.259s] -- Up-to-date: /home/bobo/ros2_ws/install/tug_msgs/include/tug_msgs/tug_msgs/msg/detail/bicycle__rosidl_typesupport_fastrtps_cpp.hpp
[1.259s] -- Up-to-date: /home/bobo/ros2_ws/install/tug_msgs/include/tug_msgs/tug_msgs/msg/detail/robot_pose__rosidl_typesupport_fastrtps_cpp.hpp
[1.259s] -- Up-to-date: /home/bobo/ros2_ws/install/tug_msgs/include/tug_msgs/tug_msgs/msg/detail/wheel_encoder__rosidl_typesupport_fastrtps_cpp.hpp
[1.259s] -- Up-to-date: /home/bobo/ros2_ws/install/tug_msgs/lib/libtug_msgs__rosidl_typesupport_fastrtps_cpp.so
[1.259s] -- Up-to-date: /home/bobo/ros2_ws/install/tug_msgs/include/tug_msgs/tug_msgs
[1.259s] -- Up-to-date: /home/bobo/ros2_ws/install/tug_msgs/include/tug_msgs/tug_msgs/msg
[1.259s] -- Up-to-date: /home/bobo/ros2_ws/install/tug_msgs/include/tug_msgs/tug_msgs/msg/detail
[1.259s] -- Up-to-date: /home/bobo/ros2_ws/install/tug_msgs/include/tug_msgs/tug_msgs/msg/detail/wheel_encoder__rosidl_typesupport_introspection_cpp.hpp
[1.259s] -- Up-to-date: /home/bobo/ros2_ws/install/tug_msgs/include/tug_msgs/tug_msgs/msg/detail/bicycle__type_support.cpp
[1.260s] -- Up-to-date: /home/bobo/ros2_ws/install/tug_msgs/include/tug_msgs/tug_msgs/msg/detail/robot_pose__rosidl_typesupport_introspection_cpp.hpp
[1.260s] -- Up-to-date: /home/bobo/ros2_ws/install/tug_msgs/include/tug_msgs/tug_msgs/msg/detail/robot_pose__type_support.cpp
[1.260s] -- Up-to-date: /home/bobo/ros2_ws/install/tug_msgs/include/tug_msgs/tug_msgs/msg/detail/bicycle__rosidl_typesupport_introspection_cpp.hpp
[1.260s] -- Up-to-date: /home/bobo/ros2_ws/install/tug_msgs/include/tug_msgs/tug_msgs/msg/detail/movement__type_support.cpp
[1.260s] -- Up-to-date: /home/bobo/ros2_ws/install/tug_msgs/include/tug_msgs/tug_msgs/msg/detail/wheel_encoder__type_support.cpp
[1.260s] -- Up-to-date: /home/bobo/ros2_ws/install/tug_msgs/include/tug_msgs/tug_msgs/msg/detail/movement__rosidl_typesupport_introspection_cpp.hpp
[1.260s] -- Up-to-date: /home/bobo/ros2_ws/install/tug_msgs/lib/libtug_msgs__rosidl_typesupport_introspection_cpp.so
[1.260s] -- Up-to-date: /home/bobo/ros2_ws/install/tug_msgs/lib/libtug_msgs__rosidl_typesupport_cpp.so
[1.260s] -- Up-to-date: /home/bobo/ros2_ws/install/tug_msgs/share/tug_msgs/environment/pythonpath.sh
[1.261s] -- Up-to-date: /home/bobo/ros2_ws/install/tug_msgs/share/tug_msgs/environment/pythonpath.dsv
[1.261s] -- Up-to-date: /home/bobo/ros2_ws/install/tug_msgs/local/lib/python3.10/dist-packages/tug_msgs-0.0.0-py3.10.egg-info
[1.261s] -- Installing: /home/bobo/ros2_ws/install/tug_msgs/local/lib/python3.10/dist-packages/tug_msgs-0.0.0-py3.10.egg-info/top_level.txt
[1.261s] -- Installing: /home/bobo/ros2_ws/install/tug_msgs/local/lib/python3.10/dist-packages/tug_msgs-0.0.0-py3.10.egg-info/dependency_links.txt
[1.261s] -- Installing: /home/bobo/ros2_ws/install/tug_msgs/local/lib/python3.10/dist-packages/tug_msgs-0.0.0-py3.10.egg-info/SOURCES.txt
[1.261s] -- Installing: /home/bobo/ros2_ws/install/tug_msgs/local/lib/python3.10/dist-packages/tug_msgs-0.0.0-py3.10.egg-info/PKG-INFO
[1.261s] -- Up-to-date: /home/bobo/ros2_ws/install/tug_msgs/local/lib/python3.10/dist-packages/tug_msgs
[1.261s] -- Up-to-date: /home/bobo/ros2_ws/install/tug_msgs/local/lib/python3.10/dist-packages/tug_msgs/libtug_msgs__rosidl_generator_py.so
[1.262s] -- Up-to-date: /home/bobo/ros2_ws/install/tug_msgs/local/lib/python3.10/dist-packages/tug_msgs/_tug_msgs_s.ep.rosidl_typesupport_introspection_c.c
[1.262s] -- Up-to-date: /home/bobo/ros2_ws/install/tug_msgs/local/lib/python3.10/dist-packages/tug_msgs/_tug_msgs_s.ep.rosidl_typesupport_c.c
[1.262s] -- Up-to-date: /home/bobo/ros2_ws/install/tug_msgs/local/lib/python3.10/dist-packages/tug_msgs/tug_msgs_s__rosidl_typesupport_introspection_c.cpython-310-x86_64-linux-gnu.so
[1.262s] -- Up-to-date: /home/bobo/ros2_ws/install/tug_msgs/local/lib/python3.10/dist-packages/tug_msgs/__init__.py
[1.262s] -- Up-to-date: /home/bobo/ros2_ws/install/tug_msgs/local/lib/python3.10/dist-packages/tug_msgs/msg
[1.262s] -- Up-to-date: /home/bobo/ros2_ws/install/tug_msgs/local/lib/python3.10/dist-packages/tug_msgs/msg/_wheel_encoder.py
[1.262s] -- Up-to-date: /home/bobo/ros2_ws/install/tug_msgs/local/lib/python3.10/dist-packages/tug_msgs/msg/_robot_pose_s.c
[1.262s] -- Up-to-date: /home/bobo/ros2_ws/install/tug_msgs/local/lib/python3.10/dist-packages/tug_msgs/msg/__init__.py
[1.263s] -- Up-to-date: /home/bobo/ros2_ws/install/tug_msgs/local/lib/python3.10/dist-packages/tug_msgs/msg/_movement_s.c
[1.263s] -- Up-to-date: /home/bobo/ros2_ws/install/tug_msgs/local/lib/python3.10/dist-packages/tug_msgs/msg/_movement.py
[1.263s] -- Up-to-date: /home/bobo/ros2_ws/install/tug_msgs/local/lib/python3.10/dist-packages/tug_msgs/msg/_robot_pose.py
[1.263s] -- Up-to-date: /home/bobo/ros2_ws/install/tug_msgs/local/lib/python3.10/dist-packages/tug_msgs/msg/_bicycle.py
[1.263s] -- Up-to-date: /home/bobo/ros2_ws/install/tug_msgs/local/lib/python3.10/dist-packages/tug_msgs/msg/_wheel_encoder_s.c
[1.263s] -- Up-to-date: /home/bobo/ros2_ws/install/tug_msgs/local/lib/python3.10/dist-packages/tug_msgs/msg/_bicycle_s.c
[1.264s] -- Up-to-date: /home/bobo/ros2_ws/install/tug_msgs/local/lib/python3.10/dist-packages/tug_msgs/tug_msgs_s__rosidl_typesupport_c.cpython-310-x86_64-linux-gnu.so
[1.264s] -- Up-to-date: /home/bobo/ros2_ws/install/tug_msgs/local/lib/python3.10/dist-packages/tug_msgs/tug_msgs_s__rosidl_typesupport_fastrtps_c.cpython-310-x86_64-linux-gnu.so
[1.264s] -- Up-to-date: /home/bobo/ros2_ws/install/tug_msgs/local/lib/python3.10/dist-packages/tug_msgs/_tug_msgs_s.ep.rosidl_typesupport_fastrtps_c.c
[1.388s] Listing '/home/bobo/ros2_ws/install/tug_msgs/local/lib/python3.10/dist-packages/tug_msgs'...
[1.389s] Listing '/home/bobo/ros2_ws/install/tug_msgs/local/lib/python3.10/dist-packages/tug_msgs/msg'...
[1.400s] -- Up-to-date: /home/bobo/ros2_ws/install/tug_msgs/local/lib/python3.10/dist-packages/tug_msgs/tug_msgs_s__rosidl_typesupport_fastrtps_c.cpython-310-x86_64-linux-gnu.so
[1.401s] -- Up-to-date: /home/bobo/ros2_ws/install/tug_msgs/local/lib/python3.10/dist-packages/tug_msgs/tug_msgs_s__rosidl_typesupport_introspection_c.cpython-310-x86_64-linux-gnu.so
[1.402s] -- Up-to-date: /home/bobo/ros2_ws/install/tug_msgs/local/lib/python3.10/dist-packages/tug_msgs/tug_msgs_s__rosidl_typesupport_c.cpython-310-x86_64-linux-gnu.so
[1.404s] -- Up-to-date: /home/bobo/ros2_ws/install/tug_msgs/lib/libtug_msgs__rosidl_generator_py.so
[1.405s] -- Up-to-date: /home/bobo/ros2_ws/install/tug_msgs/share/tug_msgs/msg/Bicycle.idl
[1.405s] -- Up-to-date: /home/bobo/ros2_ws/install/tug_msgs/share/tug_msgs/msg/Movement.idl
[1.405s] -- Up-to-date: /home/bobo/ros2_ws/install/tug_msgs/share/tug_msgs/msg/RobotPose.idl
[1.406s] -- Up-to-date: /home/bobo/ros2_ws/install/tug_msgs/share/tug_msgs/msg/WheelEncoder.idl
[1.406s] -- Up-to-date: /home/bobo/ros2_ws/install/tug_msgs/share/tug_msgs/msg/Bicycle.msg
[1.406s] -- Up-to-date: /home/bobo/ros2_ws/install/tug_msgs/share/tug_msgs/msg/Movement.msg
[1.407s] -- Up-to-date: /home/bobo/ros2_ws/install/tug_msgs/share/tug_msgs/msg/RobotPose.msg
[1.407s] -- Up-to-date: /home/bobo/ros2_ws/install/tug_msgs/share/tug_msgs/msg/WheelEncoder.msg
[1.407s] -- Up-to-date: /home/bobo/ros2_ws/install/tug_msgs/share/ament_index/resource_index/package_run_dependencies/tug_msgs
[1.407s] -- Up-to-date: /home/bobo/ros2_ws/install/tug_msgs/share/ament_index/resource_index/parent_prefix_path/tug_msgs
[1.408s] -- Up-to-date: /home/bobo/ros2_ws/install/tug_msgs/share/tug_msgs/environment/ament_prefix_path.sh
[1.408s] -- Up-to-date: /home/bobo/ros2_ws/install/tug_msgs/share/tug_msgs/environment/ament_prefix_path.dsv
[1.408s] -- Up-to-date: /home/bobo/ros2_ws/install/tug_msgs/share/tug_msgs/environment/path.sh
[1.409s] -- Up-to-date: /home/bobo/ros2_ws/install/tug_msgs/share/tug_msgs/environment/path.dsv
[1.409s] -- Up-to-date: /home/bobo/ros2_ws/install/tug_msgs/share/tug_msgs/local_setup.bash
[1.409s] -- Up-to-date: /home/bobo/ros2_ws/install/tug_msgs/share/tug_msgs/local_setup.sh
[1.410s] -- Up-to-date: /home/bobo/ros2_ws/install/tug_msgs/share/tug_msgs/local_setup.zsh
[1.410s] -- Up-to-date: /home/bobo/ros2_ws/install/tug_msgs/share/tug_msgs/local_setup.dsv
[1.410s] -- Installing: /home/bobo/ros2_ws/install/tug_msgs/share/tug_msgs/package.dsv
[1.411s] -- Up-to-date: /home/bobo/ros2_ws/install/tug_msgs/share/ament_index/resource_index/packages/tug_msgs
[1.411s] -- Up-to-date: /home/bobo/ros2_ws/install/tug_msgs/share/tug_msgs/cmake/export_tug_msgs__rosidl_generator_cExport.cmake
[1.411s] -- Up-to-date: /home/bobo/ros2_ws/install/tug_msgs/share/tug_msgs/cmake/export_tug_msgs__rosidl_generator_cExport-debug.cmake
[1.412s] -- Up-to-date: /home/bobo/ros2_ws/install/tug_msgs/share/tug_msgs/cmake/export_tug_msgs__rosidl_typesupport_fastrtps_cExport.cmake
[1.412s] -- Up-to-date: /home/bobo/ros2_ws/install/tug_msgs/share/tug_msgs/cmake/export_tug_msgs__rosidl_typesupport_fastrtps_cExport-debug.cmake
[1.412s] -- Up-to-date: /home/bobo/ros2_ws/install/tug_msgs/share/tug_msgs/cmake/tug_msgs__rosidl_typesupport_introspection_cExport.cmake
[1.412s] -- Up-to-date: /home/bobo/ros2_ws/install/tug_msgs/share/tug_msgs/cmake/tug_msgs__rosidl_typesupport_introspection_cExport-debug.cmake
[1.412s] -- Up-to-date: /home/bobo/ros2_ws/install/tug_msgs/share/tug_msgs/cmake/tug_msgs__rosidl_typesupport_cExport.cmake
[1.413s] -- Up-to-date: /home/bobo/ros2_ws/install/tug_msgs/share/tug_msgs/cmake/tug_msgs__rosidl_typesupport_cExport-debug.cmake
[1.413s] -- Up-to-date: /home/bobo/ros2_ws/install/tug_msgs/share/tug_msgs/cmake/export_tug_msgs__rosidl_generator_cppExport.cmake
[1.413s] -- Up-to-date: /home/bobo/ros2_ws/install/tug_msgs/share/tug_msgs/cmake/export_tug_msgs__rosidl_typesupport_fastrtps_cppExport.cmake
[1.413s] -- Up-to-date: /home/bobo/ros2_ws/install/tug_msgs/share/tug_msgs/cmake/export_tug_msgs__rosidl_typesupport_fastrtps_cppExport-debug.cmake
[1.414s] -- Up-to-date: /home/bobo/ros2_ws/install/tug_msgs/share/tug_msgs/cmake/tug_msgs__rosidl_typesupport_introspection_cppExport.cmake
[1.414s] -- Up-to-date: /home/bobo/ros2_ws/install/tug_msgs/share/tug_msgs/cmake/tug_msgs__rosidl_typesupport_introspection_cppExport-debug.cmake
[1.414s] -- Up-to-date: /home/bobo/ros2_ws/install/tug_msgs/share/tug_msgs/cmake/tug_msgs__rosidl_typesupport_cppExport.cmake
[1.415s] -- Up-to-date: /home/bobo/ros2_ws/install/tug_msgs/share/tug_msgs/cmake/tug_msgs__rosidl_typesupport_cppExport-debug.cmake
[1.415s] -- Up-to-date: /home/bobo/ros2_ws/install/tug_msgs/share/tug_msgs/cmake/export_tug_msgs__rosidl_generator_pyExport.cmake
[1.415s] -- Up-to-date: /home/bobo/ros2_ws/install/tug_msgs/share/tug_msgs/cmake/export_tug_msgs__rosidl_generator_pyExport-debug.cmake
[1.415s] -- Up-to-date: /home/bobo/ros2_ws/install/tug_msgs/share/tug_msgs/cmake/rosidl_cmake-extras.cmake
[1.415s] -- Up-to-date: /home/bobo/ros2_ws/install/tug_msgs/share/tug_msgs/cmake/ament_cmake_export_include_directories-extras.cmake
[1.416s] -- Up-to-date: /home/bobo/ros2_ws/install/tug_msgs/share/tug_msgs/cmake/ament_cmake_export_libraries-extras.cmake
[1.416s] -- Up-to-date: /home/bobo/ros2_ws/install/tug_msgs/share/tug_msgs/cmake/ament_cmake_export_targets-extras.cmake
[1.416s] -- Up-to-date: /home/bobo/ros2_ws/install/tug_msgs/share/tug_msgs/cmake/rosidl_cmake_export_typesupport_targets-extras.cmake
[1.417s] -- Up-to-date: /home/bobo/ros2_ws/install/tug_msgs/share/tug_msgs/cmake/ament_cmake_export_dependencies-extras.cmake
[1.421s] -- Up-to-date: /home/bobo/ros2_ws/install/tug_msgs/share/tug_msgs/cmake/rosidl_cmake_export_typesupport_libraries-extras.cmake
[1.423s] -- Up-to-date: /home/bobo/ros2_ws/install/tug_msgs/share/tug_msgs/cmake/tug_msgsConfig.cmake
[1.424s] -- Up-to-date: /home/bobo/ros2_ws/install/tug_msgs/share/tug_msgs/cmake/tug_msgsConfig-version.cmake
[1.424s] -- Up-to-date: /home/bobo/ros2_ws/install/tug_msgs/share/tug_msgs/package.xml
[1.425s] Invoked command in '/home/bobo/ros2_ws/build/tug_msgs' returned '0': CMAKE_PREFIX_PATH=${CMAKE_PREFIX_PATH}:/opt/ros/humble /usr/bin/cmake --install /home/bobo/ros2_ws/build/tug_msgs
