[0.031s] Invoking command in '/home/bobo/ros2_ws/build/tug_turtlebot4': CMAKE_PREFIX_PATH=/home/bobo/ros2_ws/install/tug_msgs:/home/bobo/ros2_ws/install/tug_turtlebot4:/home/bobo/ros2_ws/install/tug_stage_ros2:/home/bobo/ros2_ws/install/tug_mr2:/home/bobo/ros2_ws/install/ros2cpp_tutorials_service:/home/bobo/ros2_ws/install/ros2cpp_tutorials_publisher_subscriber:/home/bobo/ros2_ws/install/ros2cpp_tutorials_parameter:/home/bobo/ros2_ws/install/ros2cpp_tutorials_action:/home/bobo/ros2_ws/install/Eigen3:/opt/ros/humble LD_LIBRARY_PATH=/home/bobo/ros2_ws/install/tug_msgs/lib:/home/bobo/stg/lib:/home/bobo/ros2_ws/install/ros2cpp_tutorials_service/lib:/home/bobo/ros2_ws/install/ros2cpp_tutorials_action/lib:/opt/ros/humble/opt/rviz_ogre_vendor/lib:/opt/ros/humble/lib/x86_64-linux-gnu:/opt/ros/humble/lib /usr/bin/cmake --build /home/bobo/ros2_ws/build/tug_turtlebot4 -- -j8 -l8
[0.088s] -- Found ament_cmake: 1.3.10 (/opt/ros/humble/share/ament_cmake/cmake)
[0.376s] -- Found rclcpp: 16.0.10 (/opt/ros/humble/share/rclcpp/cmake)
[0.432s] -- Found rosidl_generator_c: 3.1.5 (/opt/ros/humble/share/rosidl_generator_c/cmake)
[0.437s] -- Found rosidl_adapter: 3.1.5 (/opt/ros/humble/share/rosidl_adapter/cmake)
[0.448s] -- Found rosidl_generator_cpp: 3.1.5 (/opt/ros/humble/share/rosidl_generator_cpp/cmake)
[0.470s] -- Using all available rosidl_typesupport_c: rosidl_typesupport_fastrtps_c;rosidl_typesupport_introspection_c
[0.495s] -- Using all available rosidl_typesupport_cpp: rosidl_typesupport_fastrtps_cpp;rosidl_typesupport_introspection_cpp
[0.569s] -- Found rmw_implementation_cmake: 6.1.2 (/opt/ros/humble/share/rmw_implementation_cmake/cmake)
[0.572s] -- Found rmw_fastrtps_cpp: 6.2.7 (/opt/ros/humble/share/rmw_fastrtps_cpp/cmake)
[0.781s] -- Using RMW implementation 'rmw_fastrtps_cpp' as default
[0.890s] -- Found tf2: 0.25.8 (/opt/ros/humble/share/tf2/cmake)
[0.926s] -- Found tf2_ros: 0.25.8 (/opt/ros/humble/share/tf2_ros/cmake)
[1.101s] -- Found tf2_geometry_msgs: 0.25.8 (/opt/ros/humble/share/tf2_geometry_msgs/cmake)
[1.108s] -- Found eigen3_cmake_module: 0.1.1 (/opt/ros/humble/share/eigen3_cmake_module/cmake)
[1.111s] -- Ensuring Eigen3 include directory is part of orocos-kdl CMake target
[1.115s] -- Found tug_msgs: 0.0.0 (/home/bobo/ros2_ws/install/tug_msgs/share/tug_msgs/cmake)
[1.135s] -- Looking for ignition-gazebo6 -- found version 6.16.0
[1.145s] -- Searching for dependencies of ignition-gazebo6
[1.146s] -- Looking for sdformat12 -- found version 12.8.0
[1.147s] -- Searching for dependencies of sdformat12
[1.155s] -- Checking for module 'tinyxml2'
[1.180s] --   Found tinyxml2, version 9.0.0
[1.241s] -- Looking for ignition-math6 -- found version 6.15.1
[1.242s] -- Searching for dependencies of ignition-math6
[1.245s] -- Looking for ignition-utils1 -- found version 1.5.1
[1.246s] -- Searching for dependencies of ignition-utils1
[1.249s] -- Looking for ignition-plugin1 -- found version 1.4.0
[1.251s] -- Searching for dependencies of ignition-plugin1
[1.252s] -- Searching for <ignition-plugin1> component [loader]
[1.253s] -- Looking for ignition-plugin1-loader -- found version 1.4.0
[1.255s] -- Searching for dependencies of ignition-plugin1-loader
[1.256s] -- Searching for <ignition-plugin1> component [register]
[1.257s] -- Looking for ignition-plugin1-register -- found version 1.4.0
[1.258s] -- Searching for dependencies of ignition-plugin1-register
[1.260s] -- Looking for ignition-transport11 -- found version 11.4.1
[1.261s] -- Searching for dependencies of ignition-transport11
[1.326s] -- Config-file not installed for ZeroMQ -- checking for pkg-config
[1.335s] -- Checking for module 'libzmq >= 4'
[1.361s] --   Found libzmq , version 4.3.4
[1.447s] -- Checking for module 'uuid'
[1.473s] --   Found uuid, version 2.37.2
[1.540s] -- Looking for ignition-utils1 -- found version 1.5.1
[1.541s] -- Searching for dependencies of ignition-utils1
[1.541s] -- Searching for <ignition-utils1> component [cli]
[1.550s] -- Looking for ignition-utils1-cli -- found version 1.5.1
[1.551s] -- Searching for dependencies of ignition-utils1-cli
[1.553s] -- Looking for ignition-msgs8 -- found version 8.7.0
[1.554s] -- Searching for dependencies of ignition-msgs8
[1.591s] -- Found Protobuf: /usr/lib/x86_64-linux-gnu/libprotobuf.so (found suitable version "3.12.4", minimum required is "3") 
[1.593s] -- Looking for ignition-math6 -- found version 6.15.1
[1.610s] -- Searching for <ignition-transport11> component [log]
[1.611s] -- Looking for ignition-transport11-log -- found version 11.4.1
[1.612s] -- Searching for dependencies of ignition-transport11-log
[1.614s] -- Searching for <ignition-transport11> component [parameters]
[1.615s] -- Looking for ignition-transport11-parameters -- found version 11.4.1
[1.616s] -- Searching for dependencies of ignition-transport11-parameters
[1.618s] -- Looking for ignition-msgs8 -- found version 8.7.0
[1.619s] -- Looking for ignition-common4 -- found version 4.7.0
[1.620s] -- Searching for dependencies of ignition-common4
[1.621s] -- Looking for dlfcn.h - found
[1.621s] -- Looking for libdl - found
[1.640s] -- Searching for <ignition-common4> component [profiler]
[1.641s] -- Looking for ignition-common4-profiler -- found version 4.7.0
[1.642s] -- Searching for dependencies of ignition-common4-profiler
[1.643s] -- Searching for <ignition-common4> component [events]
[1.645s] -- Looking for ignition-common4-events -- found version 4.7.0
[1.646s] -- Searching for dependencies of ignition-common4-events
[1.647s] -- Looking for ignition-math6 -- found version 6.15.1
[1.648s] -- Searching for <ignition-common4> component [av]
[1.649s] -- Looking for ignition-common4-av -- found version 4.7.0
[1.650s] -- Searching for dependencies of ignition-common4-av
[1.661s] -- Checking for module 'libswscale'
[1.687s] --   Found libswscale, version 5.9.100
[1.761s] -- Checking for module 'libavdevice >= 56.4.100'
[1.790s] --   Found libavdevice , version 58.13.100
[1.903s] -- Checking for module 'libavformat'
[1.929s] --   Found libavformat, version 58.76.100
[2.015s] -- Checking for module 'libavcodec'
[2.040s] --   Found libavcodec, version 58.134.100
[2.113s] -- Checking for module 'libavutil'
[2.139s] --   Found libavutil, version 56.70.100
[2.201s] -- Looking for ignition-fuel_tools7 -- found version 7.3.1
[2.202s] -- Searching for dependencies of ignition-fuel_tools7
[2.276s] -- Checking for module 'jsoncpp'
[2.303s] --   Found jsoncpp, version 1.9.5
[2.386s] -- Checking for module 'libzip'
[2.411s] --   Found libzip, version 1.7.3
[2.478s] -- Looking for ignition-common4 -- found version 4.7.0
[2.479s] -- Looking for ignition-math6 -- found version 6.15.1
[2.480s] -- Looking for ignition-msgs8 -- found version 8.7.0
[2.490s] -- Looking for ignition-gui6 -- found version 6.8.0
[2.491s] -- Searching for dependencies of ignition-gui6
[2.541s] -- Looking for ignition-math6 -- found version 6.15.1
[2.542s] -- Looking for ignition-common4 -- found version 4.7.0
[2.543s] -- Looking for ignition-plugin1 -- found version 1.4.0
[2.544s] -- Looking for ignition-transport11 -- found version 11.4.1
[2.545s] -- Looking for ignition-rendering6 -- found version 6.6.3
[2.546s] -- Searching for dependencies of ignition-rendering6
[2.547s] -- Looking for ignition-math6 -- found version 6.15.1
[2.549s] -- Searching for dependencies of ignition-math6
[2.549s] -- Searching for <ignition-math6> component [eigen3]
[2.550s] -- Looking for ignition-math6-eigen3 -- found version 6.15.1
[2.551s] -- Searching for dependencies of ignition-math6-eigen3
[2.554s] -- Looking for ignition-common4 -- found version 4.7.0
[2.555s] -- Searching for dependencies of ignition-common4
[2.555s] -- Looking for dlfcn.h - found
[2.555s] -- Looking for libdl - found
[2.574s] -- Searching for <ignition-common4> component [graphics]
[2.575s] -- Looking for ignition-common4-graphics -- found version 4.7.0
[2.577s] -- Searching for dependencies of ignition-common4-graphics
[2.578s] -- Looking for ignition-math6 -- found version 6.15.1
[2.579s] -- Looking for ignition-utils1 -- found version 1.5.1
[2.580s] -- Searching for <ignition-common4> component [events]
[2.582s] -- Looking for ignition-plugin1 -- found version 1.4.0
[2.582s] -- Searching for dependencies of ignition-plugin1
[2.583s] -- Searching for <ignition-plugin1> component [all]
[2.584s] -- Looking for all libraries of ignition-plugin1 -- found version 1.4.0
[2.585s] -- Looking for ignition-plugin1 -- found version 1.4.0
[2.589s] -- Looking for ignition-msgs8 -- found version 8.7.0
[2.629s] -- Looking for ignition-physics5 -- found version 5.3.2
[2.630s] -- Searching for dependencies of ignition-physics5
[2.631s] -- Looking for ignition-math6 -- found version 6.15.1
[2.632s] -- Looking for ignition-plugin1 -- found version 1.4.0
[2.632s] -- Looking for ignition-utils1 -- found version 1.5.1
[2.634s] -- Searching for <ignition-physics5> component [heightmap]
[2.635s] -- Looking for ignition-physics5-heightmap -- found version 5.3.2
[2.637s] -- Searching for dependencies of ignition-physics5-heightmap
[2.637s] -- Looking for ignition-common4 -- found version 4.7.0
[2.638s] -- Searching for <ignition-physics5> component [mesh]
[2.639s] -- Looking for ignition-physics5-mesh -- found version 5.3.2
[2.641s] -- Searching for dependencies of ignition-physics5-mesh
[2.642s] -- Looking for ignition-common4 -- found version 4.7.0
[2.643s] -- Searching for <ignition-physics5> component [sdf]
[2.644s] -- Looking for ignition-physics5-sdf -- found version 5.3.2
[2.645s] -- Searching for dependencies of ignition-physics5-sdf
[2.646s] -- Looking for sdformat12 -- found version 12.8.0
[2.648s] -- Looking for ignition-sensors6 -- found version 6.8.1
[2.649s] -- Searching for dependencies of ignition-sensors6
[2.687s] -- Found Protobuf: /usr/lib/x86_64-linux-gnu/libprotobuf.so (found version "3.12.4") 
[2.689s] -- Looking for ignition-math6 -- found version 6.15.1
[2.690s] -- Looking for ignition-common4 -- found version 4.7.0
[2.692s] -- Looking for ignition-transport11 -- found version 11.4.1
[2.693s] -- Looking for ignition-rendering6 -- found version 6.6.3
[2.694s] -- Looking for ignition-msgs8 -- found version 8.7.0
[2.695s] -- Looking for sdformat12 -- found version 12.8.0
[2.696s] -- Searching for <ignition-sensors6> component [air_pressure]
[2.698s] -- Looking for ignition-sensors6-air_pressure -- found version 6.8.1
[2.699s] -- Searching for dependencies of ignition-sensors6-air_pressure
[2.700s] -- Searching for <ignition-sensors6> component [altimeter]
[2.701s] -- Looking for ignition-sensors6-altimeter -- found version 6.8.1
[2.702s] -- Searching for dependencies of ignition-sensors6-altimeter
[2.703s] -- Searching for <ignition-sensors6> component [imu]
[2.704s] -- Looking for ignition-sensors6-imu -- found version 6.8.1
[2.705s] -- Searching for dependencies of ignition-sensors6-imu
[2.707s] -- Searching for <ignition-sensors6> component [force_torque]
[2.708s] -- Looking for ignition-sensors6-force_torque -- found version 6.8.1
[2.709s] -- Searching for dependencies of ignition-sensors6-force_torque
[2.711s] -- Searching for <ignition-sensors6> component [logical_camera]
[2.712s] -- Looking for ignition-sensors6-logical_camera -- found version 6.8.1
[2.713s] -- Searching for dependencies of ignition-sensors6-logical_camera
[2.714s] -- Searching for <ignition-sensors6> component [magnetometer]
[2.715s] -- Looking for ignition-sensors6-magnetometer -- found version 6.8.1
[2.716s] -- Searching for dependencies of ignition-sensors6-magnetometer
[2.717s] -- Searching for <ignition-sensors6> component [navsat]
[2.718s] -- Looking for ignition-sensors6-navsat -- found version 6.8.1
[2.719s] -- Searching for dependencies of ignition-sensors6-navsat
[2.720s] -- Searching for <ignition-sensors6> component [rendering]
[2.721s] -- Looking for ignition-sensors6-rendering -- found version 6.8.1
[2.722s] -- Searching for dependencies of ignition-sensors6-rendering
[2.724s] -- Searching for <ignition-sensors6> component [lidar]
[2.725s] -- Looking for ignition-sensors6-lidar -- found version 6.8.1
[2.726s] -- Searching for dependencies of ignition-sensors6-lidar
[2.727s] -- Looking for ignition-sensors6 -- found version 6.8.1
[2.728s] -- Searching for <ignition-sensors6> component [gpu_lidar]
[2.729s] -- Looking for ignition-sensors6-gpu_lidar -- found version 6.8.1
[2.730s] -- Searching for dependencies of ignition-sensors6-gpu_lidar
[2.731s] -- Looking for ignition-sensors6 -- found version 6.8.1
[2.732s] -- Searching for <ignition-sensors6> component [camera]
[2.733s] -- Looking for ignition-sensors6-camera -- found version 6.8.1
[2.734s] -- Searching for dependencies of ignition-sensors6-camera
[2.734s] -- Looking for ignition-sensors6 -- found version 6.8.1
[2.736s] -- Searching for <ignition-sensors6> component [boundingbox_camera]
[2.737s] -- Looking for ignition-sensors6-boundingbox_camera -- found version 6.8.1
[2.738s] -- Searching for dependencies of ignition-sensors6-boundingbox_camera
[2.740s] -- Searching for <ignition-sensors6> component [segmentation_camera]
[2.741s] -- Looking for ignition-sensors6-segmentation_camera -- found version 6.8.1
[2.741s] -- Searching for dependencies of ignition-sensors6-segmentation_camera
[2.743s] -- Searching for <ignition-sensors6> component [depth_camera]
[2.744s] -- Looking for ignition-sensors6-depth_camera -- found version 6.8.1
[2.745s] -- Searching for dependencies of ignition-sensors6-depth_camera
[2.745s] -- Looking for ignition-sensors6 -- found version 6.8.1
[2.746s] -- Searching for <ignition-sensors6> component [rgbd_camera]
[2.748s] -- Looking for ignition-sensors6-rgbd_camera -- found version 6.8.1
[2.749s] -- Searching for dependencies of ignition-sensors6-rgbd_camera
[2.749s] -- Looking for ignition-sensors6 -- found version 6.8.1
[2.750s] -- Searching for <ignition-sensors6> component [thermal_camera]
[2.751s] -- Looking for ignition-sensors6-thermal_camera -- found version 6.8.1
[2.752s] -- Searching for dependencies of ignition-sensors6-thermal_camera
[2.753s] -- Looking for ignition-sensors6 -- found version 6.8.1
[2.755s] -- Looking for ignition-rendering6 -- found version 6.6.3
[2.756s] -- Looking for ignition-math6 -- found version 6.15.1
[2.758s] -- Looking for ignition-utils1 -- found version 1.5.1
[2.798s] -- Looking for ignition-plugin1 -- found version 1.4.0
[2.808s] -- Found ament_lint_auto: 0.12.11 (/opt/ros/humble/share/ament_lint_auto/cmake)
[2.942s] -- Added test 'cppcheck' to perform static code analysis on C / C++ code
[2.942s] -- Configured cppcheck include dirs: /home/bobo/ros2_ws/src/mr2_public/tug_turtlebot4/include/
[2.942s] -- Configured cppcheck exclude dirs and/or files: 
[2.944s] -- Added test 'lint_cmake' to check CMake code style
[2.947s] -- Added test 'uncrustify' to check C / C++ code style
[2.948s] -- Configured uncrustify additional arguments: 
[2.948s] -- Added test 'xmllint' to check XML markup files
[2.950s] -- Configuring done
[2.999s] -- Generating done
[3.004s] -- Build files have been written to: /home/bobo/ros2_ws/build/tug_turtlebot4
[3.062s] [35m[1mConsolidate compiler generated dependencies of target tug_wheel_encoder-system[0m
[3.062s] [35m[1mConsolidate compiler generated dependencies of target simple_turtle[0m
[3.063s] [35m[1mConsolidate compiler generated dependencies of target static_transform_publisher[0m
[3.103s] [ 14%] [32mBuilding CXX object CMakeFiles/static_transform_publisher.dir/src/static_transform_publisher.cpp.o[0m
[3.105s] [ 28%] [32mBuilding CXX object CMakeFiles/simple_turtle.dir/src/SimpleTurtleNode.cpp.o[0m
[3.105s] [ 42%] [32mBuilding CXX object CMakeFiles/simple_turtle.dir/src/simple_turtle.cpp.o[0m
[3.112s] [ 57%] [32mBuilding CXX object CMakeFiles/tug_wheel_encoder-system.dir/src/ign_plugin/WheelEncoder.cpp.o[0m
[8.601s] [01m[K/home/bobo/ros2_ws/src/mr2_public/tug_turtlebot4/src/SimpleTurtleNode.cpp:[m[K In member function ‘[01m[Kvoid tug_turtlebot4::SimpleTurtleNode::wheelEncoderCallback(const ConstSharedPtr&)[m[K’:
[8.601s] [01m[K/home/bobo/ros2_ws/src/mr2_public/tug_turtlebot4/src/SimpleTurtleNode.cpp:63:39:[m[K [01;35m[Kwarning: [m[Kunused parameter ‘[01m[Kmsg[m[K’ [[01;35m[K]8;;https://gcc.gnu.org/onlinedocs/gcc/Warning-Options.html#index-Wunused-parameter-Wunused-parameter]8;;[m[K]
[8.602s]    63 |   [01;35m[Kconst WheelEncoder::ConstSharedPtr& msg[m[K
[8.602s]       |   [01;35m[K~~~~~~~~~~~~~~~~~~~~~~~~~~~~~~~~~~~~^~~[m[K
[8.602s] [01m[K/home/bobo/ros2_ws/src/mr2_public/tug_turtlebot4/src/SimpleTurtleNode.cpp:[m[K In member function ‘[01m[Kvoid tug_turtlebot4::SimpleTurtleNode::poseCallback(const Pose&)[m[K’:
[8.602s] [01m[K/home/bobo/ros2_ws/src/mr2_public/tug_turtlebot4/src/SimpleTurtleNode.cpp:70:49:[m[K [01;35m[Kwarning: [m[Kunused parameter ‘[01m[Kmsg[m[K’ [[01;35m[K]8;;https://gcc.gnu.org/onlinedocs/gcc/Warning-Options.html#index-Wunused-parameter-Wunused-parameter]8;;[m[K]
[8.603s]    70 | void SimpleTurtleNode::poseCallback([01;35m[Kconst Pose& msg[m[K)
[8.603s]       |                                     [01;35m[K~~~~~~~~~~~~^~~[m[K
[11.706s] [ 71%] [32m[1mLinking CXX executable static_transform_publisher[0m
[12.272s] [ 71%] Built target static_transform_publisher
[31.141s] [ 85%] [32m[1mLinking CXX executable simple_turtle[0m
[32.001s] [ 85%] Built target simple_turtle
[37.720s] [100%] [32m[1mLinking CXX shared library libtug_wheel_encoder-system.so[0m
[39.181s] [100%] Built target tug_wheel_encoder-system
[39.194s] Invoked command in '/home/bobo/ros2_ws/build/tug_turtlebot4' returned '0': CMAKE_PREFIX_PATH=/home/bobo/ros2_ws/install/tug_msgs:/home/bobo/ros2_ws/install/tug_turtlebot4:/home/bobo/ros2_ws/install/tug_stage_ros2:/home/bobo/ros2_ws/install/tug_mr2:/home/bobo/ros2_ws/install/ros2cpp_tutorials_service:/home/bobo/ros2_ws/install/ros2cpp_tutorials_publisher_subscriber:/home/bobo/ros2_ws/install/ros2cpp_tutorials_parameter:/home/bobo/ros2_ws/install/ros2cpp_tutorials_action:/home/bobo/ros2_ws/install/Eigen3:/opt/ros/humble LD_LIBRARY_PATH=/home/bobo/ros2_ws/install/tug_msgs/lib:/home/bobo/stg/lib:/home/bobo/ros2_ws/install/ros2cpp_tutorials_service/lib:/home/bobo/ros2_ws/install/ros2cpp_tutorials_action/lib:/opt/ros/humble/opt/rviz_ogre_vendor/lib:/opt/ros/humble/lib/x86_64-linux-gnu:/opt/ros/humble/lib /usr/bin/cmake --build /home/bobo/ros2_ws/build/tug_turtlebot4 -- -j8 -l8
[39.238s] Invoking command in '/home/bobo/ros2_ws/build/tug_turtlebot4': CMAKE_PREFIX_PATH=/home/bobo/ros2_ws/install/tug_msgs:/home/bobo/ros2_ws/install/tug_turtlebot4:/home/bobo/ros2_ws/install/tug_stage_ros2:/home/bobo/ros2_ws/install/tug_mr2:/home/bobo/ros2_ws/install/ros2cpp_tutorials_service:/home/bobo/ros2_ws/install/ros2cpp_tutorials_publisher_subscriber:/home/bobo/ros2_ws/install/ros2cpp_tutorials_parameter:/home/bobo/ros2_ws/install/ros2cpp_tutorials_action:/home/bobo/ros2_ws/install/Eigen3:/opt/ros/humble LD_LIBRARY_PATH=/home/bobo/ros2_ws/install/tug_msgs/lib:/home/bobo/stg/lib:/home/bobo/ros2_ws/install/ros2cpp_tutorials_service/lib:/home/bobo/ros2_ws/install/ros2cpp_tutorials_action/lib:/opt/ros/humble/opt/rviz_ogre_vendor/lib:/opt/ros/humble/lib/x86_64-linux-gnu:/opt/ros/humble/lib /usr/bin/cmake --install /home/bobo/ros2_ws/build/tug_turtlebot4
[39.246s] -- Install configuration: ""
[39.247s] -- Installing: /home/bobo/ros2_ws/install/tug_turtlebot4/lib/tug_turtlebot4/libtug_wheel_encoder-system.so
[39.264s] -- Set runtime path of "/home/bobo/ros2_ws/install/tug_turtlebot4/lib/tug_turtlebot4/libtug_wheel_encoder-system.so" to ""
[39.264s] -- Installing: /home/bobo/ros2_ws/install/tug_turtlebot4/lib/tug_turtlebot4/simple_turtle
[39.272s] -- Set runtime path of "/home/bobo/ros2_ws/install/tug_turtlebot4/lib/tug_turtlebot4/simple_turtle" to ""
[39.272s] -- Installing: /home/bobo/ros2_ws/install/tug_turtlebot4/lib/tug_turtlebot4/static_transform_publisher
[39.274s] -- Set runtime path of "/home/bobo/ros2_ws/install/tug_turtlebot4/lib/tug_turtlebot4/static_transform_publisher" to ""
[39.274s] -- Up-to-date: /home/bobo/ros2_ws/install/tug_turtlebot4/share/tug_turtlebot4/config
[39.274s] -- Installing: /home/bobo/ros2_ws/install/tug_turtlebot4/share/tug_turtlebot4/config/static_transform_publisher.yaml
[39.274s] -- Installing: /home/bobo/ros2_ws/install/tug_turtlebot4/share/tug_turtlebot4/config/ros_gz_bridge.yaml
[39.274s] -- Up-to-date: /home/bobo/ros2_ws/install/tug_turtlebot4/share/tug_turtlebot4/launch
[39.275s] -- Installing: /home/bobo/ros2_ws/install/tug_turtlebot4/share/tug_turtlebot4/launch/turtlebot_launch.xml
[39.275s] -- Installing: /home/bobo/ros2_ws/install/tug_turtlebot4/share/tug_turtlebot4/launch/simple_turtle_launch.xml
[39.275s] -- Up-to-date: /home/bobo/ros2_ws/install/tug_turtlebot4/share/tug_turtlebot4/rviz
[39.275s] -- Installing: /home/bobo/ros2_ws/install/tug_turtlebot4/share/tug_turtlebot4/rviz/config.rviz
[39.275s] -- Up-to-date: /home/bobo/ros2_ws/install/tug_turtlebot4/share/tug_turtlebot4/urdf
[39.275s] -- Installing: /home/bobo/ros2_ws/install/tug_turtlebot4/share/tug_turtlebot4/urdf/tug_turtlebot4.urdf
[39.275s] -- Up-to-date: /home/bobo/ros2_ws/install/tug_turtlebot4/share/tug_turtlebot4/worlds
[39.276s] -- Installing: /home/bobo/ros2_ws/install/tug_turtlebot4/share/tug_turtlebot4/worlds/columns.sdf
[39.276s] -- Up-to-date: /home/bobo/ros2_ws/install/tug_turtlebot4/share/ament_index/resource_index/package_run_dependencies/tug_turtlebot4
[39.276s] -- Up-to-date: /home/bobo/ros2_ws/install/tug_turtlebot4/share/ament_index/resource_index/parent_prefix_path/tug_turtlebot4
[39.276s] -- Up-to-date: /home/bobo/ros2_ws/install/tug_turtlebot4/share/tug_turtlebot4/environment/ament_prefix_path.sh
[39.276s] -- Installing: /home/bobo/ros2_ws/install/tug_turtlebot4/share/tug_turtlebot4/environment/ament_prefix_path.dsv
[39.276s] -- Up-to-date: /home/bobo/ros2_ws/install/tug_turtlebot4/share/tug_turtlebot4/environment/path.sh
[39.276s] -- Installing: /home/bobo/ros2_ws/install/tug_turtlebot4/share/tug_turtlebot4/environment/path.dsv
[39.277s] -- Up-to-date: /home/bobo/ros2_ws/install/tug_turtlebot4/share/tug_turtlebot4/local_setup.bash
[39.277s] -- Up-to-date: /home/bobo/ros2_ws/install/tug_turtlebot4/share/tug_turtlebot4/local_setup.sh
[39.277s] -- Up-to-date: /home/bobo/ros2_ws/install/tug_turtlebot4/share/tug_turtlebot4/local_setup.zsh
[39.277s] -- Installing: /home/bobo/ros2_ws/install/tug_turtlebot4/share/tug_turtlebot4/local_setup.dsv
[39.277s] -- Installing: /home/bobo/ros2_ws/install/tug_turtlebot4/share/tug_turtlebot4/package.dsv
[39.277s] -- Up-to-date: /home/bobo/ros2_ws/install/tug_turtlebot4/share/ament_index/resource_index/packages/tug_turtlebot4
[39.277s] -- Up-to-date: /home/bobo/ros2_ws/install/tug_turtlebot4/share/tug_turtlebot4/cmake/tug_turtlebot4Config.cmake
[39.277s] -- Up-to-date: /home/bobo/ros2_ws/install/tug_turtlebot4/share/tug_turtlebot4/cmake/tug_turtlebot4Config-version.cmake
[39.277s] -- Installing: /home/bobo/ros2_ws/install/tug_turtlebot4/share/tug_turtlebot4/package.xml
[39.279s] Invoked command in '/home/bobo/ros2_ws/build/tug_turtlebot4' returned '0': CMAKE_PREFIX_PATH=/home/bobo/ros2_ws/install/tug_msgs:/home/bobo/ros2_ws/install/tug_turtlebot4:/home/bobo/ros2_ws/install/tug_stage_ros2:/home/bobo/ros2_ws/install/tug_mr2:/home/bobo/ros2_ws/install/ros2cpp_tutorials_service:/home/bobo/ros2_ws/install/ros2cpp_tutorials_publisher_subscriber:/home/bobo/ros2_ws/install/ros2cpp_tutorials_parameter:/home/bobo/ros2_ws/install/ros2cpp_tutorials_action:/home/bobo/ros2_ws/install/Eigen3:/opt/ros/humble LD_LIBRARY_PATH=/home/bobo/ros2_ws/install/tug_msgs/lib:/home/bobo/stg/lib:/home/bobo/ros2_ws/install/ros2cpp_tutorials_service/lib:/home/bobo/ros2_ws/install/ros2cpp_tutorials_action/lib:/opt/ros/humble/opt/rviz_ogre_vendor/lib:/opt/ros/humble/lib/x86_64-linux-gnu:/opt/ros/humble/lib /usr/bin/cmake --install /home/bobo/ros2_ws/build/tug_turtlebot4
