[0.036s] Invoking command in '/home/bobo/ros2_ws/build/ros2cpp_tutorials_service': CMAKE_PREFIX_PATH=${CMAKE_PREFIX_PATH}:/opt/ros/humble /usr/bin/cmake --build /home/bobo/ros2_ws/build/ros2cpp_tutorials_service -- -j8 -l8
[0.188s] [  2%] Built target ros2cpp_tutorials_service__cpp
[0.210s] [ 10%] Built target ros2cpp_tutorials_service__rosidl_generator_c
[0.258s] [ 10%] Built target ament_cmake_python_copy_ros2cpp_tutorials_service
[0.262s] [ 17%] Built target ros2cpp_tutorials_service__rosidl_typesupport_cpp
[0.279s] [ 25%] Built target ros2cpp_tutorials_service__rosidl_typesupport_c
[0.280s] [ 33%] Built target ros2cpp_tutorials_service__rosidl_typesupport_fastrtps_cpp
[0.288s] [ 41%] Built target ros2cpp_tutorials_service__rosidl_typesupport_fastrtps_c
[0.288s] [ 48%] Built target ros2cpp_tutorials_service__rosidl_typesupport_introspection_c
[0.305s] [ 56%] Built target ros2cpp_tutorials_service__rosidl_typesupport_introspection_cpp
[0.377s] [ 61%] Built target client_async_callback
[0.377s] [ 66%] Built target client
[0.379s] [ 71%] Built target service
[0.390s] [ 76%] Built target client_sync_callback
[0.392s] [ 76%] Built target ros2cpp_tutorials_service
[0.439s] [ 79%] Built target ros2cpp_tutorials_service__py
[0.506s] [ 84%] Built target ros2cpp_tutorials_service__rosidl_generator_py
[0.569s] [ 89%] Built target ros2cpp_tutorials_service__rosidl_typesupport_introspection_c__pyext
[0.569s] [ 94%] Built target ros2cpp_tutorials_service__rosidl_typesupport_fastrtps_c__pyext
[0.571s] [100%] Built target ros2cpp_tutorials_service__rosidl_typesupport_c__pyext
[0.776s] running egg_info
[0.777s] writing ros2cpp_tutorials_service.egg-info/PKG-INFO
[0.777s] writing dependency_links to ros2cpp_tutorials_service.egg-info/dependency_links.txt
[0.778s] writing top-level names to ros2cpp_tutorials_service.egg-info/top_level.txt
[0.783s] reading manifest file 'ros2cpp_tutorials_service.egg-info/SOURCES.txt'
[0.784s] writing manifest file 'ros2cpp_tutorials_service.egg-info/SOURCES.txt'
[0.822s] [100%] Built target ament_cmake_python_build_ros2cpp_tutorials_service_egg
[0.838s] Invoked command in '/home/bobo/ros2_ws/build/ros2cpp_tutorials_service' returned '0': CMAKE_PREFIX_PATH=${CMAKE_PREFIX_PATH}:/opt/ros/humble /usr/bin/cmake --build /home/bobo/ros2_ws/build/ros2cpp_tutorials_service -- -j8 -l8
[0.934s] Invoking command in '/home/bobo/ros2_ws/build/ros2cpp_tutorials_service': CMAKE_PREFIX_PATH=${CMAKE_PREFIX_PATH}:/opt/ros/humble /usr/bin/cmake --install /home/bobo/ros2_ws/build/ros2cpp_tutorials_service
[0.949s] -- Install configuration: ""
[0.949s] -- Up-to-date: /home/bobo/ros2_ws/install/ros2cpp_tutorials_service/share/ament_index/resource_index/rosidl_interfaces/ros2cpp_tutorials_service
[0.949s] -- Up-to-date: /home/bobo/ros2_ws/install/ros2cpp_tutorials_service/include/ros2cpp_tutorials_service/ros2cpp_tutorials_service
[0.950s] -- Up-to-date: /home/bobo/ros2_ws/install/ros2cpp_tutorials_service/include/ros2cpp_tutorials_service/ros2cpp_tutorials_service/srv
[0.950s] -- Up-to-date: /home/bobo/ros2_ws/install/ros2cpp_tutorials_service/include/ros2cpp_tutorials_service/ros2cpp_tutorials_service/srv/detail
[0.950s] -- Up-to-date: /home/bobo/ros2_ws/install/ros2cpp_tutorials_service/include/ros2cpp_tutorials_service/ros2cpp_tutorials_service/srv/detail/add_two_ints__type_support.h
[0.950s] -- Up-to-date: /home/bobo/ros2_ws/install/ros2cpp_tutorials_service/include/ros2cpp_tutorials_service/ros2cpp_tutorials_service/srv/detail/add_two_ints__struct.h
[0.951s] -- Up-to-date: /home/bobo/ros2_ws/install/ros2cpp_tutorials_service/include/ros2cpp_tutorials_service/ros2cpp_tutorials_service/srv/detail/add_two_ints__functions.h
[0.951s] -- Up-to-date: /home/bobo/ros2_ws/install/ros2cpp_tutorials_service/include/ros2cpp_tutorials_service/ros2cpp_tutorials_service/srv/detail/add_two_ints__functions.c
[0.951s] -- Up-to-date: /home/bobo/ros2_ws/install/ros2cpp_tutorials_service/include/ros2cpp_tutorials_service/ros2cpp_tutorials_service/srv/add_two_ints.h
[0.951s] -- Up-to-date: /home/bobo/ros2_ws/install/ros2cpp_tutorials_service/include/ros2cpp_tutorials_service/ros2cpp_tutorials_service/msg
[0.952s] -- Up-to-date: /home/bobo/ros2_ws/install/ros2cpp_tutorials_service/include/ros2cpp_tutorials_service/ros2cpp_tutorials_service/msg/rosidl_generator_c__visibility_control.h
[0.952s] -- Up-to-date: /home/bobo/ros2_ws/install/ros2cpp_tutorials_service/share/ros2cpp_tutorials_service/environment/library_path.sh
[0.956s] -- Up-to-date: /home/bobo/ros2_ws/install/ros2cpp_tutorials_service/share/ros2cpp_tutorials_service/environment/library_path.dsv
[0.957s] -- Up-to-date: /home/bobo/ros2_ws/install/ros2cpp_tutorials_service/lib/libros2cpp_tutorials_service__rosidl_generator_c.so
[0.957s] -- Up-to-date: /home/bobo/ros2_ws/install/ros2cpp_tutorials_service/include/ros2cpp_tutorials_service/ros2cpp_tutorials_service
[0.957s] -- Up-to-date: /home/bobo/ros2_ws/install/ros2cpp_tutorials_service/include/ros2cpp_tutorials_service/ros2cpp_tutorials_service/srv
[0.957s] -- Up-to-date: /home/bobo/ros2_ws/install/ros2cpp_tutorials_service/include/ros2cpp_tutorials_service/ros2cpp_tutorials_service/srv/detail
[0.957s] -- Up-to-date: /home/bobo/ros2_ws/install/ros2cpp_tutorials_service/include/ros2cpp_tutorials_service/ros2cpp_tutorials_service/srv/detail/add_two_ints__rosidl_typesupport_fastrtps_c.h
[0.958s] -- Up-to-date: /home/bobo/ros2_ws/install/ros2cpp_tutorials_service/include/ros2cpp_tutorials_service/ros2cpp_tutorials_service/msg
[0.958s] -- Up-to-date: /home/bobo/ros2_ws/install/ros2cpp_tutorials_service/include/ros2cpp_tutorials_service/ros2cpp_tutorials_service/msg/rosidl_typesupport_fastrtps_c__visibility_control.h
[0.959s] -- Up-to-date: /home/bobo/ros2_ws/install/ros2cpp_tutorials_service/lib/libros2cpp_tutorials_service__rosidl_typesupport_fastrtps_c.so
[0.959s] -- Up-to-date: /home/bobo/ros2_ws/install/ros2cpp_tutorials_service/include/ros2cpp_tutorials_service/ros2cpp_tutorials_service
[0.959s] -- Up-to-date: /home/bobo/ros2_ws/install/ros2cpp_tutorials_service/include/ros2cpp_tutorials_service/ros2cpp_tutorials_service/srv
[0.960s] -- Up-to-date: /home/bobo/ros2_ws/install/ros2cpp_tutorials_service/include/ros2cpp_tutorials_service/ros2cpp_tutorials_service/srv/detail
[0.960s] -- Up-to-date: /home/bobo/ros2_ws/install/ros2cpp_tutorials_service/include/ros2cpp_tutorials_service/ros2cpp_tutorials_service/srv/detail/add_two_ints__rosidl_typesupport_introspection_c.h
[0.960s] -- Up-to-date: /home/bobo/ros2_ws/install/ros2cpp_tutorials_service/include/ros2cpp_tutorials_service/ros2cpp_tutorials_service/srv/detail/add_two_ints__type_support.c
[0.960s] -- Up-to-date: /home/bobo/ros2_ws/install/ros2cpp_tutorials_service/include/ros2cpp_tutorials_service/ros2cpp_tutorials_service/msg
[0.960s] -- Up-to-date: /home/bobo/ros2_ws/install/ros2cpp_tutorials_service/include/ros2cpp_tutorials_service/ros2cpp_tutorials_service/msg/rosidl_typesupport_introspection_c__visibility_control.h
[0.960s] -- Up-to-date: /home/bobo/ros2_ws/install/ros2cpp_tutorials_service/lib/libros2cpp_tutorials_service__rosidl_typesupport_introspection_c.so
[0.960s] -- Up-to-date: /home/bobo/ros2_ws/install/ros2cpp_tutorials_service/lib/libros2cpp_tutorials_service__rosidl_typesupport_c.so
[0.961s] -- Up-to-date: /home/bobo/ros2_ws/install/ros2cpp_tutorials_service/include/ros2cpp_tutorials_service/ros2cpp_tutorials_service
[0.961s] -- Up-to-date: /home/bobo/ros2_ws/install/ros2cpp_tutorials_service/include/ros2cpp_tutorials_service/ros2cpp_tutorials_service/srv
[0.961s] -- Up-to-date: /home/bobo/ros2_ws/install/ros2cpp_tutorials_service/include/ros2cpp_tutorials_service/ros2cpp_tutorials_service/srv/detail
[0.961s] -- Up-to-date: /home/bobo/ros2_ws/install/ros2cpp_tutorials_service/include/ros2cpp_tutorials_service/ros2cpp_tutorials_service/srv/detail/add_two_ints__struct.hpp
[0.961s] -- Up-to-date: /home/bobo/ros2_ws/install/ros2cpp_tutorials_service/include/ros2cpp_tutorials_service/ros2cpp_tutorials_service/srv/detail/add_two_ints__traits.hpp
[0.961s] -- Up-to-date: /home/bobo/ros2_ws/install/ros2cpp_tutorials_service/include/ros2cpp_tutorials_service/ros2cpp_tutorials_service/srv/detail/add_two_ints__builder.hpp
[0.961s] -- Up-to-date: /home/bobo/ros2_ws/install/ros2cpp_tutorials_service/include/ros2cpp_tutorials_service/ros2cpp_tutorials_service/srv/add_two_ints.hpp
[0.961s] -- Up-to-date: /home/bobo/ros2_ws/install/ros2cpp_tutorials_service/include/ros2cpp_tutorials_service/ros2cpp_tutorials_service
[0.961s] -- Up-to-date: /home/bobo/ros2_ws/install/ros2cpp_tutorials_service/include/ros2cpp_tutorials_service/ros2cpp_tutorials_service/srv
[0.961s] -- Up-to-date: /home/bobo/ros2_ws/install/ros2cpp_tutorials_service/include/ros2cpp_tutorials_service/ros2cpp_tutorials_service/srv/detail
[0.961s] -- Up-to-date: /home/bobo/ros2_ws/install/ros2cpp_tutorials_service/include/ros2cpp_tutorials_service/ros2cpp_tutorials_service/srv/detail/add_two_ints__rosidl_typesupport_fastrtps_cpp.hpp
[0.962s] -- Up-to-date: /home/bobo/ros2_ws/install/ros2cpp_tutorials_service/include/ros2cpp_tutorials_service/ros2cpp_tutorials_service/srv/detail/dds_fastrtps
[0.962s] -- Up-to-date: /home/bobo/ros2_ws/install/ros2cpp_tutorials_service/include/ros2cpp_tutorials_service/ros2cpp_tutorials_service/msg
[0.962s] -- Up-to-date: /home/bobo/ros2_ws/install/ros2cpp_tutorials_service/include/ros2cpp_tutorials_service/ros2cpp_tutorials_service/msg/rosidl_typesupport_fastrtps_cpp__visibility_control.h
[0.962s] -- Up-to-date: /home/bobo/ros2_ws/install/ros2cpp_tutorials_service/lib/libros2cpp_tutorials_service__rosidl_typesupport_fastrtps_cpp.so
[0.962s] -- Up-to-date: /home/bobo/ros2_ws/install/ros2cpp_tutorials_service/include/ros2cpp_tutorials_service/ros2cpp_tutorials_service
[0.962s] -- Up-to-date: /home/bobo/ros2_ws/install/ros2cpp_tutorials_service/include/ros2cpp_tutorials_service/ros2cpp_tutorials_service/srv
[0.962s] -- Up-to-date: /home/bobo/ros2_ws/install/ros2cpp_tutorials_service/include/ros2cpp_tutorials_service/ros2cpp_tutorials_service/srv/detail
[0.962s] -- Up-to-date: /home/bobo/ros2_ws/install/ros2cpp_tutorials_service/include/ros2cpp_tutorials_service/ros2cpp_tutorials_service/srv/detail/add_two_ints__type_support.cpp
[0.962s] -- Up-to-date: /home/bobo/ros2_ws/install/ros2cpp_tutorials_service/include/ros2cpp_tutorials_service/ros2cpp_tutorials_service/srv/detail/add_two_ints__rosidl_typesupport_introspection_cpp.hpp
[0.962s] -- Up-to-date: /home/bobo/ros2_ws/install/ros2cpp_tutorials_service/lib/libros2cpp_tutorials_service__rosidl_typesupport_introspection_cpp.so
[0.962s] -- Up-to-date: /home/bobo/ros2_ws/install/ros2cpp_tutorials_service/lib/libros2cpp_tutorials_service__rosidl_typesupport_cpp.so
[0.962s] -- Up-to-date: /home/bobo/ros2_ws/install/ros2cpp_tutorials_service/share/ros2cpp_tutorials_service/environment/pythonpath.sh
[0.963s] -- Up-to-date: /home/bobo/ros2_ws/install/ros2cpp_tutorials_service/share/ros2cpp_tutorials_service/environment/pythonpath.dsv
[0.963s] -- Up-to-date: /home/bobo/ros2_ws/install/ros2cpp_tutorials_service/local/lib/python3.10/dist-packages/ros2cpp_tutorials_service-1.0.0-py3.10.egg-info
[0.963s] -- Installing: /home/bobo/ros2_ws/install/ros2cpp_tutorials_service/local/lib/python3.10/dist-packages/ros2cpp_tutorials_service-1.0.0-py3.10.egg-info/top_level.txt
[0.963s] -- Installing: /home/bobo/ros2_ws/install/ros2cpp_tutorials_service/local/lib/python3.10/dist-packages/ros2cpp_tutorials_service-1.0.0-py3.10.egg-info/dependency_links.txt
[0.963s] -- Installing: /home/bobo/ros2_ws/install/ros2cpp_tutorials_service/local/lib/python3.10/dist-packages/ros2cpp_tutorials_service-1.0.0-py3.10.egg-info/SOURCES.txt
[0.963s] -- Installing: /home/bobo/ros2_ws/install/ros2cpp_tutorials_service/local/lib/python3.10/dist-packages/ros2cpp_tutorials_service-1.0.0-py3.10.egg-info/PKG-INFO
[0.964s] -- Up-to-date: /home/bobo/ros2_ws/install/ros2cpp_tutorials_service/local/lib/python3.10/dist-packages/ros2cpp_tutorials_service
[0.964s] -- Up-to-date: /home/bobo/ros2_ws/install/ros2cpp_tutorials_service/local/lib/python3.10/dist-packages/ros2cpp_tutorials_service/_ros2cpp_tutorials_service_s.ep.rosidl_typesupport_c.c
[0.964s] -- Up-to-date: /home/bobo/ros2_ws/install/ros2cpp_tutorials_service/local/lib/python3.10/dist-packages/ros2cpp_tutorials_service/srv
[0.964s] -- Up-to-date: /home/bobo/ros2_ws/install/ros2cpp_tutorials_service/local/lib/python3.10/dist-packages/ros2cpp_tutorials_service/srv/_add_two_ints.py
[0.964s] -- Up-to-date: /home/bobo/ros2_ws/install/ros2cpp_tutorials_service/local/lib/python3.10/dist-packages/ros2cpp_tutorials_service/srv/__init__.py
[0.964s] -- Up-to-date: /home/bobo/ros2_ws/install/ros2cpp_tutorials_service/local/lib/python3.10/dist-packages/ros2cpp_tutorials_service/srv/_add_two_ints_s.c
[0.964s] -- Up-to-date: /home/bobo/ros2_ws/install/ros2cpp_tutorials_service/local/lib/python3.10/dist-packages/ros2cpp_tutorials_service/ros2cpp_tutorials_service_s__rosidl_typesupport_c.cpython-310-x86_64-linux-gnu.so
[0.964s] -- Up-to-date: /home/bobo/ros2_ws/install/ros2cpp_tutorials_service/local/lib/python3.10/dist-packages/ros2cpp_tutorials_service/__init__.py
[0.964s] -- Up-to-date: /home/bobo/ros2_ws/install/ros2cpp_tutorials_service/local/lib/python3.10/dist-packages/ros2cpp_tutorials_service/ros2cpp_tutorials_service_s__rosidl_typesupport_fastrtps_c.cpython-310-x86_64-linux-gnu.so
[0.964s] -- Up-to-date: /home/bobo/ros2_ws/install/ros2cpp_tutorials_service/local/lib/python3.10/dist-packages/ros2cpp_tutorials_service/ros2cpp_tutorials_service_s__rosidl_typesupport_introspection_c.cpython-310-x86_64-linux-gnu.so
[0.964s] -- Up-to-date: /home/bobo/ros2_ws/install/ros2cpp_tutorials_service/local/lib/python3.10/dist-packages/ros2cpp_tutorials_service/_ros2cpp_tutorials_service_s.ep.rosidl_typesupport_fastrtps_c.c
[0.964s] -- Up-to-date: /home/bobo/ros2_ws/install/ros2cpp_tutorials_service/local/lib/python3.10/dist-packages/ros2cpp_tutorials_service/libros2cpp_tutorials_service__rosidl_generator_py.so
[0.965s] -- Up-to-date: /home/bobo/ros2_ws/install/ros2cpp_tutorials_service/local/lib/python3.10/dist-packages/ros2cpp_tutorials_service/_ros2cpp_tutorials_service_s.ep.rosidl_typesupport_introspection_c.c
[1.013s] Listing '/home/bobo/ros2_ws/install/ros2cpp_tutorials_service/local/lib/python3.10/dist-packages/ros2cpp_tutorials_service'...
[1.013s] Listing '/home/bobo/ros2_ws/install/ros2cpp_tutorials_service/local/lib/python3.10/dist-packages/ros2cpp_tutorials_service/srv'...
[1.013s] -- Up-to-date: /home/bobo/ros2_ws/install/ros2cpp_tutorials_service/local/lib/python3.10/dist-packages/ros2cpp_tutorials_service/ros2cpp_tutorials_service_s__rosidl_typesupport_fastrtps_c.cpython-310-x86_64-linux-gnu.so
[1.014s] -- Up-to-date: /home/bobo/ros2_ws/install/ros2cpp_tutorials_service/local/lib/python3.10/dist-packages/ros2cpp_tutorials_service/ros2cpp_tutorials_service_s__rosidl_typesupport_introspection_c.cpython-310-x86_64-linux-gnu.so
[1.014s] -- Up-to-date: /home/bobo/ros2_ws/install/ros2cpp_tutorials_service/local/lib/python3.10/dist-packages/ros2cpp_tutorials_service/ros2cpp_tutorials_service_s__rosidl_typesupport_c.cpython-310-x86_64-linux-gnu.so
[1.014s] -- Up-to-date: /home/bobo/ros2_ws/install/ros2cpp_tutorials_service/lib/libros2cpp_tutorials_service__rosidl_generator_py.so
[1.014s] -- Up-to-date: /home/bobo/ros2_ws/install/ros2cpp_tutorials_service/share/ros2cpp_tutorials_service/srv/AddTwoInts.idl
[1.014s] -- Up-to-date: /home/bobo/ros2_ws/install/ros2cpp_tutorials_service/share/ros2cpp_tutorials_service/srv/AddTwoInts.srv
[1.015s] -- Up-to-date: /home/bobo/ros2_ws/install/ros2cpp_tutorials_service/share/ros2cpp_tutorials_service/srv/AddTwoInts_Request.msg
[1.015s] -- Up-to-date: /home/bobo/ros2_ws/install/ros2cpp_tutorials_service/share/ros2cpp_tutorials_service/srv/AddTwoInts_Response.msg
[1.015s] -- Up-to-date: /home/bobo/ros2_ws/install/ros2cpp_tutorials_service/lib/ros2cpp_tutorials_service/client
[1.015s] -- Up-to-date: /home/bobo/ros2_ws/install/ros2cpp_tutorials_service/lib/ros2cpp_tutorials_service/client_async_callback
[1.016s] -- Up-to-date: /home/bobo/ros2_ws/install/ros2cpp_tutorials_service/lib/ros2cpp_tutorials_service/client_sync_callback
[1.016s] -- Up-to-date: /home/bobo/ros2_ws/install/ros2cpp_tutorials_service/lib/ros2cpp_tutorials_service/service
[1.016s] -- Up-to-date: /home/bobo/ros2_ws/install/ros2cpp_tutorials_service/share/ament_index/resource_index/package_run_dependencies/ros2cpp_tutorials_service
[1.016s] -- Up-to-date: /home/bobo/ros2_ws/install/ros2cpp_tutorials_service/share/ament_index/resource_index/parent_prefix_path/ros2cpp_tutorials_service
[1.016s] -- Up-to-date: /home/bobo/ros2_ws/install/ros2cpp_tutorials_service/share/ros2cpp_tutorials_service/environment/ament_prefix_path.sh
[1.017s] -- Up-to-date: /home/bobo/ros2_ws/install/ros2cpp_tutorials_service/share/ros2cpp_tutorials_service/environment/ament_prefix_path.dsv
[1.017s] -- Up-to-date: /home/bobo/ros2_ws/install/ros2cpp_tutorials_service/share/ros2cpp_tutorials_service/environment/path.sh
[1.018s] -- Up-to-date: /home/bobo/ros2_ws/install/ros2cpp_tutorials_service/share/ros2cpp_tutorials_service/environment/path.dsv
[1.018s] -- Up-to-date: /home/bobo/ros2_ws/install/ros2cpp_tutorials_service/share/ros2cpp_tutorials_service/local_setup.bash
[1.018s] -- Up-to-date: /home/bobo/ros2_ws/install/ros2cpp_tutorials_service/share/ros2cpp_tutorials_service/local_setup.sh
[1.018s] -- Up-to-date: /home/bobo/ros2_ws/install/ros2cpp_tutorials_service/share/ros2cpp_tutorials_service/local_setup.zsh
[1.018s] -- Up-to-date: /home/bobo/ros2_ws/install/ros2cpp_tutorials_service/share/ros2cpp_tutorials_service/local_setup.dsv
[1.019s] -- Installing: /home/bobo/ros2_ws/install/ros2cpp_tutorials_service/share/ros2cpp_tutorials_service/package.dsv
[1.019s] -- Up-to-date: /home/bobo/ros2_ws/install/ros2cpp_tutorials_service/share/ament_index/resource_index/packages/ros2cpp_tutorials_service
[1.019s] -- Up-to-date: /home/bobo/ros2_ws/install/ros2cpp_tutorials_service/share/ros2cpp_tutorials_service/cmake/export_ros2cpp_tutorials_service__rosidl_generator_cExport.cmake
[1.019s] -- Up-to-date: /home/bobo/ros2_ws/install/ros2cpp_tutorials_service/share/ros2cpp_tutorials_service/cmake/export_ros2cpp_tutorials_service__rosidl_generator_cExport-noconfig.cmake
[1.020s] -- Up-to-date: /home/bobo/ros2_ws/install/ros2cpp_tutorials_service/share/ros2cpp_tutorials_service/cmake/export_ros2cpp_tutorials_service__rosidl_typesupport_fastrtps_cExport.cmake
[1.020s] -- Up-to-date: /home/bobo/ros2_ws/install/ros2cpp_tutorials_service/share/ros2cpp_tutorials_service/cmake/export_ros2cpp_tutorials_service__rosidl_typesupport_fastrtps_cExport-noconfig.cmake
[1.021s] -- Up-to-date: /home/bobo/ros2_ws/install/ros2cpp_tutorials_service/share/ros2cpp_tutorials_service/cmake/ros2cpp_tutorials_service__rosidl_typesupport_introspection_cExport.cmake
[1.021s] -- Up-to-date: /home/bobo/ros2_ws/install/ros2cpp_tutorials_service/share/ros2cpp_tutorials_service/cmake/ros2cpp_tutorials_service__rosidl_typesupport_introspection_cExport-noconfig.cmake
[1.021s] -- Up-to-date: /home/bobo/ros2_ws/install/ros2cpp_tutorials_service/share/ros2cpp_tutorials_service/cmake/ros2cpp_tutorials_service__rosidl_typesupport_cExport.cmake
[1.021s] -- Up-to-date: /home/bobo/ros2_ws/install/ros2cpp_tutorials_service/share/ros2cpp_tutorials_service/cmake/ros2cpp_tutorials_service__rosidl_typesupport_cExport-noconfig.cmake
[1.021s] -- Up-to-date: /home/bobo/ros2_ws/install/ros2cpp_tutorials_service/share/ros2cpp_tutorials_service/cmake/export_ros2cpp_tutorials_service__rosidl_generator_cppExport.cmake
[1.021s] -- Up-to-date: /home/bobo/ros2_ws/install/ros2cpp_tutorials_service/share/ros2cpp_tutorials_service/cmake/export_ros2cpp_tutorials_service__rosidl_typesupport_fastrtps_cppExport.cmake
[1.022s] -- Up-to-date: /home/bobo/ros2_ws/install/ros2cpp_tutorials_service/share/ros2cpp_tutorials_service/cmake/export_ros2cpp_tutorials_service__rosidl_typesupport_fastrtps_cppExport-noconfig.cmake
[1.022s] -- Up-to-date: /home/bobo/ros2_ws/install/ros2cpp_tutorials_service/share/ros2cpp_tutorials_service/cmake/ros2cpp_tutorials_service__rosidl_typesupport_introspection_cppExport.cmake
[1.022s] -- Up-to-date: /home/bobo/ros2_ws/install/ros2cpp_tutorials_service/share/ros2cpp_tutorials_service/cmake/ros2cpp_tutorials_service__rosidl_typesupport_introspection_cppExport-noconfig.cmake
[1.022s] -- Up-to-date: /home/bobo/ros2_ws/install/ros2cpp_tutorials_service/share/ros2cpp_tutorials_service/cmake/ros2cpp_tutorials_service__rosidl_typesupport_cppExport.cmake
[1.022s] -- Up-to-date: /home/bobo/ros2_ws/install/ros2cpp_tutorials_service/share/ros2cpp_tutorials_service/cmake/ros2cpp_tutorials_service__rosidl_typesupport_cppExport-noconfig.cmake
[1.023s] -- Up-to-date: /home/bobo/ros2_ws/install/ros2cpp_tutorials_service/share/ros2cpp_tutorials_service/cmake/export_ros2cpp_tutorials_service__rosidl_generator_pyExport.cmake
[1.023s] -- Up-to-date: /home/bobo/ros2_ws/install/ros2cpp_tutorials_service/share/ros2cpp_tutorials_service/cmake/export_ros2cpp_tutorials_service__rosidl_generator_pyExport-noconfig.cmake
[1.023s] -- Up-to-date: /home/bobo/ros2_ws/install/ros2cpp_tutorials_service/share/ros2cpp_tutorials_service/cmake/rosidl_cmake-extras.cmake
[1.023s] -- Up-to-date: /home/bobo/ros2_ws/install/ros2cpp_tutorials_service/share/ros2cpp_tutorials_service/cmake/ament_cmake_export_include_directories-extras.cmake
[1.023s] -- Up-to-date: /home/bobo/ros2_ws/install/ros2cpp_tutorials_service/share/ros2cpp_tutorials_service/cmake/ament_cmake_export_libraries-extras.cmake
[1.023s] -- Up-to-date: /home/bobo/ros2_ws/install/ros2cpp_tutorials_service/share/ros2cpp_tutorials_service/cmake/ament_cmake_export_targets-extras.cmake
[1.023s] -- Up-to-date: /home/bobo/ros2_ws/install/ros2cpp_tutorials_service/share/ros2cpp_tutorials_service/cmake/rosidl_cmake_export_typesupport_targets-extras.cmake
[1.024s] -- Up-to-date: /home/bobo/ros2_ws/install/ros2cpp_tutorials_service/share/ros2cpp_tutorials_service/cmake/ament_cmake_export_dependencies-extras.cmake
[1.024s] -- Up-to-date: /home/bobo/ros2_ws/install/ros2cpp_tutorials_service/share/ros2cpp_tutorials_service/cmake/rosidl_cmake_export_typesupport_libraries-extras.cmake
[1.024s] -- Up-to-date: /home/bobo/ros2_ws/install/ros2cpp_tutorials_service/share/ros2cpp_tutorials_service/cmake/ros2cpp_tutorials_serviceConfig.cmake
[1.024s] -- Up-to-date: /home/bobo/ros2_ws/install/ros2cpp_tutorials_service/share/ros2cpp_tutorials_service/cmake/ros2cpp_tutorials_serviceConfig-version.cmake
[1.025s] -- Up-to-date: /home/bobo/ros2_ws/install/ros2cpp_tutorials_service/share/ros2cpp_tutorials_service/package.xml
[1.027s] Invoked command in '/home/bobo/ros2_ws/build/ros2cpp_tutorials_service' returned '0': CMAKE_PREFIX_PATH=${CMAKE_PREFIX_PATH}:/opt/ros/humble /usr/bin/cmake --install /home/bobo/ros2_ws/build/ros2cpp_tutorials_service
