[0.035s] Invoking command in '/home/bobo/ros2_ws/build/ros2cpp_tutorials_service': CMAKE_PREFIX_PATH=${CMAKE_PREFIX_PATH}:/opt/ros/humble /usr/bin/cmake --build /home/bobo/ros2_ws/build/ros2cpp_tutorials_service -- -j8 -l8
[0.164s] [  2%] Built target ros2cpp_tutorials_service__cpp
[0.170s] [ 10%] Built target ros2cpp_tutorials_service__rosidl_generator_c
[0.196s] [ 10%] Built target ament_cmake_python_copy_ros2cpp_tutorials_service
[0.253s] [ 17%] Built target ros2cpp_tutorials_service__rosidl_typesupport_introspection_cpp
[0.268s] [ 25%] Built target ros2cpp_tutorials_service__rosidl_typesupport_c
[0.278s] [ 33%] Built target ros2cpp_tutorials_service__rosidl_typesupport_cpp
[0.286s] [ 41%] Built target ros2cpp_tutorials_service__rosidl_typesupport_fastrtps_c
[0.290s] [ 48%] Built target ros2cpp_tutorials_service__rosidl_typesupport_introspection_c
[0.296s] [ 56%] Built target ros2cpp_tutorials_service__rosidl_typesupport_fastrtps_cpp
[0.353s] [ 56%] Built target ros2cpp_tutorials_service
[0.372s] [ 61%] Built target client_async_callback
[0.374s] [ 66%] Built target client
[0.386s] [ 71%] Built target service
[0.391s] [ 76%] Built target client_sync_callback
[0.402s] [ 79%] Built target ros2cpp_tutorials_service__py
[0.461s] [ 84%] Built target ros2cpp_tutorials_service__rosidl_generator_py
[0.538s] [ 89%] Built target ros2cpp_tutorials_service__rosidl_typesupport_fastrtps_c__pyext
[0.539s] [100%] Built target ros2cpp_tutorials_service__rosidl_typesupport_introspection_c__pyext
[0.539s] [100%] Built target ros2cpp_tutorials_service__rosidl_typesupport_c__pyext
[0.705s] running egg_info
[0.707s] writing ros2cpp_tutorials_service.egg-info/PKG-INFO
[0.707s] writing dependency_links to ros2cpp_tutorials_service.egg-info/dependency_links.txt
[0.707s] writing top-level names to ros2cpp_tutorials_service.egg-info/top_level.txt
[0.711s] reading manifest file 'ros2cpp_tutorials_service.egg-info/SOURCES.txt'
[0.712s] writing manifest file 'ros2cpp_tutorials_service.egg-info/SOURCES.txt'
[0.755s] [100%] Built target ament_cmake_python_build_ros2cpp_tutorials_service_egg
[0.771s] Invoked command in '/home/bobo/ros2_ws/build/ros2cpp_tutorials_service' returned '0': CMAKE_PREFIX_PATH=${CMAKE_PREFIX_PATH}:/opt/ros/humble /usr/bin/cmake --build /home/bobo/ros2_ws/build/ros2cpp_tutorials_service -- -j8 -l8
[0.865s] Invoking command in '/home/bobo/ros2_ws/build/ros2cpp_tutorials_service': CMAKE_PREFIX_PATH=${CMAKE_PREFIX_PATH}:/opt/ros/humble /usr/bin/cmake --install /home/bobo/ros2_ws/build/ros2cpp_tutorials_service
[0.877s] -- Install configuration: ""
[0.878s] -- Up-to-date: /home/bobo/ros2_ws/install/ros2cpp_tutorials_service/share/ament_index/resource_index/rosidl_interfaces/ros2cpp_tutorials_service
[0.878s] -- Up-to-date: /home/bobo/ros2_ws/install/ros2cpp_tutorials_service/include/ros2cpp_tutorials_service/ros2cpp_tutorials_service
[0.878s] -- Up-to-date: /home/bobo/ros2_ws/install/ros2cpp_tutorials_service/include/ros2cpp_tutorials_service/ros2cpp_tutorials_service/srv
[0.879s] -- Up-to-date: /home/bobo/ros2_ws/install/ros2cpp_tutorials_service/include/ros2cpp_tutorials_service/ros2cpp_tutorials_service/srv/detail
[0.879s] -- Up-to-date: /home/bobo/ros2_ws/install/ros2cpp_tutorials_service/include/ros2cpp_tutorials_service/ros2cpp_tutorials_service/srv/detail/add_two_ints__type_support.h
[0.879s] -- Up-to-date: /home/bobo/ros2_ws/install/ros2cpp_tutorials_service/include/ros2cpp_tutorials_service/ros2cpp_tutorials_service/srv/detail/add_two_ints__struct.h
[0.880s] -- Up-to-date: /home/bobo/ros2_ws/install/ros2cpp_tutorials_service/include/ros2cpp_tutorials_service/ros2cpp_tutorials_service/srv/detail/add_two_ints__functions.h
[0.880s] -- Up-to-date: /home/bobo/ros2_ws/install/ros2cpp_tutorials_service/include/ros2cpp_tutorials_service/ros2cpp_tutorials_service/srv/detail/add_two_ints__functions.c
[0.880s] -- Up-to-date: /home/bobo/ros2_ws/install/ros2cpp_tutorials_service/include/ros2cpp_tutorials_service/ros2cpp_tutorials_service/srv/add_two_ints.h
[0.880s] -- Up-to-date: /home/bobo/ros2_ws/install/ros2cpp_tutorials_service/include/ros2cpp_tutorials_service/ros2cpp_tutorials_service/msg
[0.881s] -- Up-to-date: /home/bobo/ros2_ws/install/ros2cpp_tutorials_service/include/ros2cpp_tutorials_service/ros2cpp_tutorials_service/msg/rosidl_generator_c__visibility_control.h
[0.881s] -- Up-to-date: /home/bobo/ros2_ws/install/ros2cpp_tutorials_service/share/ros2cpp_tutorials_service/environment/library_path.sh
[0.881s] -- Up-to-date: /home/bobo/ros2_ws/install/ros2cpp_tutorials_service/share/ros2cpp_tutorials_service/environment/library_path.dsv
[0.881s] -- Up-to-date: /home/bobo/ros2_ws/install/ros2cpp_tutorials_service/lib/libros2cpp_tutorials_service__rosidl_generator_c.so
[0.881s] -- Up-to-date: /home/bobo/ros2_ws/install/ros2cpp_tutorials_service/include/ros2cpp_tutorials_service/ros2cpp_tutorials_service
[0.881s] -- Up-to-date: /home/bobo/ros2_ws/install/ros2cpp_tutorials_service/include/ros2cpp_tutorials_service/ros2cpp_tutorials_service/srv
[0.882s] -- Up-to-date: /home/bobo/ros2_ws/install/ros2cpp_tutorials_service/include/ros2cpp_tutorials_service/ros2cpp_tutorials_service/srv/detail
[0.882s] -- Up-to-date: /home/bobo/ros2_ws/install/ros2cpp_tutorials_service/include/ros2cpp_tutorials_service/ros2cpp_tutorials_service/srv/detail/add_two_ints__rosidl_typesupport_fastrtps_c.h
[0.882s] -- Up-to-date: /home/bobo/ros2_ws/install/ros2cpp_tutorials_service/include/ros2cpp_tutorials_service/ros2cpp_tutorials_service/msg
[0.883s] -- Up-to-date: /home/bobo/ros2_ws/install/ros2cpp_tutorials_service/include/ros2cpp_tutorials_service/ros2cpp_tutorials_service/msg/rosidl_typesupport_fastrtps_c__visibility_control.h
[0.883s] -- Up-to-date: /home/bobo/ros2_ws/install/ros2cpp_tutorials_service/lib/libros2cpp_tutorials_service__rosidl_typesupport_fastrtps_c.so
[0.883s] -- Up-to-date: /home/bobo/ros2_ws/install/ros2cpp_tutorials_service/include/ros2cpp_tutorials_service/ros2cpp_tutorials_service
[0.883s] -- Up-to-date: /home/bobo/ros2_ws/install/ros2cpp_tutorials_service/include/ros2cpp_tutorials_service/ros2cpp_tutorials_service/srv
[0.883s] -- Up-to-date: /home/bobo/ros2_ws/install/ros2cpp_tutorials_service/include/ros2cpp_tutorials_service/ros2cpp_tutorials_service/srv/detail
[0.884s] -- Up-to-date: /home/bobo/ros2_ws/install/ros2cpp_tutorials_service/include/ros2cpp_tutorials_service/ros2cpp_tutorials_service/srv/detail/add_two_ints__rosidl_typesupport_introspection_c.h
[0.884s] -- Up-to-date: /home/bobo/ros2_ws/install/ros2cpp_tutorials_service/include/ros2cpp_tutorials_service/ros2cpp_tutorials_service/srv/detail/add_two_ints__type_support.c
[0.884s] -- Up-to-date: /home/bobo/ros2_ws/install/ros2cpp_tutorials_service/include/ros2cpp_tutorials_service/ros2cpp_tutorials_service/msg
[0.884s] -- Up-to-date: /home/bobo/ros2_ws/install/ros2cpp_tutorials_service/include/ros2cpp_tutorials_service/ros2cpp_tutorials_service/msg/rosidl_typesupport_introspection_c__visibility_control.h
[0.884s] -- Up-to-date: /home/bobo/ros2_ws/install/ros2cpp_tutorials_service/lib/libros2cpp_tutorials_service__rosidl_typesupport_introspection_c.so
[0.884s] -- Up-to-date: /home/bobo/ros2_ws/install/ros2cpp_tutorials_service/lib/libros2cpp_tutorials_service__rosidl_typesupport_c.so
[0.885s] -- Up-to-date: /home/bobo/ros2_ws/install/ros2cpp_tutorials_service/include/ros2cpp_tutorials_service/ros2cpp_tutorials_service
[0.885s] -- Up-to-date: /home/bobo/ros2_ws/install/ros2cpp_tutorials_service/include/ros2cpp_tutorials_service/ros2cpp_tutorials_service/srv
[0.885s] -- Up-to-date: /home/bobo/ros2_ws/install/ros2cpp_tutorials_service/include/ros2cpp_tutorials_service/ros2cpp_tutorials_service/srv/detail
[0.885s] -- Up-to-date: /home/bobo/ros2_ws/install/ros2cpp_tutorials_service/include/ros2cpp_tutorials_service/ros2cpp_tutorials_service/srv/detail/add_two_ints__struct.hpp
[0.886s] -- Up-to-date: /home/bobo/ros2_ws/install/ros2cpp_tutorials_service/include/ros2cpp_tutorials_service/ros2cpp_tutorials_service/srv/detail/add_two_ints__traits.hpp
[0.886s] -- Up-to-date: /home/bobo/ros2_ws/install/ros2cpp_tutorials_service/include/ros2cpp_tutorials_service/ros2cpp_tutorials_service/srv/detail/add_two_ints__builder.hpp
[0.886s] -- Up-to-date: /home/bobo/ros2_ws/install/ros2cpp_tutorials_service/include/ros2cpp_tutorials_service/ros2cpp_tutorials_service/srv/add_two_ints.hpp
[0.886s] -- Up-to-date: /home/bobo/ros2_ws/install/ros2cpp_tutorials_service/include/ros2cpp_tutorials_service/ros2cpp_tutorials_service
[0.886s] -- Up-to-date: /home/bobo/ros2_ws/install/ros2cpp_tutorials_service/include/ros2cpp_tutorials_service/ros2cpp_tutorials_service/srv
[0.887s] -- Up-to-date: /home/bobo/ros2_ws/install/ros2cpp_tutorials_service/include/ros2cpp_tutorials_service/ros2cpp_tutorials_service/srv/detail
[0.887s] -- Up-to-date: /home/bobo/ros2_ws/install/ros2cpp_tutorials_service/include/ros2cpp_tutorials_service/ros2cpp_tutorials_service/srv/detail/add_two_ints__rosidl_typesupport_fastrtps_cpp.hpp
[0.887s] -- Up-to-date: /home/bobo/ros2_ws/install/ros2cpp_tutorials_service/include/ros2cpp_tutorials_service/ros2cpp_tutorials_service/srv/detail/dds_fastrtps
[0.887s] -- Up-to-date: /home/bobo/ros2_ws/install/ros2cpp_tutorials_service/include/ros2cpp_tutorials_service/ros2cpp_tutorials_service/msg
[0.887s] -- Up-to-date: /home/bobo/ros2_ws/install/ros2cpp_tutorials_service/include/ros2cpp_tutorials_service/ros2cpp_tutorials_service/msg/rosidl_typesupport_fastrtps_cpp__visibility_control.h
[0.888s] -- Up-to-date: /home/bobo/ros2_ws/install/ros2cpp_tutorials_service/lib/libros2cpp_tutorials_service__rosidl_typesupport_fastrtps_cpp.so
[0.888s] -- Up-to-date: /home/bobo/ros2_ws/install/ros2cpp_tutorials_service/include/ros2cpp_tutorials_service/ros2cpp_tutorials_service
[0.888s] -- Up-to-date: /home/bobo/ros2_ws/install/ros2cpp_tutorials_service/include/ros2cpp_tutorials_service/ros2cpp_tutorials_service/srv
[0.888s] -- Up-to-date: /home/bobo/ros2_ws/install/ros2cpp_tutorials_service/include/ros2cpp_tutorials_service/ros2cpp_tutorials_service/srv/detail
[0.888s] -- Up-to-date: /home/bobo/ros2_ws/install/ros2cpp_tutorials_service/include/ros2cpp_tutorials_service/ros2cpp_tutorials_service/srv/detail/add_two_ints__type_support.cpp
[0.888s] -- Up-to-date: /home/bobo/ros2_ws/install/ros2cpp_tutorials_service/include/ros2cpp_tutorials_service/ros2cpp_tutorials_service/srv/detail/add_two_ints__rosidl_typesupport_introspection_cpp.hpp
[0.889s] -- Up-to-date: /home/bobo/ros2_ws/install/ros2cpp_tutorials_service/lib/libros2cpp_tutorials_service__rosidl_typesupport_introspection_cpp.so
[0.889s] -- Up-to-date: /home/bobo/ros2_ws/install/ros2cpp_tutorials_service/lib/libros2cpp_tutorials_service__rosidl_typesupport_cpp.so
[0.889s] -- Up-to-date: /home/bobo/ros2_ws/install/ros2cpp_tutorials_service/share/ros2cpp_tutorials_service/environment/pythonpath.sh
[0.889s] -- Up-to-date: /home/bobo/ros2_ws/install/ros2cpp_tutorials_service/share/ros2cpp_tutorials_service/environment/pythonpath.dsv
[0.889s] -- Up-to-date: /home/bobo/ros2_ws/install/ros2cpp_tutorials_service/local/lib/python3.10/dist-packages/ros2cpp_tutorials_service-1.0.0-py3.10.egg-info
[0.889s] -- Installing: /home/bobo/ros2_ws/install/ros2cpp_tutorials_service/local/lib/python3.10/dist-packages/ros2cpp_tutorials_service-1.0.0-py3.10.egg-info/top_level.txt
[0.889s] -- Installing: /home/bobo/ros2_ws/install/ros2cpp_tutorials_service/local/lib/python3.10/dist-packages/ros2cpp_tutorials_service-1.0.0-py3.10.egg-info/dependency_links.txt
[0.890s] -- Installing: /home/bobo/ros2_ws/install/ros2cpp_tutorials_service/local/lib/python3.10/dist-packages/ros2cpp_tutorials_service-1.0.0-py3.10.egg-info/SOURCES.txt
[0.890s] -- Installing: /home/bobo/ros2_ws/install/ros2cpp_tutorials_service/local/lib/python3.10/dist-packages/ros2cpp_tutorials_service-1.0.0-py3.10.egg-info/PKG-INFO
[0.890s] -- Up-to-date: /home/bobo/ros2_ws/install/ros2cpp_tutorials_service/local/lib/python3.10/dist-packages/ros2cpp_tutorials_service
[0.890s] -- Up-to-date: /home/bobo/ros2_ws/install/ros2cpp_tutorials_service/local/lib/python3.10/dist-packages/ros2cpp_tutorials_service/_ros2cpp_tutorials_service_s.ep.rosidl_typesupport_c.c
[0.890s] -- Up-to-date: /home/bobo/ros2_ws/install/ros2cpp_tutorials_service/local/lib/python3.10/dist-packages/ros2cpp_tutorials_service/srv
[0.890s] -- Up-to-date: /home/bobo/ros2_ws/install/ros2cpp_tutorials_service/local/lib/python3.10/dist-packages/ros2cpp_tutorials_service/srv/_add_two_ints.py
[0.891s] -- Up-to-date: /home/bobo/ros2_ws/install/ros2cpp_tutorials_service/local/lib/python3.10/dist-packages/ros2cpp_tutorials_service/srv/__init__.py
[0.891s] -- Up-to-date: /home/bobo/ros2_ws/install/ros2cpp_tutorials_service/local/lib/python3.10/dist-packages/ros2cpp_tutorials_service/srv/_add_two_ints_s.c
[0.891s] -- Up-to-date: /home/bobo/ros2_ws/install/ros2cpp_tutorials_service/local/lib/python3.10/dist-packages/ros2cpp_tutorials_service/ros2cpp_tutorials_service_s__rosidl_typesupport_c.cpython-310-x86_64-linux-gnu.so
[0.891s] -- Up-to-date: /home/bobo/ros2_ws/install/ros2cpp_tutorials_service/local/lib/python3.10/dist-packages/ros2cpp_tutorials_service/__init__.py
[0.891s] -- Up-to-date: /home/bobo/ros2_ws/install/ros2cpp_tutorials_service/local/lib/python3.10/dist-packages/ros2cpp_tutorials_service/ros2cpp_tutorials_service_s__rosidl_typesupport_fastrtps_c.cpython-310-x86_64-linux-gnu.so
[0.891s] -- Up-to-date: /home/bobo/ros2_ws/install/ros2cpp_tutorials_service/local/lib/python3.10/dist-packages/ros2cpp_tutorials_service/ros2cpp_tutorials_service_s__rosidl_typesupport_introspection_c.cpython-310-x86_64-linux-gnu.so
[0.892s] -- Up-to-date: /home/bobo/ros2_ws/install/ros2cpp_tutorials_service/local/lib/python3.10/dist-packages/ros2cpp_tutorials_service/_ros2cpp_tutorials_service_s.ep.rosidl_typesupport_fastrtps_c.c
[0.892s] -- Up-to-date: /home/bobo/ros2_ws/install/ros2cpp_tutorials_service/local/lib/python3.10/dist-packages/ros2cpp_tutorials_service/libros2cpp_tutorials_service__rosidl_generator_py.so
[0.892s] -- Up-to-date: /home/bobo/ros2_ws/install/ros2cpp_tutorials_service/local/lib/python3.10/dist-packages/ros2cpp_tutorials_service/_ros2cpp_tutorials_service_s.ep.rosidl_typesupport_introspection_c.c
[0.935s] Listing '/home/bobo/ros2_ws/install/ros2cpp_tutorials_service/local/lib/python3.10/dist-packages/ros2cpp_tutorials_service'...
[0.935s] Listing '/home/bobo/ros2_ws/install/ros2cpp_tutorials_service/local/lib/python3.10/dist-packages/ros2cpp_tutorials_service/srv'...
[0.936s] -- Up-to-date: /home/bobo/ros2_ws/install/ros2cpp_tutorials_service/local/lib/python3.10/dist-packages/ros2cpp_tutorials_service/ros2cpp_tutorials_service_s__rosidl_typesupport_fastrtps_c.cpython-310-x86_64-linux-gnu.so
[0.936s] -- Up-to-date: /home/bobo/ros2_ws/install/ros2cpp_tutorials_service/local/lib/python3.10/dist-packages/ros2cpp_tutorials_service/ros2cpp_tutorials_service_s__rosidl_typesupport_introspection_c.cpython-310-x86_64-linux-gnu.so
[0.936s] -- Up-to-date: /home/bobo/ros2_ws/install/ros2cpp_tutorials_service/local/lib/python3.10/dist-packages/ros2cpp_tutorials_service/ros2cpp_tutorials_service_s__rosidl_typesupport_c.cpython-310-x86_64-linux-gnu.so
[0.936s] -- Up-to-date: /home/bobo/ros2_ws/install/ros2cpp_tutorials_service/lib/libros2cpp_tutorials_service__rosidl_generator_py.so
[0.937s] -- Up-to-date: /home/bobo/ros2_ws/install/ros2cpp_tutorials_service/share/ros2cpp_tutorials_service/srv/AddTwoInts.idl
[0.937s] -- Up-to-date: /home/bobo/ros2_ws/install/ros2cpp_tutorials_service/share/ros2cpp_tutorials_service/srv/AddTwoInts.srv
[0.937s] -- Up-to-date: /home/bobo/ros2_ws/install/ros2cpp_tutorials_service/share/ros2cpp_tutorials_service/srv/AddTwoInts_Request.msg
[0.937s] -- Up-to-date: /home/bobo/ros2_ws/install/ros2cpp_tutorials_service/share/ros2cpp_tutorials_service/srv/AddTwoInts_Response.msg
[0.937s] -- Up-to-date: /home/bobo/ros2_ws/install/ros2cpp_tutorials_service/lib/ros2cpp_tutorials_service/client
[0.937s] -- Up-to-date: /home/bobo/ros2_ws/install/ros2cpp_tutorials_service/lib/ros2cpp_tutorials_service/client_async_callback
[0.938s] -- Up-to-date: /home/bobo/ros2_ws/install/ros2cpp_tutorials_service/lib/ros2cpp_tutorials_service/client_sync_callback
[0.938s] -- Up-to-date: /home/bobo/ros2_ws/install/ros2cpp_tutorials_service/lib/ros2cpp_tutorials_service/service
[0.939s] -- Up-to-date: /home/bobo/ros2_ws/install/ros2cpp_tutorials_service/share/ament_index/resource_index/package_run_dependencies/ros2cpp_tutorials_service
[0.939s] -- Up-to-date: /home/bobo/ros2_ws/install/ros2cpp_tutorials_service/share/ament_index/resource_index/parent_prefix_path/ros2cpp_tutorials_service
[0.939s] -- Up-to-date: /home/bobo/ros2_ws/install/ros2cpp_tutorials_service/share/ros2cpp_tutorials_service/environment/ament_prefix_path.sh
[0.939s] -- Up-to-date: /home/bobo/ros2_ws/install/ros2cpp_tutorials_service/share/ros2cpp_tutorials_service/environment/ament_prefix_path.dsv
[0.939s] -- Up-to-date: /home/bobo/ros2_ws/install/ros2cpp_tutorials_service/share/ros2cpp_tutorials_service/environment/path.sh
[0.939s] -- Up-to-date: /home/bobo/ros2_ws/install/ros2cpp_tutorials_service/share/ros2cpp_tutorials_service/environment/path.dsv
[0.940s] -- Up-to-date: /home/bobo/ros2_ws/install/ros2cpp_tutorials_service/share/ros2cpp_tutorials_service/local_setup.bash
[0.940s] -- Up-to-date: /home/bobo/ros2_ws/install/ros2cpp_tutorials_service/share/ros2cpp_tutorials_service/local_setup.sh
[0.940s] -- Up-to-date: /home/bobo/ros2_ws/install/ros2cpp_tutorials_service/share/ros2cpp_tutorials_service/local_setup.zsh
[0.940s] -- Up-to-date: /home/bobo/ros2_ws/install/ros2cpp_tutorials_service/share/ros2cpp_tutorials_service/local_setup.dsv
[0.940s] -- Installing: /home/bobo/ros2_ws/install/ros2cpp_tutorials_service/share/ros2cpp_tutorials_service/package.dsv
[0.940s] -- Up-to-date: /home/bobo/ros2_ws/install/ros2cpp_tutorials_service/share/ament_index/resource_index/packages/ros2cpp_tutorials_service
[0.941s] -- Up-to-date: /home/bobo/ros2_ws/install/ros2cpp_tutorials_service/share/ros2cpp_tutorials_service/cmake/export_ros2cpp_tutorials_service__rosidl_generator_cExport.cmake
[0.941s] -- Up-to-date: /home/bobo/ros2_ws/install/ros2cpp_tutorials_service/share/ros2cpp_tutorials_service/cmake/export_ros2cpp_tutorials_service__rosidl_generator_cExport-noconfig.cmake
[0.943s] -- Up-to-date: /home/bobo/ros2_ws/install/ros2cpp_tutorials_service/share/ros2cpp_tutorials_service/cmake/export_ros2cpp_tutorials_service__rosidl_typesupport_fastrtps_cExport.cmake
[0.944s] -- Up-to-date: /home/bobo/ros2_ws/install/ros2cpp_tutorials_service/share/ros2cpp_tutorials_service/cmake/export_ros2cpp_tutorials_service__rosidl_typesupport_fastrtps_cExport-noconfig.cmake
[0.945s] -- Up-to-date: /home/bobo/ros2_ws/install/ros2cpp_tutorials_service/share/ros2cpp_tutorials_service/cmake/ros2cpp_tutorials_service__rosidl_typesupport_introspection_cExport.cmake
[0.946s] -- Up-to-date: /home/bobo/ros2_ws/install/ros2cpp_tutorials_service/share/ros2cpp_tutorials_service/cmake/ros2cpp_tutorials_service__rosidl_typesupport_introspection_cExport-noconfig.cmake
[0.946s] -- Up-to-date: /home/bobo/ros2_ws/install/ros2cpp_tutorials_service/share/ros2cpp_tutorials_service/cmake/ros2cpp_tutorials_service__rosidl_typesupport_cExport.cmake
[0.946s] -- Up-to-date: /home/bobo/ros2_ws/install/ros2cpp_tutorials_service/share/ros2cpp_tutorials_service/cmake/ros2cpp_tutorials_service__rosidl_typesupport_cExport-noconfig.cmake
[0.948s] -- Up-to-date: /home/bobo/ros2_ws/install/ros2cpp_tutorials_service/share/ros2cpp_tutorials_service/cmake/export_ros2cpp_tutorials_service__rosidl_generator_cppExport.cmake
[0.948s] -- Up-to-date: /home/bobo/ros2_ws/install/ros2cpp_tutorials_service/share/ros2cpp_tutorials_service/cmake/export_ros2cpp_tutorials_service__rosidl_typesupport_fastrtps_cppExport.cmake
[0.950s] -- Up-to-date: /home/bobo/ros2_ws/install/ros2cpp_tutorials_service/share/ros2cpp_tutorials_service/cmake/export_ros2cpp_tutorials_service__rosidl_typesupport_fastrtps_cppExport-noconfig.cmake
[0.953s] -- Up-to-date: /home/bobo/ros2_ws/install/ros2cpp_tutorials_service/share/ros2cpp_tutorials_service/cmake/ros2cpp_tutorials_service__rosidl_typesupport_introspection_cppExport.cmake
[0.954s] -- Up-to-date: /home/bobo/ros2_ws/install/ros2cpp_tutorials_service/share/ros2cpp_tutorials_service/cmake/ros2cpp_tutorials_service__rosidl_typesupport_introspection_cppExport-noconfig.cmake
[0.956s] -- Up-to-date: /home/bobo/ros2_ws/install/ros2cpp_tutorials_service/share/ros2cpp_tutorials_service/cmake/ros2cpp_tutorials_service__rosidl_typesupport_cppExport.cmake
[0.956s] -- Up-to-date: /home/bobo/ros2_ws/install/ros2cpp_tutorials_service/share/ros2cpp_tutorials_service/cmake/ros2cpp_tutorials_service__rosidl_typesupport_cppExport-noconfig.cmake
[0.957s] -- Up-to-date: /home/bobo/ros2_ws/install/ros2cpp_tutorials_service/share/ros2cpp_tutorials_service/cmake/export_ros2cpp_tutorials_service__rosidl_generator_pyExport.cmake
[0.957s] -- Up-to-date: /home/bobo/ros2_ws/install/ros2cpp_tutorials_service/share/ros2cpp_tutorials_service/cmake/export_ros2cpp_tutorials_service__rosidl_generator_pyExport-noconfig.cmake
[0.957s] -- Up-to-date: /home/bobo/ros2_ws/install/ros2cpp_tutorials_service/share/ros2cpp_tutorials_service/cmake/rosidl_cmake-extras.cmake
[0.957s] -- Up-to-date: /home/bobo/ros2_ws/install/ros2cpp_tutorials_service/share/ros2cpp_tutorials_service/cmake/ament_cmake_export_include_directories-extras.cmake
[0.957s] -- Up-to-date: /home/bobo/ros2_ws/install/ros2cpp_tutorials_service/share/ros2cpp_tutorials_service/cmake/ament_cmake_export_libraries-extras.cmake
[0.958s] -- Up-to-date: /home/bobo/ros2_ws/install/ros2cpp_tutorials_service/share/ros2cpp_tutorials_service/cmake/ament_cmake_export_targets-extras.cmake
[0.958s] -- Up-to-date: /home/bobo/ros2_ws/install/ros2cpp_tutorials_service/share/ros2cpp_tutorials_service/cmake/rosidl_cmake_export_typesupport_targets-extras.cmake
[0.958s] -- Up-to-date: /home/bobo/ros2_ws/install/ros2cpp_tutorials_service/share/ros2cpp_tutorials_service/cmake/ament_cmake_export_dependencies-extras.cmake
[0.958s] -- Up-to-date: /home/bobo/ros2_ws/install/ros2cpp_tutorials_service/share/ros2cpp_tutorials_service/cmake/rosidl_cmake_export_typesupport_libraries-extras.cmake
[0.959s] -- Up-to-date: /home/bobo/ros2_ws/install/ros2cpp_tutorials_service/share/ros2cpp_tutorials_service/cmake/ros2cpp_tutorials_serviceConfig.cmake
[0.959s] -- Up-to-date: /home/bobo/ros2_ws/install/ros2cpp_tutorials_service/share/ros2cpp_tutorials_service/cmake/ros2cpp_tutorials_serviceConfig-version.cmake
[0.959s] -- Up-to-date: /home/bobo/ros2_ws/install/ros2cpp_tutorials_service/share/ros2cpp_tutorials_service/package.xml
[0.983s] Invoked command in '/home/bobo/ros2_ws/build/ros2cpp_tutorials_service' returned '0': CMAKE_PREFIX_PATH=${CMAKE_PREFIX_PATH}:/opt/ros/humble /usr/bin/cmake --install /home/bobo/ros2_ws/build/ros2cpp_tutorials_service
