[0.053s] Invoking command in '/home/bobo/ros2_ws/build/ros2cpp_tutorials_parameter': CMAKE_PREFIX_PATH=${CMAKE_PREFIX_PATH}:/opt/ros/humble /usr/bin/cmake --build /home/bobo/ros2_ws/build/ros2cpp_tutorials_parameter -- -j8 -l8
[0.229s] [100%] Built target parameter
[0.361s] Invoked command in '/home/bobo/ros2_ws/build/ros2cpp_tutorials_parameter' returned '0': CMAKE_PREFIX_PATH=${CMAKE_PREFIX_PATH}:/opt/ros/humble /usr/bin/cmake --build /home/bobo/ros2_ws/build/ros2cpp_tutorials_parameter -- -j8 -l8
[0.564s] Invoking command in '/home/bobo/ros2_ws/build/ros2cpp_tutorials_parameter': CMAKE_PREFIX_PATH=${CMAKE_PREFIX_PATH}:/opt/ros/humble /usr/bin/cmake --install /home/bobo/ros2_ws/build/ros2cpp_tutorials_parameter
[0.580s] -- Install configuration: ""
[0.586s] -- Up-to-date: /home/bobo/ros2_ws/install/ros2cpp_tutorials_parameter/lib/ros2cpp_tutorials_parameter/parameter
[0.587s] -- Up-to-date: /home/bobo/ros2_ws/install/ros2cpp_tutorials_parameter/share/ros2cpp_tutorials_parameter
[0.588s] -- Up-to-date: /home/bobo/ros2_ws/install/ros2cpp_tutorials_parameter/share/ros2cpp_tutorials_parameter/config.yml
[0.588s] -- Up-to-date: /home/bobo/ros2_ws/install/ros2cpp_tutorials_parameter/share/ros2cpp_tutorials_parameter
[0.588s] -- Up-to-date: /home/bobo/ros2_ws/install/ros2cpp_tutorials_parameter/share/ros2cpp_tutorials_parameter/config_launch.xml
[0.593s] -- Up-to-date: /home/bobo/ros2_ws/install/ros2cpp_tutorials_parameter/share/ros2cpp_tutorials_parameter/parameter_launch.xml
[0.594s] -- Up-to-date: /home/bobo/ros2_ws/install/ros2cpp_tutorials_parameter/share/ament_index/resource_index/package_run_dependencies/ros2cpp_tutorials_parameter
[0.594s] -- Up-to-date: /home/bobo/ros2_ws/install/ros2cpp_tutorials_parameter/share/ament_index/resource_index/parent_prefix_path/ros2cpp_tutorials_parameter
[0.594s] -- Up-to-date: /home/bobo/ros2_ws/install/ros2cpp_tutorials_parameter/share/ros2cpp_tutorials_parameter/environment/ament_prefix_path.sh
[0.594s] -- Up-to-date: /home/bobo/ros2_ws/install/ros2cpp_tutorials_parameter/share/ros2cpp_tutorials_parameter/environment/ament_prefix_path.dsv
[0.595s] -- Up-to-date: /home/bobo/ros2_ws/install/ros2cpp_tutorials_parameter/share/ros2cpp_tutorials_parameter/environment/path.sh
[0.595s] -- Up-to-date: /home/bobo/ros2_ws/install/ros2cpp_tutorials_parameter/share/ros2cpp_tutorials_parameter/environment/path.dsv
[0.595s] -- Up-to-date: /home/bobo/ros2_ws/install/ros2cpp_tutorials_parameter/share/ros2cpp_tutorials_parameter/local_setup.bash
[0.595s] -- Up-to-date: /home/bobo/ros2_ws/install/ros2cpp_tutorials_parameter/share/ros2cpp_tutorials_parameter/local_setup.sh
[0.595s] -- Up-to-date: /home/bobo/ros2_ws/install/ros2cpp_tutorials_parameter/share/ros2cpp_tutorials_parameter/local_setup.zsh
[0.595s] -- Up-to-date: /home/bobo/ros2_ws/install/ros2cpp_tutorials_parameter/share/ros2cpp_tutorials_parameter/local_setup.dsv
[0.596s] -- Installing: /home/bobo/ros2_ws/install/ros2cpp_tutorials_parameter/share/ros2cpp_tutorials_parameter/package.dsv
[0.596s] -- Up-to-date: /home/bobo/ros2_ws/install/ros2cpp_tutorials_parameter/share/ament_index/resource_index/packages/ros2cpp_tutorials_parameter
[0.596s] -- Up-to-date: /home/bobo/ros2_ws/install/ros2cpp_tutorials_parameter/share/ros2cpp_tutorials_parameter/cmake/ros2cpp_tutorials_parameterConfig.cmake
[0.596s] -- Up-to-date: /home/bobo/ros2_ws/install/ros2cpp_tutorials_parameter/share/ros2cpp_tutorials_parameter/cmake/ros2cpp_tutorials_parameterConfig-version.cmake
[0.596s] -- Up-to-date: /home/bobo/ros2_ws/install/ros2cpp_tutorials_parameter/share/ros2cpp_tutorials_parameter/package.xml
[0.638s] Invoked command in '/home/bobo/ros2_ws/build/ros2cpp_tutorials_parameter' returned '0': CMAKE_PREFIX_PATH=${CMAKE_PREFIX_PATH}:/opt/ros/humble /usr/bin/cmake --install /home/bobo/ros2_ws/build/ros2cpp_tutorials_parameter
