[0.045s] Invoking command in '/home/bobo/ros2_ws/build/ros2cpp_tutorials_action': CMAKE_PREFIX_PATH=${CMAKE_PREFIX_PATH}:/opt/ros/humble /usr/bin/cmake --build /home/bobo/ros2_ws/build/ros2cpp_tutorials_action -- -j8 -l8
[0.208s] [  2%] Built target ros2cpp_tutorials_action__cpp
[0.209s] [ 11%] Built target ros2cpp_tutorials_action__rosidl_generator_c
[0.223s] [ 11%] Built target ament_cmake_python_copy_ros2cpp_tutorials_action
[0.323s] [ 20%] Built target ros2cpp_tutorials_action__rosidl_typesupport_introspection_cpp
[0.331s] [ 28%] Built target ros2cpp_tutorials_action__rosidl_typesupport_cpp
[0.352s] [ 37%] Built target ros2cpp_tutorials_action__rosidl_typesupport_introspection_c
[0.354s] [ 45%] Built target ros2cpp_tutorials_action__rosidl_typesupport_c
[0.360s] [ 54%] Built target ros2cpp_tutorials_action__rosidl_typesupport_fastrtps_cpp
[0.377s] [ 62%] Built target ros2cpp_tutorials_action__rosidl_typesupport_fastrtps_c
[0.457s] [ 68%] Built target server
[0.485s] [ 68%] Built target ros2cpp_tutorials_action
[0.502s] [ 74%] Built target client
[0.561s] [ 77%] Built target ros2cpp_tutorials_action__py
[0.618s] [ 82%] Built target ros2cpp_tutorials_action__rosidl_generator_py
[0.725s] [ 88%] Built target ros2cpp_tutorials_action__rosidl_typesupport_c__pyext
[0.727s] [ 94%] Built target ros2cpp_tutorials_action__rosidl_typesupport_introspection_c__pyext
[0.731s] [100%] Built target ros2cpp_tutorials_action__rosidl_typesupport_fastrtps_c__pyext
[1.001s] running egg_info
[1.002s] writing ros2cpp_tutorials_action.egg-info/PKG-INFO
[1.002s] writing dependency_links to ros2cpp_tutorials_action.egg-info/dependency_links.txt
[1.003s] writing top-level names to ros2cpp_tutorials_action.egg-info/top_level.txt
[1.007s] reading manifest file 'ros2cpp_tutorials_action.egg-info/SOURCES.txt'
[1.008s] writing manifest file 'ros2cpp_tutorials_action.egg-info/SOURCES.txt'
[1.056s] [100%] Built target ament_cmake_python_build_ros2cpp_tutorials_action_egg
[1.077s] Invoked command in '/home/bobo/ros2_ws/build/ros2cpp_tutorials_action' returned '0': CMAKE_PREFIX_PATH=${CMAKE_PREFIX_PATH}:/opt/ros/humble /usr/bin/cmake --build /home/bobo/ros2_ws/build/ros2cpp_tutorials_action -- -j8 -l8
[1.206s] Invoking command in '/home/bobo/ros2_ws/build/ros2cpp_tutorials_action': CMAKE_PREFIX_PATH=${CMAKE_PREFIX_PATH}:/opt/ros/humble /usr/bin/cmake --install /home/bobo/ros2_ws/build/ros2cpp_tutorials_action
[1.220s] -- Install configuration: ""
[1.221s] -- Up-to-date: /home/bobo/ros2_ws/install/ros2cpp_tutorials_action/share/ament_index/resource_index/rosidl_interfaces/ros2cpp_tutorials_action
[1.221s] -- Up-to-date: /home/bobo/ros2_ws/install/ros2cpp_tutorials_action/include/ros2cpp_tutorials_action/ros2cpp_tutorials_action
[1.222s] -- Up-to-date: /home/bobo/ros2_ws/install/ros2cpp_tutorials_action/include/ros2cpp_tutorials_action/ros2cpp_tutorials_action/action
[1.222s] -- Up-to-date: /home/bobo/ros2_ws/install/ros2cpp_tutorials_action/include/ros2cpp_tutorials_action/ros2cpp_tutorials_action/action/detail
[1.223s] -- Up-to-date: /home/bobo/ros2_ws/install/ros2cpp_tutorials_action/include/ros2cpp_tutorials_action/ros2cpp_tutorials_action/action/detail/fibonacci__functions.c
[1.223s] -- Up-to-date: /home/bobo/ros2_ws/install/ros2cpp_tutorials_action/include/ros2cpp_tutorials_action/ros2cpp_tutorials_action/action/detail/fibonacci__struct.h
[1.223s] -- Up-to-date: /home/bobo/ros2_ws/install/ros2cpp_tutorials_action/include/ros2cpp_tutorials_action/ros2cpp_tutorials_action/action/detail/fibonacci__type_support.h
[1.224s] -- Up-to-date: /home/bobo/ros2_ws/install/ros2cpp_tutorials_action/include/ros2cpp_tutorials_action/ros2cpp_tutorials_action/action/detail/fibonacci__functions.h
[1.224s] -- Up-to-date: /home/bobo/ros2_ws/install/ros2cpp_tutorials_action/include/ros2cpp_tutorials_action/ros2cpp_tutorials_action/action/fibonacci.h
[1.224s] -- Up-to-date: /home/bobo/ros2_ws/install/ros2cpp_tutorials_action/include/ros2cpp_tutorials_action/ros2cpp_tutorials_action/msg
[1.224s] -- Up-to-date: /home/bobo/ros2_ws/install/ros2cpp_tutorials_action/include/ros2cpp_tutorials_action/ros2cpp_tutorials_action/msg/rosidl_generator_c__visibility_control.h
[1.225s] -- Up-to-date: /home/bobo/ros2_ws/install/ros2cpp_tutorials_action/share/ros2cpp_tutorials_action/environment/library_path.sh
[1.225s] -- Up-to-date: /home/bobo/ros2_ws/install/ros2cpp_tutorials_action/share/ros2cpp_tutorials_action/environment/library_path.dsv
[1.225s] -- Up-to-date: /home/bobo/ros2_ws/install/ros2cpp_tutorials_action/lib/libros2cpp_tutorials_action__rosidl_generator_c.so
[1.226s] -- Up-to-date: /home/bobo/ros2_ws/install/ros2cpp_tutorials_action/include/ros2cpp_tutorials_action/ros2cpp_tutorials_action
[1.226s] -- Up-to-date: /home/bobo/ros2_ws/install/ros2cpp_tutorials_action/include/ros2cpp_tutorials_action/ros2cpp_tutorials_action/action
[1.227s] -- Up-to-date: /home/bobo/ros2_ws/install/ros2cpp_tutorials_action/include/ros2cpp_tutorials_action/ros2cpp_tutorials_action/action/detail
[1.227s] -- Up-to-date: /home/bobo/ros2_ws/install/ros2cpp_tutorials_action/include/ros2cpp_tutorials_action/ros2cpp_tutorials_action/action/detail/fibonacci__rosidl_typesupport_fastrtps_c.h
[1.227s] -- Up-to-date: /home/bobo/ros2_ws/install/ros2cpp_tutorials_action/include/ros2cpp_tutorials_action/ros2cpp_tutorials_action/msg
[1.228s] -- Up-to-date: /home/bobo/ros2_ws/install/ros2cpp_tutorials_action/include/ros2cpp_tutorials_action/ros2cpp_tutorials_action/msg/rosidl_typesupport_fastrtps_c__visibility_control.h
[1.228s] -- Up-to-date: /home/bobo/ros2_ws/install/ros2cpp_tutorials_action/lib/libros2cpp_tutorials_action__rosidl_typesupport_fastrtps_c.so
[1.228s] -- Up-to-date: /home/bobo/ros2_ws/install/ros2cpp_tutorials_action/include/ros2cpp_tutorials_action/ros2cpp_tutorials_action
[1.228s] -- Up-to-date: /home/bobo/ros2_ws/install/ros2cpp_tutorials_action/include/ros2cpp_tutorials_action/ros2cpp_tutorials_action/action
[1.228s] -- Up-to-date: /home/bobo/ros2_ws/install/ros2cpp_tutorials_action/include/ros2cpp_tutorials_action/ros2cpp_tutorials_action/action/detail
[1.229s] -- Up-to-date: /home/bobo/ros2_ws/install/ros2cpp_tutorials_action/include/ros2cpp_tutorials_action/ros2cpp_tutorials_action/action/detail/fibonacci__rosidl_typesupport_introspection_c.h
[1.229s] -- Up-to-date: /home/bobo/ros2_ws/install/ros2cpp_tutorials_action/include/ros2cpp_tutorials_action/ros2cpp_tutorials_action/action/detail/fibonacci__type_support.c
[1.229s] -- Up-to-date: /home/bobo/ros2_ws/install/ros2cpp_tutorials_action/include/ros2cpp_tutorials_action/ros2cpp_tutorials_action/msg
[1.229s] -- Up-to-date: /home/bobo/ros2_ws/install/ros2cpp_tutorials_action/include/ros2cpp_tutorials_action/ros2cpp_tutorials_action/msg/rosidl_typesupport_introspection_c__visibility_control.h
[1.229s] -- Up-to-date: /home/bobo/ros2_ws/install/ros2cpp_tutorials_action/lib/libros2cpp_tutorials_action__rosidl_typesupport_introspection_c.so
[1.229s] -- Up-to-date: /home/bobo/ros2_ws/install/ros2cpp_tutorials_action/lib/libros2cpp_tutorials_action__rosidl_typesupport_c.so
[1.230s] -- Up-to-date: /home/bobo/ros2_ws/install/ros2cpp_tutorials_action/include/ros2cpp_tutorials_action/ros2cpp_tutorials_action
[1.230s] -- Up-to-date: /home/bobo/ros2_ws/install/ros2cpp_tutorials_action/include/ros2cpp_tutorials_action/ros2cpp_tutorials_action/action
[1.230s] -- Up-to-date: /home/bobo/ros2_ws/install/ros2cpp_tutorials_action/include/ros2cpp_tutorials_action/ros2cpp_tutorials_action/action/detail
[1.230s] -- Up-to-date: /home/bobo/ros2_ws/install/ros2cpp_tutorials_action/include/ros2cpp_tutorials_action/ros2cpp_tutorials_action/action/detail/fibonacci__struct.hpp
[1.231s] -- Up-to-date: /home/bobo/ros2_ws/install/ros2cpp_tutorials_action/include/ros2cpp_tutorials_action/ros2cpp_tutorials_action/action/detail/fibonacci__traits.hpp
[1.231s] -- Up-to-date: /home/bobo/ros2_ws/install/ros2cpp_tutorials_action/include/ros2cpp_tutorials_action/ros2cpp_tutorials_action/action/detail/fibonacci__builder.hpp
[1.231s] -- Up-to-date: /home/bobo/ros2_ws/install/ros2cpp_tutorials_action/include/ros2cpp_tutorials_action/ros2cpp_tutorials_action/action/fibonacci.hpp
[1.231s] -- Up-to-date: /home/bobo/ros2_ws/install/ros2cpp_tutorials_action/include/ros2cpp_tutorials_action/ros2cpp_tutorials_action
[1.232s] -- Up-to-date: /home/bobo/ros2_ws/install/ros2cpp_tutorials_action/include/ros2cpp_tutorials_action/ros2cpp_tutorials_action/action
[1.232s] -- Up-to-date: /home/bobo/ros2_ws/install/ros2cpp_tutorials_action/include/ros2cpp_tutorials_action/ros2cpp_tutorials_action/action/detail
[1.233s] -- Up-to-date: /home/bobo/ros2_ws/install/ros2cpp_tutorials_action/include/ros2cpp_tutorials_action/ros2cpp_tutorials_action/action/detail/fibonacci__rosidl_typesupport_fastrtps_cpp.hpp
[1.233s] -- Up-to-date: /home/bobo/ros2_ws/install/ros2cpp_tutorials_action/include/ros2cpp_tutorials_action/ros2cpp_tutorials_action/action/detail/dds_fastrtps
[1.233s] -- Up-to-date: /home/bobo/ros2_ws/install/ros2cpp_tutorials_action/include/ros2cpp_tutorials_action/ros2cpp_tutorials_action/msg
[1.233s] -- Up-to-date: /home/bobo/ros2_ws/install/ros2cpp_tutorials_action/include/ros2cpp_tutorials_action/ros2cpp_tutorials_action/msg/rosidl_typesupport_fastrtps_cpp__visibility_control.h
[1.234s] -- Up-to-date: /home/bobo/ros2_ws/install/ros2cpp_tutorials_action/lib/libros2cpp_tutorials_action__rosidl_typesupport_fastrtps_cpp.so
[1.234s] -- Up-to-date: /home/bobo/ros2_ws/install/ros2cpp_tutorials_action/include/ros2cpp_tutorials_action/ros2cpp_tutorials_action
[1.234s] -- Up-to-date: /home/bobo/ros2_ws/install/ros2cpp_tutorials_action/include/ros2cpp_tutorials_action/ros2cpp_tutorials_action/action
[1.234s] -- Up-to-date: /home/bobo/ros2_ws/install/ros2cpp_tutorials_action/include/ros2cpp_tutorials_action/ros2cpp_tutorials_action/action/detail
[1.234s] -- Up-to-date: /home/bobo/ros2_ws/install/ros2cpp_tutorials_action/include/ros2cpp_tutorials_action/ros2cpp_tutorials_action/action/detail/fibonacci__type_support.cpp
[1.235s] -- Up-to-date: /home/bobo/ros2_ws/install/ros2cpp_tutorials_action/include/ros2cpp_tutorials_action/ros2cpp_tutorials_action/action/detail/fibonacci__rosidl_typesupport_introspection_cpp.hpp
[1.235s] -- Up-to-date: /home/bobo/ros2_ws/install/ros2cpp_tutorials_action/lib/libros2cpp_tutorials_action__rosidl_typesupport_introspection_cpp.so
[1.235s] -- Up-to-date: /home/bobo/ros2_ws/install/ros2cpp_tutorials_action/lib/libros2cpp_tutorials_action__rosidl_typesupport_cpp.so
[1.235s] -- Up-to-date: /home/bobo/ros2_ws/install/ros2cpp_tutorials_action/share/ros2cpp_tutorials_action/environment/pythonpath.sh
[1.236s] -- Up-to-date: /home/bobo/ros2_ws/install/ros2cpp_tutorials_action/share/ros2cpp_tutorials_action/environment/pythonpath.dsv
[1.236s] -- Up-to-date: /home/bobo/ros2_ws/install/ros2cpp_tutorials_action/local/lib/python3.10/dist-packages/ros2cpp_tutorials_action-1.0.0-py3.10.egg-info
[1.236s] -- Installing: /home/bobo/ros2_ws/install/ros2cpp_tutorials_action/local/lib/python3.10/dist-packages/ros2cpp_tutorials_action-1.0.0-py3.10.egg-info/top_level.txt
[1.236s] -- Installing: /home/bobo/ros2_ws/install/ros2cpp_tutorials_action/local/lib/python3.10/dist-packages/ros2cpp_tutorials_action-1.0.0-py3.10.egg-info/dependency_links.txt
[1.237s] -- Installing: /home/bobo/ros2_ws/install/ros2cpp_tutorials_action/local/lib/python3.10/dist-packages/ros2cpp_tutorials_action-1.0.0-py3.10.egg-info/SOURCES.txt
[1.237s] -- Installing: /home/bobo/ros2_ws/install/ros2cpp_tutorials_action/local/lib/python3.10/dist-packages/ros2cpp_tutorials_action-1.0.0-py3.10.egg-info/PKG-INFO
[1.237s] -- Up-to-date: /home/bobo/ros2_ws/install/ros2cpp_tutorials_action/local/lib/python3.10/dist-packages/ros2cpp_tutorials_action
[1.237s] -- Up-to-date: /home/bobo/ros2_ws/install/ros2cpp_tutorials_action/local/lib/python3.10/dist-packages/ros2cpp_tutorials_action/libros2cpp_tutorials_action__rosidl_generator_py.so
[1.238s] -- Up-to-date: /home/bobo/ros2_ws/install/ros2cpp_tutorials_action/local/lib/python3.10/dist-packages/ros2cpp_tutorials_action/action
[1.238s] -- Up-to-date: /home/bobo/ros2_ws/install/ros2cpp_tutorials_action/local/lib/python3.10/dist-packages/ros2cpp_tutorials_action/action/_fibonacci.py
[1.238s] -- Up-to-date: /home/bobo/ros2_ws/install/ros2cpp_tutorials_action/local/lib/python3.10/dist-packages/ros2cpp_tutorials_action/action/__init__.py
[1.238s] -- Up-to-date: /home/bobo/ros2_ws/install/ros2cpp_tutorials_action/local/lib/python3.10/dist-packages/ros2cpp_tutorials_action/action/_fibonacci_s.c
[1.239s] -- Up-to-date: /home/bobo/ros2_ws/install/ros2cpp_tutorials_action/local/lib/python3.10/dist-packages/ros2cpp_tutorials_action/ros2cpp_tutorials_action_s__rosidl_typesupport_c.cpython-310-x86_64-linux-gnu.so
[1.239s] -- Up-to-date: /home/bobo/ros2_ws/install/ros2cpp_tutorials_action/local/lib/python3.10/dist-packages/ros2cpp_tutorials_action/ros2cpp_tutorials_action_s__rosidl_typesupport_introspection_c.cpython-310-x86_64-linux-gnu.so
[1.239s] -- Up-to-date: /home/bobo/ros2_ws/install/ros2cpp_tutorials_action/local/lib/python3.10/dist-packages/ros2cpp_tutorials_action/__init__.py
[1.240s] -- Up-to-date: /home/bobo/ros2_ws/install/ros2cpp_tutorials_action/local/lib/python3.10/dist-packages/ros2cpp_tutorials_action/_ros2cpp_tutorials_action_s.ep.rosidl_typesupport_fastrtps_c.c
[1.240s] -- Up-to-date: /home/bobo/ros2_ws/install/ros2cpp_tutorials_action/local/lib/python3.10/dist-packages/ros2cpp_tutorials_action/_ros2cpp_tutorials_action_s.ep.rosidl_typesupport_introspection_c.c
[1.240s] -- Up-to-date: /home/bobo/ros2_ws/install/ros2cpp_tutorials_action/local/lib/python3.10/dist-packages/ros2cpp_tutorials_action/ros2cpp_tutorials_action_s__rosidl_typesupport_fastrtps_c.cpython-310-x86_64-linux-gnu.so
[1.240s] -- Up-to-date: /home/bobo/ros2_ws/install/ros2cpp_tutorials_action/local/lib/python3.10/dist-packages/ros2cpp_tutorials_action/_ros2cpp_tutorials_action_s.ep.rosidl_typesupport_c.c
[1.307s] Listing '/home/bobo/ros2_ws/install/ros2cpp_tutorials_action/local/lib/python3.10/dist-packages/ros2cpp_tutorials_action'...
[1.307s] Listing '/home/bobo/ros2_ws/install/ros2cpp_tutorials_action/local/lib/python3.10/dist-packages/ros2cpp_tutorials_action/action'...
[1.315s] -- Up-to-date: /home/bobo/ros2_ws/install/ros2cpp_tutorials_action/local/lib/python3.10/dist-packages/ros2cpp_tutorials_action/ros2cpp_tutorials_action_s__rosidl_typesupport_fastrtps_c.cpython-310-x86_64-linux-gnu.so
[1.315s] -- Up-to-date: /home/bobo/ros2_ws/install/ros2cpp_tutorials_action/local/lib/python3.10/dist-packages/ros2cpp_tutorials_action/ros2cpp_tutorials_action_s__rosidl_typesupport_introspection_c.cpython-310-x86_64-linux-gnu.so
[1.316s] -- Up-to-date: /home/bobo/ros2_ws/install/ros2cpp_tutorials_action/local/lib/python3.10/dist-packages/ros2cpp_tutorials_action/ros2cpp_tutorials_action_s__rosidl_typesupport_c.cpython-310-x86_64-linux-gnu.so
[1.317s] -- Up-to-date: /home/bobo/ros2_ws/install/ros2cpp_tutorials_action/lib/libros2cpp_tutorials_action__rosidl_generator_py.so
[1.317s] -- Up-to-date: /home/bobo/ros2_ws/install/ros2cpp_tutorials_action/share/ros2cpp_tutorials_action/action/Fibonacci.idl
[1.317s] -- Up-to-date: /home/bobo/ros2_ws/install/ros2cpp_tutorials_action/share/ros2cpp_tutorials_action/action/Fibonacci.action
[1.318s] -- Up-to-date: /home/bobo/ros2_ws/install/ros2cpp_tutorials_action/lib/ros2cpp_tutorials_action/client
[1.318s] -- Up-to-date: /home/bobo/ros2_ws/install/ros2cpp_tutorials_action/lib/ros2cpp_tutorials_action/server
[1.319s] -- Up-to-date: /home/bobo/ros2_ws/install/ros2cpp_tutorials_action/share/ament_index/resource_index/package_run_dependencies/ros2cpp_tutorials_action
[1.319s] -- Up-to-date: /home/bobo/ros2_ws/install/ros2cpp_tutorials_action/share/ament_index/resource_index/parent_prefix_path/ros2cpp_tutorials_action
[1.320s] -- Up-to-date: /home/bobo/ros2_ws/install/ros2cpp_tutorials_action/share/ros2cpp_tutorials_action/environment/ament_prefix_path.sh
[1.320s] -- Up-to-date: /home/bobo/ros2_ws/install/ros2cpp_tutorials_action/share/ros2cpp_tutorials_action/environment/ament_prefix_path.dsv
[1.320s] -- Up-to-date: /home/bobo/ros2_ws/install/ros2cpp_tutorials_action/share/ros2cpp_tutorials_action/environment/path.sh
[1.320s] -- Up-to-date: /home/bobo/ros2_ws/install/ros2cpp_tutorials_action/share/ros2cpp_tutorials_action/environment/path.dsv
[1.320s] -- Up-to-date: /home/bobo/ros2_ws/install/ros2cpp_tutorials_action/share/ros2cpp_tutorials_action/local_setup.bash
[1.320s] -- Up-to-date: /home/bobo/ros2_ws/install/ros2cpp_tutorials_action/share/ros2cpp_tutorials_action/local_setup.sh
[1.321s] -- Up-to-date: /home/bobo/ros2_ws/install/ros2cpp_tutorials_action/share/ros2cpp_tutorials_action/local_setup.zsh
[1.321s] -- Up-to-date: /home/bobo/ros2_ws/install/ros2cpp_tutorials_action/share/ros2cpp_tutorials_action/local_setup.dsv
[1.321s] -- Installing: /home/bobo/ros2_ws/install/ros2cpp_tutorials_action/share/ros2cpp_tutorials_action/package.dsv
[1.321s] -- Up-to-date: /home/bobo/ros2_ws/install/ros2cpp_tutorials_action/share/ament_index/resource_index/packages/ros2cpp_tutorials_action
[1.322s] -- Up-to-date: /home/bobo/ros2_ws/install/ros2cpp_tutorials_action/share/ros2cpp_tutorials_action/cmake/export_ros2cpp_tutorials_action__rosidl_generator_cExport.cmake
[1.322s] -- Up-to-date: /home/bobo/ros2_ws/install/ros2cpp_tutorials_action/share/ros2cpp_tutorials_action/cmake/export_ros2cpp_tutorials_action__rosidl_generator_cExport-noconfig.cmake
[1.322s] -- Up-to-date: /home/bobo/ros2_ws/install/ros2cpp_tutorials_action/share/ros2cpp_tutorials_action/cmake/export_ros2cpp_tutorials_action__rosidl_typesupport_fastrtps_cExport.cmake
[1.322s] -- Up-to-date: /home/bobo/ros2_ws/install/ros2cpp_tutorials_action/share/ros2cpp_tutorials_action/cmake/export_ros2cpp_tutorials_action__rosidl_typesupport_fastrtps_cExport-noconfig.cmake
[1.322s] -- Up-to-date: /home/bobo/ros2_ws/install/ros2cpp_tutorials_action/share/ros2cpp_tutorials_action/cmake/ros2cpp_tutorials_action__rosidl_typesupport_introspection_cExport.cmake
[1.323s] -- Up-to-date: /home/bobo/ros2_ws/install/ros2cpp_tutorials_action/share/ros2cpp_tutorials_action/cmake/ros2cpp_tutorials_action__rosidl_typesupport_introspection_cExport-noconfig.cmake
[1.323s] -- Up-to-date: /home/bobo/ros2_ws/install/ros2cpp_tutorials_action/share/ros2cpp_tutorials_action/cmake/ros2cpp_tutorials_action__rosidl_typesupport_cExport.cmake
[1.323s] -- Up-to-date: /home/bobo/ros2_ws/install/ros2cpp_tutorials_action/share/ros2cpp_tutorials_action/cmake/ros2cpp_tutorials_action__rosidl_typesupport_cExport-noconfig.cmake
[1.323s] -- Up-to-date: /home/bobo/ros2_ws/install/ros2cpp_tutorials_action/share/ros2cpp_tutorials_action/cmake/export_ros2cpp_tutorials_action__rosidl_generator_cppExport.cmake
[1.323s] -- Up-to-date: /home/bobo/ros2_ws/install/ros2cpp_tutorials_action/share/ros2cpp_tutorials_action/cmake/export_ros2cpp_tutorials_action__rosidl_typesupport_fastrtps_cppExport.cmake
[1.324s] -- Up-to-date: /home/bobo/ros2_ws/install/ros2cpp_tutorials_action/share/ros2cpp_tutorials_action/cmake/export_ros2cpp_tutorials_action__rosidl_typesupport_fastrtps_cppExport-noconfig.cmake
[1.324s] -- Up-to-date: /home/bobo/ros2_ws/install/ros2cpp_tutorials_action/share/ros2cpp_tutorials_action/cmake/ros2cpp_tutorials_action__rosidl_typesupport_introspection_cppExport.cmake
[1.324s] -- Up-to-date: /home/bobo/ros2_ws/install/ros2cpp_tutorials_action/share/ros2cpp_tutorials_action/cmake/ros2cpp_tutorials_action__rosidl_typesupport_introspection_cppExport-noconfig.cmake
[1.324s] -- Up-to-date: /home/bobo/ros2_ws/install/ros2cpp_tutorials_action/share/ros2cpp_tutorials_action/cmake/ros2cpp_tutorials_action__rosidl_typesupport_cppExport.cmake
[1.324s] -- Up-to-date: /home/bobo/ros2_ws/install/ros2cpp_tutorials_action/share/ros2cpp_tutorials_action/cmake/ros2cpp_tutorials_action__rosidl_typesupport_cppExport-noconfig.cmake
[1.324s] -- Up-to-date: /home/bobo/ros2_ws/install/ros2cpp_tutorials_action/share/ros2cpp_tutorials_action/cmake/export_ros2cpp_tutorials_action__rosidl_generator_pyExport.cmake
[1.325s] -- Up-to-date: /home/bobo/ros2_ws/install/ros2cpp_tutorials_action/share/ros2cpp_tutorials_action/cmake/export_ros2cpp_tutorials_action__rosidl_generator_pyExport-noconfig.cmake
[1.325s] -- Up-to-date: /home/bobo/ros2_ws/install/ros2cpp_tutorials_action/share/ros2cpp_tutorials_action/cmake/rosidl_cmake-extras.cmake
[1.325s] -- Up-to-date: /home/bobo/ros2_ws/install/ros2cpp_tutorials_action/share/ros2cpp_tutorials_action/cmake/ament_cmake_export_dependencies-extras.cmake
[1.325s] -- Up-to-date: /home/bobo/ros2_ws/install/ros2cpp_tutorials_action/share/ros2cpp_tutorials_action/cmake/ament_cmake_export_include_directories-extras.cmake
[1.325s] -- Up-to-date: /home/bobo/ros2_ws/install/ros2cpp_tutorials_action/share/ros2cpp_tutorials_action/cmake/ament_cmake_export_libraries-extras.cmake
[1.326s] -- Up-to-date: /home/bobo/ros2_ws/install/ros2cpp_tutorials_action/share/ros2cpp_tutorials_action/cmake/ament_cmake_export_targets-extras.cmake
[1.326s] -- Up-to-date: /home/bobo/ros2_ws/install/ros2cpp_tutorials_action/share/ros2cpp_tutorials_action/cmake/rosidl_cmake_export_typesupport_targets-extras.cmake
[1.326s] -- Up-to-date: /home/bobo/ros2_ws/install/ros2cpp_tutorials_action/share/ros2cpp_tutorials_action/cmake/rosidl_cmake_export_typesupport_libraries-extras.cmake
[1.327s] -- Up-to-date: /home/bobo/ros2_ws/install/ros2cpp_tutorials_action/share/ros2cpp_tutorials_action/cmake/ros2cpp_tutorials_actionConfig.cmake
[1.327s] -- Up-to-date: /home/bobo/ros2_ws/install/ros2cpp_tutorials_action/share/ros2cpp_tutorials_action/cmake/ros2cpp_tutorials_actionConfig-version.cmake
[1.327s] -- Up-to-date: /home/bobo/ros2_ws/install/ros2cpp_tutorials_action/share/ros2cpp_tutorials_action/package.xml
[1.330s] Invoked command in '/home/bobo/ros2_ws/build/ros2cpp_tutorials_action' returned '0': CMAKE_PREFIX_PATH=${CMAKE_PREFIX_PATH}:/opt/ros/humble /usr/bin/cmake --install /home/bobo/ros2_ws/build/ros2cpp_tutorials_action
