[0.028s] Invoking command in '/home/bobo/ros2_ws/build/ros2cpp_tutorials_parameter': CMAKE_PREFIX_PATH=${CMAKE_PREFIX_PATH}:/opt/ros/humble /usr/bin/cmake --build /home/bobo/ros2_ws/build/ros2cpp_tutorials_parameter -- -j8 -l8
[0.059s] -- Found ament_cmake: 1.3.10 (/opt/ros/humble/share/ament_cmake/cmake)
[0.291s] -- Found rclcpp: 16.0.10 (/opt/ros/humble/share/rclcpp/cmake)
[0.346s] -- Found rosidl_generator_c: 3.1.5 (/opt/ros/humble/share/rosidl_generator_c/cmake)
[0.351s] -- Found rosidl_adapter: 3.1.5 (/opt/ros/humble/share/rosidl_adapter/cmake)
[0.363s] -- Found rosidl_generator_cpp: 3.1.5 (/opt/ros/humble/share/rosidl_generator_cpp/cmake)
[0.384s] -- Using all available rosidl_typesupport_c: rosidl_typesupport_fastrtps_c;rosidl_typesupport_introspection_c
[0.414s] -- Using all available rosidl_typesupport_cpp: rosidl_typesupport_fastrtps_cpp;rosidl_typesupport_introspection_cpp
[0.476s] -- Found rmw_implementation_cmake: 6.1.2 (/opt/ros/humble/share/rmw_implementation_cmake/cmake)
[0.479s] -- Found rmw_fastrtps_cpp: 6.2.7 (/opt/ros/humble/share/rmw_fastrtps_cpp/cmake)
[0.682s] -- Using RMW implementation 'rmw_fastrtps_cpp' as default
[0.746s] -- Found ament_lint_auto: 0.12.11 (/opt/ros/humble/share/ament_lint_auto/cmake)
[0.861s] -- Added test 'cppcheck' to perform static code analysis on C / C++ code
[0.861s] -- Configured cppcheck include dirs: 
[0.861s] -- Configured cppcheck exclude dirs and/or files: 
[0.862s] -- Added test 'lint_cmake' to check CMake code style
[0.864s] -- Added test 'uncrustify' to check C / C++ code style
[0.864s] -- Configured uncrustify additional arguments: 
[0.865s] -- Added test 'xmllint' to check XML markup files
[0.866s] -- Configuring done
[0.881s] -- Generating done
[0.885s] -- Build files have been written to: /home/bobo/ros2_ws/build/ros2cpp_tutorials_parameter
[0.932s] [35m[1mConsolidate compiler generated dependencies of target parameter[0m
[0.961s] [100%] Built target parameter
[0.981s] Invoked command in '/home/bobo/ros2_ws/build/ros2cpp_tutorials_parameter' returned '0': CMAKE_PREFIX_PATH=${CMAKE_PREFIX_PATH}:/opt/ros/humble /usr/bin/cmake --build /home/bobo/ros2_ws/build/ros2cpp_tutorials_parameter -- -j8 -l8
[1.044s] Invoking command in '/home/bobo/ros2_ws/build/ros2cpp_tutorials_parameter': CMAKE_PREFIX_PATH=${CMAKE_PREFIX_PATH}:/opt/ros/humble /usr/bin/cmake --install /home/bobo/ros2_ws/build/ros2cpp_tutorials_parameter
[1.058s] -- Install configuration: ""
[1.058s] -- Up-to-date: /home/bobo/ros2_ws/install/ros2cpp_tutorials_parameter/lib/ros2cpp_tutorials_parameter/parameter
[1.058s] -- Up-to-date: /home/bobo/ros2_ws/install/ros2cpp_tutorials_parameter/share/ros2cpp_tutorials_parameter
[1.058s] -- Up-to-date: /home/bobo/ros2_ws/install/ros2cpp_tutorials_parameter/share/ros2cpp_tutorials_parameter/config.yml
[1.058s] -- Up-to-date: /home/bobo/ros2_ws/install/ros2cpp_tutorials_parameter/share/ros2cpp_tutorials_parameter
[1.059s] -- Up-to-date: /home/bobo/ros2_ws/install/ros2cpp_tutorials_parameter/share/ros2cpp_tutorials_parameter/config_launch.xml
[1.059s] -- Up-to-date: /home/bobo/ros2_ws/install/ros2cpp_tutorials_parameter/share/ros2cpp_tutorials_parameter/parameter_launch.xml
[1.059s] -- Up-to-date: /home/bobo/ros2_ws/install/ros2cpp_tutorials_parameter/share/ament_index/resource_index/package_run_dependencies/ros2cpp_tutorials_parameter
[1.060s] -- Up-to-date: /home/bobo/ros2_ws/install/ros2cpp_tutorials_parameter/share/ament_index/resource_index/parent_prefix_path/ros2cpp_tutorials_parameter
[1.060s] -- Up-to-date: /home/bobo/ros2_ws/install/ros2cpp_tutorials_parameter/share/ros2cpp_tutorials_parameter/environment/ament_prefix_path.sh
[1.060s] -- Installing: /home/bobo/ros2_ws/install/ros2cpp_tutorials_parameter/share/ros2cpp_tutorials_parameter/environment/ament_prefix_path.dsv
[1.060s] -- Up-to-date: /home/bobo/ros2_ws/install/ros2cpp_tutorials_parameter/share/ros2cpp_tutorials_parameter/environment/path.sh
[1.060s] -- Installing: /home/bobo/ros2_ws/install/ros2cpp_tutorials_parameter/share/ros2cpp_tutorials_parameter/environment/path.dsv
[1.061s] -- Up-to-date: /home/bobo/ros2_ws/install/ros2cpp_tutorials_parameter/share/ros2cpp_tutorials_parameter/local_setup.bash
[1.061s] -- Up-to-date: /home/bobo/ros2_ws/install/ros2cpp_tutorials_parameter/share/ros2cpp_tutorials_parameter/local_setup.sh
[1.061s] -- Up-to-date: /home/bobo/ros2_ws/install/ros2cpp_tutorials_parameter/share/ros2cpp_tutorials_parameter/local_setup.zsh
[1.061s] -- Installing: /home/bobo/ros2_ws/install/ros2cpp_tutorials_parameter/share/ros2cpp_tutorials_parameter/local_setup.dsv
[1.061s] -- Installing: /home/bobo/ros2_ws/install/ros2cpp_tutorials_parameter/share/ros2cpp_tutorials_parameter/package.dsv
[1.062s] -- Up-to-date: /home/bobo/ros2_ws/install/ros2cpp_tutorials_parameter/share/ament_index/resource_index/packages/ros2cpp_tutorials_parameter
[1.062s] -- Up-to-date: /home/bobo/ros2_ws/install/ros2cpp_tutorials_parameter/share/ros2cpp_tutorials_parameter/cmake/ros2cpp_tutorials_parameterConfig.cmake
[1.062s] -- Up-to-date: /home/bobo/ros2_ws/install/ros2cpp_tutorials_parameter/share/ros2cpp_tutorials_parameter/cmake/ros2cpp_tutorials_parameterConfig-version.cmake
[1.062s] -- Up-to-date: /home/bobo/ros2_ws/install/ros2cpp_tutorials_parameter/share/ros2cpp_tutorials_parameter/package.xml
[1.065s] Invoked command in '/home/bobo/ros2_ws/build/ros2cpp_tutorials_parameter' returned '0': CMAKE_PREFIX_PATH=${CMAKE_PREFIX_PATH}:/opt/ros/humble /usr/bin/cmake --install /home/bobo/ros2_ws/build/ros2cpp_tutorials_parameter
