[0.029s] Invoking command in '/home/bobo/ros2_ws/build/ros2cpp_tutorials_action': CMAKE_PREFIX_PATH=${CMAKE_PREFIX_PATH}:/opt/ros/humble /usr/bin/cmake --build /home/bobo/ros2_ws/build/ros2cpp_tutorials_action -- -j8 -l8
[0.062s] -- Found ament_cmake: 1.3.10 (/opt/ros/humble/share/ament_cmake/cmake)
[0.264s] -- Found rosidl_default_generators: 1.2.0 (/opt/ros/humble/share/rosidl_default_generators/cmake)
[0.268s] -- Using all available rosidl_typesupport_c: rosidl_typesupport_fastrtps_c;rosidl_typesupport_introspection_c
[0.274s] -- Found rosidl_adapter: 3.1.5 (/opt/ros/humble/share/rosidl_adapter/cmake)
[0.334s] -- Using all available rosidl_typesupport_cpp: rosidl_typesupport_fastrtps_cpp;rosidl_typesupport_introspection_cpp
[0.387s] -- Found rclcpp: 16.0.10 (/opt/ros/humble/share/rclcpp/cmake)
[0.463s] -- Found rmw_implementation_cmake: 6.1.2 (/opt/ros/humble/share/rmw_implementation_cmake/cmake)
[0.465s] -- Found rmw_fastrtps_cpp: 6.2.7 (/opt/ros/humble/share/rmw_fastrtps_cpp/cmake)
[0.665s] -- Using RMW implementation 'rmw_fastrtps_cpp' as default
[0.742s] -- Found rclcpp_action: 16.0.10 (/opt/ros/humble/share/rclcpp_action/cmake)
[1.216s] -- Found ament_cmake_ros: 0.10.0 (/opt/ros/humble/share/ament_cmake_ros/cmake)
[1.460s] -- Using all available rosidl_typesupport_c: rosidl_typesupport_fastrtps_c;rosidl_typesupport_introspection_c
[1.842s] -- Using all available rosidl_typesupport_cpp: rosidl_typesupport_fastrtps_cpp;rosidl_typesupport_introspection_cpp
[1.894s] -- Found python_cmake_module: 0.10.0 (/opt/ros/humble/share/python_cmake_module/cmake)
[1.950s] -- Using PYTHON_EXECUTABLE: /usr/bin/python3
[1.950s] -- Using PYTHON_INCLUDE_DIRS: /usr/include/python3.10
[1.951s] -- Using PYTHON_LIBRARIES: /usr/lib/x86_64-linux-gnu/libpython3.10.so
[2.032s] -- Found ament_lint_auto: 0.12.11 (/opt/ros/humble/share/ament_lint_auto/cmake)
[2.049s] -- Added test 'cppcheck' to perform static code analysis on C / C++ code
[2.051s] -- Configured cppcheck include dirs: 
[2.052s] -- Configured cppcheck exclude dirs and/or files: 
[2.053s] -- Added test 'lint_cmake' to check CMake code style
[2.055s] -- Added test 'uncrustify' to check C / C++ code style
[2.056s] -- Configured uncrustify additional arguments: 
[2.057s] -- Added test 'xmllint' to check XML markup files
[2.062s] -- Configuring done
[2.158s] -- Generating done
[2.167s] -- Build files have been written to: /home/bobo/ros2_ws/build/ros2cpp_tutorials_action
[2.241s] [35m[1mConsolidate compiler generated dependencies of target ros2cpp_tutorials_action__rosidl_generator_c[0m
[2.258s] [  2%] Built target ros2cpp_tutorials_action__cpp
[2.264s] [ 11%] Built target ros2cpp_tutorials_action__rosidl_generator_c
[2.286s] [35m[1mConsolidate compiler generated dependencies of target ros2cpp_tutorials_action__rosidl_typesupport_fastrtps_cpp[0m
[2.289s] [35m[1mConsolidate compiler generated dependencies of target ros2cpp_tutorials_action__rosidl_typesupport_cpp[0m
[2.298s] [35m[1mConsolidate compiler generated dependencies of target ros2cpp_tutorials_action__rosidl_typesupport_introspection_c[0m
[2.299s] [35m[1mConsolidate compiler generated dependencies of target ros2cpp_tutorials_action__rosidl_typesupport_fastrtps_c[0m
[2.300s] [35m[1mConsolidate compiler generated dependencies of target ros2cpp_tutorials_action__rosidl_typesupport_introspection_cpp[0m
[2.304s] [35m[1mConsolidate compiler generated dependencies of target ros2cpp_tutorials_action__rosidl_typesupport_c[0m
[2.308s] [ 11%] Built target ament_cmake_python_copy_ros2cpp_tutorials_action
[2.331s] [ 20%] Built target ros2cpp_tutorials_action__rosidl_typesupport_cpp
[2.332s] [ 28%] Built target ros2cpp_tutorials_action__rosidl_typesupport_fastrtps_cpp
[2.338s] [ 37%] Built target ros2cpp_tutorials_action__rosidl_typesupport_introspection_cpp
[2.340s] [ 45%] Built target ros2cpp_tutorials_action__rosidl_typesupport_fastrtps_c
[2.342s] [ 54%] Built target ros2cpp_tutorials_action__rosidl_typesupport_introspection_c
[2.345s] [ 62%] Built target ros2cpp_tutorials_action__rosidl_typesupport_c
[2.355s] [35m[1mConsolidate compiler generated dependencies of target server[0m
[2.358s] [35m[1mConsolidate compiler generated dependencies of target client[0m
[2.386s] [ 62%] Built target ros2cpp_tutorials_action
[2.388s] [ 68%] Built target server
[2.391s] [ 74%] Built target client
[2.430s] [ 77%] Built target ros2cpp_tutorials_action__py
[2.456s] [35m[1mConsolidate compiler generated dependencies of target ros2cpp_tutorials_action__rosidl_generator_py[0m
[2.480s] [ 82%] Built target ros2cpp_tutorials_action__rosidl_generator_py
[2.501s] [35m[1mConsolidate compiler generated dependencies of target ros2cpp_tutorials_action__rosidl_typesupport_fastrtps_c__pyext[0m
[2.507s] [35m[1mConsolidate compiler generated dependencies of target ros2cpp_tutorials_action__rosidl_typesupport_c__pyext[0m
[2.520s] [35m[1mConsolidate compiler generated dependencies of target ros2cpp_tutorials_action__rosidl_typesupport_introspection_c__pyext[0m
[2.537s] [ 88%] Built target ros2cpp_tutorials_action__rosidl_typesupport_c__pyext
[2.550s] [ 94%] Built target ros2cpp_tutorials_action__rosidl_typesupport_fastrtps_c__pyext
[2.565s] [100%] Built target ros2cpp_tutorials_action__rosidl_typesupport_introspection_c__pyext
[2.941s] running egg_info
[2.941s] writing ros2cpp_tutorials_action.egg-info/PKG-INFO
[2.941s] writing dependency_links to ros2cpp_tutorials_action.egg-info/dependency_links.txt
[2.942s] writing top-level names to ros2cpp_tutorials_action.egg-info/top_level.txt
[2.948s] reading manifest file 'ros2cpp_tutorials_action.egg-info/SOURCES.txt'
[2.952s] writing manifest file 'ros2cpp_tutorials_action.egg-info/SOURCES.txt'
[3.019s] [100%] Built target ament_cmake_python_build_ros2cpp_tutorials_action_egg
[3.064s] Invoked command in '/home/bobo/ros2_ws/build/ros2cpp_tutorials_action' returned '0': CMAKE_PREFIX_PATH=${CMAKE_PREFIX_PATH}:/opt/ros/humble /usr/bin/cmake --build /home/bobo/ros2_ws/build/ros2cpp_tutorials_action -- -j8 -l8
[3.287s] Invoking command in '/home/bobo/ros2_ws/build/ros2cpp_tutorials_action': CMAKE_PREFIX_PATH=${CMAKE_PREFIX_PATH}:/opt/ros/humble /usr/bin/cmake --install /home/bobo/ros2_ws/build/ros2cpp_tutorials_action
[3.306s] -- Install configuration: ""
[3.307s] -- Up-to-date: /home/bobo/ros2_ws/install/ros2cpp_tutorials_action/share/ament_index/resource_index/rosidl_interfaces/ros2cpp_tutorials_action
[3.308s] -- Up-to-date: /home/bobo/ros2_ws/install/ros2cpp_tutorials_action/include/ros2cpp_tutorials_action/ros2cpp_tutorials_action
[3.308s] -- Up-to-date: /home/bobo/ros2_ws/install/ros2cpp_tutorials_action/include/ros2cpp_tutorials_action/ros2cpp_tutorials_action/action
[3.308s] -- Up-to-date: /home/bobo/ros2_ws/install/ros2cpp_tutorials_action/include/ros2cpp_tutorials_action/ros2cpp_tutorials_action/action/detail
[3.308s] -- Up-to-date: /home/bobo/ros2_ws/install/ros2cpp_tutorials_action/include/ros2cpp_tutorials_action/ros2cpp_tutorials_action/action/detail/fibonacci__functions.c
[3.309s] -- Up-to-date: /home/bobo/ros2_ws/install/ros2cpp_tutorials_action/include/ros2cpp_tutorials_action/ros2cpp_tutorials_action/action/detail/fibonacci__struct.h
[3.309s] -- Up-to-date: /home/bobo/ros2_ws/install/ros2cpp_tutorials_action/include/ros2cpp_tutorials_action/ros2cpp_tutorials_action/action/detail/fibonacci__type_support.h
[3.309s] -- Up-to-date: /home/bobo/ros2_ws/install/ros2cpp_tutorials_action/include/ros2cpp_tutorials_action/ros2cpp_tutorials_action/action/detail/fibonacci__functions.h
[3.309s] -- Up-to-date: /home/bobo/ros2_ws/install/ros2cpp_tutorials_action/include/ros2cpp_tutorials_action/ros2cpp_tutorials_action/action/fibonacci.h
[3.309s] -- Up-to-date: /home/bobo/ros2_ws/install/ros2cpp_tutorials_action/include/ros2cpp_tutorials_action/ros2cpp_tutorials_action/msg
[3.309s] -- Up-to-date: /home/bobo/ros2_ws/install/ros2cpp_tutorials_action/include/ros2cpp_tutorials_action/ros2cpp_tutorials_action/msg/rosidl_generator_c__visibility_control.h
[3.309s] -- Up-to-date: /home/bobo/ros2_ws/install/ros2cpp_tutorials_action/share/ros2cpp_tutorials_action/environment/library_path.sh
[3.309s] -- Installing: /home/bobo/ros2_ws/install/ros2cpp_tutorials_action/share/ros2cpp_tutorials_action/environment/library_path.dsv
[3.310s] -- Up-to-date: /home/bobo/ros2_ws/install/ros2cpp_tutorials_action/lib/libros2cpp_tutorials_action__rosidl_generator_c.so
[3.311s] -- Up-to-date: /home/bobo/ros2_ws/install/ros2cpp_tutorials_action/include/ros2cpp_tutorials_action/ros2cpp_tutorials_action
[3.311s] -- Up-to-date: /home/bobo/ros2_ws/install/ros2cpp_tutorials_action/include/ros2cpp_tutorials_action/ros2cpp_tutorials_action/action
[3.311s] -- Up-to-date: /home/bobo/ros2_ws/install/ros2cpp_tutorials_action/include/ros2cpp_tutorials_action/ros2cpp_tutorials_action/action/detail
[3.311s] -- Up-to-date: /home/bobo/ros2_ws/install/ros2cpp_tutorials_action/include/ros2cpp_tutorials_action/ros2cpp_tutorials_action/action/detail/fibonacci__rosidl_typesupport_fastrtps_c.h
[3.312s] -- Up-to-date: /home/bobo/ros2_ws/install/ros2cpp_tutorials_action/include/ros2cpp_tutorials_action/ros2cpp_tutorials_action/msg
[3.312s] -- Up-to-date: /home/bobo/ros2_ws/install/ros2cpp_tutorials_action/include/ros2cpp_tutorials_action/ros2cpp_tutorials_action/msg/rosidl_typesupport_fastrtps_c__visibility_control.h
[3.319s] -- Up-to-date: /home/bobo/ros2_ws/install/ros2cpp_tutorials_action/lib/libros2cpp_tutorials_action__rosidl_typesupport_fastrtps_c.so
[3.320s] -- Up-to-date: /home/bobo/ros2_ws/install/ros2cpp_tutorials_action/include/ros2cpp_tutorials_action/ros2cpp_tutorials_action
[3.320s] -- Up-to-date: /home/bobo/ros2_ws/install/ros2cpp_tutorials_action/include/ros2cpp_tutorials_action/ros2cpp_tutorials_action/action
[3.320s] -- Up-to-date: /home/bobo/ros2_ws/install/ros2cpp_tutorials_action/include/ros2cpp_tutorials_action/ros2cpp_tutorials_action/action/detail
[3.321s] -- Up-to-date: /home/bobo/ros2_ws/install/ros2cpp_tutorials_action/include/ros2cpp_tutorials_action/ros2cpp_tutorials_action/action/detail/fibonacci__rosidl_typesupport_introspection_c.h
[3.321s] -- Up-to-date: /home/bobo/ros2_ws/install/ros2cpp_tutorials_action/include/ros2cpp_tutorials_action/ros2cpp_tutorials_action/action/detail/fibonacci__type_support.c
[3.324s] -- Up-to-date: /home/bobo/ros2_ws/install/ros2cpp_tutorials_action/include/ros2cpp_tutorials_action/ros2cpp_tutorials_action/msg
[3.324s] -- Up-to-date: /home/bobo/ros2_ws/install/ros2cpp_tutorials_action/include/ros2cpp_tutorials_action/ros2cpp_tutorials_action/msg/rosidl_typesupport_introspection_c__visibility_control.h
[3.324s] -- Up-to-date: /home/bobo/ros2_ws/install/ros2cpp_tutorials_action/lib/libros2cpp_tutorials_action__rosidl_typesupport_introspection_c.so
[3.324s] -- Up-to-date: /home/bobo/ros2_ws/install/ros2cpp_tutorials_action/lib/libros2cpp_tutorials_action__rosidl_typesupport_c.so
[3.324s] -- Up-to-date: /home/bobo/ros2_ws/install/ros2cpp_tutorials_action/include/ros2cpp_tutorials_action/ros2cpp_tutorials_action
[3.325s] -- Up-to-date: /home/bobo/ros2_ws/install/ros2cpp_tutorials_action/include/ros2cpp_tutorials_action/ros2cpp_tutorials_action/action
[3.325s] -- Up-to-date: /home/bobo/ros2_ws/install/ros2cpp_tutorials_action/include/ros2cpp_tutorials_action/ros2cpp_tutorials_action/action/detail
[3.325s] -- Up-to-date: /home/bobo/ros2_ws/install/ros2cpp_tutorials_action/include/ros2cpp_tutorials_action/ros2cpp_tutorials_action/action/detail/fibonacci__struct.hpp
[3.325s] -- Up-to-date: /home/bobo/ros2_ws/install/ros2cpp_tutorials_action/include/ros2cpp_tutorials_action/ros2cpp_tutorials_action/action/detail/fibonacci__traits.hpp
[3.325s] -- Up-to-date: /home/bobo/ros2_ws/install/ros2cpp_tutorials_action/include/ros2cpp_tutorials_action/ros2cpp_tutorials_action/action/detail/fibonacci__builder.hpp
[3.325s] -- Up-to-date: /home/bobo/ros2_ws/install/ros2cpp_tutorials_action/include/ros2cpp_tutorials_action/ros2cpp_tutorials_action/action/fibonacci.hpp
[3.325s] -- Up-to-date: /home/bobo/ros2_ws/install/ros2cpp_tutorials_action/include/ros2cpp_tutorials_action/ros2cpp_tutorials_action
[3.325s] -- Up-to-date: /home/bobo/ros2_ws/install/ros2cpp_tutorials_action/include/ros2cpp_tutorials_action/ros2cpp_tutorials_action/action
[3.326s] -- Up-to-date: /home/bobo/ros2_ws/install/ros2cpp_tutorials_action/include/ros2cpp_tutorials_action/ros2cpp_tutorials_action/action/detail
[3.326s] -- Up-to-date: /home/bobo/ros2_ws/install/ros2cpp_tutorials_action/include/ros2cpp_tutorials_action/ros2cpp_tutorials_action/action/detail/fibonacci__rosidl_typesupport_fastrtps_cpp.hpp
[3.333s] -- Up-to-date: /home/bobo/ros2_ws/install/ros2cpp_tutorials_action/include/ros2cpp_tutorials_action/ros2cpp_tutorials_action/action/detail/dds_fastrtps
[3.333s] -- Up-to-date: /home/bobo/ros2_ws/install/ros2cpp_tutorials_action/include/ros2cpp_tutorials_action/ros2cpp_tutorials_action/msg
[3.333s] -- Up-to-date: /home/bobo/ros2_ws/install/ros2cpp_tutorials_action/include/ros2cpp_tutorials_action/ros2cpp_tutorials_action/msg/rosidl_typesupport_fastrtps_cpp__visibility_control.h
[3.334s] -- Up-to-date: /home/bobo/ros2_ws/install/ros2cpp_tutorials_action/lib/libros2cpp_tutorials_action__rosidl_typesupport_fastrtps_cpp.so
[3.334s] -- Up-to-date: /home/bobo/ros2_ws/install/ros2cpp_tutorials_action/include/ros2cpp_tutorials_action/ros2cpp_tutorials_action
[3.334s] -- Up-to-date: /home/bobo/ros2_ws/install/ros2cpp_tutorials_action/include/ros2cpp_tutorials_action/ros2cpp_tutorials_action/action
[3.334s] -- Up-to-date: /home/bobo/ros2_ws/install/ros2cpp_tutorials_action/include/ros2cpp_tutorials_action/ros2cpp_tutorials_action/action/detail
[3.334s] -- Up-to-date: /home/bobo/ros2_ws/install/ros2cpp_tutorials_action/include/ros2cpp_tutorials_action/ros2cpp_tutorials_action/action/detail/fibonacci__type_support.cpp
[3.334s] -- Up-to-date: /home/bobo/ros2_ws/install/ros2cpp_tutorials_action/include/ros2cpp_tutorials_action/ros2cpp_tutorials_action/action/detail/fibonacci__rosidl_typesupport_introspection_cpp.hpp
[3.335s] -- Up-to-date: /home/bobo/ros2_ws/install/ros2cpp_tutorials_action/lib/libros2cpp_tutorials_action__rosidl_typesupport_introspection_cpp.so
[3.335s] -- Up-to-date: /home/bobo/ros2_ws/install/ros2cpp_tutorials_action/lib/libros2cpp_tutorials_action__rosidl_typesupport_cpp.so
[3.335s] -- Up-to-date: /home/bobo/ros2_ws/install/ros2cpp_tutorials_action/share/ros2cpp_tutorials_action/environment/pythonpath.sh
[3.335s] -- Installing: /home/bobo/ros2_ws/install/ros2cpp_tutorials_action/share/ros2cpp_tutorials_action/environment/pythonpath.dsv
[3.335s] -- Up-to-date: /home/bobo/ros2_ws/install/ros2cpp_tutorials_action/local/lib/python3.10/dist-packages/ros2cpp_tutorials_action-1.0.0-py3.10.egg-info
[3.335s] -- Installing: /home/bobo/ros2_ws/install/ros2cpp_tutorials_action/local/lib/python3.10/dist-packages/ros2cpp_tutorials_action-1.0.0-py3.10.egg-info/top_level.txt
[3.335s] -- Installing: /home/bobo/ros2_ws/install/ros2cpp_tutorials_action/local/lib/python3.10/dist-packages/ros2cpp_tutorials_action-1.0.0-py3.10.egg-info/dependency_links.txt
[3.335s] -- Installing: /home/bobo/ros2_ws/install/ros2cpp_tutorials_action/local/lib/python3.10/dist-packages/ros2cpp_tutorials_action-1.0.0-py3.10.egg-info/SOURCES.txt
[3.336s] -- Installing: /home/bobo/ros2_ws/install/ros2cpp_tutorials_action/local/lib/python3.10/dist-packages/ros2cpp_tutorials_action-1.0.0-py3.10.egg-info/PKG-INFO
[3.336s] -- Up-to-date: /home/bobo/ros2_ws/install/ros2cpp_tutorials_action/local/lib/python3.10/dist-packages/ros2cpp_tutorials_action
[3.336s] -- Up-to-date: /home/bobo/ros2_ws/install/ros2cpp_tutorials_action/local/lib/python3.10/dist-packages/ros2cpp_tutorials_action/libros2cpp_tutorials_action__rosidl_generator_py.so
[3.336s] -- Up-to-date: /home/bobo/ros2_ws/install/ros2cpp_tutorials_action/local/lib/python3.10/dist-packages/ros2cpp_tutorials_action/action
[3.336s] -- Up-to-date: /home/bobo/ros2_ws/install/ros2cpp_tutorials_action/local/lib/python3.10/dist-packages/ros2cpp_tutorials_action/action/_fibonacci.py
[3.336s] -- Up-to-date: /home/bobo/ros2_ws/install/ros2cpp_tutorials_action/local/lib/python3.10/dist-packages/ros2cpp_tutorials_action/action/__init__.py
[3.336s] -- Up-to-date: /home/bobo/ros2_ws/install/ros2cpp_tutorials_action/local/lib/python3.10/dist-packages/ros2cpp_tutorials_action/action/_fibonacci_s.c
[3.336s] -- Up-to-date: /home/bobo/ros2_ws/install/ros2cpp_tutorials_action/local/lib/python3.10/dist-packages/ros2cpp_tutorials_action/ros2cpp_tutorials_action_s__rosidl_typesupport_c.cpython-310-x86_64-linux-gnu.so
[3.337s] -- Up-to-date: /home/bobo/ros2_ws/install/ros2cpp_tutorials_action/local/lib/python3.10/dist-packages/ros2cpp_tutorials_action/ros2cpp_tutorials_action_s__rosidl_typesupport_introspection_c.cpython-310-x86_64-linux-gnu.so
[3.337s] -- Installing: /home/bobo/ros2_ws/install/ros2cpp_tutorials_action/local/lib/python3.10/dist-packages/ros2cpp_tutorials_action/__init__.py
[3.337s] -- Up-to-date: /home/bobo/ros2_ws/install/ros2cpp_tutorials_action/local/lib/python3.10/dist-packages/ros2cpp_tutorials_action/_ros2cpp_tutorials_action_s.ep.rosidl_typesupport_fastrtps_c.c
[3.337s] -- Up-to-date: /home/bobo/ros2_ws/install/ros2cpp_tutorials_action/local/lib/python3.10/dist-packages/ros2cpp_tutorials_action/_ros2cpp_tutorials_action_s.ep.rosidl_typesupport_introspection_c.c
[3.337s] -- Up-to-date: /home/bobo/ros2_ws/install/ros2cpp_tutorials_action/local/lib/python3.10/dist-packages/ros2cpp_tutorials_action/ros2cpp_tutorials_action_s__rosidl_typesupport_fastrtps_c.cpython-310-x86_64-linux-gnu.so
[3.337s] -- Up-to-date: /home/bobo/ros2_ws/install/ros2cpp_tutorials_action/local/lib/python3.10/dist-packages/ros2cpp_tutorials_action/_ros2cpp_tutorials_action_s.ep.rosidl_typesupport_c.c
[3.412s] Listing '/home/bobo/ros2_ws/install/ros2cpp_tutorials_action/local/lib/python3.10/dist-packages/ros2cpp_tutorials_action'...
[3.412s] Compiling '/home/bobo/ros2_ws/install/ros2cpp_tutorials_action/local/lib/python3.10/dist-packages/ros2cpp_tutorials_action/__init__.py'...
[3.412s] Listing '/home/bobo/ros2_ws/install/ros2cpp_tutorials_action/local/lib/python3.10/dist-packages/ros2cpp_tutorials_action/action'...
[3.421s] -- Up-to-date: /home/bobo/ros2_ws/install/ros2cpp_tutorials_action/local/lib/python3.10/dist-packages/ros2cpp_tutorials_action/ros2cpp_tutorials_action_s__rosidl_typesupport_fastrtps_c.cpython-310-x86_64-linux-gnu.so
[3.422s] -- Up-to-date: /home/bobo/ros2_ws/install/ros2cpp_tutorials_action/local/lib/python3.10/dist-packages/ros2cpp_tutorials_action/ros2cpp_tutorials_action_s__rosidl_typesupport_introspection_c.cpython-310-x86_64-linux-gnu.so
[3.423s] -- Up-to-date: /home/bobo/ros2_ws/install/ros2cpp_tutorials_action/local/lib/python3.10/dist-packages/ros2cpp_tutorials_action/ros2cpp_tutorials_action_s__rosidl_typesupport_c.cpython-310-x86_64-linux-gnu.so
[3.423s] -- Up-to-date: /home/bobo/ros2_ws/install/ros2cpp_tutorials_action/lib/libros2cpp_tutorials_action__rosidl_generator_py.so
[3.426s] -- Up-to-date: /home/bobo/ros2_ws/install/ros2cpp_tutorials_action/share/ros2cpp_tutorials_action/action/Fibonacci.idl
[3.426s] -- Up-to-date: /home/bobo/ros2_ws/install/ros2cpp_tutorials_action/share/ros2cpp_tutorials_action/action/Fibonacci.action
[3.427s] -- Up-to-date: /home/bobo/ros2_ws/install/ros2cpp_tutorials_action/lib/ros2cpp_tutorials_action/client
[3.427s] -- Up-to-date: /home/bobo/ros2_ws/install/ros2cpp_tutorials_action/lib/ros2cpp_tutorials_action/server
[3.427s] -- Up-to-date: /home/bobo/ros2_ws/install/ros2cpp_tutorials_action/share/ament_index/resource_index/package_run_dependencies/ros2cpp_tutorials_action
[3.427s] -- Up-to-date: /home/bobo/ros2_ws/install/ros2cpp_tutorials_action/share/ament_index/resource_index/parent_prefix_path/ros2cpp_tutorials_action
[3.427s] -- Up-to-date: /home/bobo/ros2_ws/install/ros2cpp_tutorials_action/share/ros2cpp_tutorials_action/environment/ament_prefix_path.sh
[3.427s] -- Installing: /home/bobo/ros2_ws/install/ros2cpp_tutorials_action/share/ros2cpp_tutorials_action/environment/ament_prefix_path.dsv
[3.428s] -- Up-to-date: /home/bobo/ros2_ws/install/ros2cpp_tutorials_action/share/ros2cpp_tutorials_action/environment/path.sh
[3.428s] -- Installing: /home/bobo/ros2_ws/install/ros2cpp_tutorials_action/share/ros2cpp_tutorials_action/environment/path.dsv
[3.432s] -- Up-to-date: /home/bobo/ros2_ws/install/ros2cpp_tutorials_action/share/ros2cpp_tutorials_action/local_setup.bash
[3.432s] -- Up-to-date: /home/bobo/ros2_ws/install/ros2cpp_tutorials_action/share/ros2cpp_tutorials_action/local_setup.sh
[3.432s] -- Up-to-date: /home/bobo/ros2_ws/install/ros2cpp_tutorials_action/share/ros2cpp_tutorials_action/local_setup.zsh
[3.433s] -- Installing: /home/bobo/ros2_ws/install/ros2cpp_tutorials_action/share/ros2cpp_tutorials_action/local_setup.dsv
[3.433s] -- Installing: /home/bobo/ros2_ws/install/ros2cpp_tutorials_action/share/ros2cpp_tutorials_action/package.dsv
[3.433s] -- Up-to-date: /home/bobo/ros2_ws/install/ros2cpp_tutorials_action/share/ament_index/resource_index/packages/ros2cpp_tutorials_action
[3.433s] -- Up-to-date: /home/bobo/ros2_ws/install/ros2cpp_tutorials_action/share/ros2cpp_tutorials_action/cmake/export_ros2cpp_tutorials_action__rosidl_generator_cExport.cmake
[3.434s] -- Up-to-date: /home/bobo/ros2_ws/install/ros2cpp_tutorials_action/share/ros2cpp_tutorials_action/cmake/export_ros2cpp_tutorials_action__rosidl_generator_cExport-noconfig.cmake
[3.434s] -- Up-to-date: /home/bobo/ros2_ws/install/ros2cpp_tutorials_action/share/ros2cpp_tutorials_action/cmake/export_ros2cpp_tutorials_action__rosidl_typesupport_fastrtps_cExport.cmake
[3.434s] -- Up-to-date: /home/bobo/ros2_ws/install/ros2cpp_tutorials_action/share/ros2cpp_tutorials_action/cmake/export_ros2cpp_tutorials_action__rosidl_typesupport_fastrtps_cExport-noconfig.cmake
[3.434s] -- Up-to-date: /home/bobo/ros2_ws/install/ros2cpp_tutorials_action/share/ros2cpp_tutorials_action/cmake/ros2cpp_tutorials_action__rosidl_typesupport_introspection_cExport.cmake
[3.434s] -- Up-to-date: /home/bobo/ros2_ws/install/ros2cpp_tutorials_action/share/ros2cpp_tutorials_action/cmake/ros2cpp_tutorials_action__rosidl_typesupport_introspection_cExport-noconfig.cmake
[3.435s] -- Up-to-date: /home/bobo/ros2_ws/install/ros2cpp_tutorials_action/share/ros2cpp_tutorials_action/cmake/ros2cpp_tutorials_action__rosidl_typesupport_cExport.cmake
[3.435s] -- Up-to-date: /home/bobo/ros2_ws/install/ros2cpp_tutorials_action/share/ros2cpp_tutorials_action/cmake/ros2cpp_tutorials_action__rosidl_typesupport_cExport-noconfig.cmake
[3.435s] -- Up-to-date: /home/bobo/ros2_ws/install/ros2cpp_tutorials_action/share/ros2cpp_tutorials_action/cmake/export_ros2cpp_tutorials_action__rosidl_generator_cppExport.cmake
[3.436s] -- Up-to-date: /home/bobo/ros2_ws/install/ros2cpp_tutorials_action/share/ros2cpp_tutorials_action/cmake/export_ros2cpp_tutorials_action__rosidl_typesupport_fastrtps_cppExport.cmake
[3.441s] -- Up-to-date: /home/bobo/ros2_ws/install/ros2cpp_tutorials_action/share/ros2cpp_tutorials_action/cmake/export_ros2cpp_tutorials_action__rosidl_typesupport_fastrtps_cppExport-noconfig.cmake
[3.441s] -- Up-to-date: /home/bobo/ros2_ws/install/ros2cpp_tutorials_action/share/ros2cpp_tutorials_action/cmake/ros2cpp_tutorials_action__rosidl_typesupport_introspection_cppExport.cmake
[3.441s] -- Up-to-date: /home/bobo/ros2_ws/install/ros2cpp_tutorials_action/share/ros2cpp_tutorials_action/cmake/ros2cpp_tutorials_action__rosidl_typesupport_introspection_cppExport-noconfig.cmake
[3.441s] -- Up-to-date: /home/bobo/ros2_ws/install/ros2cpp_tutorials_action/share/ros2cpp_tutorials_action/cmake/ros2cpp_tutorials_action__rosidl_typesupport_cppExport.cmake
[3.442s] -- Up-to-date: /home/bobo/ros2_ws/install/ros2cpp_tutorials_action/share/ros2cpp_tutorials_action/cmake/ros2cpp_tutorials_action__rosidl_typesupport_cppExport-noconfig.cmake
[3.442s] -- Up-to-date: /home/bobo/ros2_ws/install/ros2cpp_tutorials_action/share/ros2cpp_tutorials_action/cmake/export_ros2cpp_tutorials_action__rosidl_generator_pyExport.cmake
[3.442s] -- Up-to-date: /home/bobo/ros2_ws/install/ros2cpp_tutorials_action/share/ros2cpp_tutorials_action/cmake/export_ros2cpp_tutorials_action__rosidl_generator_pyExport-noconfig.cmake
[3.442s] -- Up-to-date: /home/bobo/ros2_ws/install/ros2cpp_tutorials_action/share/ros2cpp_tutorials_action/cmake/rosidl_cmake-extras.cmake
[3.442s] -- Up-to-date: /home/bobo/ros2_ws/install/ros2cpp_tutorials_action/share/ros2cpp_tutorials_action/cmake/ament_cmake_export_dependencies-extras.cmake
[3.442s] -- Up-to-date: /home/bobo/ros2_ws/install/ros2cpp_tutorials_action/share/ros2cpp_tutorials_action/cmake/ament_cmake_export_include_directories-extras.cmake
[3.442s] -- Up-to-date: /home/bobo/ros2_ws/install/ros2cpp_tutorials_action/share/ros2cpp_tutorials_action/cmake/ament_cmake_export_libraries-extras.cmake
[3.443s] -- Up-to-date: /home/bobo/ros2_ws/install/ros2cpp_tutorials_action/share/ros2cpp_tutorials_action/cmake/ament_cmake_export_targets-extras.cmake
[3.443s] -- Up-to-date: /home/bobo/ros2_ws/install/ros2cpp_tutorials_action/share/ros2cpp_tutorials_action/cmake/rosidl_cmake_export_typesupport_targets-extras.cmake
[3.443s] -- Up-to-date: /home/bobo/ros2_ws/install/ros2cpp_tutorials_action/share/ros2cpp_tutorials_action/cmake/rosidl_cmake_export_typesupport_libraries-extras.cmake
[3.443s] -- Up-to-date: /home/bobo/ros2_ws/install/ros2cpp_tutorials_action/share/ros2cpp_tutorials_action/cmake/ros2cpp_tutorials_actionConfig.cmake
[3.443s] -- Up-to-date: /home/bobo/ros2_ws/install/ros2cpp_tutorials_action/share/ros2cpp_tutorials_action/cmake/ros2cpp_tutorials_actionConfig-version.cmake
[3.443s] -- Up-to-date: /home/bobo/ros2_ws/install/ros2cpp_tutorials_action/share/ros2cpp_tutorials_action/package.xml
[3.443s] Invoked command in '/home/bobo/ros2_ws/build/ros2cpp_tutorials_action' returned '0': CMAKE_PREFIX_PATH=${CMAKE_PREFIX_PATH}:/opt/ros/humble /usr/bin/cmake --install /home/bobo/ros2_ws/build/ros2cpp_tutorials_action
