[0.142s] DEBUG:colcon:Command line arguments: ['/usr/bin/colcon', 'build']
[0.142s] DEBUG:colcon:Parsed command line arguments: Namespace(log_base=None, log_level=None, verb_name='build', build_base='build', install_base='install', merge_install=False, symlink_install=False, test_result_base=None, continue_on_error=False, executor='parallel', parallel_workers=8, event_handlers=None, ignore_user_meta=False, metas=['./colcon.meta'], base_paths=['.'], packages_ignore=None, packages_ignore_regex=None, paths=None, packages_up_to=None, packages_up_to_regex=None, packages_above=None, packages_above_and_dependencies=None, packages_above_depth=None, packages_select_by_dep=None, packages_skip_by_dep=None, packages_skip_up_to=None, packages_select_build_failed=False, packages_skip_build_finished=False, packages_select_test_failures=False, packages_skip_test_passed=False, packages_select=None, packages_skip=None, packages_select_regex=None, packages_skip_regex=None, packages_start=None, packages_end=None, allow_overriding=[], cmake_args=None, cmake_target=None, cmake_target_skip_unavailable=False, cmake_clean_cache=False, cmake_clean_first=False, cmake_force_configure=False, ament_cmake_args=None, catkin_cmake_args=None, catkin_skip_building_tests=False, mixin_files=None, mixin=None, verb_parser=<colcon_mixin.mixin.mixin_argument.MixinArgumentDecorator object at 0x7400bf5435b0>, verb_extension=<colcon_core.verb.build.BuildVerb object at 0x7400bf542fe0>, main=<bound method BuildVerb.main of <colcon_core.verb.build.BuildVerb object at 0x7400bf542fe0>>, mixin_verb=('build',))
[0.394s] Level 1:colcon.colcon_core.package_discovery:discover_packages(colcon_meta) check parameters
[0.395s] Level 1:colcon.colcon_core.package_discovery:discover_packages(recursive) check parameters
[0.395s] Level 1:colcon.colcon_core.package_discovery:discover_packages(ignore) check parameters
[0.395s] Level 1:colcon.colcon_core.package_discovery:discover_packages(path) check parameters
[0.395s] Level 1:colcon.colcon_core.package_discovery:discover_packages(colcon_meta) discover
[0.395s] Level 1:colcon.colcon_core.package_discovery:discover_packages(recursive) discover
[0.395s] INFO:colcon.colcon_core.package_discovery:Crawling recursively for packages in '/home/bobo/ros2_ws'
[0.395s] Level 1:colcon.colcon_core.package_identification:_identify(.) by extensions ['ignore', 'ignore_ament_install']
[0.395s] Level 1:colcon.colcon_core.package_identification:_identify(.) by extension 'ignore'
[0.395s] Level 1:colcon.colcon_core.package_identification:_identify(.) by extension 'ignore_ament_install'
[0.396s] Level 1:colcon.colcon_core.package_identification:_identify(.) by extensions ['colcon_pkg']
[0.396s] Level 1:colcon.colcon_core.package_identification:_identify(.) by extension 'colcon_pkg'
[0.396s] Level 1:colcon.colcon_core.package_identification:_identify(.) by extensions ['colcon_meta']
[0.396s] Level 1:colcon.colcon_core.package_identification:_identify(.) by extension 'colcon_meta'
[0.396s] Level 1:colcon.colcon_core.package_identification:_identify(.) by extensions ['ros']
[0.396s] Level 1:colcon.colcon_core.package_identification:_identify(.) by extension 'ros'
[0.411s] Level 1:colcon.colcon_core.package_identification:_identify(.) by extensions ['cmake', 'python']
[0.411s] Level 1:colcon.colcon_core.package_identification:_identify(.) by extension 'cmake'
[0.412s] Level 1:colcon.colcon_core.package_identification:_identify(.) by extension 'python'
[0.412s] Level 1:colcon.colcon_core.package_identification:_identify(.) by extensions ['python_setup_py']
[0.412s] Level 1:colcon.colcon_core.package_identification:_identify(.) by extension 'python_setup_py'
[0.412s] Level 1:colcon.colcon_core.package_identification:_identify(build) by extensions ['ignore', 'ignore_ament_install']
[0.412s] Level 1:colcon.colcon_core.package_identification:_identify(build) by extension 'ignore'
[0.412s] Level 1:colcon.colcon_core.package_identification:_identify(build) ignored
[0.412s] Level 1:colcon.colcon_core.package_identification:_identify(eigen-3.4.0) by extensions ['ignore', 'ignore_ament_install']
[0.412s] Level 1:colcon.colcon_core.package_identification:_identify(eigen-3.4.0) by extension 'ignore'
[0.412s] Level 1:colcon.colcon_core.package_identification:_identify(eigen-3.4.0) by extension 'ignore_ament_install'
[0.412s] Level 1:colcon.colcon_core.package_identification:_identify(eigen-3.4.0) by extensions ['colcon_pkg']
[0.412s] Level 1:colcon.colcon_core.package_identification:_identify(eigen-3.4.0) by extension 'colcon_pkg'
[0.413s] Level 1:colcon.colcon_core.package_identification:_identify(eigen-3.4.0) by extensions ['colcon_meta']
[0.413s] Level 1:colcon.colcon_core.package_identification:_identify(eigen-3.4.0) by extension 'colcon_meta'
[0.413s] Level 1:colcon.colcon_core.package_identification:_identify(eigen-3.4.0) by extensions ['ros']
[0.413s] Level 1:colcon.colcon_core.package_identification:_identify(eigen-3.4.0) by extension 'ros'
[0.413s] Level 1:colcon.colcon_core.package_identification:_identify(eigen-3.4.0) by extensions ['cmake', 'python']
[0.413s] Level 1:colcon.colcon_core.package_identification:_identify(eigen-3.4.0) by extension 'cmake'
[0.871s] Level 1:colcon.colcon_core.package_identification:_identify(eigen-3.4.0) by extension 'python'
[0.872s] DEBUG:colcon.colcon_core.package_identification:Package 'eigen-3.4.0' with type 'cmake' and name 'Eigen3'
[0.872s] Level 1:colcon.colcon_core.package_identification:_identify(install) by extensions ['ignore', 'ignore_ament_install']
[0.872s] Level 1:colcon.colcon_core.package_identification:_identify(install) by extension 'ignore'
[0.872s] Level 1:colcon.colcon_core.package_identification:_identify(install) ignored
[0.872s] Level 1:colcon.colcon_core.package_identification:_identify(log) by extensions ['ignore', 'ignore_ament_install']
[0.872s] Level 1:colcon.colcon_core.package_identification:_identify(log) by extension 'ignore'
[0.872s] Level 1:colcon.colcon_core.package_identification:_identify(log) ignored
[0.872s] Level 1:colcon.colcon_core.package_identification:_identify(src) by extensions ['ignore', 'ignore_ament_install']
[0.873s] Level 1:colcon.colcon_core.package_identification:_identify(src) by extension 'ignore'
[0.873s] Level 1:colcon.colcon_core.package_identification:_identify(src) by extension 'ignore_ament_install'
[0.873s] Level 1:colcon.colcon_core.package_identification:_identify(src) by extensions ['colcon_pkg']
[0.873s] Level 1:colcon.colcon_core.package_identification:_identify(src) by extension 'colcon_pkg'
[0.873s] Level 1:colcon.colcon_core.package_identification:_identify(src) by extensions ['colcon_meta']
[0.873s] Level 1:colcon.colcon_core.package_identification:_identify(src) by extension 'colcon_meta'
[0.873s] Level 1:colcon.colcon_core.package_identification:_identify(src) by extensions ['ros']
[0.873s] Level 1:colcon.colcon_core.package_identification:_identify(src) by extension 'ros'
[0.873s] Level 1:colcon.colcon_core.package_identification:_identify(src) by extensions ['cmake', 'python']
[0.873s] Level 1:colcon.colcon_core.package_identification:_identify(src) by extension 'cmake'
[0.873s] Level 1:colcon.colcon_core.package_identification:_identify(src) by extension 'python'
[0.873s] Level 1:colcon.colcon_core.package_identification:_identify(src) by extensions ['python_setup_py']
[0.873s] Level 1:colcon.colcon_core.package_identification:_identify(src) by extension 'python_setup_py'
[0.873s] Level 1:colcon.colcon_core.package_identification:_identify(src/mr2_public) by extensions ['ignore', 'ignore_ament_install']
[0.873s] Level 1:colcon.colcon_core.package_identification:_identify(src/mr2_public) by extension 'ignore'
[0.873s] Level 1:colcon.colcon_core.package_identification:_identify(src/mr2_public) by extension 'ignore_ament_install'
[0.873s] Level 1:colcon.colcon_core.package_identification:_identify(src/mr2_public) by extensions ['colcon_pkg']
[0.874s] Level 1:colcon.colcon_core.package_identification:_identify(src/mr2_public) by extension 'colcon_pkg'
[0.874s] Level 1:colcon.colcon_core.package_identification:_identify(src/mr2_public) by extensions ['colcon_meta']
[0.874s] Level 1:colcon.colcon_core.package_identification:_identify(src/mr2_public) by extension 'colcon_meta'
[0.874s] Level 1:colcon.colcon_core.package_identification:_identify(src/mr2_public) by extensions ['ros']
[0.874s] Level 1:colcon.colcon_core.package_identification:_identify(src/mr2_public) by extension 'ros'
[0.874s] Level 1:colcon.colcon_core.package_identification:_identify(src/mr2_public) by extensions ['cmake', 'python']
[0.874s] Level 1:colcon.colcon_core.package_identification:_identify(src/mr2_public) by extension 'cmake'
[0.874s] Level 1:colcon.colcon_core.package_identification:_identify(src/mr2_public) by extension 'python'
[0.874s] Level 1:colcon.colcon_core.package_identification:_identify(src/mr2_public) by extensions ['python_setup_py']
[0.874s] Level 1:colcon.colcon_core.package_identification:_identify(src/mr2_public) by extension 'python_setup_py'
[0.874s] Level 1:colcon.colcon_core.package_identification:_identify(src/mr2_public/tug_mr2) by extensions ['ignore', 'ignore_ament_install']
[0.874s] Level 1:colcon.colcon_core.package_identification:_identify(src/mr2_public/tug_mr2) by extension 'ignore'
[0.874s] Level 1:colcon.colcon_core.package_identification:_identify(src/mr2_public/tug_mr2) by extension 'ignore_ament_install'
[0.874s] Level 1:colcon.colcon_core.package_identification:_identify(src/mr2_public/tug_mr2) by extensions ['colcon_pkg']
[0.874s] Level 1:colcon.colcon_core.package_identification:_identify(src/mr2_public/tug_mr2) by extension 'colcon_pkg'
[0.874s] Level 1:colcon.colcon_core.package_identification:_identify(src/mr2_public/tug_mr2) by extensions ['colcon_meta']
[0.875s] Level 1:colcon.colcon_core.package_identification:_identify(src/mr2_public/tug_mr2) by extension 'colcon_meta'
[0.875s] Level 1:colcon.colcon_core.package_identification:_identify(src/mr2_public/tug_mr2) by extensions ['ros']
[0.875s] Level 1:colcon.colcon_core.package_identification:_identify(src/mr2_public/tug_mr2) by extension 'ros'
[0.878s] DEBUG:colcon.colcon_core.package_identification:Package 'src/mr2_public/tug_mr2' with type 'ros.ament_cmake' and name 'tug_mr2'
[0.878s] Level 1:colcon.colcon_core.package_identification:_identify(src/mr2_public/tug_msgs) by extensions ['ignore', 'ignore_ament_install']
[0.878s] Level 1:colcon.colcon_core.package_identification:_identify(src/mr2_public/tug_msgs) by extension 'ignore'
[0.878s] Level 1:colcon.colcon_core.package_identification:_identify(src/mr2_public/tug_msgs) by extension 'ignore_ament_install'
[0.878s] Level 1:colcon.colcon_core.package_identification:_identify(src/mr2_public/tug_msgs) by extensions ['colcon_pkg']
[0.879s] Level 1:colcon.colcon_core.package_identification:_identify(src/mr2_public/tug_msgs) by extension 'colcon_pkg'
[0.879s] Level 1:colcon.colcon_core.package_identification:_identify(src/mr2_public/tug_msgs) by extensions ['colcon_meta']
[0.879s] Level 1:colcon.colcon_core.package_identification:_identify(src/mr2_public/tug_msgs) by extension 'colcon_meta'
[0.879s] Level 1:colcon.colcon_core.package_identification:_identify(src/mr2_public/tug_msgs) by extensions ['ros']
[0.879s] Level 1:colcon.colcon_core.package_identification:_identify(src/mr2_public/tug_msgs) by extension 'ros'
[0.879s] DEBUG:colcon.colcon_core.package_identification:Package 'src/mr2_public/tug_msgs' with type 'ros.ament_cmake' and name 'tug_msgs'
[0.879s] Level 1:colcon.colcon_core.package_identification:_identify(src/mr2_public/tug_stage_ros2) by extensions ['ignore', 'ignore_ament_install']
[0.880s] Level 1:colcon.colcon_core.package_identification:_identify(src/mr2_public/tug_stage_ros2) by extension 'ignore'
[0.880s] Level 1:colcon.colcon_core.package_identification:_identify(src/mr2_public/tug_stage_ros2) by extension 'ignore_ament_install'
[0.880s] Level 1:colcon.colcon_core.package_identification:_identify(src/mr2_public/tug_stage_ros2) by extensions ['colcon_pkg']
[0.880s] Level 1:colcon.colcon_core.package_identification:_identify(src/mr2_public/tug_stage_ros2) by extension 'colcon_pkg'
[0.880s] Level 1:colcon.colcon_core.package_identification:_identify(src/mr2_public/tug_stage_ros2) by extensions ['colcon_meta']
[0.880s] Level 1:colcon.colcon_core.package_identification:_identify(src/mr2_public/tug_stage_ros2) by extension 'colcon_meta'
[0.880s] Level 1:colcon.colcon_core.package_identification:_identify(src/mr2_public/tug_stage_ros2) by extensions ['ros']
[0.880s] Level 1:colcon.colcon_core.package_identification:_identify(src/mr2_public/tug_stage_ros2) by extension 'ros'
[0.881s] DEBUG:colcon.colcon_core.package_identification:Package 'src/mr2_public/tug_stage_ros2' with type 'ros.ament_cmake' and name 'tug_stage_ros2'
[0.882s] Level 1:colcon.colcon_core.package_identification:_identify(src/mr2_public/tug_turtlebot4) by extensions ['ignore', 'ignore_ament_install']
[0.882s] Level 1:colcon.colcon_core.package_identification:_identify(src/mr2_public/tug_turtlebot4) by extension 'ignore'
[0.882s] Level 1:colcon.colcon_core.package_identification:_identify(src/mr2_public/tug_turtlebot4) by extension 'ignore_ament_install'
[0.882s] Level 1:colcon.colcon_core.package_identification:_identify(src/mr2_public/tug_turtlebot4) by extensions ['colcon_pkg']
[0.882s] Level 1:colcon.colcon_core.package_identification:_identify(src/mr2_public/tug_turtlebot4) by extension 'colcon_pkg'
[0.882s] Level 1:colcon.colcon_core.package_identification:_identify(src/mr2_public/tug_turtlebot4) by extensions ['colcon_meta']
[0.882s] Level 1:colcon.colcon_core.package_identification:_identify(src/mr2_public/tug_turtlebot4) by extension 'colcon_meta'
[0.882s] Level 1:colcon.colcon_core.package_identification:_identify(src/mr2_public/tug_turtlebot4) by extensions ['ros']
[0.882s] Level 1:colcon.colcon_core.package_identification:_identify(src/mr2_public/tug_turtlebot4) by extension 'ros'
[0.883s] DEBUG:colcon.colcon_core.package_identification:Package 'src/mr2_public/tug_turtlebot4' with type 'ros.ament_cmake' and name 'tug_turtlebot4'
[0.883s] Level 1:colcon.colcon_core.package_discovery:discover_packages(recursive) using defaults
[0.883s] Level 1:colcon.colcon_core.package_discovery:discover_packages(ignore) discover
[0.883s] Level 1:colcon.colcon_core.package_discovery:discover_packages(ignore) using defaults
[0.883s] Level 1:colcon.colcon_core.package_discovery:discover_packages(path) discover
[0.883s] Level 1:colcon.colcon_core.package_discovery:discover_packages(path) using defaults
[0.921s] Level 1:colcon.colcon_core.package_discovery:discover_packages(prefix_path) check parameters
[0.921s] Level 1:colcon.colcon_core.package_discovery:discover_packages(prefix_path) discover
[0.922s] WARNING:colcon.colcon_ros.prefix_path.ament:The path '/home/bobo/ros2_ws/install/ros2cpp_tutorials_service' in the environment variable AMENT_PREFIX_PATH doesn't exist
[0.922s] WARNING:colcon.colcon_ros.prefix_path.ament:The path '/home/bobo/ros2_ws/install/ros2cpp_tutorials_publisher_subscriber' in the environment variable AMENT_PREFIX_PATH doesn't exist
[0.922s] WARNING:colcon.colcon_ros.prefix_path.ament:The path '/home/bobo/ros2_ws/install/ros2cpp_tutorials_parameter' in the environment variable AMENT_PREFIX_PATH doesn't exist
[0.922s] WARNING:colcon.colcon_ros.prefix_path.ament:The path '/home/bobo/ros2_ws/install/ros2cpp_tutorials_action' in the environment variable AMENT_PREFIX_PATH doesn't exist
[0.923s] WARNING:colcon.colcon_ros.prefix_path.catkin:The path '/home/bobo/ros2_ws/install/ros2cpp_tutorials_service' in the environment variable CMAKE_PREFIX_PATH doesn't exist
[0.923s] WARNING:colcon.colcon_ros.prefix_path.catkin:The path '/home/bobo/ros2_ws/install/ros2cpp_tutorials_publisher_subscriber' in the environment variable CMAKE_PREFIX_PATH doesn't exist
[0.923s] WARNING:colcon.colcon_ros.prefix_path.catkin:The path '/home/bobo/ros2_ws/install/ros2cpp_tutorials_parameter' in the environment variable CMAKE_PREFIX_PATH doesn't exist
[0.923s] WARNING:colcon.colcon_ros.prefix_path.catkin:The path '/home/bobo/ros2_ws/install/ros2cpp_tutorials_action' in the environment variable CMAKE_PREFIX_PATH doesn't exist
[0.925s] DEBUG:colcon.colcon_installed_package_information.package_discovery:Found 5 installed packages in /home/bobo/ros2_ws/install
[0.927s] DEBUG:colcon.colcon_installed_package_information.package_discovery:Found 396 installed packages in /opt/ros/humble
[0.929s] Level 1:colcon.colcon_core.package_discovery:discover_packages(prefix_path) using defaults
[1.003s] Level 5:colcon.colcon_core.verb:set package 'Eigen3' build argument 'cmake_args' from command line to 'None'
[1.003s] Level 5:colcon.colcon_core.verb:set package 'Eigen3' build argument 'cmake_target' from command line to 'None'
[1.003s] Level 5:colcon.colcon_core.verb:set package 'Eigen3' build argument 'cmake_target_skip_unavailable' from command line to 'False'
[1.003s] Level 5:colcon.colcon_core.verb:set package 'Eigen3' build argument 'cmake_clean_cache' from command line to 'False'
[1.003s] Level 5:colcon.colcon_core.verb:set package 'Eigen3' build argument 'cmake_clean_first' from command line to 'False'
[1.003s] Level 5:colcon.colcon_core.verb:set package 'Eigen3' build argument 'cmake_force_configure' from command line to 'False'
[1.003s] Level 5:colcon.colcon_core.verb:set package 'Eigen3' build argument 'ament_cmake_args' from command line to 'None'
[1.003s] Level 5:colcon.colcon_core.verb:set package 'Eigen3' build argument 'catkin_cmake_args' from command line to 'None'
[1.003s] Level 5:colcon.colcon_core.verb:set package 'Eigen3' build argument 'catkin_skip_building_tests' from command line to 'False'
[1.003s] DEBUG:colcon.colcon_core.verb:Building package 'Eigen3' with the following arguments: {'ament_cmake_args': None, 'build_base': '/home/bobo/ros2_ws/build/Eigen3', 'catkin_cmake_args': None, 'catkin_skip_building_tests': False, 'cmake_args': None, 'cmake_clean_cache': False, 'cmake_clean_first': False, 'cmake_force_configure': False, 'cmake_target': None, 'cmake_target_skip_unavailable': False, 'install_base': '/home/bobo/ros2_ws/install/Eigen3', 'merge_install': False, 'path': '/home/bobo/ros2_ws/eigen-3.4.0', 'symlink_install': False, 'test_result_base': None}
[1.004s] Level 5:colcon.colcon_core.verb:set package 'tug_msgs' build argument 'cmake_args' from command line to 'None'
[1.004s] Level 5:colcon.colcon_core.verb:set package 'tug_msgs' build argument 'cmake_target' from command line to 'None'
[1.004s] Level 5:colcon.colcon_core.verb:set package 'tug_msgs' build argument 'cmake_target_skip_unavailable' from command line to 'False'
[1.004s] Level 5:colcon.colcon_core.verb:set package 'tug_msgs' build argument 'cmake_clean_cache' from command line to 'False'
[1.004s] Level 5:colcon.colcon_core.verb:set package 'tug_msgs' build argument 'cmake_clean_first' from command line to 'False'
[1.004s] Level 5:colcon.colcon_core.verb:set package 'tug_msgs' build argument 'cmake_force_configure' from command line to 'False'
[1.004s] Level 5:colcon.colcon_core.verb:set package 'tug_msgs' build argument 'ament_cmake_args' from command line to 'None'
[1.004s] Level 5:colcon.colcon_core.verb:set package 'tug_msgs' build argument 'catkin_cmake_args' from command line to 'None'
[1.004s] Level 5:colcon.colcon_core.verb:set package 'tug_msgs' build argument 'catkin_skip_building_tests' from command line to 'False'
[1.004s] DEBUG:colcon.colcon_core.verb:Building package 'tug_msgs' with the following arguments: {'ament_cmake_args': None, 'build_base': '/home/bobo/ros2_ws/build/tug_msgs', 'catkin_cmake_args': None, 'catkin_skip_building_tests': False, 'cmake_args': None, 'cmake_clean_cache': False, 'cmake_clean_first': False, 'cmake_force_configure': False, 'cmake_target': None, 'cmake_target_skip_unavailable': False, 'install_base': '/home/bobo/ros2_ws/install/tug_msgs', 'merge_install': False, 'path': '/home/bobo/ros2_ws/src/mr2_public/tug_msgs', 'symlink_install': False, 'test_result_base': None}
[1.005s] Level 5:colcon.colcon_core.verb:set package 'tug_mr2' build argument 'cmake_args' from command line to 'None'
[1.005s] Level 5:colcon.colcon_core.verb:set package 'tug_mr2' build argument 'cmake_target' from command line to 'None'
[1.005s] Level 5:colcon.colcon_core.verb:set package 'tug_mr2' build argument 'cmake_target_skip_unavailable' from command line to 'False'
[1.005s] Level 5:colcon.colcon_core.verb:set package 'tug_mr2' build argument 'cmake_clean_cache' from command line to 'False'
[1.005s] Level 5:colcon.colcon_core.verb:set package 'tug_mr2' build argument 'cmake_clean_first' from command line to 'False'
[1.005s] Level 5:colcon.colcon_core.verb:set package 'tug_mr2' build argument 'cmake_force_configure' from command line to 'False'
[1.005s] Level 5:colcon.colcon_core.verb:set package 'tug_mr2' build argument 'ament_cmake_args' from command line to 'None'
[1.005s] Level 5:colcon.colcon_core.verb:set package 'tug_mr2' build argument 'catkin_cmake_args' from command line to 'None'
[1.005s] Level 5:colcon.colcon_core.verb:set package 'tug_mr2' build argument 'catkin_skip_building_tests' from command line to 'False'
[1.005s] DEBUG:colcon.colcon_core.verb:Building package 'tug_mr2' with the following arguments: {'ament_cmake_args': None, 'build_base': '/home/bobo/ros2_ws/build/tug_mr2', 'catkin_cmake_args': None, 'catkin_skip_building_tests': False, 'cmake_args': None, 'cmake_clean_cache': False, 'cmake_clean_first': False, 'cmake_force_configure': False, 'cmake_target': None, 'cmake_target_skip_unavailable': False, 'install_base': '/home/bobo/ros2_ws/install/tug_mr2', 'merge_install': False, 'path': '/home/bobo/ros2_ws/src/mr2_public/tug_mr2', 'symlink_install': False, 'test_result_base': None}
[1.005s] Level 5:colcon.colcon_core.verb:set package 'tug_stage_ros2' build argument 'cmake_args' from command line to 'None'
[1.005s] Level 5:colcon.colcon_core.verb:set package 'tug_stage_ros2' build argument 'cmake_target' from command line to 'None'
[1.005s] Level 5:colcon.colcon_core.verb:set package 'tug_stage_ros2' build argument 'cmake_target_skip_unavailable' from command line to 'False'
[1.005s] Level 5:colcon.colcon_core.verb:set package 'tug_stage_ros2' build argument 'cmake_clean_cache' from command line to 'False'
[1.005s] Level 5:colcon.colcon_core.verb:set package 'tug_stage_ros2' build argument 'cmake_clean_first' from command line to 'False'
[1.006s] Level 5:colcon.colcon_core.verb:set package 'tug_stage_ros2' build argument 'cmake_force_configure' from command line to 'False'
[1.006s] Level 5:colcon.colcon_core.verb:set package 'tug_stage_ros2' build argument 'ament_cmake_args' from command line to 'None'
[1.006s] Level 5:colcon.colcon_core.verb:set package 'tug_stage_ros2' build argument 'catkin_cmake_args' from command line to 'None'
[1.006s] Level 5:colcon.colcon_core.verb:set package 'tug_stage_ros2' build argument 'catkin_skip_building_tests' from command line to 'False'
[1.006s] DEBUG:colcon.colcon_core.verb:Building package 'tug_stage_ros2' with the following arguments: {'ament_cmake_args': None, 'build_base': '/home/bobo/ros2_ws/build/tug_stage_ros2', 'catkin_cmake_args': None, 'catkin_skip_building_tests': False, 'cmake_args': None, 'cmake_clean_cache': False, 'cmake_clean_first': False, 'cmake_force_configure': False, 'cmake_target': None, 'cmake_target_skip_unavailable': False, 'install_base': '/home/bobo/ros2_ws/install/tug_stage_ros2', 'merge_install': False, 'path': '/home/bobo/ros2_ws/src/mr2_public/tug_stage_ros2', 'symlink_install': False, 'test_result_base': None}
[1.006s] Level 5:colcon.colcon_core.verb:set package 'tug_turtlebot4' build argument 'cmake_args' from command line to 'None'
[1.006s] Level 5:colcon.colcon_core.verb:set package 'tug_turtlebot4' build argument 'cmake_target' from command line to 'None'
[1.006s] Level 5:colcon.colcon_core.verb:set package 'tug_turtlebot4' build argument 'cmake_target_skip_unavailable' from command line to 'False'
[1.006s] Level 5:colcon.colcon_core.verb:set package 'tug_turtlebot4' build argument 'cmake_clean_cache' from command line to 'False'
[1.006s] Level 5:colcon.colcon_core.verb:set package 'tug_turtlebot4' build argument 'cmake_clean_first' from command line to 'False'
[1.006s] Level 5:colcon.colcon_core.verb:set package 'tug_turtlebot4' build argument 'cmake_force_configure' from command line to 'False'
[1.006s] Level 5:colcon.colcon_core.verb:set package 'tug_turtlebot4' build argument 'ament_cmake_args' from command line to 'None'
[1.006s] Level 5:colcon.colcon_core.verb:set package 'tug_turtlebot4' build argument 'catkin_cmake_args' from command line to 'None'
[1.007s] Level 5:colcon.colcon_core.verb:set package 'tug_turtlebot4' build argument 'catkin_skip_building_tests' from command line to 'False'
[1.007s] DEBUG:colcon.colcon_core.verb:Building package 'tug_turtlebot4' with the following arguments: {'ament_cmake_args': None, 'build_base': '/home/bobo/ros2_ws/build/tug_turtlebot4', 'catkin_cmake_args': None, 'catkin_skip_building_tests': False, 'cmake_args': None, 'cmake_clean_cache': False, 'cmake_clean_first': False, 'cmake_force_configure': False, 'cmake_target': None, 'cmake_target_skip_unavailable': False, 'install_base': '/home/bobo/ros2_ws/install/tug_turtlebot4', 'merge_install': False, 'path': '/home/bobo/ros2_ws/src/mr2_public/tug_turtlebot4', 'symlink_install': False, 'test_result_base': None}
[1.007s] INFO:colcon.colcon_core.executor:Executing jobs using 'parallel' executor
[1.009s] DEBUG:colcon.colcon_parallel_executor.executor.parallel:run_until_complete
[1.010s] INFO:colcon.colcon_ros.task.ament_cmake.build:Building ROS package in '/home/bobo/ros2_ws/src/mr2_public/tug_msgs' with build type 'ament_cmake'
[1.010s] INFO:colcon.colcon_cmake.task.cmake.build:Building CMake package in '/home/bobo/ros2_ws/src/mr2_public/tug_msgs'
[1.012s] INFO:colcon.colcon_core.plugin_system:Skipping extension 'colcon_core.shell.bat': Not used on non-Windows systems
[1.012s] INFO:colcon.colcon_core.shell:Skip shell extension 'powershell' for command environment: Not usable outside of PowerShell
[1.012s] DEBUG:colcon.colcon_core.shell:Skip shell extension 'dsv' for command environment
[1.018s] INFO:colcon.colcon_cmake.task.cmake.build:Building CMake package in '/home/bobo/ros2_ws/eigen-3.4.0'
[1.018s] INFO:colcon.colcon_core.shell:Skip shell extension 'powershell' for command environment: Not usable outside of PowerShell
[1.018s] DEBUG:colcon.colcon_core.shell:Skip shell extension 'dsv' for command environment
[1.035s] DEBUG:colcon.colcon_core.event_handler.log_command:Invoking command in '/home/bobo/ros2_ws/build/tug_msgs': CMAKE_PREFIX_PATH=${CMAKE_PREFIX_PATH}:/opt/ros/humble /usr/bin/cmake --build /home/bobo/ros2_ws/build/tug_msgs -- -j8 -l8
[1.042s] DEBUG:colcon.colcon_core.event_handler.log_command:Invoking command in '/home/bobo/ros2_ws/build/Eigen3': /usr/bin/cmake --build /home/bobo/ros2_ws/build/Eigen3 -- -j8 -l8
[1.597s] DEBUG:colcon.colcon_core.event_handler.log_command:Invoked command in '/home/bobo/ros2_ws/build/Eigen3' returned '0': /usr/bin/cmake --build /home/bobo/ros2_ws/build/Eigen3 -- -j8 -l8
[1.619s] DEBUG:colcon.colcon_core.event_handler.log_command:Invoking command in '/home/bobo/ros2_ws/build/Eigen3': /usr/bin/cmake --install /home/bobo/ros2_ws/build/Eigen3
[1.670s] Level 1:colcon.colcon_core.environment:create_environment_scripts_only(Eigen3)
[1.686s] Level 1:colcon.colcon_core.environment:checking '/home/bobo/ros2_ws/install/Eigen3' for CMake module files
[1.688s] Level 1:colcon.colcon_core.environment:checking '/home/bobo/ros2_ws/install/Eigen3' for CMake config files
[1.690s] Level 1:colcon.colcon_core.shell:create_environment_hook('Eigen3', 'cmake_prefix_path')
[1.690s] INFO:colcon.colcon_core.shell:Creating environment hook '/home/bobo/ros2_ws/install/Eigen3/share/Eigen3/hook/cmake_prefix_path.ps1'
[1.692s] INFO:colcon.colcon_core.shell:Creating environment descriptor '/home/bobo/ros2_ws/install/Eigen3/share/Eigen3/hook/cmake_prefix_path.dsv'
[1.695s] INFO:colcon.colcon_core.shell:Creating environment hook '/home/bobo/ros2_ws/install/Eigen3/share/Eigen3/hook/cmake_prefix_path.sh'
[1.699s] Level 1:colcon.colcon_core.environment:checking '/home/bobo/ros2_ws/install/Eigen3/bin'
[1.699s] Level 1:colcon.colcon_core.environment:checking '/home/bobo/ros2_ws/install/Eigen3/lib/pkgconfig/Eigen3.pc'
[1.699s] Level 1:colcon.colcon_core.environment:checking '/home/bobo/ros2_ws/install/Eigen3/lib/python3.10/site-packages'
[1.700s] Level 1:colcon.colcon_core.environment:checking '/home/bobo/ros2_ws/install/Eigen3/bin'
[1.700s] INFO:colcon.colcon_core.shell:Creating package script '/home/bobo/ros2_ws/install/Eigen3/share/Eigen3/package.ps1'
[1.704s] INFO:colcon.colcon_core.shell:Creating package descriptor '/home/bobo/ros2_ws/install/Eigen3/share/Eigen3/package.dsv'
[1.707s] INFO:colcon.colcon_core.shell:Creating package script '/home/bobo/ros2_ws/install/Eigen3/share/Eigen3/package.sh'
[1.711s] INFO:colcon.colcon_core.shell:Creating package script '/home/bobo/ros2_ws/install/Eigen3/share/Eigen3/package.bash'
[1.714s] INFO:colcon.colcon_core.shell:Creating package script '/home/bobo/ros2_ws/install/Eigen3/share/Eigen3/package.zsh'
[1.717s] Level 1:colcon.colcon_core.environment:create_file_with_runtime_dependencies(/home/bobo/ros2_ws/install/Eigen3/share/colcon-core/packages/Eigen3)
[1.750s] DEBUG:colcon.colcon_core.event_handler.log_command:Invoked command in '/home/bobo/ros2_ws/build/Eigen3' returned '0': /usr/bin/cmake --install /home/bobo/ros2_ws/build/Eigen3
[1.752s] DEBUG:colcon.colcon_core.event_handler.log_command:Invoked command in '/home/bobo/ros2_ws/build/tug_msgs' returned '0': CMAKE_PREFIX_PATH=${CMAKE_PREFIX_PATH}:/opt/ros/humble /usr/bin/cmake --build /home/bobo/ros2_ws/build/tug_msgs -- -j8 -l8
[1.753s] DEBUG:colcon.colcon_core.event_handler.log_command:Invoking command in '/home/bobo/ros2_ws/build/tug_msgs': CMAKE_PREFIX_PATH=${CMAKE_PREFIX_PATH}:/opt/ros/humble /usr/bin/cmake --install /home/bobo/ros2_ws/build/tug_msgs
[1.814s] Level 1:colcon.colcon_core.environment:create_environment_scripts_only(tug_msgs)
[1.814s] Level 1:colcon.colcon_core.environment:checking '/home/bobo/ros2_ws/install/tug_msgs' for CMake module files
[1.815s] DEBUG:colcon.colcon_core.event_handler.log_command:Invoked command in '/home/bobo/ros2_ws/build/tug_msgs' returned '0': CMAKE_PREFIX_PATH=${CMAKE_PREFIX_PATH}:/opt/ros/humble /usr/bin/cmake --install /home/bobo/ros2_ws/build/tug_msgs
[1.816s] Level 1:colcon.colcon_core.environment:checking '/home/bobo/ros2_ws/install/tug_msgs' for CMake config files
[1.817s] Level 1:colcon.colcon_core.shell:create_environment_hook('tug_msgs', 'cmake_prefix_path')
[1.817s] INFO:colcon.colcon_core.shell:Creating environment hook '/home/bobo/ros2_ws/install/tug_msgs/share/tug_msgs/hook/cmake_prefix_path.ps1'
[1.818s] INFO:colcon.colcon_core.shell:Creating environment descriptor '/home/bobo/ros2_ws/install/tug_msgs/share/tug_msgs/hook/cmake_prefix_path.dsv'
[1.818s] INFO:colcon.colcon_core.shell:Creating environment hook '/home/bobo/ros2_ws/install/tug_msgs/share/tug_msgs/hook/cmake_prefix_path.sh'
[1.819s] Level 1:colcon.colcon_core.environment:checking '/home/bobo/ros2_ws/install/tug_msgs/lib'
[1.819s] Level 1:colcon.colcon_core.shell:create_environment_hook('tug_msgs', 'ld_library_path_lib')
[1.820s] INFO:colcon.colcon_core.shell:Creating environment hook '/home/bobo/ros2_ws/install/tug_msgs/share/tug_msgs/hook/ld_library_path_lib.ps1'
[1.820s] INFO:colcon.colcon_core.shell:Creating environment descriptor '/home/bobo/ros2_ws/install/tug_msgs/share/tug_msgs/hook/ld_library_path_lib.dsv'
[1.821s] INFO:colcon.colcon_core.shell:Creating environment hook '/home/bobo/ros2_ws/install/tug_msgs/share/tug_msgs/hook/ld_library_path_lib.sh'
[1.822s] Level 1:colcon.colcon_core.environment:checking '/home/bobo/ros2_ws/install/tug_msgs/bin'
[1.822s] Level 1:colcon.colcon_core.environment:checking '/home/bobo/ros2_ws/install/tug_msgs/lib/pkgconfig/tug_msgs.pc'
[1.823s] Level 1:colcon.colcon_core.environment:checking '/home/bobo/ros2_ws/install/tug_msgs/lib/python3.10/site-packages'
[1.823s] Level 1:colcon.colcon_core.environment:checking '/home/bobo/ros2_ws/install/tug_msgs/bin'
[1.824s] INFO:colcon.colcon_core.shell:Creating package script '/home/bobo/ros2_ws/install/tug_msgs/share/tug_msgs/package.ps1'
[1.825s] INFO:colcon.colcon_core.shell:Creating package descriptor '/home/bobo/ros2_ws/install/tug_msgs/share/tug_msgs/package.dsv'
[1.826s] INFO:colcon.colcon_core.shell:Creating package script '/home/bobo/ros2_ws/install/tug_msgs/share/tug_msgs/package.sh'
[1.826s] INFO:colcon.colcon_core.shell:Creating package script '/home/bobo/ros2_ws/install/tug_msgs/share/tug_msgs/package.bash'
[1.827s] INFO:colcon.colcon_core.shell:Creating package script '/home/bobo/ros2_ws/install/tug_msgs/share/tug_msgs/package.zsh'
[1.828s] Level 1:colcon.colcon_core.environment:create_file_with_runtime_dependencies(/home/bobo/ros2_ws/install/tug_msgs/share/colcon-core/packages/tug_msgs)
[1.828s] Level 1:colcon.colcon_core.environment:create_environment_scripts_only(tug_msgs)
[1.829s] Level 1:colcon.colcon_core.environment:checking '/home/bobo/ros2_ws/install/tug_msgs' for CMake module files
[1.830s] Level 1:colcon.colcon_core.environment:checking '/home/bobo/ros2_ws/install/tug_msgs' for CMake config files
[1.831s] Level 1:colcon.colcon_core.shell:create_environment_hook('tug_msgs', 'cmake_prefix_path')
[1.831s] INFO:colcon.colcon_core.shell:Creating environment hook '/home/bobo/ros2_ws/install/tug_msgs/share/tug_msgs/hook/cmake_prefix_path.ps1'
[1.832s] INFO:colcon.colcon_core.shell:Creating environment descriptor '/home/bobo/ros2_ws/install/tug_msgs/share/tug_msgs/hook/cmake_prefix_path.dsv'
[1.832s] INFO:colcon.colcon_core.shell:Creating environment hook '/home/bobo/ros2_ws/install/tug_msgs/share/tug_msgs/hook/cmake_prefix_path.sh'
[1.833s] Level 1:colcon.colcon_core.environment:checking '/home/bobo/ros2_ws/install/tug_msgs/lib'
[1.833s] Level 1:colcon.colcon_core.shell:create_environment_hook('tug_msgs', 'ld_library_path_lib')
[1.834s] INFO:colcon.colcon_core.shell:Creating environment hook '/home/bobo/ros2_ws/install/tug_msgs/share/tug_msgs/hook/ld_library_path_lib.ps1'
[1.834s] INFO:colcon.colcon_core.shell:Creating environment descriptor '/home/bobo/ros2_ws/install/tug_msgs/share/tug_msgs/hook/ld_library_path_lib.dsv'
[1.835s] INFO:colcon.colcon_core.shell:Creating environment hook '/home/bobo/ros2_ws/install/tug_msgs/share/tug_msgs/hook/ld_library_path_lib.sh'
[1.835s] Level 1:colcon.colcon_core.environment:checking '/home/bobo/ros2_ws/install/tug_msgs/bin'
[1.835s] Level 1:colcon.colcon_core.environment:checking '/home/bobo/ros2_ws/install/tug_msgs/lib/pkgconfig/tug_msgs.pc'
[1.836s] Level 1:colcon.colcon_core.environment:checking '/home/bobo/ros2_ws/install/tug_msgs/lib/python3.10/site-packages'
[1.836s] Level 1:colcon.colcon_core.environment:checking '/home/bobo/ros2_ws/install/tug_msgs/bin'
[1.836s] INFO:colcon.colcon_core.shell:Creating package script '/home/bobo/ros2_ws/install/tug_msgs/share/tug_msgs/package.ps1'
[1.837s] INFO:colcon.colcon_core.shell:Creating package descriptor '/home/bobo/ros2_ws/install/tug_msgs/share/tug_msgs/package.dsv'
[1.838s] INFO:colcon.colcon_core.shell:Creating package script '/home/bobo/ros2_ws/install/tug_msgs/share/tug_msgs/package.sh'
[1.839s] INFO:colcon.colcon_core.shell:Creating package script '/home/bobo/ros2_ws/install/tug_msgs/share/tug_msgs/package.bash'
[1.840s] INFO:colcon.colcon_core.shell:Creating package script '/home/bobo/ros2_ws/install/tug_msgs/share/tug_msgs/package.zsh'
[1.841s] Level 1:colcon.colcon_core.environment:create_file_with_runtime_dependencies(/home/bobo/ros2_ws/install/tug_msgs/share/colcon-core/packages/tug_msgs)
[1.842s] INFO:colcon.colcon_ros.task.ament_cmake.build:Building ROS package in '/home/bobo/ros2_ws/src/mr2_public/tug_mr2' with build type 'ament_cmake'
[1.842s] INFO:colcon.colcon_cmake.task.cmake.build:Building CMake package in '/home/bobo/ros2_ws/src/mr2_public/tug_mr2'
[1.842s] INFO:colcon.colcon_core.shell:Skip shell extension 'powershell' for command environment: Not usable outside of PowerShell
[1.842s] DEBUG:colcon.colcon_core.shell:Skip shell extension 'dsv' for command environment
[1.849s] INFO:colcon.colcon_ros.task.ament_cmake.build:Building ROS package in '/home/bobo/ros2_ws/src/mr2_public/tug_stage_ros2' with build type 'ament_cmake'
[1.849s] INFO:colcon.colcon_cmake.task.cmake.build:Building CMake package in '/home/bobo/ros2_ws/src/mr2_public/tug_stage_ros2'
[1.850s] INFO:colcon.colcon_core.shell:Skip shell extension 'powershell' for command environment: Not usable outside of PowerShell
[1.850s] DEBUG:colcon.colcon_core.shell:Skip shell extension 'dsv' for command environment
[1.856s] INFO:colcon.colcon_ros.task.ament_cmake.build:Building ROS package in '/home/bobo/ros2_ws/src/mr2_public/tug_turtlebot4' with build type 'ament_cmake'
[1.857s] INFO:colcon.colcon_cmake.task.cmake.build:Building CMake package in '/home/bobo/ros2_ws/src/mr2_public/tug_turtlebot4'
[1.857s] INFO:colcon.colcon_core.shell:Skip shell extension 'powershell' for command environment: Not usable outside of PowerShell
[1.857s] DEBUG:colcon.colcon_core.shell:Skip shell extension 'dsv' for command environment
[1.870s] DEBUG:colcon.colcon_core.event_handler.log_command:Invoking command in '/home/bobo/ros2_ws/build/tug_mr2': CMAKE_PREFIX_PATH=/home/bobo/ros2_ws/install/tug_msgs:/home/bobo/ros2_ws/install/tug_turtlebot4:/home/bobo/ros2_ws/install/tug_stage_ros2:/home/bobo/ros2_ws/install/tug_mr2:/home/bobo/ros2_ws/install/ros2cpp_tutorials_service:/home/bobo/ros2_ws/install/ros2cpp_tutorials_publisher_subscriber:/home/bobo/ros2_ws/install/ros2cpp_tutorials_parameter:/home/bobo/ros2_ws/install/ros2cpp_tutorials_action:/home/bobo/ros2_ws/install/Eigen3:/opt/ros/humble LD_LIBRARY_PATH=/home/bobo/ros2_ws/install/tug_msgs/lib:/home/bobo/stg/lib:/home/bobo/ros2_ws/install/ros2cpp_tutorials_service/lib:/home/bobo/ros2_ws/install/ros2cpp_tutorials_action/lib:/opt/ros/humble/opt/rviz_ogre_vendor/lib:/opt/ros/humble/lib/x86_64-linux-gnu:/opt/ros/humble/lib /usr/bin/cmake --build /home/bobo/ros2_ws/build/tug_mr2 -- -j8 -l8
[1.879s] DEBUG:colcon.colcon_core.event_handler.log_command:Invoking command in '/home/bobo/ros2_ws/build/tug_stage_ros2': CMAKE_PREFIX_PATH=/home/bobo/ros2_ws/install/tug_msgs:/home/bobo/ros2_ws/install/tug_turtlebot4:/home/bobo/ros2_ws/install/tug_stage_ros2:/home/bobo/ros2_ws/install/tug_mr2:/home/bobo/ros2_ws/install/ros2cpp_tutorials_service:/home/bobo/ros2_ws/install/ros2cpp_tutorials_publisher_subscriber:/home/bobo/ros2_ws/install/ros2cpp_tutorials_parameter:/home/bobo/ros2_ws/install/ros2cpp_tutorials_action:/home/bobo/ros2_ws/install/Eigen3:/opt/ros/humble LD_LIBRARY_PATH=/home/bobo/ros2_ws/install/tug_msgs/lib:/home/bobo/stg/lib:/home/bobo/ros2_ws/install/ros2cpp_tutorials_service/lib:/home/bobo/ros2_ws/install/ros2cpp_tutorials_action/lib:/opt/ros/humble/opt/rviz_ogre_vendor/lib:/opt/ros/humble/lib/x86_64-linux-gnu:/opt/ros/humble/lib /usr/bin/cmake --build /home/bobo/ros2_ws/build/tug_stage_ros2 -- -j8 -l8
[1.885s] DEBUG:colcon.colcon_core.event_handler.log_command:Invoking command in '/home/bobo/ros2_ws/build/tug_turtlebot4': CMAKE_PREFIX_PATH=/home/bobo/ros2_ws/install/tug_msgs:/home/bobo/ros2_ws/install/tug_turtlebot4:/home/bobo/ros2_ws/install/tug_stage_ros2:/home/bobo/ros2_ws/install/tug_mr2:/home/bobo/ros2_ws/install/ros2cpp_tutorials_service:/home/bobo/ros2_ws/install/ros2cpp_tutorials_publisher_subscriber:/home/bobo/ros2_ws/install/ros2cpp_tutorials_parameter:/home/bobo/ros2_ws/install/ros2cpp_tutorials_action:/home/bobo/ros2_ws/install/Eigen3:/opt/ros/humble LD_LIBRARY_PATH=/home/bobo/ros2_ws/install/tug_msgs/lib:/home/bobo/stg/lib:/home/bobo/ros2_ws/install/ros2cpp_tutorials_service/lib:/home/bobo/ros2_ws/install/ros2cpp_tutorials_action/lib:/opt/ros/humble/opt/rviz_ogre_vendor/lib:/opt/ros/humble/lib/x86_64-linux-gnu:/opt/ros/humble/lib /usr/bin/cmake --build /home/bobo/ros2_ws/build/tug_turtlebot4 -- -j8 -l8
[2.019s] DEBUG:colcon.colcon_core.event_handler.log_command:Invoked command in '/home/bobo/ros2_ws/build/tug_mr2' returned '0': CMAKE_PREFIX_PATH=/home/bobo/ros2_ws/install/tug_msgs:/home/bobo/ros2_ws/install/tug_turtlebot4:/home/bobo/ros2_ws/install/tug_stage_ros2:/home/bobo/ros2_ws/install/tug_mr2:/home/bobo/ros2_ws/install/ros2cpp_tutorials_service:/home/bobo/ros2_ws/install/ros2cpp_tutorials_publisher_subscriber:/home/bobo/ros2_ws/install/ros2cpp_tutorials_parameter:/home/bobo/ros2_ws/install/ros2cpp_tutorials_action:/home/bobo/ros2_ws/install/Eigen3:/opt/ros/humble LD_LIBRARY_PATH=/home/bobo/ros2_ws/install/tug_msgs/lib:/home/bobo/stg/lib:/home/bobo/ros2_ws/install/ros2cpp_tutorials_service/lib:/home/bobo/ros2_ws/install/ros2cpp_tutorials_action/lib:/opt/ros/humble/opt/rviz_ogre_vendor/lib:/opt/ros/humble/lib/x86_64-linux-gnu:/opt/ros/humble/lib /usr/bin/cmake --build /home/bobo/ros2_ws/build/tug_mr2 -- -j8 -l8
[2.023s] DEBUG:colcon.colcon_core.event_handler.log_command:Invoking command in '/home/bobo/ros2_ws/build/tug_mr2': CMAKE_PREFIX_PATH=/home/bobo/ros2_ws/install/tug_msgs:/home/bobo/ros2_ws/install/tug_turtlebot4:/home/bobo/ros2_ws/install/tug_stage_ros2:/home/bobo/ros2_ws/install/tug_mr2:/home/bobo/ros2_ws/install/ros2cpp_tutorials_service:/home/bobo/ros2_ws/install/ros2cpp_tutorials_publisher_subscriber:/home/bobo/ros2_ws/install/ros2cpp_tutorials_parameter:/home/bobo/ros2_ws/install/ros2cpp_tutorials_action:/home/bobo/ros2_ws/install/Eigen3:/opt/ros/humble LD_LIBRARY_PATH=/home/bobo/ros2_ws/install/tug_msgs/lib:/home/bobo/stg/lib:/home/bobo/ros2_ws/install/ros2cpp_tutorials_service/lib:/home/bobo/ros2_ws/install/ros2cpp_tutorials_action/lib:/opt/ros/humble/opt/rviz_ogre_vendor/lib:/opt/ros/humble/lib/x86_64-linux-gnu:/opt/ros/humble/lib /usr/bin/cmake --install /home/bobo/ros2_ws/build/tug_mr2
[2.033s] DEBUG:colcon.colcon_core.event_handler.log_command:Invoked command in '/home/bobo/ros2_ws/build/tug_stage_ros2' returned '0': CMAKE_PREFIX_PATH=/home/bobo/ros2_ws/install/tug_msgs:/home/bobo/ros2_ws/install/tug_turtlebot4:/home/bobo/ros2_ws/install/tug_stage_ros2:/home/bobo/ros2_ws/install/tug_mr2:/home/bobo/ros2_ws/install/ros2cpp_tutorials_service:/home/bobo/ros2_ws/install/ros2cpp_tutorials_publisher_subscriber:/home/bobo/ros2_ws/install/ros2cpp_tutorials_parameter:/home/bobo/ros2_ws/install/ros2cpp_tutorials_action:/home/bobo/ros2_ws/install/Eigen3:/opt/ros/humble LD_LIBRARY_PATH=/home/bobo/ros2_ws/install/tug_msgs/lib:/home/bobo/stg/lib:/home/bobo/ros2_ws/install/ros2cpp_tutorials_service/lib:/home/bobo/ros2_ws/install/ros2cpp_tutorials_action/lib:/opt/ros/humble/opt/rviz_ogre_vendor/lib:/opt/ros/humble/lib/x86_64-linux-gnu:/opt/ros/humble/lib /usr/bin/cmake --build /home/bobo/ros2_ws/build/tug_stage_ros2 -- -j8 -l8
[2.037s] DEBUG:colcon.colcon_core.event_handler.log_command:Invoking command in '/home/bobo/ros2_ws/build/tug_stage_ros2': CMAKE_PREFIX_PATH=/home/bobo/ros2_ws/install/tug_msgs:/home/bobo/ros2_ws/install/tug_turtlebot4:/home/bobo/ros2_ws/install/tug_stage_ros2:/home/bobo/ros2_ws/install/tug_mr2:/home/bobo/ros2_ws/install/ros2cpp_tutorials_service:/home/bobo/ros2_ws/install/ros2cpp_tutorials_publisher_subscriber:/home/bobo/ros2_ws/install/ros2cpp_tutorials_parameter:/home/bobo/ros2_ws/install/ros2cpp_tutorials_action:/home/bobo/ros2_ws/install/Eigen3:/opt/ros/humble LD_LIBRARY_PATH=/home/bobo/ros2_ws/install/tug_msgs/lib:/home/bobo/stg/lib:/home/bobo/ros2_ws/install/ros2cpp_tutorials_service/lib:/home/bobo/ros2_ws/install/ros2cpp_tutorials_action/lib:/opt/ros/humble/opt/rviz_ogre_vendor/lib:/opt/ros/humble/lib/x86_64-linux-gnu:/opt/ros/humble/lib /usr/bin/cmake --install /home/bobo/ros2_ws/build/tug_stage_ros2
[2.042s] Level 1:colcon.colcon_core.environment:create_environment_scripts_only(tug_mr2)
[2.043s] Level 1:colcon.colcon_core.environment:checking '/home/bobo/ros2_ws/install/tug_mr2' for CMake module files
[2.044s] DEBUG:colcon.colcon_core.event_handler.log_command:Invoked command in '/home/bobo/ros2_ws/build/tug_mr2' returned '0': CMAKE_PREFIX_PATH=/home/bobo/ros2_ws/install/tug_msgs:/home/bobo/ros2_ws/install/tug_turtlebot4:/home/bobo/ros2_ws/install/tug_stage_ros2:/home/bobo/ros2_ws/install/tug_mr2:/home/bobo/ros2_ws/install/ros2cpp_tutorials_service:/home/bobo/ros2_ws/install/ros2cpp_tutorials_publisher_subscriber:/home/bobo/ros2_ws/install/ros2cpp_tutorials_parameter:/home/bobo/ros2_ws/install/ros2cpp_tutorials_action:/home/bobo/ros2_ws/install/Eigen3:/opt/ros/humble LD_LIBRARY_PATH=/home/bobo/ros2_ws/install/tug_msgs/lib:/home/bobo/stg/lib:/home/bobo/ros2_ws/install/ros2cpp_tutorials_service/lib:/home/bobo/ros2_ws/install/ros2cpp_tutorials_action/lib:/opt/ros/humble/opt/rviz_ogre_vendor/lib:/opt/ros/humble/lib/x86_64-linux-gnu:/opt/ros/humble/lib /usr/bin/cmake --install /home/bobo/ros2_ws/build/tug_mr2
[2.045s] Level 1:colcon.colcon_core.environment:checking '/home/bobo/ros2_ws/install/tug_mr2' for CMake config files
[2.045s] Level 1:colcon.colcon_core.shell:create_environment_hook('tug_mr2', 'cmake_prefix_path')
[2.046s] INFO:colcon.colcon_core.shell:Creating environment hook '/home/bobo/ros2_ws/install/tug_mr2/share/tug_mr2/hook/cmake_prefix_path.ps1'
[2.046s] INFO:colcon.colcon_core.shell:Creating environment descriptor '/home/bobo/ros2_ws/install/tug_mr2/share/tug_mr2/hook/cmake_prefix_path.dsv'
[2.047s] INFO:colcon.colcon_core.shell:Creating environment hook '/home/bobo/ros2_ws/install/tug_mr2/share/tug_mr2/hook/cmake_prefix_path.sh'
[2.049s] Level 1:colcon.colcon_core.environment:checking '/home/bobo/ros2_ws/install/tug_mr2/lib'
[2.051s] Level 1:colcon.colcon_core.environment:checking '/home/bobo/ros2_ws/install/tug_mr2/bin'
[2.051s] Level 1:colcon.colcon_core.environment:checking '/home/bobo/ros2_ws/install/tug_mr2/lib/pkgconfig/tug_mr2.pc'
[2.052s] Level 1:colcon.colcon_core.environment:checking '/home/bobo/ros2_ws/install/tug_mr2/lib/python3.10/site-packages'
[2.053s] Level 1:colcon.colcon_core.environment:checking '/home/bobo/ros2_ws/install/tug_mr2/bin'
[2.054s] INFO:colcon.colcon_core.shell:Creating package script '/home/bobo/ros2_ws/install/tug_mr2/share/tug_mr2/package.ps1'
[2.056s] INFO:colcon.colcon_core.shell:Creating package descriptor '/home/bobo/ros2_ws/install/tug_mr2/share/tug_mr2/package.dsv'
[2.058s] INFO:colcon.colcon_core.shell:Creating package script '/home/bobo/ros2_ws/install/tug_mr2/share/tug_mr2/package.sh'
[2.060s] INFO:colcon.colcon_core.shell:Creating package script '/home/bobo/ros2_ws/install/tug_mr2/share/tug_mr2/package.bash'
[2.061s] INFO:colcon.colcon_core.shell:Creating package script '/home/bobo/ros2_ws/install/tug_mr2/share/tug_mr2/package.zsh'
[2.061s] Level 1:colcon.colcon_core.environment:create_file_with_runtime_dependencies(/home/bobo/ros2_ws/install/tug_mr2/share/colcon-core/packages/tug_mr2)
[2.062s] Level 1:colcon.colcon_core.environment:create_environment_scripts_only(tug_mr2)
[2.062s] Level 1:colcon.colcon_core.environment:checking '/home/bobo/ros2_ws/install/tug_mr2' for CMake module files
[2.063s] Level 1:colcon.colcon_core.environment:checking '/home/bobo/ros2_ws/install/tug_mr2' for CMake config files
[2.063s] Level 1:colcon.colcon_core.shell:create_environment_hook('tug_mr2', 'cmake_prefix_path')
[2.063s] INFO:colcon.colcon_core.shell:Creating environment hook '/home/bobo/ros2_ws/install/tug_mr2/share/tug_mr2/hook/cmake_prefix_path.ps1'
[2.064s] INFO:colcon.colcon_core.shell:Creating environment descriptor '/home/bobo/ros2_ws/install/tug_mr2/share/tug_mr2/hook/cmake_prefix_path.dsv'
[2.065s] INFO:colcon.colcon_core.shell:Creating environment hook '/home/bobo/ros2_ws/install/tug_mr2/share/tug_mr2/hook/cmake_prefix_path.sh'
[2.065s] Level 1:colcon.colcon_core.environment:checking '/home/bobo/ros2_ws/install/tug_mr2/lib'
[2.065s] Level 1:colcon.colcon_core.environment:checking '/home/bobo/ros2_ws/install/tug_mr2/bin'
[2.065s] Level 1:colcon.colcon_core.environment:checking '/home/bobo/ros2_ws/install/tug_mr2/lib/pkgconfig/tug_mr2.pc'
[2.066s] Level 1:colcon.colcon_core.environment:checking '/home/bobo/ros2_ws/install/tug_mr2/lib/python3.10/site-packages'
[2.066s] Level 1:colcon.colcon_core.environment:checking '/home/bobo/ros2_ws/install/tug_mr2/bin'
[2.067s] INFO:colcon.colcon_core.shell:Creating package script '/home/bobo/ros2_ws/install/tug_mr2/share/tug_mr2/package.ps1'
[2.067s] INFO:colcon.colcon_core.shell:Creating package descriptor '/home/bobo/ros2_ws/install/tug_mr2/share/tug_mr2/package.dsv'
[2.068s] INFO:colcon.colcon_core.shell:Creating package script '/home/bobo/ros2_ws/install/tug_mr2/share/tug_mr2/package.sh'
[2.069s] INFO:colcon.colcon_core.shell:Creating package script '/home/bobo/ros2_ws/install/tug_mr2/share/tug_mr2/package.bash'
[2.070s] INFO:colcon.colcon_core.shell:Creating package script '/home/bobo/ros2_ws/install/tug_mr2/share/tug_mr2/package.zsh'
[2.070s] Level 1:colcon.colcon_core.environment:create_file_with_runtime_dependencies(/home/bobo/ros2_ws/install/tug_mr2/share/colcon-core/packages/tug_mr2)
[2.072s] Level 1:colcon.colcon_core.environment:create_environment_scripts_only(tug_stage_ros2)
[2.073s] Level 1:colcon.colcon_core.environment:checking '/home/bobo/ros2_ws/install/tug_stage_ros2' for CMake module files
[2.074s] DEBUG:colcon.colcon_core.event_handler.log_command:Invoked command in '/home/bobo/ros2_ws/build/tug_stage_ros2' returned '0': CMAKE_PREFIX_PATH=/home/bobo/ros2_ws/install/tug_msgs:/home/bobo/ros2_ws/install/tug_turtlebot4:/home/bobo/ros2_ws/install/tug_stage_ros2:/home/bobo/ros2_ws/install/tug_mr2:/home/bobo/ros2_ws/install/ros2cpp_tutorials_service:/home/bobo/ros2_ws/install/ros2cpp_tutorials_publisher_subscriber:/home/bobo/ros2_ws/install/ros2cpp_tutorials_parameter:/home/bobo/ros2_ws/install/ros2cpp_tutorials_action:/home/bobo/ros2_ws/install/Eigen3:/opt/ros/humble LD_LIBRARY_PATH=/home/bobo/ros2_ws/install/tug_msgs/lib:/home/bobo/stg/lib:/home/bobo/ros2_ws/install/ros2cpp_tutorials_service/lib:/home/bobo/ros2_ws/install/ros2cpp_tutorials_action/lib:/opt/ros/humble/opt/rviz_ogre_vendor/lib:/opt/ros/humble/lib/x86_64-linux-gnu:/opt/ros/humble/lib /usr/bin/cmake --install /home/bobo/ros2_ws/build/tug_stage_ros2
[2.075s] Level 1:colcon.colcon_core.environment:checking '/home/bobo/ros2_ws/install/tug_stage_ros2' for CMake config files
[2.075s] Level 1:colcon.colcon_core.shell:create_environment_hook('tug_stage_ros2', 'cmake_prefix_path')
[2.075s] INFO:colcon.colcon_core.shell:Creating environment hook '/home/bobo/ros2_ws/install/tug_stage_ros2/share/tug_stage_ros2/hook/cmake_prefix_path.ps1'
[2.076s] INFO:colcon.colcon_core.shell:Creating environment descriptor '/home/bobo/ros2_ws/install/tug_stage_ros2/share/tug_stage_ros2/hook/cmake_prefix_path.dsv'
[2.077s] INFO:colcon.colcon_core.shell:Creating environment hook '/home/bobo/ros2_ws/install/tug_stage_ros2/share/tug_stage_ros2/hook/cmake_prefix_path.sh'
[2.077s] Level 1:colcon.colcon_core.environment:checking '/home/bobo/ros2_ws/install/tug_stage_ros2/lib'
[2.078s] Level 1:colcon.colcon_core.environment:checking '/home/bobo/ros2_ws/install/tug_stage_ros2/bin'
[2.078s] Level 1:colcon.colcon_core.environment:checking '/home/bobo/ros2_ws/install/tug_stage_ros2/lib/pkgconfig/tug_stage_ros2.pc'
[2.078s] Level 1:colcon.colcon_core.environment:checking '/home/bobo/ros2_ws/install/tug_stage_ros2/lib/python3.10/site-packages'
[2.078s] Level 1:colcon.colcon_core.environment:checking '/home/bobo/ros2_ws/install/tug_stage_ros2/bin'
[2.079s] INFO:colcon.colcon_core.shell:Creating package script '/home/bobo/ros2_ws/install/tug_stage_ros2/share/tug_stage_ros2/package.ps1'
[2.079s] INFO:colcon.colcon_core.shell:Creating package descriptor '/home/bobo/ros2_ws/install/tug_stage_ros2/share/tug_stage_ros2/package.dsv'
[2.080s] INFO:colcon.colcon_core.shell:Creating package script '/home/bobo/ros2_ws/install/tug_stage_ros2/share/tug_stage_ros2/package.sh'
[2.081s] INFO:colcon.colcon_core.shell:Creating package script '/home/bobo/ros2_ws/install/tug_stage_ros2/share/tug_stage_ros2/package.bash'
[2.081s] INFO:colcon.colcon_core.shell:Creating package script '/home/bobo/ros2_ws/install/tug_stage_ros2/share/tug_stage_ros2/package.zsh'
[2.082s] Level 1:colcon.colcon_core.environment:create_file_with_runtime_dependencies(/home/bobo/ros2_ws/install/tug_stage_ros2/share/colcon-core/packages/tug_stage_ros2)
[2.083s] Level 1:colcon.colcon_core.environment:create_environment_scripts_only(tug_stage_ros2)
[2.083s] Level 1:colcon.colcon_core.environment:checking '/home/bobo/ros2_ws/install/tug_stage_ros2' for CMake module files
[2.084s] Level 1:colcon.colcon_core.environment:checking '/home/bobo/ros2_ws/install/tug_stage_ros2' for CMake config files
[2.084s] Level 1:colcon.colcon_core.shell:create_environment_hook('tug_stage_ros2', 'cmake_prefix_path')
[2.084s] INFO:colcon.colcon_core.shell:Creating environment hook '/home/bobo/ros2_ws/install/tug_stage_ros2/share/tug_stage_ros2/hook/cmake_prefix_path.ps1'
[2.085s] INFO:colcon.colcon_core.shell:Creating environment descriptor '/home/bobo/ros2_ws/install/tug_stage_ros2/share/tug_stage_ros2/hook/cmake_prefix_path.dsv'
[2.085s] INFO:colcon.colcon_core.shell:Creating environment hook '/home/bobo/ros2_ws/install/tug_stage_ros2/share/tug_stage_ros2/hook/cmake_prefix_path.sh'
[2.087s] Level 1:colcon.colcon_core.environment:checking '/home/bobo/ros2_ws/install/tug_stage_ros2/lib'
[2.087s] Level 1:colcon.colcon_core.environment:checking '/home/bobo/ros2_ws/install/tug_stage_ros2/bin'
[2.087s] Level 1:colcon.colcon_core.environment:checking '/home/bobo/ros2_ws/install/tug_stage_ros2/lib/pkgconfig/tug_stage_ros2.pc'
[2.087s] Level 1:colcon.colcon_core.environment:checking '/home/bobo/ros2_ws/install/tug_stage_ros2/lib/python3.10/site-packages'
[2.088s] Level 1:colcon.colcon_core.environment:checking '/home/bobo/ros2_ws/install/tug_stage_ros2/bin'
[2.088s] INFO:colcon.colcon_core.shell:Creating package script '/home/bobo/ros2_ws/install/tug_stage_ros2/share/tug_stage_ros2/package.ps1'
[2.089s] INFO:colcon.colcon_core.shell:Creating package descriptor '/home/bobo/ros2_ws/install/tug_stage_ros2/share/tug_stage_ros2/package.dsv'
[2.090s] INFO:colcon.colcon_core.shell:Creating package script '/home/bobo/ros2_ws/install/tug_stage_ros2/share/tug_stage_ros2/package.sh'
[2.091s] INFO:colcon.colcon_core.shell:Creating package script '/home/bobo/ros2_ws/install/tug_stage_ros2/share/tug_stage_ros2/package.bash'
[2.092s] INFO:colcon.colcon_core.shell:Creating package script '/home/bobo/ros2_ws/install/tug_stage_ros2/share/tug_stage_ros2/package.zsh'
[2.092s] Level 1:colcon.colcon_core.environment:create_file_with_runtime_dependencies(/home/bobo/ros2_ws/install/tug_stage_ros2/share/colcon-core/packages/tug_stage_ros2)
[20.518s] DEBUG:colcon.colcon_core.event_handler.log_command:Invoked command in '/home/bobo/ros2_ws/build/tug_turtlebot4' returned '0': CMAKE_PREFIX_PATH=/home/bobo/ros2_ws/install/tug_msgs:/home/bobo/ros2_ws/install/tug_turtlebot4:/home/bobo/ros2_ws/install/tug_stage_ros2:/home/bobo/ros2_ws/install/tug_mr2:/home/bobo/ros2_ws/install/ros2cpp_tutorials_service:/home/bobo/ros2_ws/install/ros2cpp_tutorials_publisher_subscriber:/home/bobo/ros2_ws/install/ros2cpp_tutorials_parameter:/home/bobo/ros2_ws/install/ros2cpp_tutorials_action:/home/bobo/ros2_ws/install/Eigen3:/opt/ros/humble LD_LIBRARY_PATH=/home/bobo/ros2_ws/install/tug_msgs/lib:/home/bobo/stg/lib:/home/bobo/ros2_ws/install/ros2cpp_tutorials_service/lib:/home/bobo/ros2_ws/install/ros2cpp_tutorials_action/lib:/opt/ros/humble/opt/rviz_ogre_vendor/lib:/opt/ros/humble/lib/x86_64-linux-gnu:/opt/ros/humble/lib /usr/bin/cmake --build /home/bobo/ros2_ws/build/tug_turtlebot4 -- -j8 -l8
[20.522s] DEBUG:colcon.colcon_core.event_handler.log_command:Invoking command in '/home/bobo/ros2_ws/build/tug_turtlebot4': CMAKE_PREFIX_PATH=/home/bobo/ros2_ws/install/tug_msgs:/home/bobo/ros2_ws/install/tug_turtlebot4:/home/bobo/ros2_ws/install/tug_stage_ros2:/home/bobo/ros2_ws/install/tug_mr2:/home/bobo/ros2_ws/install/ros2cpp_tutorials_service:/home/bobo/ros2_ws/install/ros2cpp_tutorials_publisher_subscriber:/home/bobo/ros2_ws/install/ros2cpp_tutorials_parameter:/home/bobo/ros2_ws/install/ros2cpp_tutorials_action:/home/bobo/ros2_ws/install/Eigen3:/opt/ros/humble LD_LIBRARY_PATH=/home/bobo/ros2_ws/install/tug_msgs/lib:/home/bobo/stg/lib:/home/bobo/ros2_ws/install/ros2cpp_tutorials_service/lib:/home/bobo/ros2_ws/install/ros2cpp_tutorials_action/lib:/opt/ros/humble/opt/rviz_ogre_vendor/lib:/opt/ros/humble/lib/x86_64-linux-gnu:/opt/ros/humble/lib /usr/bin/cmake --install /home/bobo/ros2_ws/build/tug_turtlebot4
[20.555s] Level 1:colcon.colcon_core.environment:create_environment_scripts_only(tug_turtlebot4)
[20.556s] Level 1:colcon.colcon_core.environment:checking '/home/bobo/ros2_ws/install/tug_turtlebot4' for CMake module files
[20.558s] DEBUG:colcon.colcon_core.event_handler.log_command:Invoked command in '/home/bobo/ros2_ws/build/tug_turtlebot4' returned '0': CMAKE_PREFIX_PATH=/home/bobo/ros2_ws/install/tug_msgs:/home/bobo/ros2_ws/install/tug_turtlebot4:/home/bobo/ros2_ws/install/tug_stage_ros2:/home/bobo/ros2_ws/install/tug_mr2:/home/bobo/ros2_ws/install/ros2cpp_tutorials_service:/home/bobo/ros2_ws/install/ros2cpp_tutorials_publisher_subscriber:/home/bobo/ros2_ws/install/ros2cpp_tutorials_parameter:/home/bobo/ros2_ws/install/ros2cpp_tutorials_action:/home/bobo/ros2_ws/install/Eigen3:/opt/ros/humble LD_LIBRARY_PATH=/home/bobo/ros2_ws/install/tug_msgs/lib:/home/bobo/stg/lib:/home/bobo/ros2_ws/install/ros2cpp_tutorials_service/lib:/home/bobo/ros2_ws/install/ros2cpp_tutorials_action/lib:/opt/ros/humble/opt/rviz_ogre_vendor/lib:/opt/ros/humble/lib/x86_64-linux-gnu:/opt/ros/humble/lib /usr/bin/cmake --install /home/bobo/ros2_ws/build/tug_turtlebot4
[20.558s] Level 1:colcon.colcon_core.environment:checking '/home/bobo/ros2_ws/install/tug_turtlebot4' for CMake config files
[20.558s] Level 1:colcon.colcon_core.shell:create_environment_hook('tug_turtlebot4', 'cmake_prefix_path')
[20.559s] INFO:colcon.colcon_core.shell:Creating environment hook '/home/bobo/ros2_ws/install/tug_turtlebot4/share/tug_turtlebot4/hook/cmake_prefix_path.ps1'
[20.559s] INFO:colcon.colcon_core.shell:Creating environment descriptor '/home/bobo/ros2_ws/install/tug_turtlebot4/share/tug_turtlebot4/hook/cmake_prefix_path.dsv'
[20.560s] INFO:colcon.colcon_core.shell:Creating environment hook '/home/bobo/ros2_ws/install/tug_turtlebot4/share/tug_turtlebot4/hook/cmake_prefix_path.sh'
[20.561s] Level 1:colcon.colcon_core.environment:checking '/home/bobo/ros2_ws/install/tug_turtlebot4/lib'
[20.561s] Level 1:colcon.colcon_core.environment:checking '/home/bobo/ros2_ws/install/tug_turtlebot4/bin'
[20.561s] Level 1:colcon.colcon_core.environment:checking '/home/bobo/ros2_ws/install/tug_turtlebot4/lib/pkgconfig/tug_turtlebot4.pc'
[20.561s] Level 1:colcon.colcon_core.environment:checking '/home/bobo/ros2_ws/install/tug_turtlebot4/lib/python3.10/site-packages'
[20.561s] Level 1:colcon.colcon_core.environment:checking '/home/bobo/ros2_ws/install/tug_turtlebot4/bin'
[20.562s] INFO:colcon.colcon_core.shell:Creating package script '/home/bobo/ros2_ws/install/tug_turtlebot4/share/tug_turtlebot4/package.ps1'
[20.563s] INFO:colcon.colcon_core.shell:Creating package descriptor '/home/bobo/ros2_ws/install/tug_turtlebot4/share/tug_turtlebot4/package.dsv'
[20.563s] INFO:colcon.colcon_core.shell:Creating package script '/home/bobo/ros2_ws/install/tug_turtlebot4/share/tug_turtlebot4/package.sh'
[20.564s] INFO:colcon.colcon_core.shell:Creating package script '/home/bobo/ros2_ws/install/tug_turtlebot4/share/tug_turtlebot4/package.bash'
[20.564s] INFO:colcon.colcon_core.shell:Creating package script '/home/bobo/ros2_ws/install/tug_turtlebot4/share/tug_turtlebot4/package.zsh'
[20.565s] Level 1:colcon.colcon_core.environment:create_file_with_runtime_dependencies(/home/bobo/ros2_ws/install/tug_turtlebot4/share/colcon-core/packages/tug_turtlebot4)
[20.566s] Level 1:colcon.colcon_core.environment:create_environment_scripts_only(tug_turtlebot4)
[20.566s] Level 1:colcon.colcon_core.environment:checking '/home/bobo/ros2_ws/install/tug_turtlebot4' for CMake module files
[20.567s] Level 1:colcon.colcon_core.environment:checking '/home/bobo/ros2_ws/install/tug_turtlebot4' for CMake config files
[20.567s] Level 1:colcon.colcon_core.shell:create_environment_hook('tug_turtlebot4', 'cmake_prefix_path')
[20.567s] INFO:colcon.colcon_core.shell:Creating environment hook '/home/bobo/ros2_ws/install/tug_turtlebot4/share/tug_turtlebot4/hook/cmake_prefix_path.ps1'
[20.568s] INFO:colcon.colcon_core.shell:Creating environment descriptor '/home/bobo/ros2_ws/install/tug_turtlebot4/share/tug_turtlebot4/hook/cmake_prefix_path.dsv'
[20.568s] INFO:colcon.colcon_core.shell:Creating environment hook '/home/bobo/ros2_ws/install/tug_turtlebot4/share/tug_turtlebot4/hook/cmake_prefix_path.sh'
[20.569s] Level 1:colcon.colcon_core.environment:checking '/home/bobo/ros2_ws/install/tug_turtlebot4/lib'
[20.569s] Level 1:colcon.colcon_core.environment:checking '/home/bobo/ros2_ws/install/tug_turtlebot4/bin'
[20.569s] Level 1:colcon.colcon_core.environment:checking '/home/bobo/ros2_ws/install/tug_turtlebot4/lib/pkgconfig/tug_turtlebot4.pc'
[20.569s] Level 1:colcon.colcon_core.environment:checking '/home/bobo/ros2_ws/install/tug_turtlebot4/lib/python3.10/site-packages'
[20.570s] Level 1:colcon.colcon_core.environment:checking '/home/bobo/ros2_ws/install/tug_turtlebot4/bin'
[20.570s] INFO:colcon.colcon_core.shell:Creating package script '/home/bobo/ros2_ws/install/tug_turtlebot4/share/tug_turtlebot4/package.ps1'
[20.571s] INFO:colcon.colcon_core.shell:Creating package descriptor '/home/bobo/ros2_ws/install/tug_turtlebot4/share/tug_turtlebot4/package.dsv'
[20.571s] INFO:colcon.colcon_core.shell:Creating package script '/home/bobo/ros2_ws/install/tug_turtlebot4/share/tug_turtlebot4/package.sh'
[20.572s] INFO:colcon.colcon_core.shell:Creating package script '/home/bobo/ros2_ws/install/tug_turtlebot4/share/tug_turtlebot4/package.bash'
[20.572s] INFO:colcon.colcon_core.shell:Creating package script '/home/bobo/ros2_ws/install/tug_turtlebot4/share/tug_turtlebot4/package.zsh'
[20.573s] Level 1:colcon.colcon_core.environment:create_file_with_runtime_dependencies(/home/bobo/ros2_ws/install/tug_turtlebot4/share/colcon-core/packages/tug_turtlebot4)
[20.573s] DEBUG:colcon.colcon_parallel_executor.executor.parallel:closing loop
[20.574s] DEBUG:colcon.colcon_parallel_executor.executor.parallel:loop closed
[20.574s] DEBUG:colcon.colcon_parallel_executor.executor.parallel:run_until_complete finished with '0'
[20.574s] DEBUG:colcon.colcon_core.event_reactor:joining thread
[20.581s] INFO:colcon.colcon_core.plugin_system:Skipping extension 'colcon_notification.desktop_notification.terminal_notifier': Not used on non-Darwin systems
[20.582s] INFO:colcon.colcon_core.plugin_system:Skipping extension 'colcon_notification.desktop_notification.win32': Not used on non-Windows systems
[20.582s] INFO:colcon.colcon_notification.desktop_notification:Sending desktop notification using 'notify2'
[20.599s] DEBUG:colcon.colcon_core.event_reactor:joined thread
[20.600s] INFO:colcon.colcon_core.shell:Creating prefix script '/home/bobo/ros2_ws/install/local_setup.ps1'
[20.602s] INFO:colcon.colcon_core.shell:Creating prefix util module '/home/bobo/ros2_ws/install/_local_setup_util_ps1.py'
[20.606s] INFO:colcon.colcon_core.shell:Creating prefix chain script '/home/bobo/ros2_ws/install/setup.ps1'
[20.610s] INFO:colcon.colcon_core.shell:Creating prefix script '/home/bobo/ros2_ws/install/local_setup.sh'
[20.611s] INFO:colcon.colcon_core.shell:Creating prefix util module '/home/bobo/ros2_ws/install/_local_setup_util_sh.py'
[20.612s] INFO:colcon.colcon_core.shell:Creating prefix chain script '/home/bobo/ros2_ws/install/setup.sh'
[20.614s] INFO:colcon.colcon_core.shell:Creating prefix script '/home/bobo/ros2_ws/install/local_setup.bash'
[20.615s] INFO:colcon.colcon_core.shell:Creating prefix chain script '/home/bobo/ros2_ws/install/setup.bash'
[20.617s] INFO:colcon.colcon_core.shell:Creating prefix script '/home/bobo/ros2_ws/install/local_setup.zsh'
[20.618s] INFO:colcon.colcon_core.shell:Creating prefix chain script '/home/bobo/ros2_ws/install/setup.zsh'
