[0.057s] Invoking command in '/home/bobo/ros2_ws/build/ros2cpp_tutorials_action': CMAKE_PREFIX_PATH=${CMAKE_PREFIX_PATH}:/opt/ros/humble /usr/bin/cmake --build /home/bobo/ros2_ws/build/ros2cpp_tutorials_action -- -j8 -l8
[0.177s] [35m[1mConsolidate compiler generated dependencies of target ros2cpp_tutorials_action__rosidl_generator_c[0m
[0.222s] [  2%] Built target ros2cpp_tutorials_action__cpp
[0.226s] [ 11%] Built target ros2cpp_tutorials_action__rosidl_generator_c
[0.281s] [35m[1mConsolidate compiler generated dependencies of target ros2cpp_tutorials_action__rosidl_typesupport_fastrtps_cpp[0m
[0.350s] [35m[1mConsolidate compiler generated dependencies of target ros2cpp_tutorials_action__rosidl_typesupport_cpp[0m
[0.359s] [ 11%] Built target ament_cmake_python_copy_ros2cpp_tutorials_action
[0.360s] [ 20%] Built target ros2cpp_tutorials_action__rosidl_typesupport_fastrtps_cpp
[0.374s] [35m[1mConsolidate compiler generated dependencies of target ros2cpp_tutorials_action__rosidl_typesupport_introspection_cpp[0m
[0.425s] [35m[1mConsolidate compiler generated dependencies of target ros2cpp_tutorials_action__rosidl_typesupport_introspection_c[0m
[0.440s] [35m[1mConsolidate compiler generated dependencies of target ros2cpp_tutorials_action__rosidl_typesupport_c[0m
[0.442s] [35m[1mConsolidate compiler generated dependencies of target ros2cpp_tutorials_action__rosidl_typesupport_fastrtps_c[0m
[0.463s] [ 28%] Built target ros2cpp_tutorials_action__rosidl_typesupport_cpp
[0.468s] [ 37%] Built target ros2cpp_tutorials_action__rosidl_typesupport_introspection_cpp
[0.509s] [ 45%] Built target ros2cpp_tutorials_action__rosidl_typesupport_fastrtps_c
[0.509s] [ 54%] Built target ros2cpp_tutorials_action__rosidl_typesupport_introspection_c
[0.514s] [ 62%] Built target ros2cpp_tutorials_action__rosidl_typesupport_c
[0.525s] [35m[1mConsolidate compiler generated dependencies of target server[0m
[0.548s] [35m[1mConsolidate compiler generated dependencies of target client[0m
[0.603s] [ 62%] Built target ros2cpp_tutorials_action
[0.619s] [ 68%] Built target server
[0.646s] [ 74%] Built target client
[0.670s] [ 77%] Built target ros2cpp_tutorials_action__py
[0.698s] [35m[1mConsolidate compiler generated dependencies of target ros2cpp_tutorials_action__rosidl_generator_py[0m
[0.739s] [ 82%] Built target ros2cpp_tutorials_action__rosidl_generator_py
[0.790s] [35m[1mConsolidate compiler generated dependencies of target ros2cpp_tutorials_action__rosidl_typesupport_fastrtps_c__pyext[0m
[0.804s] [35m[1mConsolidate compiler generated dependencies of target ros2cpp_tutorials_action__rosidl_typesupport_introspection_c__pyext[0m
[0.819s] [35m[1mConsolidate compiler generated dependencies of target ros2cpp_tutorials_action__rosidl_typesupport_c__pyext[0m
[0.882s] [ 88%] Built target ros2cpp_tutorials_action__rosidl_typesupport_introspection_c__pyext
[0.887s] [ 94%] Built target ros2cpp_tutorials_action__rosidl_typesupport_fastrtps_c__pyext
[0.910s] [100%] Built target ros2cpp_tutorials_action__rosidl_typesupport_c__pyext
[1.211s] running egg_info
[1.213s] writing ros2cpp_tutorials_action.egg-info/PKG-INFO
[1.214s] writing dependency_links to ros2cpp_tutorials_action.egg-info/dependency_links.txt
[1.214s] writing top-level names to ros2cpp_tutorials_action.egg-info/top_level.txt
[1.219s] reading manifest file 'ros2cpp_tutorials_action.egg-info/SOURCES.txt'
[1.220s] writing manifest file 'ros2cpp_tutorials_action.egg-info/SOURCES.txt'
[1.270s] [100%] Built target ament_cmake_python_build_ros2cpp_tutorials_action_egg
[1.292s] Invoked command in '/home/bobo/ros2_ws/build/ros2cpp_tutorials_action' returned '0': CMAKE_PREFIX_PATH=${CMAKE_PREFIX_PATH}:/opt/ros/humble /usr/bin/cmake --build /home/bobo/ros2_ws/build/ros2cpp_tutorials_action -- -j8 -l8
[1.442s] Invoking command in '/home/bobo/ros2_ws/build/ros2cpp_tutorials_action': CMAKE_PREFIX_PATH=${CMAKE_PREFIX_PATH}:/opt/ros/humble /usr/bin/cmake --install /home/bobo/ros2_ws/build/ros2cpp_tutorials_action
[1.457s] -- Install configuration: ""
[1.458s] -- Up-to-date: /home/bobo/ros2_ws/install/ros2cpp_tutorials_action/share/ament_index/resource_index/rosidl_interfaces/ros2cpp_tutorials_action
[1.458s] -- Up-to-date: /home/bobo/ros2_ws/install/ros2cpp_tutorials_action/include/ros2cpp_tutorials_action/ros2cpp_tutorials_action
[1.458s] -- Up-to-date: /home/bobo/ros2_ws/install/ros2cpp_tutorials_action/include/ros2cpp_tutorials_action/ros2cpp_tutorials_action/action
[1.459s] -- Up-to-date: /home/bobo/ros2_ws/install/ros2cpp_tutorials_action/include/ros2cpp_tutorials_action/ros2cpp_tutorials_action/action/detail
[1.459s] -- Up-to-date: /home/bobo/ros2_ws/install/ros2cpp_tutorials_action/include/ros2cpp_tutorials_action/ros2cpp_tutorials_action/action/detail/fibonacci__functions.c
[1.459s] -- Up-to-date: /home/bobo/ros2_ws/install/ros2cpp_tutorials_action/include/ros2cpp_tutorials_action/ros2cpp_tutorials_action/action/detail/fibonacci__struct.h
[1.460s] -- Up-to-date: /home/bobo/ros2_ws/install/ros2cpp_tutorials_action/include/ros2cpp_tutorials_action/ros2cpp_tutorials_action/action/detail/fibonacci__type_support.h
[1.460s] -- Up-to-date: /home/bobo/ros2_ws/install/ros2cpp_tutorials_action/include/ros2cpp_tutorials_action/ros2cpp_tutorials_action/action/detail/fibonacci__functions.h
[1.461s] -- Up-to-date: /home/bobo/ros2_ws/install/ros2cpp_tutorials_action/include/ros2cpp_tutorials_action/ros2cpp_tutorials_action/action/fibonacci.h
[1.461s] -- Up-to-date: /home/bobo/ros2_ws/install/ros2cpp_tutorials_action/include/ros2cpp_tutorials_action/ros2cpp_tutorials_action/msg
[1.461s] -- Up-to-date: /home/bobo/ros2_ws/install/ros2cpp_tutorials_action/include/ros2cpp_tutorials_action/ros2cpp_tutorials_action/msg/rosidl_generator_c__visibility_control.h
[1.462s] -- Up-to-date: /home/bobo/ros2_ws/install/ros2cpp_tutorials_action/share/ros2cpp_tutorials_action/environment/library_path.sh
[1.463s] -- Up-to-date: /home/bobo/ros2_ws/install/ros2cpp_tutorials_action/share/ros2cpp_tutorials_action/environment/library_path.dsv
[1.463s] -- Up-to-date: /home/bobo/ros2_ws/install/ros2cpp_tutorials_action/lib/libros2cpp_tutorials_action__rosidl_generator_c.so
[1.463s] -- Up-to-date: /home/bobo/ros2_ws/install/ros2cpp_tutorials_action/include/ros2cpp_tutorials_action/ros2cpp_tutorials_action
[1.463s] -- Up-to-date: /home/bobo/ros2_ws/install/ros2cpp_tutorials_action/include/ros2cpp_tutorials_action/ros2cpp_tutorials_action/action
[1.464s] -- Up-to-date: /home/bobo/ros2_ws/install/ros2cpp_tutorials_action/include/ros2cpp_tutorials_action/ros2cpp_tutorials_action/action/detail
[1.464s] -- Up-to-date: /home/bobo/ros2_ws/install/ros2cpp_tutorials_action/include/ros2cpp_tutorials_action/ros2cpp_tutorials_action/action/detail/fibonacci__rosidl_typesupport_fastrtps_c.h
[1.465s] -- Up-to-date: /home/bobo/ros2_ws/install/ros2cpp_tutorials_action/include/ros2cpp_tutorials_action/ros2cpp_tutorials_action/msg
[1.466s] -- Up-to-date: /home/bobo/ros2_ws/install/ros2cpp_tutorials_action/include/ros2cpp_tutorials_action/ros2cpp_tutorials_action/msg/rosidl_typesupport_fastrtps_c__visibility_control.h
[1.466s] -- Up-to-date: /home/bobo/ros2_ws/install/ros2cpp_tutorials_action/lib/libros2cpp_tutorials_action__rosidl_typesupport_fastrtps_c.so
[1.466s] -- Up-to-date: /home/bobo/ros2_ws/install/ros2cpp_tutorials_action/include/ros2cpp_tutorials_action/ros2cpp_tutorials_action
[1.466s] -- Up-to-date: /home/bobo/ros2_ws/install/ros2cpp_tutorials_action/include/ros2cpp_tutorials_action/ros2cpp_tutorials_action/action
[1.467s] -- Up-to-date: /home/bobo/ros2_ws/install/ros2cpp_tutorials_action/include/ros2cpp_tutorials_action/ros2cpp_tutorials_action/action/detail
[1.469s] -- Up-to-date: /home/bobo/ros2_ws/install/ros2cpp_tutorials_action/include/ros2cpp_tutorials_action/ros2cpp_tutorials_action/action/detail/fibonacci__rosidl_typesupport_introspection_c.h
[1.470s] -- Up-to-date: /home/bobo/ros2_ws/install/ros2cpp_tutorials_action/include/ros2cpp_tutorials_action/ros2cpp_tutorials_action/action/detail/fibonacci__type_support.c
[1.471s] -- Up-to-date: /home/bobo/ros2_ws/install/ros2cpp_tutorials_action/include/ros2cpp_tutorials_action/ros2cpp_tutorials_action/msg
[1.471s] -- Up-to-date: /home/bobo/ros2_ws/install/ros2cpp_tutorials_action/include/ros2cpp_tutorials_action/ros2cpp_tutorials_action/msg/rosidl_typesupport_introspection_c__visibility_control.h
[1.472s] -- Up-to-date: /home/bobo/ros2_ws/install/ros2cpp_tutorials_action/lib/libros2cpp_tutorials_action__rosidl_typesupport_introspection_c.so
[1.472s] -- Up-to-date: /home/bobo/ros2_ws/install/ros2cpp_tutorials_action/lib/libros2cpp_tutorials_action__rosidl_typesupport_c.so
[1.473s] -- Up-to-date: /home/bobo/ros2_ws/install/ros2cpp_tutorials_action/include/ros2cpp_tutorials_action/ros2cpp_tutorials_action
[1.473s] -- Up-to-date: /home/bobo/ros2_ws/install/ros2cpp_tutorials_action/include/ros2cpp_tutorials_action/ros2cpp_tutorials_action/action
[1.473s] -- Up-to-date: /home/bobo/ros2_ws/install/ros2cpp_tutorials_action/include/ros2cpp_tutorials_action/ros2cpp_tutorials_action/action/detail
[1.474s] -- Up-to-date: /home/bobo/ros2_ws/install/ros2cpp_tutorials_action/include/ros2cpp_tutorials_action/ros2cpp_tutorials_action/action/detail/fibonacci__struct.hpp
[1.474s] -- Up-to-date: /home/bobo/ros2_ws/install/ros2cpp_tutorials_action/include/ros2cpp_tutorials_action/ros2cpp_tutorials_action/action/detail/fibonacci__traits.hpp
[1.474s] -- Up-to-date: /home/bobo/ros2_ws/install/ros2cpp_tutorials_action/include/ros2cpp_tutorials_action/ros2cpp_tutorials_action/action/detail/fibonacci__builder.hpp
[1.474s] -- Up-to-date: /home/bobo/ros2_ws/install/ros2cpp_tutorials_action/include/ros2cpp_tutorials_action/ros2cpp_tutorials_action/action/fibonacci.hpp
[1.475s] -- Up-to-date: /home/bobo/ros2_ws/install/ros2cpp_tutorials_action/include/ros2cpp_tutorials_action/ros2cpp_tutorials_action
[1.475s] -- Up-to-date: /home/bobo/ros2_ws/install/ros2cpp_tutorials_action/include/ros2cpp_tutorials_action/ros2cpp_tutorials_action/action
[1.475s] -- Up-to-date: /home/bobo/ros2_ws/install/ros2cpp_tutorials_action/include/ros2cpp_tutorials_action/ros2cpp_tutorials_action/action/detail
[1.476s] -- Up-to-date: /home/bobo/ros2_ws/install/ros2cpp_tutorials_action/include/ros2cpp_tutorials_action/ros2cpp_tutorials_action/action/detail/fibonacci__rosidl_typesupport_fastrtps_cpp.hpp
[1.476s] -- Up-to-date: /home/bobo/ros2_ws/install/ros2cpp_tutorials_action/include/ros2cpp_tutorials_action/ros2cpp_tutorials_action/action/detail/dds_fastrtps
[1.476s] -- Up-to-date: /home/bobo/ros2_ws/install/ros2cpp_tutorials_action/include/ros2cpp_tutorials_action/ros2cpp_tutorials_action/msg
[1.476s] -- Up-to-date: /home/bobo/ros2_ws/install/ros2cpp_tutorials_action/include/ros2cpp_tutorials_action/ros2cpp_tutorials_action/msg/rosidl_typesupport_fastrtps_cpp__visibility_control.h
[1.477s] -- Up-to-date: /home/bobo/ros2_ws/install/ros2cpp_tutorials_action/lib/libros2cpp_tutorials_action__rosidl_typesupport_fastrtps_cpp.so
[1.478s] -- Up-to-date: /home/bobo/ros2_ws/install/ros2cpp_tutorials_action/include/ros2cpp_tutorials_action/ros2cpp_tutorials_action
[1.478s] -- Up-to-date: /home/bobo/ros2_ws/install/ros2cpp_tutorials_action/include/ros2cpp_tutorials_action/ros2cpp_tutorials_action/action
[1.478s] -- Up-to-date: /home/bobo/ros2_ws/install/ros2cpp_tutorials_action/include/ros2cpp_tutorials_action/ros2cpp_tutorials_action/action/detail
[1.479s] -- Up-to-date: /home/bobo/ros2_ws/install/ros2cpp_tutorials_action/include/ros2cpp_tutorials_action/ros2cpp_tutorials_action/action/detail/fibonacci__type_support.cpp
[1.479s] -- Up-to-date: /home/bobo/ros2_ws/install/ros2cpp_tutorials_action/include/ros2cpp_tutorials_action/ros2cpp_tutorials_action/action/detail/fibonacci__rosidl_typesupport_introspection_cpp.hpp
[1.479s] -- Up-to-date: /home/bobo/ros2_ws/install/ros2cpp_tutorials_action/lib/libros2cpp_tutorials_action__rosidl_typesupport_introspection_cpp.so
[1.479s] -- Up-to-date: /home/bobo/ros2_ws/install/ros2cpp_tutorials_action/lib/libros2cpp_tutorials_action__rosidl_typesupport_cpp.so
[1.480s] -- Up-to-date: /home/bobo/ros2_ws/install/ros2cpp_tutorials_action/share/ros2cpp_tutorials_action/environment/pythonpath.sh
[1.480s] -- Up-to-date: /home/bobo/ros2_ws/install/ros2cpp_tutorials_action/share/ros2cpp_tutorials_action/environment/pythonpath.dsv
[1.480s] -- Up-to-date: /home/bobo/ros2_ws/install/ros2cpp_tutorials_action/local/lib/python3.10/dist-packages/ros2cpp_tutorials_action-1.0.0-py3.10.egg-info
[1.480s] -- Installing: /home/bobo/ros2_ws/install/ros2cpp_tutorials_action/local/lib/python3.10/dist-packages/ros2cpp_tutorials_action-1.0.0-py3.10.egg-info/top_level.txt
[1.481s] -- Installing: /home/bobo/ros2_ws/install/ros2cpp_tutorials_action/local/lib/python3.10/dist-packages/ros2cpp_tutorials_action-1.0.0-py3.10.egg-info/dependency_links.txt
[1.481s] -- Installing: /home/bobo/ros2_ws/install/ros2cpp_tutorials_action/local/lib/python3.10/dist-packages/ros2cpp_tutorials_action-1.0.0-py3.10.egg-info/SOURCES.txt
[1.481s] -- Installing: /home/bobo/ros2_ws/install/ros2cpp_tutorials_action/local/lib/python3.10/dist-packages/ros2cpp_tutorials_action-1.0.0-py3.10.egg-info/PKG-INFO
[1.481s] -- Up-to-date: /home/bobo/ros2_ws/install/ros2cpp_tutorials_action/local/lib/python3.10/dist-packages/ros2cpp_tutorials_action
[1.481s] -- Up-to-date: /home/bobo/ros2_ws/install/ros2cpp_tutorials_action/local/lib/python3.10/dist-packages/ros2cpp_tutorials_action/libros2cpp_tutorials_action__rosidl_generator_py.so
[1.482s] -- Up-to-date: /home/bobo/ros2_ws/install/ros2cpp_tutorials_action/local/lib/python3.10/dist-packages/ros2cpp_tutorials_action/action
[1.482s] -- Up-to-date: /home/bobo/ros2_ws/install/ros2cpp_tutorials_action/local/lib/python3.10/dist-packages/ros2cpp_tutorials_action/action/_fibonacci.py
[1.482s] -- Up-to-date: /home/bobo/ros2_ws/install/ros2cpp_tutorials_action/local/lib/python3.10/dist-packages/ros2cpp_tutorials_action/action/__init__.py
[1.483s] -- Up-to-date: /home/bobo/ros2_ws/install/ros2cpp_tutorials_action/local/lib/python3.10/dist-packages/ros2cpp_tutorials_action/action/_fibonacci_s.c
[1.483s] -- Up-to-date: /home/bobo/ros2_ws/install/ros2cpp_tutorials_action/local/lib/python3.10/dist-packages/ros2cpp_tutorials_action/ros2cpp_tutorials_action_s__rosidl_typesupport_c.cpython-310-x86_64-linux-gnu.so
[1.484s] -- Up-to-date: /home/bobo/ros2_ws/install/ros2cpp_tutorials_action/local/lib/python3.10/dist-packages/ros2cpp_tutorials_action/ros2cpp_tutorials_action_s__rosidl_typesupport_introspection_c.cpython-310-x86_64-linux-gnu.so
[1.484s] -- Up-to-date: /home/bobo/ros2_ws/install/ros2cpp_tutorials_action/local/lib/python3.10/dist-packages/ros2cpp_tutorials_action/__init__.py
[1.484s] -- Up-to-date: /home/bobo/ros2_ws/install/ros2cpp_tutorials_action/local/lib/python3.10/dist-packages/ros2cpp_tutorials_action/_ros2cpp_tutorials_action_s.ep.rosidl_typesupport_fastrtps_c.c
[1.484s] -- Up-to-date: /home/bobo/ros2_ws/install/ros2cpp_tutorials_action/local/lib/python3.10/dist-packages/ros2cpp_tutorials_action/_ros2cpp_tutorials_action_s.ep.rosidl_typesupport_introspection_c.c
[1.484s] -- Up-to-date: /home/bobo/ros2_ws/install/ros2cpp_tutorials_action/local/lib/python3.10/dist-packages/ros2cpp_tutorials_action/ros2cpp_tutorials_action_s__rosidl_typesupport_fastrtps_c.cpython-310-x86_64-linux-gnu.so
[1.485s] -- Up-to-date: /home/bobo/ros2_ws/install/ros2cpp_tutorials_action/local/lib/python3.10/dist-packages/ros2cpp_tutorials_action/_ros2cpp_tutorials_action_s.ep.rosidl_typesupport_c.c
[1.552s] Listing '/home/bobo/ros2_ws/install/ros2cpp_tutorials_action/local/lib/python3.10/dist-packages/ros2cpp_tutorials_action'...
[1.552s] Listing '/home/bobo/ros2_ws/install/ros2cpp_tutorials_action/local/lib/python3.10/dist-packages/ros2cpp_tutorials_action/action'...
[1.560s] -- Up-to-date: /home/bobo/ros2_ws/install/ros2cpp_tutorials_action/local/lib/python3.10/dist-packages/ros2cpp_tutorials_action/ros2cpp_tutorials_action_s__rosidl_typesupport_fastrtps_c.cpython-310-x86_64-linux-gnu.so
[1.561s] -- Up-to-date: /home/bobo/ros2_ws/install/ros2cpp_tutorials_action/local/lib/python3.10/dist-packages/ros2cpp_tutorials_action/ros2cpp_tutorials_action_s__rosidl_typesupport_introspection_c.cpython-310-x86_64-linux-gnu.so
[1.562s] -- Up-to-date: /home/bobo/ros2_ws/install/ros2cpp_tutorials_action/local/lib/python3.10/dist-packages/ros2cpp_tutorials_action/ros2cpp_tutorials_action_s__rosidl_typesupport_c.cpython-310-x86_64-linux-gnu.so
[1.563s] -- Up-to-date: /home/bobo/ros2_ws/install/ros2cpp_tutorials_action/lib/libros2cpp_tutorials_action__rosidl_generator_py.so
[1.564s] -- Up-to-date: /home/bobo/ros2_ws/install/ros2cpp_tutorials_action/share/ros2cpp_tutorials_action/action/Fibonacci.idl
[1.564s] -- Up-to-date: /home/bobo/ros2_ws/install/ros2cpp_tutorials_action/share/ros2cpp_tutorials_action/action/Fibonacci.action
[1.564s] -- Up-to-date: /home/bobo/ros2_ws/install/ros2cpp_tutorials_action/lib/ros2cpp_tutorials_action/client
[1.565s] -- Up-to-date: /home/bobo/ros2_ws/install/ros2cpp_tutorials_action/lib/ros2cpp_tutorials_action/server
[1.565s] -- Up-to-date: /home/bobo/ros2_ws/install/ros2cpp_tutorials_action/share/ament_index/resource_index/package_run_dependencies/ros2cpp_tutorials_action
[1.566s] -- Up-to-date: /home/bobo/ros2_ws/install/ros2cpp_tutorials_action/share/ament_index/resource_index/parent_prefix_path/ros2cpp_tutorials_action
[1.566s] -- Up-to-date: /home/bobo/ros2_ws/install/ros2cpp_tutorials_action/share/ros2cpp_tutorials_action/environment/ament_prefix_path.sh
[1.566s] -- Up-to-date: /home/bobo/ros2_ws/install/ros2cpp_tutorials_action/share/ros2cpp_tutorials_action/environment/ament_prefix_path.dsv
[1.567s] -- Up-to-date: /home/bobo/ros2_ws/install/ros2cpp_tutorials_action/share/ros2cpp_tutorials_action/environment/path.sh
[1.567s] -- Up-to-date: /home/bobo/ros2_ws/install/ros2cpp_tutorials_action/share/ros2cpp_tutorials_action/environment/path.dsv
[1.567s] -- Up-to-date: /home/bobo/ros2_ws/install/ros2cpp_tutorials_action/share/ros2cpp_tutorials_action/local_setup.bash
[1.568s] -- Up-to-date: /home/bobo/ros2_ws/install/ros2cpp_tutorials_action/share/ros2cpp_tutorials_action/local_setup.sh
[1.568s] -- Up-to-date: /home/bobo/ros2_ws/install/ros2cpp_tutorials_action/share/ros2cpp_tutorials_action/local_setup.zsh
[1.568s] -- Up-to-date: /home/bobo/ros2_ws/install/ros2cpp_tutorials_action/share/ros2cpp_tutorials_action/local_setup.dsv
[1.569s] -- Installing: /home/bobo/ros2_ws/install/ros2cpp_tutorials_action/share/ros2cpp_tutorials_action/package.dsv
[1.569s] -- Up-to-date: /home/bobo/ros2_ws/install/ros2cpp_tutorials_action/share/ament_index/resource_index/packages/ros2cpp_tutorials_action
[1.569s] -- Up-to-date: /home/bobo/ros2_ws/install/ros2cpp_tutorials_action/share/ros2cpp_tutorials_action/cmake/export_ros2cpp_tutorials_action__rosidl_generator_cExport.cmake
[1.570s] -- Up-to-date: /home/bobo/ros2_ws/install/ros2cpp_tutorials_action/share/ros2cpp_tutorials_action/cmake/export_ros2cpp_tutorials_action__rosidl_generator_cExport-noconfig.cmake
[1.570s] -- Up-to-date: /home/bobo/ros2_ws/install/ros2cpp_tutorials_action/share/ros2cpp_tutorials_action/cmake/export_ros2cpp_tutorials_action__rosidl_typesupport_fastrtps_cExport.cmake
[1.571s] -- Up-to-date: /home/bobo/ros2_ws/install/ros2cpp_tutorials_action/share/ros2cpp_tutorials_action/cmake/export_ros2cpp_tutorials_action__rosidl_typesupport_fastrtps_cExport-noconfig.cmake
[1.571s] -- Up-to-date: /home/bobo/ros2_ws/install/ros2cpp_tutorials_action/share/ros2cpp_tutorials_action/cmake/ros2cpp_tutorials_action__rosidl_typesupport_introspection_cExport.cmake
[1.571s] -- Up-to-date: /home/bobo/ros2_ws/install/ros2cpp_tutorials_action/share/ros2cpp_tutorials_action/cmake/ros2cpp_tutorials_action__rosidl_typesupport_introspection_cExport-noconfig.cmake
[1.571s] -- Up-to-date: /home/bobo/ros2_ws/install/ros2cpp_tutorials_action/share/ros2cpp_tutorials_action/cmake/ros2cpp_tutorials_action__rosidl_typesupport_cExport.cmake
[1.572s] -- Up-to-date: /home/bobo/ros2_ws/install/ros2cpp_tutorials_action/share/ros2cpp_tutorials_action/cmake/ros2cpp_tutorials_action__rosidl_typesupport_cExport-noconfig.cmake
[1.572s] -- Up-to-date: /home/bobo/ros2_ws/install/ros2cpp_tutorials_action/share/ros2cpp_tutorials_action/cmake/export_ros2cpp_tutorials_action__rosidl_generator_cppExport.cmake
[1.572s] -- Up-to-date: /home/bobo/ros2_ws/install/ros2cpp_tutorials_action/share/ros2cpp_tutorials_action/cmake/export_ros2cpp_tutorials_action__rosidl_typesupport_fastrtps_cppExport.cmake
[1.572s] -- Up-to-date: /home/bobo/ros2_ws/install/ros2cpp_tutorials_action/share/ros2cpp_tutorials_action/cmake/export_ros2cpp_tutorials_action__rosidl_typesupport_fastrtps_cppExport-noconfig.cmake
[1.573s] -- Up-to-date: /home/bobo/ros2_ws/install/ros2cpp_tutorials_action/share/ros2cpp_tutorials_action/cmake/ros2cpp_tutorials_action__rosidl_typesupport_introspection_cppExport.cmake
[1.573s] -- Up-to-date: /home/bobo/ros2_ws/install/ros2cpp_tutorials_action/share/ros2cpp_tutorials_action/cmake/ros2cpp_tutorials_action__rosidl_typesupport_introspection_cppExport-noconfig.cmake
[1.573s] -- Up-to-date: /home/bobo/ros2_ws/install/ros2cpp_tutorials_action/share/ros2cpp_tutorials_action/cmake/ros2cpp_tutorials_action__rosidl_typesupport_cppExport.cmake
[1.574s] -- Up-to-date: /home/bobo/ros2_ws/install/ros2cpp_tutorials_action/share/ros2cpp_tutorials_action/cmake/ros2cpp_tutorials_action__rosidl_typesupport_cppExport-noconfig.cmake
[1.574s] -- Up-to-date: /home/bobo/ros2_ws/install/ros2cpp_tutorials_action/share/ros2cpp_tutorials_action/cmake/export_ros2cpp_tutorials_action__rosidl_generator_pyExport.cmake
[1.574s] -- Up-to-date: /home/bobo/ros2_ws/install/ros2cpp_tutorials_action/share/ros2cpp_tutorials_action/cmake/export_ros2cpp_tutorials_action__rosidl_generator_pyExport-noconfig.cmake
[1.574s] -- Up-to-date: /home/bobo/ros2_ws/install/ros2cpp_tutorials_action/share/ros2cpp_tutorials_action/cmake/rosidl_cmake-extras.cmake
[1.574s] -- Up-to-date: /home/bobo/ros2_ws/install/ros2cpp_tutorials_action/share/ros2cpp_tutorials_action/cmake/ament_cmake_export_dependencies-extras.cmake
[1.575s] -- Up-to-date: /home/bobo/ros2_ws/install/ros2cpp_tutorials_action/share/ros2cpp_tutorials_action/cmake/ament_cmake_export_include_directories-extras.cmake
[1.575s] -- Up-to-date: /home/bobo/ros2_ws/install/ros2cpp_tutorials_action/share/ros2cpp_tutorials_action/cmake/ament_cmake_export_libraries-extras.cmake
[1.576s] -- Up-to-date: /home/bobo/ros2_ws/install/ros2cpp_tutorials_action/share/ros2cpp_tutorials_action/cmake/ament_cmake_export_targets-extras.cmake
[1.578s] -- Up-to-date: /home/bobo/ros2_ws/install/ros2cpp_tutorials_action/share/ros2cpp_tutorials_action/cmake/rosidl_cmake_export_typesupport_targets-extras.cmake
[1.578s] -- Up-to-date: /home/bobo/ros2_ws/install/ros2cpp_tutorials_action/share/ros2cpp_tutorials_action/cmake/rosidl_cmake_export_typesupport_libraries-extras.cmake
[1.579s] -- Up-to-date: /home/bobo/ros2_ws/install/ros2cpp_tutorials_action/share/ros2cpp_tutorials_action/cmake/ros2cpp_tutorials_actionConfig.cmake
[1.579s] -- Up-to-date: /home/bobo/ros2_ws/install/ros2cpp_tutorials_action/share/ros2cpp_tutorials_action/cmake/ros2cpp_tutorials_actionConfig-version.cmake
[1.580s] -- Up-to-date: /home/bobo/ros2_ws/install/ros2cpp_tutorials_action/share/ros2cpp_tutorials_action/package.xml
[1.580s] Invoked command in '/home/bobo/ros2_ws/build/ros2cpp_tutorials_action' returned '0': CMAKE_PREFIX_PATH=${CMAKE_PREFIX_PATH}:/opt/ros/humble /usr/bin/cmake --install /home/bobo/ros2_ws/build/ros2cpp_tutorials_action
