[0.029s] Invoking command in '/home/bobo/ros2_ws/build/tug_turtlebot4': CMAKE_PREFIX_PATH=/home/bobo/ros2_ws/install/tug_msgs:/home/bobo/ros2_ws/install/tug_turtlebot4:/home/bobo/ros2_ws/install/tug_stage_ros2:/home/bobo/ros2_ws/install/tug_mr2:/home/bobo/ros2_ws/install/ros2cpp_tutorials_service:/home/bobo/ros2_ws/install/ros2cpp_tutorials_publisher_subscriber:/home/bobo/ros2_ws/install/ros2cpp_tutorials_parameter:/home/bobo/ros2_ws/install/ros2cpp_tutorials_action:/home/bobo/ros2_ws/install/Eigen3:/opt/ros/humble LD_LIBRARY_PATH=/home/bobo/ros2_ws/install/tug_msgs/lib:/home/bobo/stg/lib:/home/bobo/ros2_ws/install/ros2cpp_tutorials_service/lib:/home/bobo/ros2_ws/install/ros2cpp_tutorials_action/lib:/opt/ros/humble/opt/rviz_ogre_vendor/lib:/opt/ros/humble/lib/x86_64-linux-gnu:/opt/ros/humble/lib /usr/bin/cmake --build /home/bobo/ros2_ws/build/tug_turtlebot4 -- -j8 -l8
[0.126s] [35m[1mConsolidate compiler generated dependencies of target nav[0m
[0.159s] [ 14%] Built target static_transform_publisher
[0.163s] [ 35%] Built target simple_turtle
[0.171s] [ 64%] Built target slam
[0.174s] [ 71%] [32mBuilding CXX object CMakeFiles/nav.dir/src/NavNode.cpp.o[0m
[0.186s] [ 85%] Built target tug_wheel_encoder-system
[18.444s] [ 92%] [32m[1mLinking CXX executable nav[0m
[19.451s] [100%] Built target nav
[19.467s] Invoked command in '/home/bobo/ros2_ws/build/tug_turtlebot4' returned '0': CMAKE_PREFIX_PATH=/home/bobo/ros2_ws/install/tug_msgs:/home/bobo/ros2_ws/install/tug_turtlebot4:/home/bobo/ros2_ws/install/tug_stage_ros2:/home/bobo/ros2_ws/install/tug_mr2:/home/bobo/ros2_ws/install/ros2cpp_tutorials_service:/home/bobo/ros2_ws/install/ros2cpp_tutorials_publisher_subscriber:/home/bobo/ros2_ws/install/ros2cpp_tutorials_parameter:/home/bobo/ros2_ws/install/ros2cpp_tutorials_action:/home/bobo/ros2_ws/install/Eigen3:/opt/ros/humble LD_LIBRARY_PATH=/home/bobo/ros2_ws/install/tug_msgs/lib:/home/bobo/stg/lib:/home/bobo/ros2_ws/install/ros2cpp_tutorials_service/lib:/home/bobo/ros2_ws/install/ros2cpp_tutorials_action/lib:/opt/ros/humble/opt/rviz_ogre_vendor/lib:/opt/ros/humble/lib/x86_64-linux-gnu:/opt/ros/humble/lib /usr/bin/cmake --build /home/bobo/ros2_ws/build/tug_turtlebot4 -- -j8 -l8
[19.469s] Invoking command in '/home/bobo/ros2_ws/build/tug_turtlebot4': CMAKE_PREFIX_PATH=/home/bobo/ros2_ws/install/tug_msgs:/home/bobo/ros2_ws/install/tug_turtlebot4:/home/bobo/ros2_ws/install/tug_stage_ros2:/home/bobo/ros2_ws/install/tug_mr2:/home/bobo/ros2_ws/install/ros2cpp_tutorials_service:/home/bobo/ros2_ws/install/ros2cpp_tutorials_publisher_subscriber:/home/bobo/ros2_ws/install/ros2cpp_tutorials_parameter:/home/bobo/ros2_ws/install/ros2cpp_tutorials_action:/home/bobo/ros2_ws/install/Eigen3:/opt/ros/humble LD_LIBRARY_PATH=/home/bobo/ros2_ws/install/tug_msgs/lib:/home/bobo/stg/lib:/home/bobo/ros2_ws/install/ros2cpp_tutorials_service/lib:/home/bobo/ros2_ws/install/ros2cpp_tutorials_action/lib:/opt/ros/humble/opt/rviz_ogre_vendor/lib:/opt/ros/humble/lib/x86_64-linux-gnu:/opt/ros/humble/lib /usr/bin/cmake --install /home/bobo/ros2_ws/build/tug_turtlebot4
[19.481s] -- Install configuration: ""
[19.481s] -- Up-to-date: /home/bobo/ros2_ws/install/tug_turtlebot4/lib/tug_turtlebot4/libtug_wheel_encoder-system.so
[19.482s] -- Installing: /home/bobo/ros2_ws/install/tug_turtlebot4/lib/tug_turtlebot4/nav
[19.496s] -- Set runtime path of "/home/bobo/ros2_ws/install/tug_turtlebot4/lib/tug_turtlebot4/nav" to ""
[19.496s] -- Up-to-date: /home/bobo/ros2_ws/install/tug_turtlebot4/lib/tug_turtlebot4/simple_turtle
[19.497s] -- Up-to-date: /home/bobo/ros2_ws/install/tug_turtlebot4/lib/tug_turtlebot4/slam
[19.499s] -- Up-to-date: /home/bobo/ros2_ws/install/tug_turtlebot4/lib/tug_turtlebot4/static_transform_publisher
[19.499s] -- Up-to-date: /home/bobo/ros2_ws/install/tug_turtlebot4/share/tug_turtlebot4/config
[19.500s] -- Up-to-date: /home/bobo/ros2_ws/install/tug_turtlebot4/share/tug_turtlebot4/config/static_transform_publisher.yaml
[19.500s] -- Up-to-date: /home/bobo/ros2_ws/install/tug_turtlebot4/share/tug_turtlebot4/config/ros_gz_bridge.yaml
[19.500s] -- Up-to-date: /home/bobo/ros2_ws/install/tug_turtlebot4/share/tug_turtlebot4/launch
[19.501s] -- Up-to-date: /home/bobo/ros2_ws/install/tug_turtlebot4/share/tug_turtlebot4/launch/turtlebot_launch.xml
[19.501s] -- Up-to-date: /home/bobo/ros2_ws/install/tug_turtlebot4/share/tug_turtlebot4/launch/nav_launch.xml
[19.501s] -- Up-to-date: /home/bobo/ros2_ws/install/tug_turtlebot4/share/tug_turtlebot4/launch/simple_turtle_launch.xml
[19.502s] -- Up-to-date: /home/bobo/ros2_ws/install/tug_turtlebot4/share/tug_turtlebot4/launch/slam_launch.xml
[19.502s] -- Up-to-date: /home/bobo/ros2_ws/install/tug_turtlebot4/share/tug_turtlebot4/rviz
[19.502s] -- Up-to-date: /home/bobo/ros2_ws/install/tug_turtlebot4/share/tug_turtlebot4/rviz/config.rviz
[19.502s] -- Up-to-date: /home/bobo/ros2_ws/install/tug_turtlebot4/share/tug_turtlebot4/urdf
[19.503s] -- Up-to-date: /home/bobo/ros2_ws/install/tug_turtlebot4/share/tug_turtlebot4/urdf/turtlebot4.urdf
[19.503s] -- Up-to-date: /home/bobo/ros2_ws/install/tug_turtlebot4/share/tug_turtlebot4/urdf/tug_turtlebot4.urdf
[19.503s] -- Up-to-date: /home/bobo/ros2_ws/install/tug_turtlebot4/share/tug_turtlebot4/worlds
[19.503s] -- Up-to-date: /home/bobo/ros2_ws/install/tug_turtlebot4/share/tug_turtlebot4/worlds/columns.sdf
[19.503s] -- Up-to-date: /home/bobo/ros2_ws/install/tug_turtlebot4/share/ament_index/resource_index/package_run_dependencies/tug_turtlebot4
[19.504s] -- Up-to-date: /home/bobo/ros2_ws/install/tug_turtlebot4/share/ament_index/resource_index/parent_prefix_path/tug_turtlebot4
[19.504s] -- Up-to-date: /home/bobo/ros2_ws/install/tug_turtlebot4/share/tug_turtlebot4/environment/ament_prefix_path.sh
[19.504s] -- Up-to-date: /home/bobo/ros2_ws/install/tug_turtlebot4/share/tug_turtlebot4/environment/ament_prefix_path.dsv
[19.504s] -- Up-to-date: /home/bobo/ros2_ws/install/tug_turtlebot4/share/tug_turtlebot4/environment/path.sh
[19.504s] -- Up-to-date: /home/bobo/ros2_ws/install/tug_turtlebot4/share/tug_turtlebot4/environment/path.dsv
[19.505s] -- Up-to-date: /home/bobo/ros2_ws/install/tug_turtlebot4/share/tug_turtlebot4/local_setup.bash
[19.505s] -- Up-to-date: /home/bobo/ros2_ws/install/tug_turtlebot4/share/tug_turtlebot4/local_setup.sh
[19.505s] -- Up-to-date: /home/bobo/ros2_ws/install/tug_turtlebot4/share/tug_turtlebot4/local_setup.zsh
[19.506s] -- Up-to-date: /home/bobo/ros2_ws/install/tug_turtlebot4/share/tug_turtlebot4/local_setup.dsv
[19.508s] -- Installing: /home/bobo/ros2_ws/install/tug_turtlebot4/share/tug_turtlebot4/package.dsv
[19.508s] -- Up-to-date: /home/bobo/ros2_ws/install/tug_turtlebot4/share/ament_index/resource_index/packages/tug_turtlebot4
[19.508s] -- Up-to-date: /home/bobo/ros2_ws/install/tug_turtlebot4/share/tug_turtlebot4/cmake/tug_turtlebot4Config.cmake
[19.509s] -- Up-to-date: /home/bobo/ros2_ws/install/tug_turtlebot4/share/tug_turtlebot4/cmake/tug_turtlebot4Config-version.cmake
[19.509s] -- Up-to-date: /home/bobo/ros2_ws/install/tug_turtlebot4/share/tug_turtlebot4/package.xml
[19.509s] Invoked command in '/home/bobo/ros2_ws/build/tug_turtlebot4' returned '0': CMAKE_PREFIX_PATH=/home/bobo/ros2_ws/install/tug_msgs:/home/bobo/ros2_ws/install/tug_turtlebot4:/home/bobo/ros2_ws/install/tug_stage_ros2:/home/bobo/ros2_ws/install/tug_mr2:/home/bobo/ros2_ws/install/ros2cpp_tutorials_service:/home/bobo/ros2_ws/install/ros2cpp_tutorials_publisher_subscriber:/home/bobo/ros2_ws/install/ros2cpp_tutorials_parameter:/home/bobo/ros2_ws/install/ros2cpp_tutorials_action:/home/bobo/ros2_ws/install/Eigen3:/opt/ros/humble LD_LIBRARY_PATH=/home/bobo/ros2_ws/install/tug_msgs/lib:/home/bobo/stg/lib:/home/bobo/ros2_ws/install/ros2cpp_tutorials_service/lib:/home/bobo/ros2_ws/install/ros2cpp_tutorials_action/lib:/opt/ros/humble/opt/rviz_ogre_vendor/lib:/opt/ros/humble/lib/x86_64-linux-gnu:/opt/ros/humble/lib /usr/bin/cmake --install /home/bobo/ros2_ws/build/tug_turtlebot4
