[0.020s] Invoking command in '/home/bobo/ros2_ws/build/tug_stage_ros2': CMAKE_PREFIX_PATH=/home/bobo/ros2_ws/install/tug_msgs:/home/bobo/ros2_ws/install/tug_turtlebot4:/home/bobo/ros2_ws/install/tug_stage_ros2:/home/bobo/ros2_ws/install/tug_mr2:/home/bobo/ros2_ws/install/ros2cpp_tutorials_service:/home/bobo/ros2_ws/install/ros2cpp_tutorials_publisher_subscriber:/home/bobo/ros2_ws/install/ros2cpp_tutorials_parameter:/home/bobo/ros2_ws/install/ros2cpp_tutorials_action:/home/bobo/ros2_ws/install/Eigen3:/opt/ros/humble LD_LIBRARY_PATH=/home/bobo/ros2_ws/install/tug_msgs/lib:/home/bobo/stg/lib:/home/bobo/ros2_ws/install/ros2cpp_tutorials_service/lib:/home/bobo/ros2_ws/install/ros2cpp_tutorials_action/lib:/opt/ros/humble/opt/rviz_ogre_vendor/lib:/opt/ros/humble/lib/x86_64-linux-gnu:/opt/ros/humble/lib /usr/bin/cmake --build /home/bobo/ros2_ws/build/tug_stage_ros2 -- -j8 -l8
[0.106s] [100%] Built target tug_stage_ros2
[0.126s] Invoked command in '/home/bobo/ros2_ws/build/tug_stage_ros2' returned '0': CMAKE_PREFIX_PATH=/home/bobo/ros2_ws/install/tug_msgs:/home/bobo/ros2_ws/install/tug_turtlebot4:/home/bobo/ros2_ws/install/tug_stage_ros2:/home/bobo/ros2_ws/install/tug_mr2:/home/bobo/ros2_ws/install/ros2cpp_tutorials_service:/home/bobo/ros2_ws/install/ros2cpp_tutorials_publisher_subscriber:/home/bobo/ros2_ws/install/ros2cpp_tutorials_parameter:/home/bobo/ros2_ws/install/ros2cpp_tutorials_action:/home/bobo/ros2_ws/install/Eigen3:/opt/ros/humble LD_LIBRARY_PATH=/home/bobo/ros2_ws/install/tug_msgs/lib:/home/bobo/stg/lib:/home/bobo/ros2_ws/install/ros2cpp_tutorials_service/lib:/home/bobo/ros2_ws/install/ros2cpp_tutorials_action/lib:/opt/ros/humble/opt/rviz_ogre_vendor/lib:/opt/ros/humble/lib/x86_64-linux-gnu:/opt/ros/humble/lib /usr/bin/cmake --build /home/bobo/ros2_ws/build/tug_stage_ros2 -- -j8 -l8
[0.129s] Invoking command in '/home/bobo/ros2_ws/build/tug_stage_ros2': CMAKE_PREFIX_PATH=/home/bobo/ros2_ws/install/tug_msgs:/home/bobo/ros2_ws/install/tug_turtlebot4:/home/bobo/ros2_ws/install/tug_stage_ros2:/home/bobo/ros2_ws/install/tug_mr2:/home/bobo/ros2_ws/install/ros2cpp_tutorials_service:/home/bobo/ros2_ws/install/ros2cpp_tutorials_publisher_subscriber:/home/bobo/ros2_ws/install/ros2cpp_tutorials_parameter:/home/bobo/ros2_ws/install/ros2cpp_tutorials_action:/home/bobo/ros2_ws/install/Eigen3:/opt/ros/humble LD_LIBRARY_PATH=/home/bobo/ros2_ws/install/tug_msgs/lib:/home/bobo/stg/lib:/home/bobo/ros2_ws/install/ros2cpp_tutorials_service/lib:/home/bobo/ros2_ws/install/ros2cpp_tutorials_action/lib:/opt/ros/humble/opt/rviz_ogre_vendor/lib:/opt/ros/humble/lib/x86_64-linux-gnu:/opt/ros/humble/lib /usr/bin/cmake --install /home/bobo/ros2_ws/build/tug_stage_ros2
[0.139s] -- Install configuration: ""
[0.140s] -- Up-to-date: /home/bobo/ros2_ws/install/tug_stage_ros2/lib/tug_stage_ros2/tug_stage_ros2
[0.141s] -- Up-to-date: /home/bobo/ros2_ws/install/tug_stage_ros2/share/tug_stage_ros2/launch
[0.141s] -- Up-to-date: /home/bobo/ros2_ws/install/tug_stage_ros2/share/tug_stage_ros2/launch/kinematic_launch.xml
[0.141s] -- Up-to-date: /home/bobo/ros2_ws/install/tug_stage_ros2/share/tug_stage_ros2/launch/transform_launch.xml
[0.141s] -- Up-to-date: /home/bobo/ros2_ws/install/tug_stage_ros2/share/tug_stage_ros2/rviz
[0.141s] -- Up-to-date: /home/bobo/ros2_ws/install/tug_stage_ros2/share/tug_stage_ros2/rviz/transform.rviz
[0.141s] -- Up-to-date: /home/bobo/ros2_ws/install/tug_stage_ros2/share/tug_stage_ros2/rviz/kinematic.rviz
[0.141s] -- Up-to-date: /home/bobo/ros2_ws/install/tug_stage_ros2/share/tug_stage_ros2/worlds
[0.141s] -- Up-to-date: /home/bobo/ros2_ws/install/tug_stage_ros2/share/tug_stage_ros2/worlds/kinematic.pgm
[0.141s] -- Up-to-date: /home/bobo/ros2_ws/install/tug_stage_ros2/share/tug_stage_ros2/worlds/transform.pgm
[0.141s] -- Up-to-date: /home/bobo/ros2_ws/install/tug_stage_ros2/share/tug_stage_ros2/worlds/kinematic.world
[0.142s] -- Up-to-date: /home/bobo/ros2_ws/install/tug_stage_ros2/share/tug_stage_ros2/worlds/transform.world
[0.142s] -- Up-to-date: /home/bobo/ros2_ws/install/tug_stage_ros2/share/ament_index/resource_index/package_run_dependencies/tug_stage_ros2
[0.142s] -- Up-to-date: /home/bobo/ros2_ws/install/tug_stage_ros2/share/ament_index/resource_index/parent_prefix_path/tug_stage_ros2
[0.142s] -- Up-to-date: /home/bobo/ros2_ws/install/tug_stage_ros2/share/tug_stage_ros2/environment/ament_prefix_path.sh
[0.143s] -- Up-to-date: /home/bobo/ros2_ws/install/tug_stage_ros2/share/tug_stage_ros2/environment/ament_prefix_path.dsv
[0.143s] -- Up-to-date: /home/bobo/ros2_ws/install/tug_stage_ros2/share/tug_stage_ros2/environment/path.sh
[0.143s] -- Up-to-date: /home/bobo/ros2_ws/install/tug_stage_ros2/share/tug_stage_ros2/environment/path.dsv
[0.143s] -- Up-to-date: /home/bobo/ros2_ws/install/tug_stage_ros2/share/tug_stage_ros2/local_setup.bash
[0.143s] -- Up-to-date: /home/bobo/ros2_ws/install/tug_stage_ros2/share/tug_stage_ros2/local_setup.sh
[0.143s] -- Up-to-date: /home/bobo/ros2_ws/install/tug_stage_ros2/share/tug_stage_ros2/local_setup.zsh
[0.144s] -- Up-to-date: /home/bobo/ros2_ws/install/tug_stage_ros2/share/tug_stage_ros2/local_setup.dsv
[0.144s] -- Installing: /home/bobo/ros2_ws/install/tug_stage_ros2/share/tug_stage_ros2/package.dsv
[0.144s] -- Up-to-date: /home/bobo/ros2_ws/install/tug_stage_ros2/share/ament_index/resource_index/packages/tug_stage_ros2
[0.144s] -- Up-to-date: /home/bobo/ros2_ws/install/tug_stage_ros2/share/tug_stage_ros2/cmake/tug_stage_ros2Config.cmake
[0.144s] -- Up-to-date: /home/bobo/ros2_ws/install/tug_stage_ros2/share/tug_stage_ros2/cmake/tug_stage_ros2Config-version.cmake
[0.144s] -- Up-to-date: /home/bobo/ros2_ws/install/tug_stage_ros2/share/tug_stage_ros2/package.xml
[0.166s] Invoked command in '/home/bobo/ros2_ws/build/tug_stage_ros2' returned '0': CMAKE_PREFIX_PATH=/home/bobo/ros2_ws/install/tug_msgs:/home/bobo/ros2_ws/install/tug_turtlebot4:/home/bobo/ros2_ws/install/tug_stage_ros2:/home/bobo/ros2_ws/install/tug_mr2:/home/bobo/ros2_ws/install/ros2cpp_tutorials_service:/home/bobo/ros2_ws/install/ros2cpp_tutorials_publisher_subscriber:/home/bobo/ros2_ws/install/ros2cpp_tutorials_parameter:/home/bobo/ros2_ws/install/ros2cpp_tutorials_action:/home/bobo/ros2_ws/install/Eigen3:/opt/ros/humble LD_LIBRARY_PATH=/home/bobo/ros2_ws/install/tug_msgs/lib:/home/bobo/stg/lib:/home/bobo/ros2_ws/install/ros2cpp_tutorials_service/lib:/home/bobo/ros2_ws/install/ros2cpp_tutorials_action/lib:/opt/ros/humble/opt/rviz_ogre_vendor/lib:/opt/ros/humble/lib/x86_64-linux-gnu:/opt/ros/humble/lib /usr/bin/cmake --install /home/bobo/ros2_ws/build/tug_stage_ros2
