[0.075s] Invoking command in '/home/bobo/ros2_ws/build/tug_turtlebot4': CMAKE_PREFIX_PATH=/home/bobo/ros2_ws/install/tug_msgs:/home/bobo/ros2_ws/install/tug_turtlebot4:/home/bobo/ros2_ws/install/tug_stage_ros2:/home/bobo/ros2_ws/install/tug_mr2:/home/bobo/ros2_ws/install/ros2cpp_tutorials_service:/home/bobo/ros2_ws/install/ros2cpp_tutorials_publisher_subscriber:/home/bobo/ros2_ws/install/ros2cpp_tutorials_parameter:/home/bobo/ros2_ws/install/ros2cpp_tutorials_action:/home/bobo/ros2_ws/install/Eigen3:/opt/ros/humble LD_LIBRARY_PATH=/home/bobo/ros2_ws/install/tug_msgs/lib:/home/bobo/stg/lib:/home/bobo/ros2_ws/install/ros2cpp_tutorials_service/lib:/home/bobo/ros2_ws/install/ros2cpp_tutorials_action/lib:/opt/ros/humble/opt/rviz_ogre_vendor/lib:/opt/ros/humble/lib/x86_64-linux-gnu:/opt/ros/humble/lib /usr/bin/cmake --build /home/bobo/ros2_ws/build/tug_turtlebot4 -- -j8 -l8
[0.277s] [35m[1mConsolidate compiler generated dependencies of target nav[0m
[0.324s] [ 14%] Built target tug_wheel_encoder-system
[0.340s] [ 35%] Built target simple_turtle
[0.345s] [ 42%] [32mBuilding CXX object CMakeFiles/nav.dir/src/NavNode.cpp.o[0m
[0.404s] [ 57%] Built target static_transform_publisher
[0.426s] [ 85%] Built target slam
[24.843s] [ 92%] [32m[1mLinking CXX executable nav[0m
[25.878s] [100%] Built target nav
[25.895s] Invoked command in '/home/bobo/ros2_ws/build/tug_turtlebot4' returned '0': CMAKE_PREFIX_PATH=/home/bobo/ros2_ws/install/tug_msgs:/home/bobo/ros2_ws/install/tug_turtlebot4:/home/bobo/ros2_ws/install/tug_stage_ros2:/home/bobo/ros2_ws/install/tug_mr2:/home/bobo/ros2_ws/install/ros2cpp_tutorials_service:/home/bobo/ros2_ws/install/ros2cpp_tutorials_publisher_subscriber:/home/bobo/ros2_ws/install/ros2cpp_tutorials_parameter:/home/bobo/ros2_ws/install/ros2cpp_tutorials_action:/home/bobo/ros2_ws/install/Eigen3:/opt/ros/humble LD_LIBRARY_PATH=/home/bobo/ros2_ws/install/tug_msgs/lib:/home/bobo/stg/lib:/home/bobo/ros2_ws/install/ros2cpp_tutorials_service/lib:/home/bobo/ros2_ws/install/ros2cpp_tutorials_action/lib:/opt/ros/humble/opt/rviz_ogre_vendor/lib:/opt/ros/humble/lib/x86_64-linux-gnu:/opt/ros/humble/lib /usr/bin/cmake --build /home/bobo/ros2_ws/build/tug_turtlebot4 -- -j8 -l8
[25.897s] Invoking command in '/home/bobo/ros2_ws/build/tug_turtlebot4': CMAKE_PREFIX_PATH=/home/bobo/ros2_ws/install/tug_msgs:/home/bobo/ros2_ws/install/tug_turtlebot4:/home/bobo/ros2_ws/install/tug_stage_ros2:/home/bobo/ros2_ws/install/tug_mr2:/home/bobo/ros2_ws/install/ros2cpp_tutorials_service:/home/bobo/ros2_ws/install/ros2cpp_tutorials_publisher_subscriber:/home/bobo/ros2_ws/install/ros2cpp_tutorials_parameter:/home/bobo/ros2_ws/install/ros2cpp_tutorials_action:/home/bobo/ros2_ws/install/Eigen3:/opt/ros/humble LD_LIBRARY_PATH=/home/bobo/ros2_ws/install/tug_msgs/lib:/home/bobo/stg/lib:/home/bobo/ros2_ws/install/ros2cpp_tutorials_service/lib:/home/bobo/ros2_ws/install/ros2cpp_tutorials_action/lib:/opt/ros/humble/opt/rviz_ogre_vendor/lib:/opt/ros/humble/lib/x86_64-linux-gnu:/opt/ros/humble/lib /usr/bin/cmake --install /home/bobo/ros2_ws/build/tug_turtlebot4
[25.908s] -- Install configuration: ""
[25.908s] -- Up-to-date: /home/bobo/ros2_ws/install/tug_turtlebot4/lib/tug_turtlebot4/libtug_wheel_encoder-system.so
[25.909s] -- Installing: /home/bobo/ros2_ws/install/tug_turtlebot4/lib/tug_turtlebot4/nav
[25.922s] -- Set runtime path of "/home/bobo/ros2_ws/install/tug_turtlebot4/lib/tug_turtlebot4/nav" to ""
[25.922s] -- Up-to-date: /home/bobo/ros2_ws/install/tug_turtlebot4/lib/tug_turtlebot4/simple_turtle
[25.923s] -- Up-to-date: /home/bobo/ros2_ws/install/tug_turtlebot4/lib/tug_turtlebot4/slam
[25.924s] -- Up-to-date: /home/bobo/ros2_ws/install/tug_turtlebot4/lib/tug_turtlebot4/static_transform_publisher
[25.924s] -- Up-to-date: /home/bobo/ros2_ws/install/tug_turtlebot4/share/tug_turtlebot4/config
[25.925s] -- Up-to-date: /home/bobo/ros2_ws/install/tug_turtlebot4/share/tug_turtlebot4/config/static_transform_publisher.yaml
[25.926s] -- Up-to-date: /home/bobo/ros2_ws/install/tug_turtlebot4/share/tug_turtlebot4/config/ros_gz_bridge.yaml
[25.926s] -- Up-to-date: /home/bobo/ros2_ws/install/tug_turtlebot4/share/tug_turtlebot4/launch
[25.926s] -- Up-to-date: /home/bobo/ros2_ws/install/tug_turtlebot4/share/tug_turtlebot4/launch/turtlebot_launch.xml
[25.926s] -- Up-to-date: /home/bobo/ros2_ws/install/tug_turtlebot4/share/tug_turtlebot4/launch/nav_launch.xml
[25.926s] -- Up-to-date: /home/bobo/ros2_ws/install/tug_turtlebot4/share/tug_turtlebot4/launch/simple_turtle_launch.xml
[25.927s] -- Up-to-date: /home/bobo/ros2_ws/install/tug_turtlebot4/share/tug_turtlebot4/launch/slam_launch.xml
[25.927s] -- Up-to-date: /home/bobo/ros2_ws/install/tug_turtlebot4/share/tug_turtlebot4/rviz
[25.927s] -- Up-to-date: /home/bobo/ros2_ws/install/tug_turtlebot4/share/tug_turtlebot4/rviz/config.rviz
[25.927s] -- Up-to-date: /home/bobo/ros2_ws/install/tug_turtlebot4/share/tug_turtlebot4/urdf
[25.927s] -- Up-to-date: /home/bobo/ros2_ws/install/tug_turtlebot4/share/tug_turtlebot4/urdf/turtlebot4.urdf
[25.928s] -- Up-to-date: /home/bobo/ros2_ws/install/tug_turtlebot4/share/tug_turtlebot4/urdf/tug_turtlebot4.urdf
[25.928s] -- Up-to-date: /home/bobo/ros2_ws/install/tug_turtlebot4/share/tug_turtlebot4/worlds
[25.928s] -- Up-to-date: /home/bobo/ros2_ws/install/tug_turtlebot4/share/tug_turtlebot4/worlds/columns.sdf
[25.928s] -- Up-to-date: /home/bobo/ros2_ws/install/tug_turtlebot4/share/ament_index/resource_index/package_run_dependencies/tug_turtlebot4
[25.928s] -- Up-to-date: /home/bobo/ros2_ws/install/tug_turtlebot4/share/ament_index/resource_index/parent_prefix_path/tug_turtlebot4
[25.928s] -- Up-to-date: /home/bobo/ros2_ws/install/tug_turtlebot4/share/tug_turtlebot4/environment/ament_prefix_path.sh
[25.929s] -- Up-to-date: /home/bobo/ros2_ws/install/tug_turtlebot4/share/tug_turtlebot4/environment/ament_prefix_path.dsv
[25.930s] -- Up-to-date: /home/bobo/ros2_ws/install/tug_turtlebot4/share/tug_turtlebot4/environment/path.sh
[25.931s] -- Up-to-date: /home/bobo/ros2_ws/install/tug_turtlebot4/share/tug_turtlebot4/environment/path.dsv
[25.932s] -- Up-to-date: /home/bobo/ros2_ws/install/tug_turtlebot4/share/tug_turtlebot4/local_setup.bash
[25.932s] -- Up-to-date: /home/bobo/ros2_ws/install/tug_turtlebot4/share/tug_turtlebot4/local_setup.sh
[25.932s] -- Up-to-date: /home/bobo/ros2_ws/install/tug_turtlebot4/share/tug_turtlebot4/local_setup.zsh
[25.932s] -- Up-to-date: /home/bobo/ros2_ws/install/tug_turtlebot4/share/tug_turtlebot4/local_setup.dsv
[25.933s] -- Installing: /home/bobo/ros2_ws/install/tug_turtlebot4/share/tug_turtlebot4/package.dsv
[25.933s] -- Up-to-date: /home/bobo/ros2_ws/install/tug_turtlebot4/share/ament_index/resource_index/packages/tug_turtlebot4
[25.933s] -- Up-to-date: /home/bobo/ros2_ws/install/tug_turtlebot4/share/tug_turtlebot4/cmake/tug_turtlebot4Config.cmake
[25.933s] -- Up-to-date: /home/bobo/ros2_ws/install/tug_turtlebot4/share/tug_turtlebot4/cmake/tug_turtlebot4Config-version.cmake
[25.933s] -- Up-to-date: /home/bobo/ros2_ws/install/tug_turtlebot4/share/tug_turtlebot4/package.xml
[25.933s] Invoked command in '/home/bobo/ros2_ws/build/tug_turtlebot4' returned '0': CMAKE_PREFIX_PATH=/home/bobo/ros2_ws/install/tug_msgs:/home/bobo/ros2_ws/install/tug_turtlebot4:/home/bobo/ros2_ws/install/tug_stage_ros2:/home/bobo/ros2_ws/install/tug_mr2:/home/bobo/ros2_ws/install/ros2cpp_tutorials_service:/home/bobo/ros2_ws/install/ros2cpp_tutorials_publisher_subscriber:/home/bobo/ros2_ws/install/ros2cpp_tutorials_parameter:/home/bobo/ros2_ws/install/ros2cpp_tutorials_action:/home/bobo/ros2_ws/install/Eigen3:/opt/ros/humble LD_LIBRARY_PATH=/home/bobo/ros2_ws/install/tug_msgs/lib:/home/bobo/stg/lib:/home/bobo/ros2_ws/install/ros2cpp_tutorials_service/lib:/home/bobo/ros2_ws/install/ros2cpp_tutorials_action/lib:/opt/ros/humble/opt/rviz_ogre_vendor/lib:/opt/ros/humble/lib/x86_64-linux-gnu:/opt/ros/humble/lib /usr/bin/cmake --install /home/bobo/ros2_ws/build/tug_turtlebot4
