[0.052s] Invoking command in '/home/bobo/ros2_ws/build/ros2cpp_tutorials_service': CMAKE_PREFIX_PATH=${CMAKE_PREFIX_PATH}:/opt/ros/humble /usr/bin/cmake --build /home/bobo/ros2_ws/build/ros2cpp_tutorials_service -- -j8 -l8
[0.174s] [  2%] Built target ros2cpp_tutorials_service__cpp
[0.244s] [  2%] Built target ament_cmake_python_copy_ros2cpp_tutorials_service
[0.293s] [ 10%] Built target ros2cpp_tutorials_service__rosidl_typesupport_introspection_cpp
[0.774s] running egg_info
[0.776s] writing ros2cpp_tutorials_service.egg-info/PKG-INFO
[0.776s] writing dependency_links to ros2cpp_tutorials_service.egg-info/dependency_links.txt
[0.776s] writing top-level names to ros2cpp_tutorials_service.egg-info/top_level.txt
[0.780s] reading manifest file 'ros2cpp_tutorials_service.egg-info/SOURCES.txt'
[0.781s] writing manifest file 'ros2cpp_tutorials_service.egg-info/SOURCES.txt'
[0.832s] [ 10%] Built target ament_cmake_python_build_ros2cpp_tutorials_service_egg
[0.872s] [ 17%] Built target ros2cpp_tutorials_service__rosidl_typesupport_fastrtps_cpp
[0.911s] [ 25%] Built target ros2cpp_tutorials_service__rosidl_typesupport_cpp
[0.948s] [ 33%] Built target ros2cpp_tutorials_service__rosidl_generator_c
[0.994s] [ 38%] Built target service
[1.033s] [ 46%] Built target ros2cpp_tutorials_service__rosidl_typesupport_c
[1.071s] [ 53%] Built target ros2cpp_tutorials_service__rosidl_typesupport_introspection_c
[1.112s] [ 61%] Built target ros2cpp_tutorials_service__rosidl_typesupport_fastrtps_c
[1.155s] [ 66%] Built target client_sync_callback
[1.191s] [ 66%] Built target ros2cpp_tutorials_service
[1.237s] [ 71%] Built target client_async_callback
[1.272s] [ 74%] Built target ros2cpp_tutorials_service__py
[1.318s] [ 79%] Built target client
[1.357s] [ 84%] Built target ros2cpp_tutorials_service__rosidl_generator_py
[1.397s] [ 89%] Built target ros2cpp_tutorials_service__rosidl_typesupport_fastrtps_c__pyext
[1.439s] [ 94%] Built target ros2cpp_tutorials_service__rosidl_typesupport_c__pyext
[1.478s] [100%] Built target ros2cpp_tutorials_service__rosidl_typesupport_introspection_c__pyext
[1.501s] Invoked command in '/home/bobo/ros2_ws/build/ros2cpp_tutorials_service' returned '0': CMAKE_PREFIX_PATH=${CMAKE_PREFIX_PATH}:/opt/ros/humble /usr/bin/cmake --build /home/bobo/ros2_ws/build/ros2cpp_tutorials_service -- -j8 -l8
[1.650s] Invoking command in '/home/bobo/ros2_ws/build/ros2cpp_tutorials_service': CMAKE_PREFIX_PATH=${CMAKE_PREFIX_PATH}:/opt/ros/humble /usr/bin/cmake --install /home/bobo/ros2_ws/build/ros2cpp_tutorials_service
[1.664s] -- Install configuration: ""
[1.665s] -- Up-to-date: /home/bobo/ros2_ws/install/ros2cpp_tutorials_service/share/ament_index/resource_index/rosidl_interfaces/ros2cpp_tutorials_service
[1.665s] -- Up-to-date: /home/bobo/ros2_ws/install/ros2cpp_tutorials_service/include/ros2cpp_tutorials_service/ros2cpp_tutorials_service
[1.665s] -- Up-to-date: /home/bobo/ros2_ws/install/ros2cpp_tutorials_service/include/ros2cpp_tutorials_service/ros2cpp_tutorials_service/srv
[1.666s] -- Up-to-date: /home/bobo/ros2_ws/install/ros2cpp_tutorials_service/include/ros2cpp_tutorials_service/ros2cpp_tutorials_service/srv/detail
[1.666s] -- Up-to-date: /home/bobo/ros2_ws/install/ros2cpp_tutorials_service/include/ros2cpp_tutorials_service/ros2cpp_tutorials_service/srv/detail/add_two_ints__type_support.h
[1.667s] -- Up-to-date: /home/bobo/ros2_ws/install/ros2cpp_tutorials_service/include/ros2cpp_tutorials_service/ros2cpp_tutorials_service/srv/detail/add_two_ints__struct.h
[1.667s] -- Up-to-date: /home/bobo/ros2_ws/install/ros2cpp_tutorials_service/include/ros2cpp_tutorials_service/ros2cpp_tutorials_service/srv/detail/add_two_ints__functions.h
[1.667s] -- Up-to-date: /home/bobo/ros2_ws/install/ros2cpp_tutorials_service/include/ros2cpp_tutorials_service/ros2cpp_tutorials_service/srv/detail/add_two_ints__functions.c
[1.668s] -- Up-to-date: /home/bobo/ros2_ws/install/ros2cpp_tutorials_service/include/ros2cpp_tutorials_service/ros2cpp_tutorials_service/srv/add_two_ints.h
[1.668s] -- Up-to-date: /home/bobo/ros2_ws/install/ros2cpp_tutorials_service/include/ros2cpp_tutorials_service/ros2cpp_tutorials_service/msg
[1.669s] -- Up-to-date: /home/bobo/ros2_ws/install/ros2cpp_tutorials_service/include/ros2cpp_tutorials_service/ros2cpp_tutorials_service/msg/rosidl_generator_c__visibility_control.h
[1.669s] -- Up-to-date: /home/bobo/ros2_ws/install/ros2cpp_tutorials_service/share/ros2cpp_tutorials_service/environment/library_path.sh
[1.669s] -- Up-to-date: /home/bobo/ros2_ws/install/ros2cpp_tutorials_service/share/ros2cpp_tutorials_service/environment/library_path.dsv
[1.670s] -- Up-to-date: /home/bobo/ros2_ws/install/ros2cpp_tutorials_service/lib/libros2cpp_tutorials_service__rosidl_generator_c.so
[1.670s] -- Up-to-date: /home/bobo/ros2_ws/install/ros2cpp_tutorials_service/include/ros2cpp_tutorials_service/ros2cpp_tutorials_service
[1.670s] -- Up-to-date: /home/bobo/ros2_ws/install/ros2cpp_tutorials_service/include/ros2cpp_tutorials_service/ros2cpp_tutorials_service/srv
[1.671s] -- Up-to-date: /home/bobo/ros2_ws/install/ros2cpp_tutorials_service/include/ros2cpp_tutorials_service/ros2cpp_tutorials_service/srv/detail
[1.671s] -- Up-to-date: /home/bobo/ros2_ws/install/ros2cpp_tutorials_service/include/ros2cpp_tutorials_service/ros2cpp_tutorials_service/srv/detail/add_two_ints__rosidl_typesupport_fastrtps_c.h
[1.672s] -- Up-to-date: /home/bobo/ros2_ws/install/ros2cpp_tutorials_service/include/ros2cpp_tutorials_service/ros2cpp_tutorials_service/msg
[1.672s] -- Up-to-date: /home/bobo/ros2_ws/install/ros2cpp_tutorials_service/include/ros2cpp_tutorials_service/ros2cpp_tutorials_service/msg/rosidl_typesupport_fastrtps_c__visibility_control.h
[1.672s] -- Up-to-date: /home/bobo/ros2_ws/install/ros2cpp_tutorials_service/lib/libros2cpp_tutorials_service__rosidl_typesupport_fastrtps_c.so
[1.673s] -- Up-to-date: /home/bobo/ros2_ws/install/ros2cpp_tutorials_service/include/ros2cpp_tutorials_service/ros2cpp_tutorials_service
[1.674s] -- Up-to-date: /home/bobo/ros2_ws/install/ros2cpp_tutorials_service/include/ros2cpp_tutorials_service/ros2cpp_tutorials_service/srv
[1.674s] -- Up-to-date: /home/bobo/ros2_ws/install/ros2cpp_tutorials_service/include/ros2cpp_tutorials_service/ros2cpp_tutorials_service/srv/detail
[1.674s] -- Up-to-date: /home/bobo/ros2_ws/install/ros2cpp_tutorials_service/include/ros2cpp_tutorials_service/ros2cpp_tutorials_service/srv/detail/add_two_ints__rosidl_typesupport_introspection_c.h
[1.674s] -- Up-to-date: /home/bobo/ros2_ws/install/ros2cpp_tutorials_service/include/ros2cpp_tutorials_service/ros2cpp_tutorials_service/srv/detail/add_two_ints__type_support.c
[1.675s] -- Up-to-date: /home/bobo/ros2_ws/install/ros2cpp_tutorials_service/include/ros2cpp_tutorials_service/ros2cpp_tutorials_service/msg
[1.675s] -- Up-to-date: /home/bobo/ros2_ws/install/ros2cpp_tutorials_service/include/ros2cpp_tutorials_service/ros2cpp_tutorials_service/msg/rosidl_typesupport_introspection_c__visibility_control.h
[1.676s] -- Up-to-date: /home/bobo/ros2_ws/install/ros2cpp_tutorials_service/lib/libros2cpp_tutorials_service__rosidl_typesupport_introspection_c.so
[1.676s] -- Up-to-date: /home/bobo/ros2_ws/install/ros2cpp_tutorials_service/lib/libros2cpp_tutorials_service__rosidl_typesupport_c.so
[1.676s] -- Up-to-date: /home/bobo/ros2_ws/install/ros2cpp_tutorials_service/include/ros2cpp_tutorials_service/ros2cpp_tutorials_service
[1.677s] -- Up-to-date: /home/bobo/ros2_ws/install/ros2cpp_tutorials_service/include/ros2cpp_tutorials_service/ros2cpp_tutorials_service/srv
[1.677s] -- Up-to-date: /home/bobo/ros2_ws/install/ros2cpp_tutorials_service/include/ros2cpp_tutorials_service/ros2cpp_tutorials_service/srv/detail
[1.678s] -- Up-to-date: /home/bobo/ros2_ws/install/ros2cpp_tutorials_service/include/ros2cpp_tutorials_service/ros2cpp_tutorials_service/srv/detail/add_two_ints__struct.hpp
[1.678s] -- Up-to-date: /home/bobo/ros2_ws/install/ros2cpp_tutorials_service/include/ros2cpp_tutorials_service/ros2cpp_tutorials_service/srv/detail/add_two_ints__traits.hpp
[1.678s] -- Up-to-date: /home/bobo/ros2_ws/install/ros2cpp_tutorials_service/include/ros2cpp_tutorials_service/ros2cpp_tutorials_service/srv/detail/add_two_ints__builder.hpp
[1.679s] -- Up-to-date: /home/bobo/ros2_ws/install/ros2cpp_tutorials_service/include/ros2cpp_tutorials_service/ros2cpp_tutorials_service/srv/add_two_ints.hpp
[1.679s] -- Up-to-date: /home/bobo/ros2_ws/install/ros2cpp_tutorials_service/include/ros2cpp_tutorials_service/ros2cpp_tutorials_service
[1.679s] -- Up-to-date: /home/bobo/ros2_ws/install/ros2cpp_tutorials_service/include/ros2cpp_tutorials_service/ros2cpp_tutorials_service/srv
[1.679s] -- Up-to-date: /home/bobo/ros2_ws/install/ros2cpp_tutorials_service/include/ros2cpp_tutorials_service/ros2cpp_tutorials_service/srv/detail
[1.679s] -- Up-to-date: /home/bobo/ros2_ws/install/ros2cpp_tutorials_service/include/ros2cpp_tutorials_service/ros2cpp_tutorials_service/srv/detail/add_two_ints__rosidl_typesupport_fastrtps_cpp.hpp
[1.680s] -- Up-to-date: /home/bobo/ros2_ws/install/ros2cpp_tutorials_service/include/ros2cpp_tutorials_service/ros2cpp_tutorials_service/srv/detail/dds_fastrtps
[1.680s] -- Up-to-date: /home/bobo/ros2_ws/install/ros2cpp_tutorials_service/include/ros2cpp_tutorials_service/ros2cpp_tutorials_service/msg
[1.680s] -- Up-to-date: /home/bobo/ros2_ws/install/ros2cpp_tutorials_service/include/ros2cpp_tutorials_service/ros2cpp_tutorials_service/msg/rosidl_typesupport_fastrtps_cpp__visibility_control.h
[1.680s] -- Up-to-date: /home/bobo/ros2_ws/install/ros2cpp_tutorials_service/lib/libros2cpp_tutorials_service__rosidl_typesupport_fastrtps_cpp.so
[1.680s] -- Up-to-date: /home/bobo/ros2_ws/install/ros2cpp_tutorials_service/include/ros2cpp_tutorials_service/ros2cpp_tutorials_service
[1.681s] -- Up-to-date: /home/bobo/ros2_ws/install/ros2cpp_tutorials_service/include/ros2cpp_tutorials_service/ros2cpp_tutorials_service/srv
[1.681s] -- Up-to-date: /home/bobo/ros2_ws/install/ros2cpp_tutorials_service/include/ros2cpp_tutorials_service/ros2cpp_tutorials_service/srv/detail
[1.681s] -- Up-to-date: /home/bobo/ros2_ws/install/ros2cpp_tutorials_service/include/ros2cpp_tutorials_service/ros2cpp_tutorials_service/srv/detail/add_two_ints__type_support.cpp
[1.682s] -- Up-to-date: /home/bobo/ros2_ws/install/ros2cpp_tutorials_service/include/ros2cpp_tutorials_service/ros2cpp_tutorials_service/srv/detail/add_two_ints__rosidl_typesupport_introspection_cpp.hpp
[1.683s] -- Up-to-date: /home/bobo/ros2_ws/install/ros2cpp_tutorials_service/lib/libros2cpp_tutorials_service__rosidl_typesupport_introspection_cpp.so
[1.683s] -- Up-to-date: /home/bobo/ros2_ws/install/ros2cpp_tutorials_service/lib/libros2cpp_tutorials_service__rosidl_typesupport_cpp.so
[1.683s] -- Up-to-date: /home/bobo/ros2_ws/install/ros2cpp_tutorials_service/share/ros2cpp_tutorials_service/environment/pythonpath.sh
[1.684s] -- Up-to-date: /home/bobo/ros2_ws/install/ros2cpp_tutorials_service/share/ros2cpp_tutorials_service/environment/pythonpath.dsv
[1.684s] -- Up-to-date: /home/bobo/ros2_ws/install/ros2cpp_tutorials_service/local/lib/python3.10/dist-packages/ros2cpp_tutorials_service-1.0.0-py3.10.egg-info
[1.685s] -- Installing: /home/bobo/ros2_ws/install/ros2cpp_tutorials_service/local/lib/python3.10/dist-packages/ros2cpp_tutorials_service-1.0.0-py3.10.egg-info/top_level.txt
[1.685s] -- Installing: /home/bobo/ros2_ws/install/ros2cpp_tutorials_service/local/lib/python3.10/dist-packages/ros2cpp_tutorials_service-1.0.0-py3.10.egg-info/dependency_links.txt
[1.685s] -- Installing: /home/bobo/ros2_ws/install/ros2cpp_tutorials_service/local/lib/python3.10/dist-packages/ros2cpp_tutorials_service-1.0.0-py3.10.egg-info/SOURCES.txt
[1.686s] -- Installing: /home/bobo/ros2_ws/install/ros2cpp_tutorials_service/local/lib/python3.10/dist-packages/ros2cpp_tutorials_service-1.0.0-py3.10.egg-info/PKG-INFO
[1.686s] -- Up-to-date: /home/bobo/ros2_ws/install/ros2cpp_tutorials_service/local/lib/python3.10/dist-packages/ros2cpp_tutorials_service
[1.687s] -- Up-to-date: /home/bobo/ros2_ws/install/ros2cpp_tutorials_service/local/lib/python3.10/dist-packages/ros2cpp_tutorials_service/_ros2cpp_tutorials_service_s.ep.rosidl_typesupport_c.c
[1.688s] -- Up-to-date: /home/bobo/ros2_ws/install/ros2cpp_tutorials_service/local/lib/python3.10/dist-packages/ros2cpp_tutorials_service/srv
[1.688s] -- Up-to-date: /home/bobo/ros2_ws/install/ros2cpp_tutorials_service/local/lib/python3.10/dist-packages/ros2cpp_tutorials_service/srv/_add_two_ints.py
[1.689s] -- Up-to-date: /home/bobo/ros2_ws/install/ros2cpp_tutorials_service/local/lib/python3.10/dist-packages/ros2cpp_tutorials_service/srv/__init__.py
[1.689s] -- Up-to-date: /home/bobo/ros2_ws/install/ros2cpp_tutorials_service/local/lib/python3.10/dist-packages/ros2cpp_tutorials_service/srv/_add_two_ints_s.c
[1.689s] -- Up-to-date: /home/bobo/ros2_ws/install/ros2cpp_tutorials_service/local/lib/python3.10/dist-packages/ros2cpp_tutorials_service/ros2cpp_tutorials_service_s__rosidl_typesupport_c.cpython-310-x86_64-linux-gnu.so
[1.690s] -- Up-to-date: /home/bobo/ros2_ws/install/ros2cpp_tutorials_service/local/lib/python3.10/dist-packages/ros2cpp_tutorials_service/__init__.py
[1.690s] -- Up-to-date: /home/bobo/ros2_ws/install/ros2cpp_tutorials_service/local/lib/python3.10/dist-packages/ros2cpp_tutorials_service/ros2cpp_tutorials_service_s__rosidl_typesupport_fastrtps_c.cpython-310-x86_64-linux-gnu.so
[1.690s] -- Up-to-date: /home/bobo/ros2_ws/install/ros2cpp_tutorials_service/local/lib/python3.10/dist-packages/ros2cpp_tutorials_service/ros2cpp_tutorials_service_s__rosidl_typesupport_introspection_c.cpython-310-x86_64-linux-gnu.so
[1.691s] -- Up-to-date: /home/bobo/ros2_ws/install/ros2cpp_tutorials_service/local/lib/python3.10/dist-packages/ros2cpp_tutorials_service/_ros2cpp_tutorials_service_s.ep.rosidl_typesupport_fastrtps_c.c
[1.691s] -- Up-to-date: /home/bobo/ros2_ws/install/ros2cpp_tutorials_service/local/lib/python3.10/dist-packages/ros2cpp_tutorials_service/libros2cpp_tutorials_service__rosidl_generator_py.so
[1.691s] -- Up-to-date: /home/bobo/ros2_ws/install/ros2cpp_tutorials_service/local/lib/python3.10/dist-packages/ros2cpp_tutorials_service/_ros2cpp_tutorials_service_s.ep.rosidl_typesupport_introspection_c.c
[1.755s] Listing '/home/bobo/ros2_ws/install/ros2cpp_tutorials_service/local/lib/python3.10/dist-packages/ros2cpp_tutorials_service'...
[1.756s] Listing '/home/bobo/ros2_ws/install/ros2cpp_tutorials_service/local/lib/python3.10/dist-packages/ros2cpp_tutorials_service/srv'...
[1.763s] -- Up-to-date: /home/bobo/ros2_ws/install/ros2cpp_tutorials_service/local/lib/python3.10/dist-packages/ros2cpp_tutorials_service/ros2cpp_tutorials_service_s__rosidl_typesupport_fastrtps_c.cpython-310-x86_64-linux-gnu.so
[1.765s] -- Up-to-date: /home/bobo/ros2_ws/install/ros2cpp_tutorials_service/local/lib/python3.10/dist-packages/ros2cpp_tutorials_service/ros2cpp_tutorials_service_s__rosidl_typesupport_introspection_c.cpython-310-x86_64-linux-gnu.so
[1.766s] -- Up-to-date: /home/bobo/ros2_ws/install/ros2cpp_tutorials_service/local/lib/python3.10/dist-packages/ros2cpp_tutorials_service/ros2cpp_tutorials_service_s__rosidl_typesupport_c.cpython-310-x86_64-linux-gnu.so
[1.766s] -- Up-to-date: /home/bobo/ros2_ws/install/ros2cpp_tutorials_service/lib/libros2cpp_tutorials_service__rosidl_generator_py.so
[1.767s] -- Up-to-date: /home/bobo/ros2_ws/install/ros2cpp_tutorials_service/share/ros2cpp_tutorials_service/srv/AddTwoInts.idl
[1.768s] -- Up-to-date: /home/bobo/ros2_ws/install/ros2cpp_tutorials_service/share/ros2cpp_tutorials_service/srv/AddTwoInts.srv
[1.768s] -- Up-to-date: /home/bobo/ros2_ws/install/ros2cpp_tutorials_service/share/ros2cpp_tutorials_service/srv/AddTwoInts_Request.msg
[1.768s] -- Up-to-date: /home/bobo/ros2_ws/install/ros2cpp_tutorials_service/share/ros2cpp_tutorials_service/srv/AddTwoInts_Response.msg
[1.768s] -- Up-to-date: /home/bobo/ros2_ws/install/ros2cpp_tutorials_service/lib/ros2cpp_tutorials_service/client
[1.769s] -- Up-to-date: /home/bobo/ros2_ws/install/ros2cpp_tutorials_service/lib/ros2cpp_tutorials_service/client_async_callback
[1.770s] -- Up-to-date: /home/bobo/ros2_ws/install/ros2cpp_tutorials_service/lib/ros2cpp_tutorials_service/client_sync_callback
[1.771s] -- Up-to-date: /home/bobo/ros2_ws/install/ros2cpp_tutorials_service/lib/ros2cpp_tutorials_service/service
[1.772s] -- Up-to-date: /home/bobo/ros2_ws/install/ros2cpp_tutorials_service/share/ament_index/resource_index/package_run_dependencies/ros2cpp_tutorials_service
[1.772s] -- Up-to-date: /home/bobo/ros2_ws/install/ros2cpp_tutorials_service/share/ament_index/resource_index/parent_prefix_path/ros2cpp_tutorials_service
[1.772s] -- Up-to-date: /home/bobo/ros2_ws/install/ros2cpp_tutorials_service/share/ros2cpp_tutorials_service/environment/ament_prefix_path.sh
[1.773s] -- Up-to-date: /home/bobo/ros2_ws/install/ros2cpp_tutorials_service/share/ros2cpp_tutorials_service/environment/ament_prefix_path.dsv
[1.773s] -- Up-to-date: /home/bobo/ros2_ws/install/ros2cpp_tutorials_service/share/ros2cpp_tutorials_service/environment/path.sh
[1.773s] -- Up-to-date: /home/bobo/ros2_ws/install/ros2cpp_tutorials_service/share/ros2cpp_tutorials_service/environment/path.dsv
[1.773s] -- Up-to-date: /home/bobo/ros2_ws/install/ros2cpp_tutorials_service/share/ros2cpp_tutorials_service/local_setup.bash
[1.774s] -- Up-to-date: /home/bobo/ros2_ws/install/ros2cpp_tutorials_service/share/ros2cpp_tutorials_service/local_setup.sh
[1.774s] -- Up-to-date: /home/bobo/ros2_ws/install/ros2cpp_tutorials_service/share/ros2cpp_tutorials_service/local_setup.zsh
[1.774s] -- Up-to-date: /home/bobo/ros2_ws/install/ros2cpp_tutorials_service/share/ros2cpp_tutorials_service/local_setup.dsv
[1.775s] -- Installing: /home/bobo/ros2_ws/install/ros2cpp_tutorials_service/share/ros2cpp_tutorials_service/package.dsv
[1.775s] -- Up-to-date: /home/bobo/ros2_ws/install/ros2cpp_tutorials_service/share/ament_index/resource_index/packages/ros2cpp_tutorials_service
[1.775s] -- Up-to-date: /home/bobo/ros2_ws/install/ros2cpp_tutorials_service/share/ros2cpp_tutorials_service/cmake/export_ros2cpp_tutorials_service__rosidl_generator_cExport.cmake
[1.776s] -- Up-to-date: /home/bobo/ros2_ws/install/ros2cpp_tutorials_service/share/ros2cpp_tutorials_service/cmake/export_ros2cpp_tutorials_service__rosidl_generator_cExport-noconfig.cmake
[1.776s] -- Up-to-date: /home/bobo/ros2_ws/install/ros2cpp_tutorials_service/share/ros2cpp_tutorials_service/cmake/export_ros2cpp_tutorials_service__rosidl_typesupport_fastrtps_cExport.cmake
[1.776s] -- Up-to-date: /home/bobo/ros2_ws/install/ros2cpp_tutorials_service/share/ros2cpp_tutorials_service/cmake/export_ros2cpp_tutorials_service__rosidl_typesupport_fastrtps_cExport-noconfig.cmake
[1.776s] -- Up-to-date: /home/bobo/ros2_ws/install/ros2cpp_tutorials_service/share/ros2cpp_tutorials_service/cmake/ros2cpp_tutorials_service__rosidl_typesupport_introspection_cExport.cmake
[1.777s] -- Up-to-date: /home/bobo/ros2_ws/install/ros2cpp_tutorials_service/share/ros2cpp_tutorials_service/cmake/ros2cpp_tutorials_service__rosidl_typesupport_introspection_cExport-noconfig.cmake
[1.777s] -- Up-to-date: /home/bobo/ros2_ws/install/ros2cpp_tutorials_service/share/ros2cpp_tutorials_service/cmake/ros2cpp_tutorials_service__rosidl_typesupport_cExport.cmake
[1.777s] -- Up-to-date: /home/bobo/ros2_ws/install/ros2cpp_tutorials_service/share/ros2cpp_tutorials_service/cmake/ros2cpp_tutorials_service__rosidl_typesupport_cExport-noconfig.cmake
[1.777s] -- Up-to-date: /home/bobo/ros2_ws/install/ros2cpp_tutorials_service/share/ros2cpp_tutorials_service/cmake/export_ros2cpp_tutorials_service__rosidl_generator_cppExport.cmake
[1.778s] -- Up-to-date: /home/bobo/ros2_ws/install/ros2cpp_tutorials_service/share/ros2cpp_tutorials_service/cmake/export_ros2cpp_tutorials_service__rosidl_typesupport_fastrtps_cppExport.cmake
[1.778s] -- Up-to-date: /home/bobo/ros2_ws/install/ros2cpp_tutorials_service/share/ros2cpp_tutorials_service/cmake/export_ros2cpp_tutorials_service__rosidl_typesupport_fastrtps_cppExport-noconfig.cmake
[1.778s] -- Up-to-date: /home/bobo/ros2_ws/install/ros2cpp_tutorials_service/share/ros2cpp_tutorials_service/cmake/ros2cpp_tutorials_service__rosidl_typesupport_introspection_cppExport.cmake
[1.779s] -- Up-to-date: /home/bobo/ros2_ws/install/ros2cpp_tutorials_service/share/ros2cpp_tutorials_service/cmake/ros2cpp_tutorials_service__rosidl_typesupport_introspection_cppExport-noconfig.cmake
[1.779s] -- Up-to-date: /home/bobo/ros2_ws/install/ros2cpp_tutorials_service/share/ros2cpp_tutorials_service/cmake/ros2cpp_tutorials_service__rosidl_typesupport_cppExport.cmake
[1.779s] -- Up-to-date: /home/bobo/ros2_ws/install/ros2cpp_tutorials_service/share/ros2cpp_tutorials_service/cmake/ros2cpp_tutorials_service__rosidl_typesupport_cppExport-noconfig.cmake
[1.780s] -- Up-to-date: /home/bobo/ros2_ws/install/ros2cpp_tutorials_service/share/ros2cpp_tutorials_service/cmake/export_ros2cpp_tutorials_service__rosidl_generator_pyExport.cmake
[1.780s] -- Up-to-date: /home/bobo/ros2_ws/install/ros2cpp_tutorials_service/share/ros2cpp_tutorials_service/cmake/export_ros2cpp_tutorials_service__rosidl_generator_pyExport-noconfig.cmake
[1.780s] -- Up-to-date: /home/bobo/ros2_ws/install/ros2cpp_tutorials_service/share/ros2cpp_tutorials_service/cmake/rosidl_cmake-extras.cmake
[1.781s] -- Up-to-date: /home/bobo/ros2_ws/install/ros2cpp_tutorials_service/share/ros2cpp_tutorials_service/cmake/ament_cmake_export_include_directories-extras.cmake
[1.781s] -- Up-to-date: /home/bobo/ros2_ws/install/ros2cpp_tutorials_service/share/ros2cpp_tutorials_service/cmake/ament_cmake_export_libraries-extras.cmake
[1.782s] -- Up-to-date: /home/bobo/ros2_ws/install/ros2cpp_tutorials_service/share/ros2cpp_tutorials_service/cmake/ament_cmake_export_targets-extras.cmake
[1.782s] -- Up-to-date: /home/bobo/ros2_ws/install/ros2cpp_tutorials_service/share/ros2cpp_tutorials_service/cmake/rosidl_cmake_export_typesupport_targets-extras.cmake
[1.782s] -- Up-to-date: /home/bobo/ros2_ws/install/ros2cpp_tutorials_service/share/ros2cpp_tutorials_service/cmake/ament_cmake_export_dependencies-extras.cmake
[1.782s] -- Up-to-date: /home/bobo/ros2_ws/install/ros2cpp_tutorials_service/share/ros2cpp_tutorials_service/cmake/rosidl_cmake_export_typesupport_libraries-extras.cmake
[1.782s] -- Up-to-date: /home/bobo/ros2_ws/install/ros2cpp_tutorials_service/share/ros2cpp_tutorials_service/cmake/ros2cpp_tutorials_serviceConfig.cmake
[1.783s] -- Up-to-date: /home/bobo/ros2_ws/install/ros2cpp_tutorials_service/share/ros2cpp_tutorials_service/cmake/ros2cpp_tutorials_serviceConfig-version.cmake
[1.785s] -- Up-to-date: /home/bobo/ros2_ws/install/ros2cpp_tutorials_service/share/ros2cpp_tutorials_service/package.xml
[1.785s] Invoked command in '/home/bobo/ros2_ws/build/ros2cpp_tutorials_service' returned '0': CMAKE_PREFIX_PATH=${CMAKE_PREFIX_PATH}:/opt/ros/humble /usr/bin/cmake --install /home/bobo/ros2_ws/build/ros2cpp_tutorials_service
