[0.028s] Invoking command in '/home/bobo/ros2_ws/build/tug_stage_ros2': CMAKE_PREFIX_PATH=/home/bobo/ros2_ws/install/tug_msgs:/home/bobo/ros2_ws/install/tug_turtlebot4:/home/bobo/ros2_ws/install/tug_stage_ros2:/home/bobo/ros2_ws/install/tug_mr2:/home/bobo/ros2_ws/install/ros2cpp_tutorials_service:/home/bobo/ros2_ws/install/ros2cpp_tutorials_publisher_subscriber:/home/bobo/ros2_ws/install/ros2cpp_tutorials_parameter:/home/bobo/ros2_ws/install/ros2cpp_tutorials_action:/home/bobo/ros2_ws/install/Eigen3:/opt/ros/humble LD_LIBRARY_PATH=/home/bobo/ros2_ws/install/tug_msgs/lib:/home/bobo/stg/lib:/home/bobo/ros2_ws/install/ros2cpp_tutorials_service/lib:/home/bobo/ros2_ws/install/ros2cpp_tutorials_action/lib:/opt/ros/humble/opt/rviz_ogre_vendor/lib:/opt/ros/humble/lib/x86_64-linux-gnu:/opt/ros/humble/lib /usr/bin/cmake /home/bobo/ros2_ws/src/mr2_public/tug_stage_ros2 -DCMAKE_BUILD_TYPE=debug -DCMAKE_INSTALL_PREFIX=/home/bobo/ros2_ws/install/tug_stage_ros2
[0.044s] -- Found ament_cmake: 1.3.11 (/opt/ros/humble/share/ament_cmake/cmake)
[0.210s] -- Found rclcpp: 16.0.11 (/opt/ros/humble/share/rclcpp/cmake)
[0.264s] -- Found rosidl_generator_c: 3.1.6 (/opt/ros/humble/share/rosidl_generator_c/cmake)
[0.269s] -- Found rosidl_adapter: 3.1.6 (/opt/ros/humble/share/rosidl_adapter/cmake)
[0.281s] -- Found rosidl_generator_cpp: 3.1.6 (/opt/ros/humble/share/rosidl_generator_cpp/cmake)
[0.299s] -- Using all available rosidl_typesupport_c: rosidl_typesupport_fastrtps_c;rosidl_typesupport_introspection_c
[0.323s] -- Using all available rosidl_typesupport_cpp: rosidl_typesupport_fastrtps_cpp;rosidl_typesupport_introspection_cpp
[0.368s] -- Found rmw_implementation_cmake: 6.1.2 (/opt/ros/humble/share/rmw_implementation_cmake/cmake)
[0.370s] -- Found rmw_fastrtps_cpp: 6.2.7 (/opt/ros/humble/share/rmw_fastrtps_cpp/cmake)
[0.516s] -- Using RMW implementation 'rmw_fastrtps_cpp' as default
[0.628s] -- Found tf2: 0.25.9 (/opt/ros/humble/share/tf2/cmake)
[0.672s] -- Found tf2_ros: 0.25.9 (/opt/ros/humble/share/tf2_ros/cmake)
[0.793s] -- Found nav_msgs: 4.2.4 (/opt/ros/humble/share/nav_msgs/cmake)
[0.820s] -- Found sensor_msgs: 4.2.4 (/opt/ros/humble/share/sensor_msgs/cmake)
[0.856s] -- Found tf2_geometry_msgs: 0.25.9 (/opt/ros/humble/share/tf2_geometry_msgs/cmake)
[0.863s] -- Found eigen3_cmake_module: 0.1.1 (/opt/ros/humble/share/eigen3_cmake_module/cmake)
[0.866s] -- Ensuring Eigen3 include directory is part of orocos-kdl CMake target
[0.866s] -- Found tug_msgs: 0.0.0 (/home/bobo/ros2_ws/install/tug_msgs/share/tug_msgs/cmake)
[0.892s] -- Found ament_lint_auto: 0.12.11 (/opt/ros/humble/share/ament_lint_auto/cmake)
[1.039s] -- Added test 'cppcheck' to perform static code analysis on C / C++ code
[1.039s] -- Configured cppcheck include dirs: /home/bobo/ros2_ws/src/mr2_public/tug_stage_ros2/include/
[1.039s] -- Configured cppcheck exclude dirs and/or files: 
[1.040s] -- Added test 'lint_cmake' to check CMake code style
[1.047s] -- Added test 'uncrustify' to check C / C++ code style
[1.047s] -- Configured uncrustify additional arguments: 
[1.048s] -- Added test 'xmllint' to check XML markup files
[1.050s] -- Configuring done
[1.087s] -- Generating done
[1.100s] -- Build files have been written to: /home/bobo/ros2_ws/build/tug_stage_ros2
[1.118s] Invoked command in '/home/bobo/ros2_ws/build/tug_stage_ros2' returned '0': CMAKE_PREFIX_PATH=/home/bobo/ros2_ws/install/tug_msgs:/home/bobo/ros2_ws/install/tug_turtlebot4:/home/bobo/ros2_ws/install/tug_stage_ros2:/home/bobo/ros2_ws/install/tug_mr2:/home/bobo/ros2_ws/install/ros2cpp_tutorials_service:/home/bobo/ros2_ws/install/ros2cpp_tutorials_publisher_subscriber:/home/bobo/ros2_ws/install/ros2cpp_tutorials_parameter:/home/bobo/ros2_ws/install/ros2cpp_tutorials_action:/home/bobo/ros2_ws/install/Eigen3:/opt/ros/humble LD_LIBRARY_PATH=/home/bobo/ros2_ws/install/tug_msgs/lib:/home/bobo/stg/lib:/home/bobo/ros2_ws/install/ros2cpp_tutorials_service/lib:/home/bobo/ros2_ws/install/ros2cpp_tutorials_action/lib:/opt/ros/humble/opt/rviz_ogre_vendor/lib:/opt/ros/humble/lib/x86_64-linux-gnu:/opt/ros/humble/lib /usr/bin/cmake /home/bobo/ros2_ws/src/mr2_public/tug_stage_ros2 -DCMAKE_BUILD_TYPE=debug -DCMAKE_INSTALL_PREFIX=/home/bobo/ros2_ws/install/tug_stage_ros2
[1.121s] Invoking command in '/home/bobo/ros2_ws/build/tug_stage_ros2': CMAKE_PREFIX_PATH=/home/bobo/ros2_ws/install/tug_msgs:/home/bobo/ros2_ws/install/tug_turtlebot4:/home/bobo/ros2_ws/install/tug_stage_ros2:/home/bobo/ros2_ws/install/tug_mr2:/home/bobo/ros2_ws/install/ros2cpp_tutorials_service:/home/bobo/ros2_ws/install/ros2cpp_tutorials_publisher_subscriber:/home/bobo/ros2_ws/install/ros2cpp_tutorials_parameter:/home/bobo/ros2_ws/install/ros2cpp_tutorials_action:/home/bobo/ros2_ws/install/Eigen3:/opt/ros/humble LD_LIBRARY_PATH=/home/bobo/ros2_ws/install/tug_msgs/lib:/home/bobo/stg/lib:/home/bobo/ros2_ws/install/ros2cpp_tutorials_service/lib:/home/bobo/ros2_ws/install/ros2cpp_tutorials_action/lib:/opt/ros/humble/opt/rviz_ogre_vendor/lib:/opt/ros/humble/lib/x86_64-linux-gnu:/opt/ros/humble/lib /usr/bin/cmake --build /home/bobo/ros2_ws/build/tug_stage_ros2 -- -j8 -l8
[1.204s] [35m[1mConsolidate compiler generated dependencies of target tug_stage_ros2[0m
[1.247s] [ 33%] [32mBuilding CXX object CMakeFiles/tug_stage_ros2.dir/src/StageNode.cpp.o[0m
[1.247s] [ 66%] [32mBuilding CXX object CMakeFiles/tug_stage_ros2.dir/src/tug_stage_ros2.cpp.o[0m
[57.884s] [100%] [32m[1mLinking CXX executable tug_stage_ros2[0m
[59.423s] [100%] Built target tug_stage_ros2
[59.440s] Invoked command in '/home/bobo/ros2_ws/build/tug_stage_ros2' returned '0': CMAKE_PREFIX_PATH=/home/bobo/ros2_ws/install/tug_msgs:/home/bobo/ros2_ws/install/tug_turtlebot4:/home/bobo/ros2_ws/install/tug_stage_ros2:/home/bobo/ros2_ws/install/tug_mr2:/home/bobo/ros2_ws/install/ros2cpp_tutorials_service:/home/bobo/ros2_ws/install/ros2cpp_tutorials_publisher_subscriber:/home/bobo/ros2_ws/install/ros2cpp_tutorials_parameter:/home/bobo/ros2_ws/install/ros2cpp_tutorials_action:/home/bobo/ros2_ws/install/Eigen3:/opt/ros/humble LD_LIBRARY_PATH=/home/bobo/ros2_ws/install/tug_msgs/lib:/home/bobo/stg/lib:/home/bobo/ros2_ws/install/ros2cpp_tutorials_service/lib:/home/bobo/ros2_ws/install/ros2cpp_tutorials_action/lib:/opt/ros/humble/opt/rviz_ogre_vendor/lib:/opt/ros/humble/lib/x86_64-linux-gnu:/opt/ros/humble/lib /usr/bin/cmake --build /home/bobo/ros2_ws/build/tug_stage_ros2 -- -j8 -l8
[59.442s] Invoking command in '/home/bobo/ros2_ws/build/tug_stage_ros2': CMAKE_PREFIX_PATH=/home/bobo/ros2_ws/install/tug_msgs:/home/bobo/ros2_ws/install/tug_turtlebot4:/home/bobo/ros2_ws/install/tug_stage_ros2:/home/bobo/ros2_ws/install/tug_mr2:/home/bobo/ros2_ws/install/ros2cpp_tutorials_service:/home/bobo/ros2_ws/install/ros2cpp_tutorials_publisher_subscriber:/home/bobo/ros2_ws/install/ros2cpp_tutorials_parameter:/home/bobo/ros2_ws/install/ros2cpp_tutorials_action:/home/bobo/ros2_ws/install/Eigen3:/opt/ros/humble LD_LIBRARY_PATH=/home/bobo/ros2_ws/install/tug_msgs/lib:/home/bobo/stg/lib:/home/bobo/ros2_ws/install/ros2cpp_tutorials_service/lib:/home/bobo/ros2_ws/install/ros2cpp_tutorials_action/lib:/opt/ros/humble/opt/rviz_ogre_vendor/lib:/opt/ros/humble/lib/x86_64-linux-gnu:/opt/ros/humble/lib /usr/bin/cmake --install /home/bobo/ros2_ws/build/tug_stage_ros2
[59.452s] -- Install configuration: "debug"
[59.452s] -- Installing: /home/bobo/ros2_ws/install/tug_stage_ros2/lib/tug_stage_ros2/tug_stage_ros2
[59.496s] -- Set runtime path of "/home/bobo/ros2_ws/install/tug_stage_ros2/lib/tug_stage_ros2/tug_stage_ros2" to ""
[59.497s] -- Up-to-date: /home/bobo/ros2_ws/install/tug_stage_ros2/share/tug_stage_ros2/launch
[59.497s] -- Up-to-date: /home/bobo/ros2_ws/install/tug_stage_ros2/share/tug_stage_ros2/launch/kinematic_launch.xml
[59.497s] -- Up-to-date: /home/bobo/ros2_ws/install/tug_stage_ros2/share/tug_stage_ros2/launch/transform_launch.xml
[59.497s] -- Up-to-date: /home/bobo/ros2_ws/install/tug_stage_ros2/share/tug_stage_ros2/rviz
[59.498s] -- Up-to-date: /home/bobo/ros2_ws/install/tug_stage_ros2/share/tug_stage_ros2/rviz/transform.rviz
[59.498s] -- Up-to-date: /home/bobo/ros2_ws/install/tug_stage_ros2/share/tug_stage_ros2/rviz/kinematic.rviz
[59.498s] -- Up-to-date: /home/bobo/ros2_ws/install/tug_stage_ros2/share/tug_stage_ros2/worlds
[59.498s] -- Up-to-date: /home/bobo/ros2_ws/install/tug_stage_ros2/share/tug_stage_ros2/worlds/kinematic.pgm
[59.498s] -- Up-to-date: /home/bobo/ros2_ws/install/tug_stage_ros2/share/tug_stage_ros2/worlds/transform.pgm
[59.499s] -- Up-to-date: /home/bobo/ros2_ws/install/tug_stage_ros2/share/tug_stage_ros2/worlds/kinematic.world
[59.499s] -- Up-to-date: /home/bobo/ros2_ws/install/tug_stage_ros2/share/tug_stage_ros2/worlds/transform.world
[59.499s] -- Up-to-date: /home/bobo/ros2_ws/install/tug_stage_ros2/share/ament_index/resource_index/package_run_dependencies/tug_stage_ros2
[59.499s] -- Up-to-date: /home/bobo/ros2_ws/install/tug_stage_ros2/share/ament_index/resource_index/parent_prefix_path/tug_stage_ros2
[59.499s] -- Up-to-date: /home/bobo/ros2_ws/install/tug_stage_ros2/share/tug_stage_ros2/environment/ament_prefix_path.sh
[59.500s] -- Installing: /home/bobo/ros2_ws/install/tug_stage_ros2/share/tug_stage_ros2/environment/ament_prefix_path.dsv
[59.500s] -- Up-to-date: /home/bobo/ros2_ws/install/tug_stage_ros2/share/tug_stage_ros2/environment/path.sh
[59.500s] -- Installing: /home/bobo/ros2_ws/install/tug_stage_ros2/share/tug_stage_ros2/environment/path.dsv
[59.500s] -- Up-to-date: /home/bobo/ros2_ws/install/tug_stage_ros2/share/tug_stage_ros2/local_setup.bash
[59.500s] -- Up-to-date: /home/bobo/ros2_ws/install/tug_stage_ros2/share/tug_stage_ros2/local_setup.sh
[59.500s] -- Up-to-date: /home/bobo/ros2_ws/install/tug_stage_ros2/share/tug_stage_ros2/local_setup.zsh
[59.500s] -- Installing: /home/bobo/ros2_ws/install/tug_stage_ros2/share/tug_stage_ros2/local_setup.dsv
[59.501s] -- Installing: /home/bobo/ros2_ws/install/tug_stage_ros2/share/tug_stage_ros2/package.dsv
[59.501s] -- Up-to-date: /home/bobo/ros2_ws/install/tug_stage_ros2/share/ament_index/resource_index/packages/tug_stage_ros2
[59.501s] -- Up-to-date: /home/bobo/ros2_ws/install/tug_stage_ros2/share/tug_stage_ros2/cmake/tug_stage_ros2Config.cmake
[59.501s] -- Up-to-date: /home/bobo/ros2_ws/install/tug_stage_ros2/share/tug_stage_ros2/cmake/tug_stage_ros2Config-version.cmake
[59.501s] -- Up-to-date: /home/bobo/ros2_ws/install/tug_stage_ros2/share/tug_stage_ros2/package.xml
[59.503s] Invoked command in '/home/bobo/ros2_ws/build/tug_stage_ros2' returned '0': CMAKE_PREFIX_PATH=/home/bobo/ros2_ws/install/tug_msgs:/home/bobo/ros2_ws/install/tug_turtlebot4:/home/bobo/ros2_ws/install/tug_stage_ros2:/home/bobo/ros2_ws/install/tug_mr2:/home/bobo/ros2_ws/install/ros2cpp_tutorials_service:/home/bobo/ros2_ws/install/ros2cpp_tutorials_publisher_subscriber:/home/bobo/ros2_ws/install/ros2cpp_tutorials_parameter:/home/bobo/ros2_ws/install/ros2cpp_tutorials_action:/home/bobo/ros2_ws/install/Eigen3:/opt/ros/humble LD_LIBRARY_PATH=/home/bobo/ros2_ws/install/tug_msgs/lib:/home/bobo/stg/lib:/home/bobo/ros2_ws/install/ros2cpp_tutorials_service/lib:/home/bobo/ros2_ws/install/ros2cpp_tutorials_action/lib:/opt/ros/humble/opt/rviz_ogre_vendor/lib:/opt/ros/humble/lib/x86_64-linux-gnu:/opt/ros/humble/lib /usr/bin/cmake --install /home/bobo/ros2_ws/build/tug_stage_ros2
