[0.051s] Invoking command in '/home/bobo/ros2_ws/build/ros2cpp_tutorials_parameter': CMAKE_PREFIX_PATH=${CMAKE_PREFIX_PATH}:/opt/ros/humble /usr/bin/cmake --build /home/bobo/ros2_ws/build/ros2cpp_tutorials_parameter -- -j8 -l8
[0.201s] [100%] Built target parameter
[0.221s] Invoked command in '/home/bobo/ros2_ws/build/ros2cpp_tutorials_parameter' returned '0': CMAKE_PREFIX_PATH=${CMAKE_PREFIX_PATH}:/opt/ros/humble /usr/bin/cmake --build /home/bobo/ros2_ws/build/ros2cpp_tutorials_parameter -- -j8 -l8
[0.301s] Invoking command in '/home/bobo/ros2_ws/build/ros2cpp_tutorials_parameter': CMAKE_PREFIX_PATH=${CMAKE_PREFIX_PATH}:/opt/ros/humble /usr/bin/cmake --install /home/bobo/ros2_ws/build/ros2cpp_tutorials_parameter
[0.321s] -- Install configuration: ""
[0.323s] -- Up-to-date: /home/bobo/ros2_ws/install/ros2cpp_tutorials_parameter/lib/ros2cpp_tutorials_parameter/parameter
[0.323s] -- Up-to-date: /home/bobo/ros2_ws/install/ros2cpp_tutorials_parameter/share/ros2cpp_tutorials_parameter
[0.323s] -- Up-to-date: /home/bobo/ros2_ws/install/ros2cpp_tutorials_parameter/share/ros2cpp_tutorials_parameter/config.yml
[0.324s] -- Up-to-date: /home/bobo/ros2_ws/install/ros2cpp_tutorials_parameter/share/ros2cpp_tutorials_parameter
[0.324s] -- Up-to-date: /home/bobo/ros2_ws/install/ros2cpp_tutorials_parameter/share/ros2cpp_tutorials_parameter/config_launch.xml
[0.324s] -- Up-to-date: /home/bobo/ros2_ws/install/ros2cpp_tutorials_parameter/share/ros2cpp_tutorials_parameter/parameter_launch.xml
[0.325s] -- Up-to-date: /home/bobo/ros2_ws/install/ros2cpp_tutorials_parameter/share/ament_index/resource_index/package_run_dependencies/ros2cpp_tutorials_parameter
[0.325s] -- Up-to-date: /home/bobo/ros2_ws/install/ros2cpp_tutorials_parameter/share/ament_index/resource_index/parent_prefix_path/ros2cpp_tutorials_parameter
[0.325s] -- Up-to-date: /home/bobo/ros2_ws/install/ros2cpp_tutorials_parameter/share/ros2cpp_tutorials_parameter/environment/ament_prefix_path.sh
[0.326s] -- Up-to-date: /home/bobo/ros2_ws/install/ros2cpp_tutorials_parameter/share/ros2cpp_tutorials_parameter/environment/ament_prefix_path.dsv
[0.326s] -- Up-to-date: /home/bobo/ros2_ws/install/ros2cpp_tutorials_parameter/share/ros2cpp_tutorials_parameter/environment/path.sh
[0.326s] -- Up-to-date: /home/bobo/ros2_ws/install/ros2cpp_tutorials_parameter/share/ros2cpp_tutorials_parameter/environment/path.dsv
[0.326s] -- Up-to-date: /home/bobo/ros2_ws/install/ros2cpp_tutorials_parameter/share/ros2cpp_tutorials_parameter/local_setup.bash
[0.326s] -- Up-to-date: /home/bobo/ros2_ws/install/ros2cpp_tutorials_parameter/share/ros2cpp_tutorials_parameter/local_setup.sh
[0.327s] -- Up-to-date: /home/bobo/ros2_ws/install/ros2cpp_tutorials_parameter/share/ros2cpp_tutorials_parameter/local_setup.zsh
[0.327s] -- Up-to-date: /home/bobo/ros2_ws/install/ros2cpp_tutorials_parameter/share/ros2cpp_tutorials_parameter/local_setup.dsv
[0.327s] -- Installing: /home/bobo/ros2_ws/install/ros2cpp_tutorials_parameter/share/ros2cpp_tutorials_parameter/package.dsv
[0.327s] -- Up-to-date: /home/bobo/ros2_ws/install/ros2cpp_tutorials_parameter/share/ament_index/resource_index/packages/ros2cpp_tutorials_parameter
[0.328s] -- Up-to-date: /home/bobo/ros2_ws/install/ros2cpp_tutorials_parameter/share/ros2cpp_tutorials_parameter/cmake/ros2cpp_tutorials_parameterConfig.cmake
[0.328s] -- Up-to-date: /home/bobo/ros2_ws/install/ros2cpp_tutorials_parameter/share/ros2cpp_tutorials_parameter/cmake/ros2cpp_tutorials_parameterConfig-version.cmake
[0.328s] -- Up-to-date: /home/bobo/ros2_ws/install/ros2cpp_tutorials_parameter/share/ros2cpp_tutorials_parameter/package.xml
[0.332s] Invoked command in '/home/bobo/ros2_ws/build/ros2cpp_tutorials_parameter' returned '0': CMAKE_PREFIX_PATH=${CMAKE_PREFIX_PATH}:/opt/ros/humble /usr/bin/cmake --install /home/bobo/ros2_ws/build/ros2cpp_tutorials_parameter
