[0.052s] Invoking command in '/home/bobo/ros2_ws/build/tug_msgs': CMAKE_PREFIX_PATH=${CMAKE_PREFIX_PATH}:/opt/ros/humble /usr/bin/cmake /home/bobo/ros2_ws/src/mr2_public/tug_msgs -DCMAKE_INSTALL_PREFIX=/home/bobo/ros2_ws/install/tug_msgs
[0.204s] -- The C compiler identification is GNU 11.4.0
[0.352s] -- The CXX compiler identification is GNU 11.4.0
[0.370s] -- Detecting C compiler ABI info
[0.550s] -- Detecting C compiler ABI info - done
[0.578s] -- Check for working C compiler: /usr/bin/cc - skipped
[0.581s] -- Detecting C compile features
[0.581s] -- Detecting C compile features - done
[0.588s] -- Detecting CXX compiler ABI info
[0.797s] -- Detecting CXX compiler ABI info - done
[0.834s] -- Check for working CXX compiler: /usr/bin/c++ - skipped
[0.834s] -- Detecting CXX compile features
[0.834s] -- Detecting CXX compile features - done
[0.839s] -- Found ament_cmake: 1.3.10 (/opt/ros/humble/share/ament_cmake/cmake)
[1.212s] -- Found Python3: /usr/bin/python3 (found version "3.10.12") found components: Interpreter 
[1.461s] -- Found rosidl_default_generators: 1.2.0 (/opt/ros/humble/share/rosidl_default_generators/cmake)
[1.471s] -- Using all available rosidl_typesupport_c: rosidl_typesupport_fastrtps_c;rosidl_typesupport_introspection_c
[1.491s] -- Found rosidl_adapter: 3.1.5 (/opt/ros/humble/share/rosidl_adapter/cmake)
[1.618s] -- Using all available rosidl_typesupport_cpp: rosidl_typesupport_fastrtps_cpp;rosidl_typesupport_introspection_cpp
[2.435s] -- Found ament_cmake_ros: 0.10.0 (/opt/ros/humble/share/ament_cmake_ros/cmake)
[2.904s] -- Using all available rosidl_typesupport_c: rosidl_typesupport_fastrtps_c;rosidl_typesupport_introspection_c
[3.560s] -- Using all available rosidl_typesupport_cpp: rosidl_typesupport_fastrtps_cpp;rosidl_typesupport_introspection_cpp
[3.617s] -- Found PythonInterp: /usr/bin/python3 (found suitable version "3.10.12", minimum required is "3.6") 
[3.623s] -- Found python_cmake_module: 0.10.0 (/opt/ros/humble/share/python_cmake_module/cmake)
[3.711s] -- Found PythonLibs: /usr/lib/x86_64-linux-gnu/libpython3.10.so (found suitable version "3.10.12", minimum required is "3.5") 
[3.713s] -- Using PYTHON_EXECUTABLE: /usr/bin/python3
[3.713s] -- Using PYTHON_INCLUDE_DIRS: /usr/include/python3.10
[3.713s] -- Using PYTHON_LIBRARIES: /usr/lib/x86_64-linux-gnu/libpython3.10.so
[3.776s] -- Found PythonExtra: .so  
[3.876s] -- Found ament_lint_auto: 0.12.11 (/opt/ros/humble/share/ament_lint_auto/cmake)
[3.927s] -- Added test 'lint_cmake' to check CMake code style
[3.928s] -- Added test 'xmllint' to check XML markup files
[3.940s] -- Configuring done
[4.036s] -- Generating done
[4.044s] -- Build files have been written to: /home/bobo/ros2_ws/build/tug_msgs
[4.060s] Invoked command in '/home/bobo/ros2_ws/build/tug_msgs' returned '0': CMAKE_PREFIX_PATH=${CMAKE_PREFIX_PATH}:/opt/ros/humble /usr/bin/cmake /home/bobo/ros2_ws/src/mr2_public/tug_msgs -DCMAKE_INSTALL_PREFIX=/home/bobo/ros2_ws/install/tug_msgs
[4.063s] Invoking command in '/home/bobo/ros2_ws/build/tug_msgs': CMAKE_PREFIX_PATH=${CMAKE_PREFIX_PATH}:/opt/ros/humble /usr/bin/cmake --build /home/bobo/ros2_ws/build/tug_msgs -- -j8 -l8
[4.181s] [  1%] [34m[1mGenerating C code for ROS interfaces[0m
[4.218s] [  3%] [34m[1mGenerating C++ code for ROS interfaces[0m
[4.254s] [  3%] Built target ament_cmake_python_copy_tug_msgs
[5.165s] running egg_info
[5.167s] creating tug_msgs.egg-info
[5.168s] writing tug_msgs.egg-info/PKG-INFO
[5.168s] writing dependency_links to tug_msgs.egg-info/dependency_links.txt
[5.169s] writing top-level names to tug_msgs.egg-info/top_level.txt
[5.169s] writing manifest file 'tug_msgs.egg-info/SOURCES.txt'
[5.175s] reading manifest file 'tug_msgs.egg-info/SOURCES.txt'
[5.177s] writing manifest file 'tug_msgs.egg-info/SOURCES.txt'
[5.244s] [  3%] Built target ament_cmake_python_build_tug_msgs_egg
[5.768s] [  3%] Built target tug_msgs__cpp
[5.812s] [  5%] [34m[1mGenerating C++ introspection for ROS interfaces[0m
[5.819s] [  7%] [34m[1mGenerating C++ type support for eProsima Fast-RTPS[0m
[5.819s] [  9%] [34m[1mGenerating C++ type support dispatch for ROS interfaces[0m
[6.435s] [ 10%] [32mBuilding C object CMakeFiles/tug_msgs__rosidl_generator_c.dir/rosidl_generator_c/tug_msgs/msg/detail/bicycle__functions.c.o[0m
[6.451s] [ 12%] [32mBuilding C object CMakeFiles/tug_msgs__rosidl_generator_c.dir/rosidl_generator_c/tug_msgs/msg/detail/robot_pose__functions.c.o[0m
[6.471s] [ 14%] [32mBuilding C object CMakeFiles/tug_msgs__rosidl_generator_c.dir/rosidl_generator_c/tug_msgs/msg/detail/movement__functions.c.o[0m
[6.479s] [ 16%] [32mBuilding C object CMakeFiles/tug_msgs__rosidl_generator_c.dir/rosidl_generator_c/tug_msgs/msg/detail/wheel_encoder__functions.c.o[0m
[7.130s] [ 18%] [32m[1mLinking C shared library libtug_msgs__rosidl_generator_c.so[0m
[7.428s] [ 18%] Built target tug_msgs__rosidl_generator_c
[7.504s] [ 20%] [34m[1mGenerating C type support for eProsima Fast-RTPS[0m
[7.532s] [ 21%] [34m[1mGenerating C type support dispatch for ROS interfaces[0m
[7.532s] [ 23%] [34m[1mGenerating C introspection for ROS interfaces[0m
[7.967s] [ 25%] [32mBuilding CXX object CMakeFiles/tug_msgs__rosidl_typesupport_cpp.dir/rosidl_typesupport_cpp/tug_msgs/msg/movement__type_support.cpp.o[0m
[7.977s] [ 27%] [32mBuilding CXX object CMakeFiles/tug_msgs__rosidl_typesupport_cpp.dir/rosidl_typesupport_cpp/tug_msgs/msg/robot_pose__type_support.cpp.o[0m
[8.002s] [ 29%] [32mBuilding CXX object CMakeFiles/tug_msgs__rosidl_typesupport_cpp.dir/rosidl_typesupport_cpp/tug_msgs/msg/bicycle__type_support.cpp.o[0m
[9.749s] [ 30%] [32mBuilding CXX object CMakeFiles/tug_msgs__rosidl_typesupport_fastrtps_cpp.dir/rosidl_typesupport_fastrtps_cpp/tug_msgs/msg/detail/dds_fastrtps/bicycle__type_support.cpp.o[0m
[9.802s] [ 32%] [32mBuilding CXX object CMakeFiles/tug_msgs__rosidl_typesupport_cpp.dir/rosidl_typesupport_cpp/tug_msgs/msg/wheel_encoder__type_support.cpp.o[0m
[10.083s] [ 34%] [32mBuilding CXX object CMakeFiles/tug_msgs__rosidl_typesupport_introspection_cpp.dir/rosidl_typesupport_introspection_cpp/tug_msgs/msg/detail/bicycle__type_support.cpp.o[0m
[10.688s] [ 36%] [32mBuilding CXX object CMakeFiles/tug_msgs__rosidl_typesupport_introspection_cpp.dir/rosidl_typesupport_introspection_cpp/tug_msgs/msg/detail/movement__type_support.cpp.o[0m
[10.743s] [ 38%] [32mBuilding CXX object CMakeFiles/tug_msgs__rosidl_typesupport_fastrtps_cpp.dir/rosidl_typesupport_fastrtps_cpp/tug_msgs/msg/detail/dds_fastrtps/movement__type_support.cpp.o[0m
[10.766s] [ 40%] [32mBuilding CXX object CMakeFiles/tug_msgs__rosidl_typesupport_c.dir/rosidl_typesupport_c/tug_msgs/msg/bicycle__type_support.cpp.o[0m
[10.870s] [ 41%] [32mBuilding CXX object CMakeFiles/tug_msgs__rosidl_typesupport_fastrtps_c.dir/rosidl_typesupport_fastrtps_c/tug_msgs/msg/detail/bicycle__type_support_c.cpp.o[0m
[11.075s] [ 43%] [32mBuilding CXX object CMakeFiles/tug_msgs__rosidl_typesupport_c.dir/rosidl_typesupport_c/tug_msgs/msg/movement__type_support.cpp.o[0m
[11.390s] [ 45%] [32mBuilding CXX object CMakeFiles/tug_msgs__rosidl_typesupport_c.dir/rosidl_typesupport_c/tug_msgs/msg/robot_pose__type_support.cpp.o[0m
[11.593s] [ 47%] [32mBuilding C object CMakeFiles/tug_msgs__rosidl_typesupport_introspection_c.dir/rosidl_typesupport_introspection_c/tug_msgs/msg/detail/bicycle__type_support.c.o[0m
[11.666s] [ 49%] [32mBuilding CXX object CMakeFiles/tug_msgs__rosidl_typesupport_c.dir/rosidl_typesupport_c/tug_msgs/msg/wheel_encoder__type_support.cpp.o[0m
[11.930s] [ 50%] [32m[1mLinking CXX shared library libtug_msgs__rosidl_typesupport_c.so[0m
[11.953s] [ 52%] [32mBuilding C object CMakeFiles/tug_msgs__rosidl_typesupport_introspection_c.dir/rosidl_typesupport_introspection_c/tug_msgs/msg/detail/movement__type_support.c.o[0m
[12.011s] [ 54%] [32mBuilding CXX object CMakeFiles/tug_msgs__rosidl_typesupport_fastrtps_cpp.dir/rosidl_typesupport_fastrtps_cpp/tug_msgs/msg/detail/dds_fastrtps/robot_pose__type_support.cpp.o[0m
[12.125s] [ 56%] [32mBuilding C object CMakeFiles/tug_msgs__rosidl_typesupport_introspection_c.dir/rosidl_typesupport_introspection_c/tug_msgs/msg/detail/robot_pose__type_support.c.o[0m
[12.399s] [ 56%] Built target tug_msgs__rosidl_typesupport_c
[12.400s] [ 58%] [32mBuilding C object CMakeFiles/tug_msgs__rosidl_typesupport_introspection_c.dir/rosidl_typesupport_introspection_c/tug_msgs/msg/detail/wheel_encoder__type_support.c.o[0m
[12.449s] [ 60%] [32mBuilding CXX object CMakeFiles/tug_msgs__rosidl_typesupport_fastrtps_c.dir/rosidl_typesupport_fastrtps_c/tug_msgs/msg/detail/movement__type_support_c.cpp.o[0m
[12.748s] [ 61%] [32m[1mLinking C shared library libtug_msgs__rosidl_typesupport_introspection_c.so[0m
[12.829s] [ 63%] [32m[1mLinking CXX shared library libtug_msgs__rosidl_typesupport_cpp.so[0m
[12.964s] [ 63%] Built target tug_msgs__rosidl_typesupport_introspection_c
[13.020s] [ 65%] [32mBuilding CXX object CMakeFiles/tug_msgs__rosidl_typesupport_introspection_cpp.dir/rosidl_typesupport_introspection_cpp/tug_msgs/msg/detail/robot_pose__type_support.cpp.o[0m
[13.088s] [ 65%] Built target tug_msgs__rosidl_typesupport_cpp
[13.121s] [ 67%] [32mBuilding CXX object CMakeFiles/tug_msgs__rosidl_typesupport_introspection_cpp.dir/rosidl_typesupport_introspection_cpp/tug_msgs/msg/detail/wheel_encoder__type_support.cpp.o[0m
[13.152s] [ 69%] [32mBuilding CXX object CMakeFiles/tug_msgs__rosidl_typesupport_fastrtps_cpp.dir/rosidl_typesupport_fastrtps_cpp/tug_msgs/msg/detail/dds_fastrtps/wheel_encoder__type_support.cpp.o[0m
[14.265s] [ 70%] [32mBuilding CXX object CMakeFiles/tug_msgs__rosidl_typesupport_fastrtps_c.dir/rosidl_typesupport_fastrtps_c/tug_msgs/msg/detail/wheel_encoder__type_support_c.cpp.o[0m
[14.415s] [ 72%] [32m[1mLinking CXX shared library libtug_msgs__rosidl_typesupport_fastrtps_cpp.so[0m
[14.727s] [ 72%] Built target tug_msgs__rosidl_typesupport_fastrtps_cpp
[15.310s] [ 74%] [32m[1mLinking CXX shared library libtug_msgs__rosidl_typesupport_introspection_cpp.so[0m
[15.483s] [ 74%] Built target tug_msgs__rosidl_typesupport_introspection_cpp
[15.490s] [ 76%] [32mBuilding CXX object CMakeFiles/tug_msgs__rosidl_typesupport_fastrtps_c.dir/rosidl_typesupport_fastrtps_c/tug_msgs/msg/detail/robot_pose__type_support_c.cpp.o[0m
[16.456s] [ 78%] [32m[1mLinking CXX shared library libtug_msgs__rosidl_typesupport_fastrtps_c.so[0m
[16.673s] [ 78%] Built target tug_msgs__rosidl_typesupport_fastrtps_c
[16.725s] [ 78%] Built target tug_msgs
[16.780s] [ 80%] [34m[1mGenerating Python code for ROS interfaces[0m
[18.743s] [ 80%] Built target tug_msgs__py
[18.808s] [ 81%] [32mBuilding C object CMakeFiles/tug_msgs__rosidl_generator_py.dir/rosidl_generator_py/tug_msgs/msg/_bicycle_s.c.o[0m
[19.176s] [ 83%] [32mBuilding C object CMakeFiles/tug_msgs__rosidl_generator_py.dir/rosidl_generator_py/tug_msgs/msg/_wheel_encoder_s.c.o[0m
[19.432s] [ 85%] [32mBuilding C object CMakeFiles/tug_msgs__rosidl_generator_py.dir/rosidl_generator_py/tug_msgs/msg/_robot_pose_s.c.o[0m
[19.656s] [ 87%] [32mBuilding C object CMakeFiles/tug_msgs__rosidl_generator_py.dir/rosidl_generator_py/tug_msgs/msg/_movement_s.c.o[0m
[19.872s] [ 89%] [32m[1mLinking C shared library rosidl_generator_py/tug_msgs/libtug_msgs__rosidl_generator_py.so[0m
[19.960s] [ 89%] Built target tug_msgs__rosidl_generator_py
[19.998s] [ 90%] [32mBuilding C object CMakeFiles/tug_msgs__rosidl_typesupport_fastrtps_c__pyext.dir/rosidl_generator_py/tug_msgs/_tug_msgs_s.ep.rosidl_typesupport_fastrtps_c.c.o[0m
[20.225s] [ 92%] [32m[1mLinking C shared library rosidl_generator_py/tug_msgs/tug_msgs_s__rosidl_typesupport_fastrtps_c.cpython-310-x86_64-linux-gnu.so[0m
[20.315s] [ 92%] Built target tug_msgs__rosidl_typesupport_fastrtps_c__pyext
[20.365s] [ 94%] [32mBuilding C object CMakeFiles/tug_msgs__rosidl_typesupport_c__pyext.dir/rosidl_generator_py/tug_msgs/_tug_msgs_s.ep.rosidl_typesupport_c.c.o[0m
[20.657s] [ 96%] [32m[1mLinking C shared library rosidl_generator_py/tug_msgs/tug_msgs_s__rosidl_typesupport_c.cpython-310-x86_64-linux-gnu.so[0m
[20.745s] [ 96%] Built target tug_msgs__rosidl_typesupport_c__pyext
[20.797s] [ 98%] [32mBuilding C object CMakeFiles/tug_msgs__rosidl_typesupport_introspection_c__pyext.dir/rosidl_generator_py/tug_msgs/_tug_msgs_s.ep.rosidl_typesupport_introspection_c.c.o[0m
[21.137s] [100%] [32m[1mLinking C shared library rosidl_generator_py/tug_msgs/tug_msgs_s__rosidl_typesupport_introspection_c.cpython-310-x86_64-linux-gnu.so[0m
[21.230s] [100%] Built target tug_msgs__rosidl_typesupport_introspection_c__pyext
[21.287s] Invoked command in '/home/bobo/ros2_ws/build/tug_msgs' returned '0': CMAKE_PREFIX_PATH=${CMAKE_PREFIX_PATH}:/opt/ros/humble /usr/bin/cmake --build /home/bobo/ros2_ws/build/tug_msgs -- -j8 -l8
[21.985s] Invoking command in '/home/bobo/ros2_ws/build/tug_msgs': CMAKE_PREFIX_PATH=${CMAKE_PREFIX_PATH}:/opt/ros/humble /usr/bin/cmake --install /home/bobo/ros2_ws/build/tug_msgs
[22.037s] -- Install configuration: ""
[22.043s] -- Installing: /home/bobo/ros2_ws/install/tug_msgs/share/ament_index/resource_index/rosidl_interfaces/tug_msgs
[22.047s] -- Installing: /home/bobo/ros2_ws/install/tug_msgs/include/tug_msgs/tug_msgs
[22.048s] -- Installing: /home/bobo/ros2_ws/install/tug_msgs/include/tug_msgs/tug_msgs/msg
[22.050s] -- Installing: /home/bobo/ros2_ws/install/tug_msgs/include/tug_msgs/tug_msgs/msg/detail
[22.051s] -- Installing: /home/bobo/ros2_ws/install/tug_msgs/include/tug_msgs/tug_msgs/msg/detail/wheel_encoder__functions.c
[22.052s] -- Installing: /home/bobo/ros2_ws/install/tug_msgs/include/tug_msgs/tug_msgs/msg/detail/robot_pose__type_support.h
[22.054s] -- Installing: /home/bobo/ros2_ws/install/tug_msgs/include/tug_msgs/tug_msgs/msg/detail/bicycle__functions.h
[22.054s] -- Installing: /home/bobo/ros2_ws/install/tug_msgs/include/tug_msgs/tug_msgs/msg/detail/movement__struct.h
[22.056s] -- Installing: /home/bobo/ros2_ws/install/tug_msgs/include/tug_msgs/tug_msgs/msg/detail/bicycle__type_support.h
[22.056s] -- Installing: /home/bobo/ros2_ws/install/tug_msgs/include/tug_msgs/tug_msgs/msg/detail/robot_pose__functions.h
[22.057s] -- Installing: /home/bobo/ros2_ws/install/tug_msgs/include/tug_msgs/tug_msgs/msg/detail/bicycle__functions.c
[22.058s] -- Installing: /home/bobo/ros2_ws/install/tug_msgs/include/tug_msgs/tug_msgs/msg/detail/robot_pose__functions.c
[22.058s] -- Installing: /home/bobo/ros2_ws/install/tug_msgs/include/tug_msgs/tug_msgs/msg/detail/movement__type_support.h
[22.059s] -- Installing: /home/bobo/ros2_ws/install/tug_msgs/include/tug_msgs/tug_msgs/msg/detail/wheel_encoder__type_support.h
[22.060s] -- Installing: /home/bobo/ros2_ws/install/tug_msgs/include/tug_msgs/tug_msgs/msg/detail/bicycle__struct.h
[22.061s] -- Installing: /home/bobo/ros2_ws/install/tug_msgs/include/tug_msgs/tug_msgs/msg/detail/movement__functions.h
[22.062s] -- Installing: /home/bobo/ros2_ws/install/tug_msgs/include/tug_msgs/tug_msgs/msg/detail/wheel_encoder__struct.h
[22.063s] -- Installing: /home/bobo/ros2_ws/install/tug_msgs/include/tug_msgs/tug_msgs/msg/detail/robot_pose__struct.h
[22.063s] -- Installing: /home/bobo/ros2_ws/install/tug_msgs/include/tug_msgs/tug_msgs/msg/detail/movement__functions.c
[22.064s] -- Installing: /home/bobo/ros2_ws/install/tug_msgs/include/tug_msgs/tug_msgs/msg/detail/wheel_encoder__functions.h
[22.065s] -- Installing: /home/bobo/ros2_ws/install/tug_msgs/include/tug_msgs/tug_msgs/msg/rosidl_generator_c__visibility_control.h
[22.065s] -- Installing: /home/bobo/ros2_ws/install/tug_msgs/include/tug_msgs/tug_msgs/msg/movement.h
[22.066s] -- Installing: /home/bobo/ros2_ws/install/tug_msgs/include/tug_msgs/tug_msgs/msg/wheel_encoder.h
[22.066s] -- Installing: /home/bobo/ros2_ws/install/tug_msgs/include/tug_msgs/tug_msgs/msg/robot_pose.h
[22.068s] -- Installing: /home/bobo/ros2_ws/install/tug_msgs/include/tug_msgs/tug_msgs/msg/bicycle.h
[22.068s] -- Installing: /home/bobo/ros2_ws/install/tug_msgs/share/tug_msgs/environment/library_path.sh
[22.069s] -- Installing: /home/bobo/ros2_ws/install/tug_msgs/share/tug_msgs/environment/library_path.dsv
[22.071s] -- Installing: /home/bobo/ros2_ws/install/tug_msgs/lib/libtug_msgs__rosidl_generator_c.so
[22.072s] -- Set runtime path of "/home/bobo/ros2_ws/install/tug_msgs/lib/libtug_msgs__rosidl_generator_c.so" to ""
[22.073s] -- Up-to-date: /home/bobo/ros2_ws/install/tug_msgs/include/tug_msgs/tug_msgs
[22.074s] -- Up-to-date: /home/bobo/ros2_ws/install/tug_msgs/include/tug_msgs/tug_msgs/msg
[22.074s] -- Installing: /home/bobo/ros2_ws/install/tug_msgs/include/tug_msgs/tug_msgs/msg/rosidl_typesupport_fastrtps_c__visibility_control.h
[22.075s] -- Up-to-date: /home/bobo/ros2_ws/install/tug_msgs/include/tug_msgs/tug_msgs/msg/detail
[22.076s] -- Installing: /home/bobo/ros2_ws/install/tug_msgs/include/tug_msgs/tug_msgs/msg/detail/wheel_encoder__rosidl_typesupport_fastrtps_c.h
[22.076s] -- Installing: /home/bobo/ros2_ws/install/tug_msgs/include/tug_msgs/tug_msgs/msg/detail/movement__rosidl_typesupport_fastrtps_c.h
[22.077s] -- Installing: /home/bobo/ros2_ws/install/tug_msgs/include/tug_msgs/tug_msgs/msg/detail/robot_pose__rosidl_typesupport_fastrtps_c.h
[22.077s] -- Installing: /home/bobo/ros2_ws/install/tug_msgs/include/tug_msgs/tug_msgs/msg/detail/bicycle__rosidl_typesupport_fastrtps_c.h
[22.078s] -- Installing: /home/bobo/ros2_ws/install/tug_msgs/lib/libtug_msgs__rosidl_typesupport_fastrtps_c.so
[22.079s] -- Set runtime path of "/home/bobo/ros2_ws/install/tug_msgs/lib/libtug_msgs__rosidl_typesupport_fastrtps_c.so" to ""
[22.081s] -- Up-to-date: /home/bobo/ros2_ws/install/tug_msgs/include/tug_msgs/tug_msgs
[22.082s] -- Up-to-date: /home/bobo/ros2_ws/install/tug_msgs/include/tug_msgs/tug_msgs/msg
[22.082s] -- Up-to-date: /home/bobo/ros2_ws/install/tug_msgs/include/tug_msgs/tug_msgs/msg/detail
[22.083s] -- Installing: /home/bobo/ros2_ws/install/tug_msgs/include/tug_msgs/tug_msgs/msg/detail/robot_pose__rosidl_typesupport_introspection_c.h
[22.083s] -- Installing: /home/bobo/ros2_ws/install/tug_msgs/include/tug_msgs/tug_msgs/msg/detail/bicycle__rosidl_typesupport_introspection_c.h
[22.084s] -- Installing: /home/bobo/ros2_ws/install/tug_msgs/include/tug_msgs/tug_msgs/msg/detail/wheel_encoder__rosidl_typesupport_introspection_c.h
[22.085s] -- Installing: /home/bobo/ros2_ws/install/tug_msgs/include/tug_msgs/tug_msgs/msg/detail/movement__rosidl_typesupport_introspection_c.h
[22.085s] -- Installing: /home/bobo/ros2_ws/install/tug_msgs/include/tug_msgs/tug_msgs/msg/detail/movement__type_support.c
[22.086s] -- Installing: /home/bobo/ros2_ws/install/tug_msgs/include/tug_msgs/tug_msgs/msg/detail/bicycle__type_support.c
[22.087s] -- Installing: /home/bobo/ros2_ws/install/tug_msgs/include/tug_msgs/tug_msgs/msg/detail/robot_pose__type_support.c
[22.088s] -- Installing: /home/bobo/ros2_ws/install/tug_msgs/include/tug_msgs/tug_msgs/msg/detail/wheel_encoder__type_support.c
[22.089s] -- Installing: /home/bobo/ros2_ws/install/tug_msgs/include/tug_msgs/tug_msgs/msg/rosidl_typesupport_introspection_c__visibility_control.h
[22.090s] -- Installing: /home/bobo/ros2_ws/install/tug_msgs/lib/libtug_msgs__rosidl_typesupport_introspection_c.so
[22.092s] -- Set runtime path of "/home/bobo/ros2_ws/install/tug_msgs/lib/libtug_msgs__rosidl_typesupport_introspection_c.so" to ""
[22.093s] -- Installing: /home/bobo/ros2_ws/install/tug_msgs/lib/libtug_msgs__rosidl_typesupport_c.so
[22.094s] -- Set runtime path of "/home/bobo/ros2_ws/install/tug_msgs/lib/libtug_msgs__rosidl_typesupport_c.so" to ""
[22.094s] -- Up-to-date: /home/bobo/ros2_ws/install/tug_msgs/include/tug_msgs/tug_msgs
[22.095s] -- Up-to-date: /home/bobo/ros2_ws/install/tug_msgs/include/tug_msgs/tug_msgs/msg
[22.095s] -- Up-to-date: /home/bobo/ros2_ws/install/tug_msgs/include/tug_msgs/tug_msgs/msg/detail
[22.096s] -- Installing: /home/bobo/ros2_ws/install/tug_msgs/include/tug_msgs/tug_msgs/msg/detail/robot_pose__traits.hpp
[22.097s] -- Installing: /home/bobo/ros2_ws/install/tug_msgs/include/tug_msgs/tug_msgs/msg/detail/movement__traits.hpp
[22.097s] -- Installing: /home/bobo/ros2_ws/install/tug_msgs/include/tug_msgs/tug_msgs/msg/detail/movement__builder.hpp
[22.098s] -- Installing: /home/bobo/ros2_ws/install/tug_msgs/include/tug_msgs/tug_msgs/msg/detail/robot_pose__struct.hpp
[22.099s] -- Installing: /home/bobo/ros2_ws/install/tug_msgs/include/tug_msgs/tug_msgs/msg/detail/wheel_encoder__struct.hpp
[22.103s] -- Installing: /home/bobo/ros2_ws/install/tug_msgs/include/tug_msgs/tug_msgs/msg/detail/bicycle__traits.hpp
[22.105s] -- Installing: /home/bobo/ros2_ws/install/tug_msgs/include/tug_msgs/tug_msgs/msg/detail/wheel_encoder__traits.hpp
[22.105s] -- Installing: /home/bobo/ros2_ws/install/tug_msgs/include/tug_msgs/tug_msgs/msg/detail/wheel_encoder__builder.hpp
[22.105s] -- Installing: /home/bobo/ros2_ws/install/tug_msgs/include/tug_msgs/tug_msgs/msg/detail/bicycle__builder.hpp
[22.106s] -- Installing: /home/bobo/ros2_ws/install/tug_msgs/include/tug_msgs/tug_msgs/msg/detail/robot_pose__builder.hpp
[22.106s] -- Installing: /home/bobo/ros2_ws/install/tug_msgs/include/tug_msgs/tug_msgs/msg/detail/bicycle__struct.hpp
[22.107s] -- Installing: /home/bobo/ros2_ws/install/tug_msgs/include/tug_msgs/tug_msgs/msg/detail/movement__struct.hpp
[22.108s] -- Installing: /home/bobo/ros2_ws/install/tug_msgs/include/tug_msgs/tug_msgs/msg/bicycle.hpp
[22.109s] -- Installing: /home/bobo/ros2_ws/install/tug_msgs/include/tug_msgs/tug_msgs/msg/movement.hpp
[22.110s] -- Installing: /home/bobo/ros2_ws/install/tug_msgs/include/tug_msgs/tug_msgs/msg/robot_pose.hpp
[22.111s] -- Installing: /home/bobo/ros2_ws/install/tug_msgs/include/tug_msgs/tug_msgs/msg/wheel_encoder.hpp
[22.112s] -- Up-to-date: /home/bobo/ros2_ws/install/tug_msgs/include/tug_msgs/tug_msgs
[22.113s] -- Up-to-date: /home/bobo/ros2_ws/install/tug_msgs/include/tug_msgs/tug_msgs/msg
[22.114s] -- Installing: /home/bobo/ros2_ws/install/tug_msgs/include/tug_msgs/tug_msgs/msg/rosidl_typesupport_fastrtps_cpp__visibility_control.h
[22.114s] -- Up-to-date: /home/bobo/ros2_ws/install/tug_msgs/include/tug_msgs/tug_msgs/msg/detail
[22.114s] -- Installing: /home/bobo/ros2_ws/install/tug_msgs/include/tug_msgs/tug_msgs/msg/detail/movement__rosidl_typesupport_fastrtps_cpp.hpp
[22.115s] -- Installing: /home/bobo/ros2_ws/install/tug_msgs/include/tug_msgs/tug_msgs/msg/detail/dds_fastrtps
[22.116s] -- Installing: /home/bobo/ros2_ws/install/tug_msgs/include/tug_msgs/tug_msgs/msg/detail/bicycle__rosidl_typesupport_fastrtps_cpp.hpp
[22.116s] -- Installing: /home/bobo/ros2_ws/install/tug_msgs/include/tug_msgs/tug_msgs/msg/detail/robot_pose__rosidl_typesupport_fastrtps_cpp.hpp
[22.117s] -- Installing: /home/bobo/ros2_ws/install/tug_msgs/include/tug_msgs/tug_msgs/msg/detail/wheel_encoder__rosidl_typesupport_fastrtps_cpp.hpp
[22.118s] -- Installing: /home/bobo/ros2_ws/install/tug_msgs/lib/libtug_msgs__rosidl_typesupport_fastrtps_cpp.so
[22.119s] -- Set runtime path of "/home/bobo/ros2_ws/install/tug_msgs/lib/libtug_msgs__rosidl_typesupport_fastrtps_cpp.so" to ""
[22.120s] -- Up-to-date: /home/bobo/ros2_ws/install/tug_msgs/include/tug_msgs/tug_msgs
[22.121s] -- Up-to-date: /home/bobo/ros2_ws/install/tug_msgs/include/tug_msgs/tug_msgs/msg
[22.122s] -- Up-to-date: /home/bobo/ros2_ws/install/tug_msgs/include/tug_msgs/tug_msgs/msg/detail
[22.122s] -- Installing: /home/bobo/ros2_ws/install/tug_msgs/include/tug_msgs/tug_msgs/msg/detail/wheel_encoder__rosidl_typesupport_introspection_cpp.hpp
[22.123s] -- Installing: /home/bobo/ros2_ws/install/tug_msgs/include/tug_msgs/tug_msgs/msg/detail/bicycle__type_support.cpp
[22.123s] -- Installing: /home/bobo/ros2_ws/install/tug_msgs/include/tug_msgs/tug_msgs/msg/detail/robot_pose__rosidl_typesupport_introspection_cpp.hpp
[22.124s] -- Installing: /home/bobo/ros2_ws/install/tug_msgs/include/tug_msgs/tug_msgs/msg/detail/robot_pose__type_support.cpp
[22.125s] -- Installing: /home/bobo/ros2_ws/install/tug_msgs/include/tug_msgs/tug_msgs/msg/detail/bicycle__rosidl_typesupport_introspection_cpp.hpp
[22.125s] -- Installing: /home/bobo/ros2_ws/install/tug_msgs/include/tug_msgs/tug_msgs/msg/detail/movement__type_support.cpp
[22.127s] -- Installing: /home/bobo/ros2_ws/install/tug_msgs/include/tug_msgs/tug_msgs/msg/detail/wheel_encoder__type_support.cpp
[22.128s] -- Installing: /home/bobo/ros2_ws/install/tug_msgs/include/tug_msgs/tug_msgs/msg/detail/movement__rosidl_typesupport_introspection_cpp.hpp
[22.129s] -- Installing: /home/bobo/ros2_ws/install/tug_msgs/lib/libtug_msgs__rosidl_typesupport_introspection_cpp.so
[22.131s] -- Set runtime path of "/home/bobo/ros2_ws/install/tug_msgs/lib/libtug_msgs__rosidl_typesupport_introspection_cpp.so" to ""
[22.132s] -- Installing: /home/bobo/ros2_ws/install/tug_msgs/lib/libtug_msgs__rosidl_typesupport_cpp.so
[22.133s] -- Set runtime path of "/home/bobo/ros2_ws/install/tug_msgs/lib/libtug_msgs__rosidl_typesupport_cpp.so" to ""
[22.134s] -- Installing: /home/bobo/ros2_ws/install/tug_msgs/share/tug_msgs/environment/pythonpath.sh
[22.135s] -- Installing: /home/bobo/ros2_ws/install/tug_msgs/share/tug_msgs/environment/pythonpath.dsv
[22.135s] -- Installing: /home/bobo/ros2_ws/install/tug_msgs/local/lib/python3.10/dist-packages/tug_msgs-0.0.0-py3.10.egg-info
[22.136s] -- Installing: /home/bobo/ros2_ws/install/tug_msgs/local/lib/python3.10/dist-packages/tug_msgs-0.0.0-py3.10.egg-info/top_level.txt
[22.137s] -- Installing: /home/bobo/ros2_ws/install/tug_msgs/local/lib/python3.10/dist-packages/tug_msgs-0.0.0-py3.10.egg-info/dependency_links.txt
[22.137s] -- Installing: /home/bobo/ros2_ws/install/tug_msgs/local/lib/python3.10/dist-packages/tug_msgs-0.0.0-py3.10.egg-info/SOURCES.txt
[22.138s] -- Installing: /home/bobo/ros2_ws/install/tug_msgs/local/lib/python3.10/dist-packages/tug_msgs-0.0.0-py3.10.egg-info/PKG-INFO
[22.139s] -- Installing: /home/bobo/ros2_ws/install/tug_msgs/local/lib/python3.10/dist-packages/tug_msgs
[22.139s] -- Installing: /home/bobo/ros2_ws/install/tug_msgs/local/lib/python3.10/dist-packages/tug_msgs/libtug_msgs__rosidl_generator_py.so
[22.140s] -- Installing: /home/bobo/ros2_ws/install/tug_msgs/local/lib/python3.10/dist-packages/tug_msgs/_tug_msgs_s.ep.rosidl_typesupport_introspection_c.c
[22.141s] -- Installing: /home/bobo/ros2_ws/install/tug_msgs/local/lib/python3.10/dist-packages/tug_msgs/_tug_msgs_s.ep.rosidl_typesupport_c.c
[22.145s] -- Installing: /home/bobo/ros2_ws/install/tug_msgs/local/lib/python3.10/dist-packages/tug_msgs/tug_msgs_s__rosidl_typesupport_introspection_c.cpython-310-x86_64-linux-gnu.so
[22.145s] -- Installing: /home/bobo/ros2_ws/install/tug_msgs/local/lib/python3.10/dist-packages/tug_msgs/__init__.py
[22.146s] -- Installing: /home/bobo/ros2_ws/install/tug_msgs/local/lib/python3.10/dist-packages/tug_msgs/msg
[22.146s] -- Installing: /home/bobo/ros2_ws/install/tug_msgs/local/lib/python3.10/dist-packages/tug_msgs/msg/_wheel_encoder.py
[22.148s] -- Installing: /home/bobo/ros2_ws/install/tug_msgs/local/lib/python3.10/dist-packages/tug_msgs/msg/_robot_pose_s.c
[22.149s] -- Installing: /home/bobo/ros2_ws/install/tug_msgs/local/lib/python3.10/dist-packages/tug_msgs/msg/__init__.py
[22.149s] -- Installing: /home/bobo/ros2_ws/install/tug_msgs/local/lib/python3.10/dist-packages/tug_msgs/msg/_movement_s.c
[22.150s] -- Installing: /home/bobo/ros2_ws/install/tug_msgs/local/lib/python3.10/dist-packages/tug_msgs/msg/_movement.py
[22.151s] -- Installing: /home/bobo/ros2_ws/install/tug_msgs/local/lib/python3.10/dist-packages/tug_msgs/msg/_robot_pose.py
[22.156s] -- Installing: /home/bobo/ros2_ws/install/tug_msgs/local/lib/python3.10/dist-packages/tug_msgs/msg/_bicycle.py
[22.157s] -- Installing: /home/bobo/ros2_ws/install/tug_msgs/local/lib/python3.10/dist-packages/tug_msgs/msg/_wheel_encoder_s.c
[22.157s] -- Installing: /home/bobo/ros2_ws/install/tug_msgs/local/lib/python3.10/dist-packages/tug_msgs/msg/_bicycle_s.c
[22.157s] -- Installing: /home/bobo/ros2_ws/install/tug_msgs/local/lib/python3.10/dist-packages/tug_msgs/tug_msgs_s__rosidl_typesupport_c.cpython-310-x86_64-linux-gnu.so
[22.157s] -- Installing: /home/bobo/ros2_ws/install/tug_msgs/local/lib/python3.10/dist-packages/tug_msgs/tug_msgs_s__rosidl_typesupport_fastrtps_c.cpython-310-x86_64-linux-gnu.so
[22.157s] -- Installing: /home/bobo/ros2_ws/install/tug_msgs/local/lib/python3.10/dist-packages/tug_msgs/_tug_msgs_s.ep.rosidl_typesupport_fastrtps_c.c
[22.274s] Listing '/home/bobo/ros2_ws/install/tug_msgs/local/lib/python3.10/dist-packages/tug_msgs'...
[22.275s] Compiling '/home/bobo/ros2_ws/install/tug_msgs/local/lib/python3.10/dist-packages/tug_msgs/__init__.py'...
[22.275s] Listing '/home/bobo/ros2_ws/install/tug_msgs/local/lib/python3.10/dist-packages/tug_msgs/msg'...
[22.275s] Compiling '/home/bobo/ros2_ws/install/tug_msgs/local/lib/python3.10/dist-packages/tug_msgs/msg/__init__.py'...
[22.275s] Compiling '/home/bobo/ros2_ws/install/tug_msgs/local/lib/python3.10/dist-packages/tug_msgs/msg/_bicycle.py'...
[22.275s] Compiling '/home/bobo/ros2_ws/install/tug_msgs/local/lib/python3.10/dist-packages/tug_msgs/msg/_movement.py'...
[22.276s] Compiling '/home/bobo/ros2_ws/install/tug_msgs/local/lib/python3.10/dist-packages/tug_msgs/msg/_robot_pose.py'...
[22.276s] Compiling '/home/bobo/ros2_ws/install/tug_msgs/local/lib/python3.10/dist-packages/tug_msgs/msg/_wheel_encoder.py'...
[22.289s] -- Installing: /home/bobo/ros2_ws/install/tug_msgs/local/lib/python3.10/dist-packages/tug_msgs/tug_msgs_s__rosidl_typesupport_fastrtps_c.cpython-310-x86_64-linux-gnu.so
[22.291s] -- Set runtime path of "/home/bobo/ros2_ws/install/tug_msgs/local/lib/python3.10/dist-packages/tug_msgs/tug_msgs_s__rosidl_typesupport_fastrtps_c.cpython-310-x86_64-linux-gnu.so" to ""
[22.292s] -- Installing: /home/bobo/ros2_ws/install/tug_msgs/local/lib/python3.10/dist-packages/tug_msgs/tug_msgs_s__rosidl_typesupport_introspection_c.cpython-310-x86_64-linux-gnu.so
[22.294s] -- Set runtime path of "/home/bobo/ros2_ws/install/tug_msgs/local/lib/python3.10/dist-packages/tug_msgs/tug_msgs_s__rosidl_typesupport_introspection_c.cpython-310-x86_64-linux-gnu.so" to ""
[22.295s] -- Installing: /home/bobo/ros2_ws/install/tug_msgs/local/lib/python3.10/dist-packages/tug_msgs/tug_msgs_s__rosidl_typesupport_c.cpython-310-x86_64-linux-gnu.so
[22.297s] -- Set runtime path of "/home/bobo/ros2_ws/install/tug_msgs/local/lib/python3.10/dist-packages/tug_msgs/tug_msgs_s__rosidl_typesupport_c.cpython-310-x86_64-linux-gnu.so" to ""
[22.298s] -- Installing: /home/bobo/ros2_ws/install/tug_msgs/lib/libtug_msgs__rosidl_generator_py.so
[22.299s] -- Set runtime path of "/home/bobo/ros2_ws/install/tug_msgs/lib/libtug_msgs__rosidl_generator_py.so" to ""
[22.303s] -- Installing: /home/bobo/ros2_ws/install/tug_msgs/share/tug_msgs/msg/Bicycle.idl
[22.305s] -- Installing: /home/bobo/ros2_ws/install/tug_msgs/share/tug_msgs/msg/Movement.idl
[22.305s] -- Installing: /home/bobo/ros2_ws/install/tug_msgs/share/tug_msgs/msg/RobotPose.idl
[22.305s] -- Installing: /home/bobo/ros2_ws/install/tug_msgs/share/tug_msgs/msg/WheelEncoder.idl
[22.306s] -- Installing: /home/bobo/ros2_ws/install/tug_msgs/share/tug_msgs/msg/Bicycle.msg
[22.307s] -- Installing: /home/bobo/ros2_ws/install/tug_msgs/share/tug_msgs/msg/Movement.msg
[22.308s] -- Installing: /home/bobo/ros2_ws/install/tug_msgs/share/tug_msgs/msg/RobotPose.msg
[22.310s] -- Installing: /home/bobo/ros2_ws/install/tug_msgs/share/tug_msgs/msg/WheelEncoder.msg
[22.312s] -- Installing: /home/bobo/ros2_ws/install/tug_msgs/share/ament_index/resource_index/package_run_dependencies/tug_msgs
[22.313s] -- Installing: /home/bobo/ros2_ws/install/tug_msgs/share/ament_index/resource_index/parent_prefix_path/tug_msgs
[22.314s] -- Installing: /home/bobo/ros2_ws/install/tug_msgs/share/tug_msgs/environment/ament_prefix_path.sh
[22.316s] -- Installing: /home/bobo/ros2_ws/install/tug_msgs/share/tug_msgs/environment/ament_prefix_path.dsv
[22.317s] -- Installing: /home/bobo/ros2_ws/install/tug_msgs/share/tug_msgs/environment/path.sh
[22.317s] -- Installing: /home/bobo/ros2_ws/install/tug_msgs/share/tug_msgs/environment/path.dsv
[22.318s] -- Installing: /home/bobo/ros2_ws/install/tug_msgs/share/tug_msgs/local_setup.bash
[22.319s] -- Installing: /home/bobo/ros2_ws/install/tug_msgs/share/tug_msgs/local_setup.sh
[22.320s] -- Installing: /home/bobo/ros2_ws/install/tug_msgs/share/tug_msgs/local_setup.zsh
[22.333s] -- Installing: /home/bobo/ros2_ws/install/tug_msgs/share/tug_msgs/local_setup.dsv
[22.333s] -- Installing: /home/bobo/ros2_ws/install/tug_msgs/share/tug_msgs/package.dsv
[22.333s] -- Installing: /home/bobo/ros2_ws/install/tug_msgs/share/ament_index/resource_index/packages/tug_msgs
[22.348s] -- Installing: /home/bobo/ros2_ws/install/tug_msgs/share/tug_msgs/cmake/export_tug_msgs__rosidl_generator_cExport.cmake
[22.348s] -- Installing: /home/bobo/ros2_ws/install/tug_msgs/share/tug_msgs/cmake/export_tug_msgs__rosidl_generator_cExport-noconfig.cmake
[22.349s] -- Installing: /home/bobo/ros2_ws/install/tug_msgs/share/tug_msgs/cmake/export_tug_msgs__rosidl_typesupport_fastrtps_cExport.cmake
[22.349s] -- Installing: /home/bobo/ros2_ws/install/tug_msgs/share/tug_msgs/cmake/export_tug_msgs__rosidl_typesupport_fastrtps_cExport-noconfig.cmake
[22.349s] -- Installing: /home/bobo/ros2_ws/install/tug_msgs/share/tug_msgs/cmake/tug_msgs__rosidl_typesupport_introspection_cExport.cmake
[22.349s] -- Installing: /home/bobo/ros2_ws/install/tug_msgs/share/tug_msgs/cmake/tug_msgs__rosidl_typesupport_introspection_cExport-noconfig.cmake
[22.350s] -- Installing: /home/bobo/ros2_ws/install/tug_msgs/share/tug_msgs/cmake/tug_msgs__rosidl_typesupport_cExport.cmake
[22.359s] -- Installing: /home/bobo/ros2_ws/install/tug_msgs/share/tug_msgs/cmake/tug_msgs__rosidl_typesupport_cExport-noconfig.cmake
[22.359s] -- Installing: /home/bobo/ros2_ws/install/tug_msgs/share/tug_msgs/cmake/export_tug_msgs__rosidl_generator_cppExport.cmake
[22.359s] -- Installing: /home/bobo/ros2_ws/install/tug_msgs/share/tug_msgs/cmake/export_tug_msgs__rosidl_typesupport_fastrtps_cppExport.cmake
[22.360s] -- Installing: /home/bobo/ros2_ws/install/tug_msgs/share/tug_msgs/cmake/export_tug_msgs__rosidl_typesupport_fastrtps_cppExport-noconfig.cmake
[22.360s] -- Installing: /home/bobo/ros2_ws/install/tug_msgs/share/tug_msgs/cmake/tug_msgs__rosidl_typesupport_introspection_cppExport.cmake
[22.360s] -- Installing: /home/bobo/ros2_ws/install/tug_msgs/share/tug_msgs/cmake/tug_msgs__rosidl_typesupport_introspection_cppExport-noconfig.cmake
[22.360s] -- Installing: /home/bobo/ros2_ws/install/tug_msgs/share/tug_msgs/cmake/tug_msgs__rosidl_typesupport_cppExport.cmake
[22.360s] -- Installing: /home/bobo/ros2_ws/install/tug_msgs/share/tug_msgs/cmake/tug_msgs__rosidl_typesupport_cppExport-noconfig.cmake
[22.360s] -- Installing: /home/bobo/ros2_ws/install/tug_msgs/share/tug_msgs/cmake/export_tug_msgs__rosidl_generator_pyExport.cmake
[22.366s] -- Installing: /home/bobo/ros2_ws/install/tug_msgs/share/tug_msgs/cmake/export_tug_msgs__rosidl_generator_pyExport-noconfig.cmake
[22.368s] -- Installing: /home/bobo/ros2_ws/install/tug_msgs/share/tug_msgs/cmake/rosidl_cmake-extras.cmake
[22.370s] -- Installing: /home/bobo/ros2_ws/install/tug_msgs/share/tug_msgs/cmake/ament_cmake_export_include_directories-extras.cmake
[22.370s] -- Installing: /home/bobo/ros2_ws/install/tug_msgs/share/tug_msgs/cmake/ament_cmake_export_libraries-extras.cmake
[22.371s] -- Installing: /home/bobo/ros2_ws/install/tug_msgs/share/tug_msgs/cmake/ament_cmake_export_targets-extras.cmake
[22.372s] -- Installing: /home/bobo/ros2_ws/install/tug_msgs/share/tug_msgs/cmake/rosidl_cmake_export_typesupport_targets-extras.cmake
[22.372s] -- Installing: /home/bobo/ros2_ws/install/tug_msgs/share/tug_msgs/cmake/ament_cmake_export_dependencies-extras.cmake
[22.373s] -- Installing: /home/bobo/ros2_ws/install/tug_msgs/share/tug_msgs/cmake/rosidl_cmake_export_typesupport_libraries-extras.cmake
[22.373s] -- Installing: /home/bobo/ros2_ws/install/tug_msgs/share/tug_msgs/cmake/tug_msgsConfig.cmake
[22.374s] -- Installing: /home/bobo/ros2_ws/install/tug_msgs/share/tug_msgs/cmake/tug_msgsConfig-version.cmake
[22.375s] -- Installing: /home/bobo/ros2_ws/install/tug_msgs/share/tug_msgs/package.xml
[22.379s] Invoked command in '/home/bobo/ros2_ws/build/tug_msgs' returned '0': CMAKE_PREFIX_PATH=${CMAKE_PREFIX_PATH}:/opt/ros/humble /usr/bin/cmake --install /home/bobo/ros2_ws/build/tug_msgs
