[0.028s] Invoking command in '/home/bobo/ros2_ws/build/ros2cpp_tutorials_action': CMAKE_PREFIX_PATH=${CMAKE_PREFIX_PATH}:/opt/ros/humble /usr/bin/cmake --build /home/bobo/ros2_ws/build/ros2cpp_tutorials_action -- -j8 -l8
[0.155s] [  2%] Built target ros2cpp_tutorials_action__cpp
[0.156s] [ 11%] Built target ros2cpp_tutorials_action__rosidl_generator_c
[0.174s] [ 11%] Built target ament_cmake_python_copy_ros2cpp_tutorials_action
[0.237s] [ 20%] Built target ros2cpp_tutorials_action__rosidl_typesupport_fastrtps_cpp
[0.241s] [ 28%] Built target ros2cpp_tutorials_action__rosidl_typesupport_cpp
[0.253s] [ 37%] Built target ros2cpp_tutorials_action__rosidl_typesupport_introspection_cpp
[0.254s] [ 45%] Built target ros2cpp_tutorials_action__rosidl_typesupport_introspection_c
[0.257s] [ 54%] Built target ros2cpp_tutorials_action__rosidl_typesupport_fastrtps_c
[0.265s] [ 62%] Built target ros2cpp_tutorials_action__rosidl_typesupport_c
[0.312s] [ 68%] Built target client
[0.312s] [ 68%] Built target ros2cpp_tutorials_action
[0.318s] [ 74%] Built target server
[0.376s] [ 77%] Built target ros2cpp_tutorials_action__py
[0.433s] [ 82%] Built target ros2cpp_tutorials_action__rosidl_generator_py
[0.508s] [ 88%] Built target ros2cpp_tutorials_action__rosidl_typesupport_introspection_c__pyext
[0.508s] [ 94%] Built target ros2cpp_tutorials_action__rosidl_typesupport_fastrtps_c__pyext
[0.517s] [100%] Built target ros2cpp_tutorials_action__rosidl_typesupport_c__pyext
[0.700s] running egg_info
[0.701s] writing ros2cpp_tutorials_action.egg-info/PKG-INFO
[0.701s] writing dependency_links to ros2cpp_tutorials_action.egg-info/dependency_links.txt
[0.701s] writing top-level names to ros2cpp_tutorials_action.egg-info/top_level.txt
[0.704s] reading manifest file 'ros2cpp_tutorials_action.egg-info/SOURCES.txt'
[0.705s] writing manifest file 'ros2cpp_tutorials_action.egg-info/SOURCES.txt'
[0.738s] [100%] Built target ament_cmake_python_build_ros2cpp_tutorials_action_egg
[0.756s] Invoked command in '/home/bobo/ros2_ws/build/ros2cpp_tutorials_action' returned '0': CMAKE_PREFIX_PATH=${CMAKE_PREFIX_PATH}:/opt/ros/humble /usr/bin/cmake --build /home/bobo/ros2_ws/build/ros2cpp_tutorials_action -- -j8 -l8
[0.846s] Invoking command in '/home/bobo/ros2_ws/build/ros2cpp_tutorials_action': CMAKE_PREFIX_PATH=${CMAKE_PREFIX_PATH}:/opt/ros/humble /usr/bin/cmake --install /home/bobo/ros2_ws/build/ros2cpp_tutorials_action
[0.855s] -- Install configuration: ""
[0.856s] -- Up-to-date: /home/bobo/ros2_ws/install/ros2cpp_tutorials_action/share/ament_index/resource_index/rosidl_interfaces/ros2cpp_tutorials_action
[0.856s] -- Up-to-date: /home/bobo/ros2_ws/install/ros2cpp_tutorials_action/include/ros2cpp_tutorials_action/ros2cpp_tutorials_action
[0.856s] -- Up-to-date: /home/bobo/ros2_ws/install/ros2cpp_tutorials_action/include/ros2cpp_tutorials_action/ros2cpp_tutorials_action/action
[0.857s] -- Up-to-date: /home/bobo/ros2_ws/install/ros2cpp_tutorials_action/include/ros2cpp_tutorials_action/ros2cpp_tutorials_action/action/detail
[0.857s] -- Up-to-date: /home/bobo/ros2_ws/install/ros2cpp_tutorials_action/include/ros2cpp_tutorials_action/ros2cpp_tutorials_action/action/detail/fibonacci__functions.c
[0.857s] -- Up-to-date: /home/bobo/ros2_ws/install/ros2cpp_tutorials_action/include/ros2cpp_tutorials_action/ros2cpp_tutorials_action/action/detail/fibonacci__struct.h
[0.857s] -- Up-to-date: /home/bobo/ros2_ws/install/ros2cpp_tutorials_action/include/ros2cpp_tutorials_action/ros2cpp_tutorials_action/action/detail/fibonacci__type_support.h
[0.858s] -- Up-to-date: /home/bobo/ros2_ws/install/ros2cpp_tutorials_action/include/ros2cpp_tutorials_action/ros2cpp_tutorials_action/action/detail/fibonacci__functions.h
[0.858s] -- Up-to-date: /home/bobo/ros2_ws/install/ros2cpp_tutorials_action/include/ros2cpp_tutorials_action/ros2cpp_tutorials_action/action/fibonacci.h
[0.858s] -- Up-to-date: /home/bobo/ros2_ws/install/ros2cpp_tutorials_action/include/ros2cpp_tutorials_action/ros2cpp_tutorials_action/msg
[0.859s] -- Up-to-date: /home/bobo/ros2_ws/install/ros2cpp_tutorials_action/include/ros2cpp_tutorials_action/ros2cpp_tutorials_action/msg/rosidl_generator_c__visibility_control.h
[0.859s] -- Up-to-date: /home/bobo/ros2_ws/install/ros2cpp_tutorials_action/share/ros2cpp_tutorials_action/environment/library_path.sh
[0.859s] -- Up-to-date: /home/bobo/ros2_ws/install/ros2cpp_tutorials_action/share/ros2cpp_tutorials_action/environment/library_path.dsv
[0.860s] -- Up-to-date: /home/bobo/ros2_ws/install/ros2cpp_tutorials_action/lib/libros2cpp_tutorials_action__rosidl_generator_c.so
[0.860s] -- Up-to-date: /home/bobo/ros2_ws/install/ros2cpp_tutorials_action/include/ros2cpp_tutorials_action/ros2cpp_tutorials_action
[0.861s] -- Up-to-date: /home/bobo/ros2_ws/install/ros2cpp_tutorials_action/include/ros2cpp_tutorials_action/ros2cpp_tutorials_action/action
[0.861s] -- Up-to-date: /home/bobo/ros2_ws/install/ros2cpp_tutorials_action/include/ros2cpp_tutorials_action/ros2cpp_tutorials_action/action/detail
[0.861s] -- Up-to-date: /home/bobo/ros2_ws/install/ros2cpp_tutorials_action/include/ros2cpp_tutorials_action/ros2cpp_tutorials_action/action/detail/fibonacci__rosidl_typesupport_fastrtps_c.h
[0.861s] -- Up-to-date: /home/bobo/ros2_ws/install/ros2cpp_tutorials_action/include/ros2cpp_tutorials_action/ros2cpp_tutorials_action/msg
[0.862s] -- Up-to-date: /home/bobo/ros2_ws/install/ros2cpp_tutorials_action/include/ros2cpp_tutorials_action/ros2cpp_tutorials_action/msg/rosidl_typesupport_fastrtps_c__visibility_control.h
[0.862s] -- Up-to-date: /home/bobo/ros2_ws/install/ros2cpp_tutorials_action/lib/libros2cpp_tutorials_action__rosidl_typesupport_fastrtps_c.so
[0.862s] -- Up-to-date: /home/bobo/ros2_ws/install/ros2cpp_tutorials_action/include/ros2cpp_tutorials_action/ros2cpp_tutorials_action
[0.863s] -- Up-to-date: /home/bobo/ros2_ws/install/ros2cpp_tutorials_action/include/ros2cpp_tutorials_action/ros2cpp_tutorials_action/action
[0.863s] -- Up-to-date: /home/bobo/ros2_ws/install/ros2cpp_tutorials_action/include/ros2cpp_tutorials_action/ros2cpp_tutorials_action/action/detail
[0.863s] -- Up-to-date: /home/bobo/ros2_ws/install/ros2cpp_tutorials_action/include/ros2cpp_tutorials_action/ros2cpp_tutorials_action/action/detail/fibonacci__rosidl_typesupport_introspection_c.h
[0.864s] -- Up-to-date: /home/bobo/ros2_ws/install/ros2cpp_tutorials_action/include/ros2cpp_tutorials_action/ros2cpp_tutorials_action/action/detail/fibonacci__type_support.c
[0.864s] -- Up-to-date: /home/bobo/ros2_ws/install/ros2cpp_tutorials_action/include/ros2cpp_tutorials_action/ros2cpp_tutorials_action/msg
[0.864s] -- Up-to-date: /home/bobo/ros2_ws/install/ros2cpp_tutorials_action/include/ros2cpp_tutorials_action/ros2cpp_tutorials_action/msg/rosidl_typesupport_introspection_c__visibility_control.h
[0.864s] -- Up-to-date: /home/bobo/ros2_ws/install/ros2cpp_tutorials_action/lib/libros2cpp_tutorials_action__rosidl_typesupport_introspection_c.so
[0.864s] -- Up-to-date: /home/bobo/ros2_ws/install/ros2cpp_tutorials_action/lib/libros2cpp_tutorials_action__rosidl_typesupport_c.so
[0.864s] -- Up-to-date: /home/bobo/ros2_ws/install/ros2cpp_tutorials_action/include/ros2cpp_tutorials_action/ros2cpp_tutorials_action
[0.865s] -- Up-to-date: /home/bobo/ros2_ws/install/ros2cpp_tutorials_action/include/ros2cpp_tutorials_action/ros2cpp_tutorials_action/action
[0.865s] -- Up-to-date: /home/bobo/ros2_ws/install/ros2cpp_tutorials_action/include/ros2cpp_tutorials_action/ros2cpp_tutorials_action/action/detail
[0.865s] -- Up-to-date: /home/bobo/ros2_ws/install/ros2cpp_tutorials_action/include/ros2cpp_tutorials_action/ros2cpp_tutorials_action/action/detail/fibonacci__struct.hpp
[0.865s] -- Up-to-date: /home/bobo/ros2_ws/install/ros2cpp_tutorials_action/include/ros2cpp_tutorials_action/ros2cpp_tutorials_action/action/detail/fibonacci__traits.hpp
[0.865s] -- Up-to-date: /home/bobo/ros2_ws/install/ros2cpp_tutorials_action/include/ros2cpp_tutorials_action/ros2cpp_tutorials_action/action/detail/fibonacci__builder.hpp
[0.866s] -- Up-to-date: /home/bobo/ros2_ws/install/ros2cpp_tutorials_action/include/ros2cpp_tutorials_action/ros2cpp_tutorials_action/action/fibonacci.hpp
[0.866s] -- Up-to-date: /home/bobo/ros2_ws/install/ros2cpp_tutorials_action/include/ros2cpp_tutorials_action/ros2cpp_tutorials_action
[0.866s] -- Up-to-date: /home/bobo/ros2_ws/install/ros2cpp_tutorials_action/include/ros2cpp_tutorials_action/ros2cpp_tutorials_action/action
[0.866s] -- Up-to-date: /home/bobo/ros2_ws/install/ros2cpp_tutorials_action/include/ros2cpp_tutorials_action/ros2cpp_tutorials_action/action/detail
[0.866s] -- Up-to-date: /home/bobo/ros2_ws/install/ros2cpp_tutorials_action/include/ros2cpp_tutorials_action/ros2cpp_tutorials_action/action/detail/fibonacci__rosidl_typesupport_fastrtps_cpp.hpp
[0.866s] -- Up-to-date: /home/bobo/ros2_ws/install/ros2cpp_tutorials_action/include/ros2cpp_tutorials_action/ros2cpp_tutorials_action/action/detail/dds_fastrtps
[0.867s] -- Up-to-date: /home/bobo/ros2_ws/install/ros2cpp_tutorials_action/include/ros2cpp_tutorials_action/ros2cpp_tutorials_action/msg
[0.867s] -- Up-to-date: /home/bobo/ros2_ws/install/ros2cpp_tutorials_action/include/ros2cpp_tutorials_action/ros2cpp_tutorials_action/msg/rosidl_typesupport_fastrtps_cpp__visibility_control.h
[0.867s] -- Up-to-date: /home/bobo/ros2_ws/install/ros2cpp_tutorials_action/lib/libros2cpp_tutorials_action__rosidl_typesupport_fastrtps_cpp.so
[0.868s] -- Up-to-date: /home/bobo/ros2_ws/install/ros2cpp_tutorials_action/include/ros2cpp_tutorials_action/ros2cpp_tutorials_action
[0.868s] -- Up-to-date: /home/bobo/ros2_ws/install/ros2cpp_tutorials_action/include/ros2cpp_tutorials_action/ros2cpp_tutorials_action/action
[0.868s] -- Up-to-date: /home/bobo/ros2_ws/install/ros2cpp_tutorials_action/include/ros2cpp_tutorials_action/ros2cpp_tutorials_action/action/detail
[0.868s] -- Up-to-date: /home/bobo/ros2_ws/install/ros2cpp_tutorials_action/include/ros2cpp_tutorials_action/ros2cpp_tutorials_action/action/detail/fibonacci__type_support.cpp
[0.868s] -- Up-to-date: /home/bobo/ros2_ws/install/ros2cpp_tutorials_action/include/ros2cpp_tutorials_action/ros2cpp_tutorials_action/action/detail/fibonacci__rosidl_typesupport_introspection_cpp.hpp
[0.869s] -- Up-to-date: /home/bobo/ros2_ws/install/ros2cpp_tutorials_action/lib/libros2cpp_tutorials_action__rosidl_typesupport_introspection_cpp.so
[0.869s] -- Up-to-date: /home/bobo/ros2_ws/install/ros2cpp_tutorials_action/lib/libros2cpp_tutorials_action__rosidl_typesupport_cpp.so
[0.869s] -- Up-to-date: /home/bobo/ros2_ws/install/ros2cpp_tutorials_action/share/ros2cpp_tutorials_action/environment/pythonpath.sh
[0.869s] -- Up-to-date: /home/bobo/ros2_ws/install/ros2cpp_tutorials_action/share/ros2cpp_tutorials_action/environment/pythonpath.dsv
[0.869s] -- Up-to-date: /home/bobo/ros2_ws/install/ros2cpp_tutorials_action/local/lib/python3.10/dist-packages/ros2cpp_tutorials_action-1.0.0-py3.10.egg-info
[0.869s] -- Installing: /home/bobo/ros2_ws/install/ros2cpp_tutorials_action/local/lib/python3.10/dist-packages/ros2cpp_tutorials_action-1.0.0-py3.10.egg-info/top_level.txt
[0.869s] -- Installing: /home/bobo/ros2_ws/install/ros2cpp_tutorials_action/local/lib/python3.10/dist-packages/ros2cpp_tutorials_action-1.0.0-py3.10.egg-info/dependency_links.txt
[0.870s] -- Installing: /home/bobo/ros2_ws/install/ros2cpp_tutorials_action/local/lib/python3.10/dist-packages/ros2cpp_tutorials_action-1.0.0-py3.10.egg-info/SOURCES.txt
[0.870s] -- Installing: /home/bobo/ros2_ws/install/ros2cpp_tutorials_action/local/lib/python3.10/dist-packages/ros2cpp_tutorials_action-1.0.0-py3.10.egg-info/PKG-INFO
[0.870s] -- Up-to-date: /home/bobo/ros2_ws/install/ros2cpp_tutorials_action/local/lib/python3.10/dist-packages/ros2cpp_tutorials_action
[0.870s] -- Up-to-date: /home/bobo/ros2_ws/install/ros2cpp_tutorials_action/local/lib/python3.10/dist-packages/ros2cpp_tutorials_action/libros2cpp_tutorials_action__rosidl_generator_py.so
[0.870s] -- Up-to-date: /home/bobo/ros2_ws/install/ros2cpp_tutorials_action/local/lib/python3.10/dist-packages/ros2cpp_tutorials_action/action
[0.870s] -- Up-to-date: /home/bobo/ros2_ws/install/ros2cpp_tutorials_action/local/lib/python3.10/dist-packages/ros2cpp_tutorials_action/action/_fibonacci.py
[0.871s] -- Up-to-date: /home/bobo/ros2_ws/install/ros2cpp_tutorials_action/local/lib/python3.10/dist-packages/ros2cpp_tutorials_action/action/__init__.py
[0.871s] -- Up-to-date: /home/bobo/ros2_ws/install/ros2cpp_tutorials_action/local/lib/python3.10/dist-packages/ros2cpp_tutorials_action/action/_fibonacci_s.c
[0.871s] -- Up-to-date: /home/bobo/ros2_ws/install/ros2cpp_tutorials_action/local/lib/python3.10/dist-packages/ros2cpp_tutorials_action/ros2cpp_tutorials_action_s__rosidl_typesupport_c.cpython-310-x86_64-linux-gnu.so
[0.871s] -- Up-to-date: /home/bobo/ros2_ws/install/ros2cpp_tutorials_action/local/lib/python3.10/dist-packages/ros2cpp_tutorials_action/ros2cpp_tutorials_action_s__rosidl_typesupport_introspection_c.cpython-310-x86_64-linux-gnu.so
[0.871s] -- Up-to-date: /home/bobo/ros2_ws/install/ros2cpp_tutorials_action/local/lib/python3.10/dist-packages/ros2cpp_tutorials_action/__init__.py
[0.871s] -- Up-to-date: /home/bobo/ros2_ws/install/ros2cpp_tutorials_action/local/lib/python3.10/dist-packages/ros2cpp_tutorials_action/_ros2cpp_tutorials_action_s.ep.rosidl_typesupport_fastrtps_c.c
[0.871s] -- Up-to-date: /home/bobo/ros2_ws/install/ros2cpp_tutorials_action/local/lib/python3.10/dist-packages/ros2cpp_tutorials_action/_ros2cpp_tutorials_action_s.ep.rosidl_typesupport_introspection_c.c
[0.872s] -- Up-to-date: /home/bobo/ros2_ws/install/ros2cpp_tutorials_action/local/lib/python3.10/dist-packages/ros2cpp_tutorials_action/ros2cpp_tutorials_action_s__rosidl_typesupport_fastrtps_c.cpython-310-x86_64-linux-gnu.so
[0.872s] -- Up-to-date: /home/bobo/ros2_ws/install/ros2cpp_tutorials_action/local/lib/python3.10/dist-packages/ros2cpp_tutorials_action/_ros2cpp_tutorials_action_s.ep.rosidl_typesupport_c.c
[0.913s] Listing '/home/bobo/ros2_ws/install/ros2cpp_tutorials_action/local/lib/python3.10/dist-packages/ros2cpp_tutorials_action'...
[0.913s] Listing '/home/bobo/ros2_ws/install/ros2cpp_tutorials_action/local/lib/python3.10/dist-packages/ros2cpp_tutorials_action/action'...
[0.915s] -- Up-to-date: /home/bobo/ros2_ws/install/ros2cpp_tutorials_action/local/lib/python3.10/dist-packages/ros2cpp_tutorials_action/ros2cpp_tutorials_action_s__rosidl_typesupport_fastrtps_c.cpython-310-x86_64-linux-gnu.so
[0.915s] -- Up-to-date: /home/bobo/ros2_ws/install/ros2cpp_tutorials_action/local/lib/python3.10/dist-packages/ros2cpp_tutorials_action/ros2cpp_tutorials_action_s__rosidl_typesupport_introspection_c.cpython-310-x86_64-linux-gnu.so
[0.916s] -- Up-to-date: /home/bobo/ros2_ws/install/ros2cpp_tutorials_action/local/lib/python3.10/dist-packages/ros2cpp_tutorials_action/ros2cpp_tutorials_action_s__rosidl_typesupport_c.cpython-310-x86_64-linux-gnu.so
[0.916s] -- Up-to-date: /home/bobo/ros2_ws/install/ros2cpp_tutorials_action/lib/libros2cpp_tutorials_action__rosidl_generator_py.so
[0.917s] -- Up-to-date: /home/bobo/ros2_ws/install/ros2cpp_tutorials_action/share/ros2cpp_tutorials_action/action/Fibonacci.idl
[0.917s] -- Up-to-date: /home/bobo/ros2_ws/install/ros2cpp_tutorials_action/share/ros2cpp_tutorials_action/action/Fibonacci.action
[0.917s] -- Up-to-date: /home/bobo/ros2_ws/install/ros2cpp_tutorials_action/lib/ros2cpp_tutorials_action/client
[0.918s] -- Up-to-date: /home/bobo/ros2_ws/install/ros2cpp_tutorials_action/lib/ros2cpp_tutorials_action/server
[0.918s] -- Up-to-date: /home/bobo/ros2_ws/install/ros2cpp_tutorials_action/share/ament_index/resource_index/package_run_dependencies/ros2cpp_tutorials_action
[0.918s] -- Up-to-date: /home/bobo/ros2_ws/install/ros2cpp_tutorials_action/share/ament_index/resource_index/parent_prefix_path/ros2cpp_tutorials_action
[0.918s] -- Up-to-date: /home/bobo/ros2_ws/install/ros2cpp_tutorials_action/share/ros2cpp_tutorials_action/environment/ament_prefix_path.sh
[0.918s] -- Up-to-date: /home/bobo/ros2_ws/install/ros2cpp_tutorials_action/share/ros2cpp_tutorials_action/environment/ament_prefix_path.dsv
[0.919s] -- Up-to-date: /home/bobo/ros2_ws/install/ros2cpp_tutorials_action/share/ros2cpp_tutorials_action/environment/path.sh
[0.919s] -- Up-to-date: /home/bobo/ros2_ws/install/ros2cpp_tutorials_action/share/ros2cpp_tutorials_action/environment/path.dsv
[0.919s] -- Up-to-date: /home/bobo/ros2_ws/install/ros2cpp_tutorials_action/share/ros2cpp_tutorials_action/local_setup.bash
[0.919s] -- Up-to-date: /home/bobo/ros2_ws/install/ros2cpp_tutorials_action/share/ros2cpp_tutorials_action/local_setup.sh
[0.919s] -- Up-to-date: /home/bobo/ros2_ws/install/ros2cpp_tutorials_action/share/ros2cpp_tutorials_action/local_setup.zsh
[0.919s] -- Up-to-date: /home/bobo/ros2_ws/install/ros2cpp_tutorials_action/share/ros2cpp_tutorials_action/local_setup.dsv
[0.920s] -- Installing: /home/bobo/ros2_ws/install/ros2cpp_tutorials_action/share/ros2cpp_tutorials_action/package.dsv
[0.920s] -- Up-to-date: /home/bobo/ros2_ws/install/ros2cpp_tutorials_action/share/ament_index/resource_index/packages/ros2cpp_tutorials_action
[0.920s] -- Up-to-date: /home/bobo/ros2_ws/install/ros2cpp_tutorials_action/share/ros2cpp_tutorials_action/cmake/export_ros2cpp_tutorials_action__rosidl_generator_cExport.cmake
[0.921s] -- Up-to-date: /home/bobo/ros2_ws/install/ros2cpp_tutorials_action/share/ros2cpp_tutorials_action/cmake/export_ros2cpp_tutorials_action__rosidl_generator_cExport-noconfig.cmake
[0.921s] -- Up-to-date: /home/bobo/ros2_ws/install/ros2cpp_tutorials_action/share/ros2cpp_tutorials_action/cmake/export_ros2cpp_tutorials_action__rosidl_typesupport_fastrtps_cExport.cmake
[0.921s] -- Up-to-date: /home/bobo/ros2_ws/install/ros2cpp_tutorials_action/share/ros2cpp_tutorials_action/cmake/export_ros2cpp_tutorials_action__rosidl_typesupport_fastrtps_cExport-noconfig.cmake
[0.922s] -- Up-to-date: /home/bobo/ros2_ws/install/ros2cpp_tutorials_action/share/ros2cpp_tutorials_action/cmake/ros2cpp_tutorials_action__rosidl_typesupport_introspection_cExport.cmake
[0.922s] -- Up-to-date: /home/bobo/ros2_ws/install/ros2cpp_tutorials_action/share/ros2cpp_tutorials_action/cmake/ros2cpp_tutorials_action__rosidl_typesupport_introspection_cExport-noconfig.cmake
[0.922s] -- Up-to-date: /home/bobo/ros2_ws/install/ros2cpp_tutorials_action/share/ros2cpp_tutorials_action/cmake/ros2cpp_tutorials_action__rosidl_typesupport_cExport.cmake
[0.922s] -- Up-to-date: /home/bobo/ros2_ws/install/ros2cpp_tutorials_action/share/ros2cpp_tutorials_action/cmake/ros2cpp_tutorials_action__rosidl_typesupport_cExport-noconfig.cmake
[0.922s] -- Up-to-date: /home/bobo/ros2_ws/install/ros2cpp_tutorials_action/share/ros2cpp_tutorials_action/cmake/export_ros2cpp_tutorials_action__rosidl_generator_cppExport.cmake
[0.923s] -- Up-to-date: /home/bobo/ros2_ws/install/ros2cpp_tutorials_action/share/ros2cpp_tutorials_action/cmake/export_ros2cpp_tutorials_action__rosidl_typesupport_fastrtps_cppExport.cmake
[0.923s] -- Up-to-date: /home/bobo/ros2_ws/install/ros2cpp_tutorials_action/share/ros2cpp_tutorials_action/cmake/export_ros2cpp_tutorials_action__rosidl_typesupport_fastrtps_cppExport-noconfig.cmake
[0.923s] -- Up-to-date: /home/bobo/ros2_ws/install/ros2cpp_tutorials_action/share/ros2cpp_tutorials_action/cmake/ros2cpp_tutorials_action__rosidl_typesupport_introspection_cppExport.cmake
[0.923s] -- Up-to-date: /home/bobo/ros2_ws/install/ros2cpp_tutorials_action/share/ros2cpp_tutorials_action/cmake/ros2cpp_tutorials_action__rosidl_typesupport_introspection_cppExport-noconfig.cmake
[0.923s] -- Up-to-date: /home/bobo/ros2_ws/install/ros2cpp_tutorials_action/share/ros2cpp_tutorials_action/cmake/ros2cpp_tutorials_action__rosidl_typesupport_cppExport.cmake
[0.923s] -- Up-to-date: /home/bobo/ros2_ws/install/ros2cpp_tutorials_action/share/ros2cpp_tutorials_action/cmake/ros2cpp_tutorials_action__rosidl_typesupport_cppExport-noconfig.cmake
[0.924s] -- Up-to-date: /home/bobo/ros2_ws/install/ros2cpp_tutorials_action/share/ros2cpp_tutorials_action/cmake/export_ros2cpp_tutorials_action__rosidl_generator_pyExport.cmake
[0.924s] -- Up-to-date: /home/bobo/ros2_ws/install/ros2cpp_tutorials_action/share/ros2cpp_tutorials_action/cmake/export_ros2cpp_tutorials_action__rosidl_generator_pyExport-noconfig.cmake
[0.924s] -- Up-to-date: /home/bobo/ros2_ws/install/ros2cpp_tutorials_action/share/ros2cpp_tutorials_action/cmake/rosidl_cmake-extras.cmake
[0.924s] -- Up-to-date: /home/bobo/ros2_ws/install/ros2cpp_tutorials_action/share/ros2cpp_tutorials_action/cmake/ament_cmake_export_dependencies-extras.cmake
[0.924s] -- Up-to-date: /home/bobo/ros2_ws/install/ros2cpp_tutorials_action/share/ros2cpp_tutorials_action/cmake/ament_cmake_export_include_directories-extras.cmake
[0.924s] -- Up-to-date: /home/bobo/ros2_ws/install/ros2cpp_tutorials_action/share/ros2cpp_tutorials_action/cmake/ament_cmake_export_libraries-extras.cmake
[0.924s] -- Up-to-date: /home/bobo/ros2_ws/install/ros2cpp_tutorials_action/share/ros2cpp_tutorials_action/cmake/ament_cmake_export_targets-extras.cmake
[0.925s] -- Up-to-date: /home/bobo/ros2_ws/install/ros2cpp_tutorials_action/share/ros2cpp_tutorials_action/cmake/rosidl_cmake_export_typesupport_targets-extras.cmake
[0.925s] -- Up-to-date: /home/bobo/ros2_ws/install/ros2cpp_tutorials_action/share/ros2cpp_tutorials_action/cmake/rosidl_cmake_export_typesupport_libraries-extras.cmake
[0.925s] -- Up-to-date: /home/bobo/ros2_ws/install/ros2cpp_tutorials_action/share/ros2cpp_tutorials_action/cmake/ros2cpp_tutorials_actionConfig.cmake
[0.925s] -- Up-to-date: /home/bobo/ros2_ws/install/ros2cpp_tutorials_action/share/ros2cpp_tutorials_action/cmake/ros2cpp_tutorials_actionConfig-version.cmake
[0.925s] -- Up-to-date: /home/bobo/ros2_ws/install/ros2cpp_tutorials_action/share/ros2cpp_tutorials_action/package.xml
[0.927s] Invoked command in '/home/bobo/ros2_ws/build/ros2cpp_tutorials_action' returned '0': CMAKE_PREFIX_PATH=${CMAKE_PREFIX_PATH}:/opt/ros/humble /usr/bin/cmake --install /home/bobo/ros2_ws/build/ros2cpp_tutorials_action
