[0.082s] Invoking command in '/home/bobo/ros2_ws/build/ros2cpp_tutorials_service': CMAKE_PREFIX_PATH=${CMAKE_PREFIX_PATH}:/opt/ros/humble /usr/bin/cmake --build /home/bobo/ros2_ws/build/ros2cpp_tutorials_service -- -j8 -l8
[0.426s] [  2%] Built target ros2cpp_tutorials_service__cpp
[0.458s] [ 10%] Built target ros2cpp_tutorials_service__rosidl_generator_c
[0.584s] [ 17%] Built target ros2cpp_tutorials_service__rosidl_typesupport_cpp
[0.584s] [ 17%] Built target ament_cmake_python_copy_ros2cpp_tutorials_service
[0.645s] [ 25%] Built target ros2cpp_tutorials_service__rosidl_typesupport_introspection_c
[0.672s] [ 38%] Built target ros2cpp_tutorials_service__rosidl_typesupport_introspection_cpp
[0.672s] [ 41%] Built target ros2cpp_tutorials_service__rosidl_typesupport_fastrtps_cpp
[0.676s] [ 48%] Built target ros2cpp_tutorials_service__rosidl_typesupport_c
[0.719s] [ 56%] Built target ros2cpp_tutorials_service__rosidl_typesupport_fastrtps_c
[0.750s] [ 61%] Built target client
[0.776s] [ 66%] Built target client_async_callback
[0.835s] [ 71%] Built target service
[0.860s] [ 76%] Built target client_sync_callback
[0.861s] [ 76%] Built target ros2cpp_tutorials_service
[0.987s] [ 79%] Built target ros2cpp_tutorials_service__py
[1.124s] [ 84%] Built target ros2cpp_tutorials_service__rosidl_generator_py
[1.214s] [ 89%] Built target ros2cpp_tutorials_service__rosidl_typesupport_fastrtps_c__pyext
[1.215s] [ 94%] Built target ros2cpp_tutorials_service__rosidl_typesupport_introspection_c__pyext
[1.220s] [100%] Built target ros2cpp_tutorials_service__rosidl_typesupport_c__pyext
[1.753s] running egg_info
[1.755s] writing ros2cpp_tutorials_service.egg-info/PKG-INFO
[1.756s] writing dependency_links to ros2cpp_tutorials_service.egg-info/dependency_links.txt
[1.756s] writing top-level names to ros2cpp_tutorials_service.egg-info/top_level.txt
[1.765s] reading manifest file 'ros2cpp_tutorials_service.egg-info/SOURCES.txt'
[1.767s] writing manifest file 'ros2cpp_tutorials_service.egg-info/SOURCES.txt'
[1.855s] [100%] Built target ament_cmake_python_build_ros2cpp_tutorials_service_egg
[1.897s] Invoked command in '/home/bobo/ros2_ws/build/ros2cpp_tutorials_service' returned '0': CMAKE_PREFIX_PATH=${CMAKE_PREFIX_PATH}:/opt/ros/humble /usr/bin/cmake --build /home/bobo/ros2_ws/build/ros2cpp_tutorials_service -- -j8 -l8
[2.128s] Invoking command in '/home/bobo/ros2_ws/build/ros2cpp_tutorials_service': CMAKE_PREFIX_PATH=${CMAKE_PREFIX_PATH}:/opt/ros/humble /usr/bin/cmake --install /home/bobo/ros2_ws/build/ros2cpp_tutorials_service
[2.171s] -- Install configuration: ""
[2.172s] -- Up-to-date: /home/bobo/ros2_ws/install/ros2cpp_tutorials_service/share/ament_index/resource_index/rosidl_interfaces/ros2cpp_tutorials_service
[2.172s] -- Up-to-date: /home/bobo/ros2_ws/install/ros2cpp_tutorials_service/include/ros2cpp_tutorials_service/ros2cpp_tutorials_service
[2.172s] -- Up-to-date: /home/bobo/ros2_ws/install/ros2cpp_tutorials_service/include/ros2cpp_tutorials_service/ros2cpp_tutorials_service/srv
[2.173s] -- Up-to-date: /home/bobo/ros2_ws/install/ros2cpp_tutorials_service/include/ros2cpp_tutorials_service/ros2cpp_tutorials_service/srv/detail
[2.173s] -- Up-to-date: /home/bobo/ros2_ws/install/ros2cpp_tutorials_service/include/ros2cpp_tutorials_service/ros2cpp_tutorials_service/srv/detail/add_two_ints__type_support.h
[2.174s] -- Up-to-date: /home/bobo/ros2_ws/install/ros2cpp_tutorials_service/include/ros2cpp_tutorials_service/ros2cpp_tutorials_service/srv/detail/add_two_ints__struct.h
[2.175s] -- Up-to-date: /home/bobo/ros2_ws/install/ros2cpp_tutorials_service/include/ros2cpp_tutorials_service/ros2cpp_tutorials_service/srv/detail/add_two_ints__functions.h
[2.176s] -- Up-to-date: /home/bobo/ros2_ws/install/ros2cpp_tutorials_service/include/ros2cpp_tutorials_service/ros2cpp_tutorials_service/srv/detail/add_two_ints__functions.c
[2.177s] -- Up-to-date: /home/bobo/ros2_ws/install/ros2cpp_tutorials_service/include/ros2cpp_tutorials_service/ros2cpp_tutorials_service/srv/add_two_ints.h
[2.177s] -- Up-to-date: /home/bobo/ros2_ws/install/ros2cpp_tutorials_service/include/ros2cpp_tutorials_service/ros2cpp_tutorials_service/msg
[2.177s] -- Up-to-date: /home/bobo/ros2_ws/install/ros2cpp_tutorials_service/include/ros2cpp_tutorials_service/ros2cpp_tutorials_service/msg/rosidl_generator_c__visibility_control.h
[2.178s] -- Up-to-date: /home/bobo/ros2_ws/install/ros2cpp_tutorials_service/share/ros2cpp_tutorials_service/environment/library_path.sh
[2.178s] -- Up-to-date: /home/bobo/ros2_ws/install/ros2cpp_tutorials_service/share/ros2cpp_tutorials_service/environment/library_path.dsv
[2.178s] -- Up-to-date: /home/bobo/ros2_ws/install/ros2cpp_tutorials_service/lib/libros2cpp_tutorials_service__rosidl_generator_c.so
[2.178s] -- Up-to-date: /home/bobo/ros2_ws/install/ros2cpp_tutorials_service/include/ros2cpp_tutorials_service/ros2cpp_tutorials_service
[2.179s] -- Up-to-date: /home/bobo/ros2_ws/install/ros2cpp_tutorials_service/include/ros2cpp_tutorials_service/ros2cpp_tutorials_service/srv
[2.179s] -- Up-to-date: /home/bobo/ros2_ws/install/ros2cpp_tutorials_service/include/ros2cpp_tutorials_service/ros2cpp_tutorials_service/srv/detail
[2.179s] -- Up-to-date: /home/bobo/ros2_ws/install/ros2cpp_tutorials_service/include/ros2cpp_tutorials_service/ros2cpp_tutorials_service/srv/detail/add_two_ints__rosidl_typesupport_fastrtps_c.h
[2.179s] -- Up-to-date: /home/bobo/ros2_ws/install/ros2cpp_tutorials_service/include/ros2cpp_tutorials_service/ros2cpp_tutorials_service/msg
[2.180s] -- Up-to-date: /home/bobo/ros2_ws/install/ros2cpp_tutorials_service/include/ros2cpp_tutorials_service/ros2cpp_tutorials_service/msg/rosidl_typesupport_fastrtps_c__visibility_control.h
[2.180s] -- Up-to-date: /home/bobo/ros2_ws/install/ros2cpp_tutorials_service/lib/libros2cpp_tutorials_service__rosidl_typesupport_fastrtps_c.so
[2.181s] -- Up-to-date: /home/bobo/ros2_ws/install/ros2cpp_tutorials_service/include/ros2cpp_tutorials_service/ros2cpp_tutorials_service
[2.183s] -- Up-to-date: /home/bobo/ros2_ws/install/ros2cpp_tutorials_service/include/ros2cpp_tutorials_service/ros2cpp_tutorials_service/srv
[2.183s] -- Up-to-date: /home/bobo/ros2_ws/install/ros2cpp_tutorials_service/include/ros2cpp_tutorials_service/ros2cpp_tutorials_service/srv/detail
[2.183s] -- Up-to-date: /home/bobo/ros2_ws/install/ros2cpp_tutorials_service/include/ros2cpp_tutorials_service/ros2cpp_tutorials_service/srv/detail/add_two_ints__rosidl_typesupport_introspection_c.h
[2.184s] -- Up-to-date: /home/bobo/ros2_ws/install/ros2cpp_tutorials_service/include/ros2cpp_tutorials_service/ros2cpp_tutorials_service/srv/detail/add_two_ints__type_support.c
[2.185s] -- Up-to-date: /home/bobo/ros2_ws/install/ros2cpp_tutorials_service/include/ros2cpp_tutorials_service/ros2cpp_tutorials_service/msg
[2.186s] -- Up-to-date: /home/bobo/ros2_ws/install/ros2cpp_tutorials_service/include/ros2cpp_tutorials_service/ros2cpp_tutorials_service/msg/rosidl_typesupport_introspection_c__visibility_control.h
[2.186s] -- Up-to-date: /home/bobo/ros2_ws/install/ros2cpp_tutorials_service/lib/libros2cpp_tutorials_service__rosidl_typesupport_introspection_c.so
[2.187s] -- Up-to-date: /home/bobo/ros2_ws/install/ros2cpp_tutorials_service/lib/libros2cpp_tutorials_service__rosidl_typesupport_c.so
[2.187s] -- Up-to-date: /home/bobo/ros2_ws/install/ros2cpp_tutorials_service/include/ros2cpp_tutorials_service/ros2cpp_tutorials_service
[2.188s] -- Up-to-date: /home/bobo/ros2_ws/install/ros2cpp_tutorials_service/include/ros2cpp_tutorials_service/ros2cpp_tutorials_service/srv
[2.188s] -- Up-to-date: /home/bobo/ros2_ws/install/ros2cpp_tutorials_service/include/ros2cpp_tutorials_service/ros2cpp_tutorials_service/srv/detail
[2.188s] -- Up-to-date: /home/bobo/ros2_ws/install/ros2cpp_tutorials_service/include/ros2cpp_tutorials_service/ros2cpp_tutorials_service/srv/detail/add_two_ints__struct.hpp
[2.189s] -- Up-to-date: /home/bobo/ros2_ws/install/ros2cpp_tutorials_service/include/ros2cpp_tutorials_service/ros2cpp_tutorials_service/srv/detail/add_two_ints__traits.hpp
[2.189s] -- Up-to-date: /home/bobo/ros2_ws/install/ros2cpp_tutorials_service/include/ros2cpp_tutorials_service/ros2cpp_tutorials_service/srv/detail/add_two_ints__builder.hpp
[2.189s] -- Up-to-date: /home/bobo/ros2_ws/install/ros2cpp_tutorials_service/include/ros2cpp_tutorials_service/ros2cpp_tutorials_service/srv/add_two_ints.hpp
[2.190s] -- Up-to-date: /home/bobo/ros2_ws/install/ros2cpp_tutorials_service/include/ros2cpp_tutorials_service/ros2cpp_tutorials_service
[2.191s] -- Up-to-date: /home/bobo/ros2_ws/install/ros2cpp_tutorials_service/include/ros2cpp_tutorials_service/ros2cpp_tutorials_service/srv
[2.191s] -- Up-to-date: /home/bobo/ros2_ws/install/ros2cpp_tutorials_service/include/ros2cpp_tutorials_service/ros2cpp_tutorials_service/srv/detail
[2.191s] -- Up-to-date: /home/bobo/ros2_ws/install/ros2cpp_tutorials_service/include/ros2cpp_tutorials_service/ros2cpp_tutorials_service/srv/detail/add_two_ints__rosidl_typesupport_fastrtps_cpp.hpp
[2.191s] -- Up-to-date: /home/bobo/ros2_ws/install/ros2cpp_tutorials_service/include/ros2cpp_tutorials_service/ros2cpp_tutorials_service/srv/detail/dds_fastrtps
[2.192s] -- Up-to-date: /home/bobo/ros2_ws/install/ros2cpp_tutorials_service/include/ros2cpp_tutorials_service/ros2cpp_tutorials_service/msg
[2.192s] -- Up-to-date: /home/bobo/ros2_ws/install/ros2cpp_tutorials_service/include/ros2cpp_tutorials_service/ros2cpp_tutorials_service/msg/rosidl_typesupport_fastrtps_cpp__visibility_control.h
[2.192s] -- Up-to-date: /home/bobo/ros2_ws/install/ros2cpp_tutorials_service/lib/libros2cpp_tutorials_service__rosidl_typesupport_fastrtps_cpp.so
[2.193s] -- Up-to-date: /home/bobo/ros2_ws/install/ros2cpp_tutorials_service/include/ros2cpp_tutorials_service/ros2cpp_tutorials_service
[2.194s] -- Up-to-date: /home/bobo/ros2_ws/install/ros2cpp_tutorials_service/include/ros2cpp_tutorials_service/ros2cpp_tutorials_service/srv
[2.194s] -- Up-to-date: /home/bobo/ros2_ws/install/ros2cpp_tutorials_service/include/ros2cpp_tutorials_service/ros2cpp_tutorials_service/srv/detail
[2.196s] -- Up-to-date: /home/bobo/ros2_ws/install/ros2cpp_tutorials_service/include/ros2cpp_tutorials_service/ros2cpp_tutorials_service/srv/detail/add_two_ints__type_support.cpp
[2.196s] -- Up-to-date: /home/bobo/ros2_ws/install/ros2cpp_tutorials_service/include/ros2cpp_tutorials_service/ros2cpp_tutorials_service/srv/detail/add_two_ints__rosidl_typesupport_introspection_cpp.hpp
[2.196s] -- Up-to-date: /home/bobo/ros2_ws/install/ros2cpp_tutorials_service/lib/libros2cpp_tutorials_service__rosidl_typesupport_introspection_cpp.so
[2.197s] -- Up-to-date: /home/bobo/ros2_ws/install/ros2cpp_tutorials_service/lib/libros2cpp_tutorials_service__rosidl_typesupport_cpp.so
[2.198s] -- Up-to-date: /home/bobo/ros2_ws/install/ros2cpp_tutorials_service/share/ros2cpp_tutorials_service/environment/pythonpath.sh
[2.198s] -- Up-to-date: /home/bobo/ros2_ws/install/ros2cpp_tutorials_service/share/ros2cpp_tutorials_service/environment/pythonpath.dsv
[2.198s] -- Up-to-date: /home/bobo/ros2_ws/install/ros2cpp_tutorials_service/local/lib/python3.10/dist-packages/ros2cpp_tutorials_service-1.0.0-py3.10.egg-info
[2.199s] -- Installing: /home/bobo/ros2_ws/install/ros2cpp_tutorials_service/local/lib/python3.10/dist-packages/ros2cpp_tutorials_service-1.0.0-py3.10.egg-info/top_level.txt
[2.200s] -- Installing: /home/bobo/ros2_ws/install/ros2cpp_tutorials_service/local/lib/python3.10/dist-packages/ros2cpp_tutorials_service-1.0.0-py3.10.egg-info/dependency_links.txt
[2.200s] -- Installing: /home/bobo/ros2_ws/install/ros2cpp_tutorials_service/local/lib/python3.10/dist-packages/ros2cpp_tutorials_service-1.0.0-py3.10.egg-info/SOURCES.txt
[2.202s] -- Installing: /home/bobo/ros2_ws/install/ros2cpp_tutorials_service/local/lib/python3.10/dist-packages/ros2cpp_tutorials_service-1.0.0-py3.10.egg-info/PKG-INFO
[2.202s] -- Up-to-date: /home/bobo/ros2_ws/install/ros2cpp_tutorials_service/local/lib/python3.10/dist-packages/ros2cpp_tutorials_service
[2.202s] -- Up-to-date: /home/bobo/ros2_ws/install/ros2cpp_tutorials_service/local/lib/python3.10/dist-packages/ros2cpp_tutorials_service/_ros2cpp_tutorials_service_s.ep.rosidl_typesupport_c.c
[2.202s] -- Up-to-date: /home/bobo/ros2_ws/install/ros2cpp_tutorials_service/local/lib/python3.10/dist-packages/ros2cpp_tutorials_service/srv
[2.202s] -- Up-to-date: /home/bobo/ros2_ws/install/ros2cpp_tutorials_service/local/lib/python3.10/dist-packages/ros2cpp_tutorials_service/srv/_add_two_ints.py
[2.203s] -- Up-to-date: /home/bobo/ros2_ws/install/ros2cpp_tutorials_service/local/lib/python3.10/dist-packages/ros2cpp_tutorials_service/srv/__init__.py
[2.203s] -- Up-to-date: /home/bobo/ros2_ws/install/ros2cpp_tutorials_service/local/lib/python3.10/dist-packages/ros2cpp_tutorials_service/srv/_add_two_ints_s.c
[2.203s] -- Up-to-date: /home/bobo/ros2_ws/install/ros2cpp_tutorials_service/local/lib/python3.10/dist-packages/ros2cpp_tutorials_service/ros2cpp_tutorials_service_s__rosidl_typesupport_c.cpython-310-x86_64-linux-gnu.so
[2.203s] -- Up-to-date: /home/bobo/ros2_ws/install/ros2cpp_tutorials_service/local/lib/python3.10/dist-packages/ros2cpp_tutorials_service/__init__.py
[2.204s] -- Up-to-date: /home/bobo/ros2_ws/install/ros2cpp_tutorials_service/local/lib/python3.10/dist-packages/ros2cpp_tutorials_service/ros2cpp_tutorials_service_s__rosidl_typesupport_fastrtps_c.cpython-310-x86_64-linux-gnu.so
[2.205s] -- Up-to-date: /home/bobo/ros2_ws/install/ros2cpp_tutorials_service/local/lib/python3.10/dist-packages/ros2cpp_tutorials_service/ros2cpp_tutorials_service_s__rosidl_typesupport_introspection_c.cpython-310-x86_64-linux-gnu.so
[2.206s] -- Up-to-date: /home/bobo/ros2_ws/install/ros2cpp_tutorials_service/local/lib/python3.10/dist-packages/ros2cpp_tutorials_service/_ros2cpp_tutorials_service_s.ep.rosidl_typesupport_fastrtps_c.c
[2.208s] -- Up-to-date: /home/bobo/ros2_ws/install/ros2cpp_tutorials_service/local/lib/python3.10/dist-packages/ros2cpp_tutorials_service/libros2cpp_tutorials_service__rosidl_generator_py.so
[2.210s] -- Up-to-date: /home/bobo/ros2_ws/install/ros2cpp_tutorials_service/local/lib/python3.10/dist-packages/ros2cpp_tutorials_service/_ros2cpp_tutorials_service_s.ep.rosidl_typesupport_introspection_c.c
[2.305s] Listing '/home/bobo/ros2_ws/install/ros2cpp_tutorials_service/local/lib/python3.10/dist-packages/ros2cpp_tutorials_service'...
[2.307s] Listing '/home/bobo/ros2_ws/install/ros2cpp_tutorials_service/local/lib/python3.10/dist-packages/ros2cpp_tutorials_service/srv'...
[2.307s] -- Up-to-date: /home/bobo/ros2_ws/install/ros2cpp_tutorials_service/local/lib/python3.10/dist-packages/ros2cpp_tutorials_service/ros2cpp_tutorials_service_s__rosidl_typesupport_fastrtps_c.cpython-310-x86_64-linux-gnu.so
[2.308s] -- Up-to-date: /home/bobo/ros2_ws/install/ros2cpp_tutorials_service/local/lib/python3.10/dist-packages/ros2cpp_tutorials_service/ros2cpp_tutorials_service_s__rosidl_typesupport_introspection_c.cpython-310-x86_64-linux-gnu.so
[2.308s] -- Up-to-date: /home/bobo/ros2_ws/install/ros2cpp_tutorials_service/local/lib/python3.10/dist-packages/ros2cpp_tutorials_service/ros2cpp_tutorials_service_s__rosidl_typesupport_c.cpython-310-x86_64-linux-gnu.so
[2.309s] -- Up-to-date: /home/bobo/ros2_ws/install/ros2cpp_tutorials_service/lib/libros2cpp_tutorials_service__rosidl_generator_py.so
[2.309s] -- Up-to-date: /home/bobo/ros2_ws/install/ros2cpp_tutorials_service/share/ros2cpp_tutorials_service/srv/AddTwoInts.idl
[2.311s] -- Up-to-date: /home/bobo/ros2_ws/install/ros2cpp_tutorials_service/share/ros2cpp_tutorials_service/srv/AddTwoInts.srv
[2.312s] -- Up-to-date: /home/bobo/ros2_ws/install/ros2cpp_tutorials_service/share/ros2cpp_tutorials_service/srv/AddTwoInts_Request.msg
[2.314s] -- Up-to-date: /home/bobo/ros2_ws/install/ros2cpp_tutorials_service/share/ros2cpp_tutorials_service/srv/AddTwoInts_Response.msg
[2.314s] -- Up-to-date: /home/bobo/ros2_ws/install/ros2cpp_tutorials_service/lib/ros2cpp_tutorials_service/client
[2.315s] -- Up-to-date: /home/bobo/ros2_ws/install/ros2cpp_tutorials_service/lib/ros2cpp_tutorials_service/client_async_callback
[2.315s] -- Up-to-date: /home/bobo/ros2_ws/install/ros2cpp_tutorials_service/lib/ros2cpp_tutorials_service/client_sync_callback
[2.315s] -- Up-to-date: /home/bobo/ros2_ws/install/ros2cpp_tutorials_service/lib/ros2cpp_tutorials_service/service
[2.315s] -- Up-to-date: /home/bobo/ros2_ws/install/ros2cpp_tutorials_service/share/ament_index/resource_index/package_run_dependencies/ros2cpp_tutorials_service
[2.317s] -- Up-to-date: /home/bobo/ros2_ws/install/ros2cpp_tutorials_service/share/ament_index/resource_index/parent_prefix_path/ros2cpp_tutorials_service
[2.318s] -- Up-to-date: /home/bobo/ros2_ws/install/ros2cpp_tutorials_service/share/ros2cpp_tutorials_service/environment/ament_prefix_path.sh
[2.318s] -- Up-to-date: /home/bobo/ros2_ws/install/ros2cpp_tutorials_service/share/ros2cpp_tutorials_service/environment/ament_prefix_path.dsv
[2.319s] -- Up-to-date: /home/bobo/ros2_ws/install/ros2cpp_tutorials_service/share/ros2cpp_tutorials_service/environment/path.sh
[2.319s] -- Up-to-date: /home/bobo/ros2_ws/install/ros2cpp_tutorials_service/share/ros2cpp_tutorials_service/environment/path.dsv
[2.319s] -- Up-to-date: /home/bobo/ros2_ws/install/ros2cpp_tutorials_service/share/ros2cpp_tutorials_service/local_setup.bash
[2.320s] -- Up-to-date: /home/bobo/ros2_ws/install/ros2cpp_tutorials_service/share/ros2cpp_tutorials_service/local_setup.sh
[2.322s] -- Up-to-date: /home/bobo/ros2_ws/install/ros2cpp_tutorials_service/share/ros2cpp_tutorials_service/local_setup.zsh
[2.322s] -- Up-to-date: /home/bobo/ros2_ws/install/ros2cpp_tutorials_service/share/ros2cpp_tutorials_service/local_setup.dsv
[2.323s] -- Installing: /home/bobo/ros2_ws/install/ros2cpp_tutorials_service/share/ros2cpp_tutorials_service/package.dsv
[2.323s] -- Up-to-date: /home/bobo/ros2_ws/install/ros2cpp_tutorials_service/share/ament_index/resource_index/packages/ros2cpp_tutorials_service
[2.323s] -- Up-to-date: /home/bobo/ros2_ws/install/ros2cpp_tutorials_service/share/ros2cpp_tutorials_service/cmake/export_ros2cpp_tutorials_service__rosidl_generator_cExport.cmake
[2.324s] -- Up-to-date: /home/bobo/ros2_ws/install/ros2cpp_tutorials_service/share/ros2cpp_tutorials_service/cmake/export_ros2cpp_tutorials_service__rosidl_generator_cExport-noconfig.cmake
[2.325s] -- Up-to-date: /home/bobo/ros2_ws/install/ros2cpp_tutorials_service/share/ros2cpp_tutorials_service/cmake/export_ros2cpp_tutorials_service__rosidl_typesupport_fastrtps_cExport.cmake
[2.326s] -- Up-to-date: /home/bobo/ros2_ws/install/ros2cpp_tutorials_service/share/ros2cpp_tutorials_service/cmake/export_ros2cpp_tutorials_service__rosidl_typesupport_fastrtps_cExport-noconfig.cmake
[2.327s] -- Up-to-date: /home/bobo/ros2_ws/install/ros2cpp_tutorials_service/share/ros2cpp_tutorials_service/cmake/ros2cpp_tutorials_service__rosidl_typesupport_introspection_cExport.cmake
[2.328s] -- Up-to-date: /home/bobo/ros2_ws/install/ros2cpp_tutorials_service/share/ros2cpp_tutorials_service/cmake/ros2cpp_tutorials_service__rosidl_typesupport_introspection_cExport-noconfig.cmake
[2.328s] -- Up-to-date: /home/bobo/ros2_ws/install/ros2cpp_tutorials_service/share/ros2cpp_tutorials_service/cmake/ros2cpp_tutorials_service__rosidl_typesupport_cExport.cmake
[2.329s] -- Up-to-date: /home/bobo/ros2_ws/install/ros2cpp_tutorials_service/share/ros2cpp_tutorials_service/cmake/ros2cpp_tutorials_service__rosidl_typesupport_cExport-noconfig.cmake
[2.329s] -- Up-to-date: /home/bobo/ros2_ws/install/ros2cpp_tutorials_service/share/ros2cpp_tutorials_service/cmake/export_ros2cpp_tutorials_service__rosidl_generator_cppExport.cmake
[2.329s] -- Up-to-date: /home/bobo/ros2_ws/install/ros2cpp_tutorials_service/share/ros2cpp_tutorials_service/cmake/export_ros2cpp_tutorials_service__rosidl_typesupport_fastrtps_cppExport.cmake
[2.330s] -- Up-to-date: /home/bobo/ros2_ws/install/ros2cpp_tutorials_service/share/ros2cpp_tutorials_service/cmake/export_ros2cpp_tutorials_service__rosidl_typesupport_fastrtps_cppExport-noconfig.cmake
[2.331s] -- Up-to-date: /home/bobo/ros2_ws/install/ros2cpp_tutorials_service/share/ros2cpp_tutorials_service/cmake/ros2cpp_tutorials_service__rosidl_typesupport_introspection_cppExport.cmake
[2.331s] -- Up-to-date: /home/bobo/ros2_ws/install/ros2cpp_tutorials_service/share/ros2cpp_tutorials_service/cmake/ros2cpp_tutorials_service__rosidl_typesupport_introspection_cppExport-noconfig.cmake
[2.331s] -- Up-to-date: /home/bobo/ros2_ws/install/ros2cpp_tutorials_service/share/ros2cpp_tutorials_service/cmake/ros2cpp_tutorials_service__rosidl_typesupport_cppExport.cmake
[2.332s] -- Up-to-date: /home/bobo/ros2_ws/install/ros2cpp_tutorials_service/share/ros2cpp_tutorials_service/cmake/ros2cpp_tutorials_service__rosidl_typesupport_cppExport-noconfig.cmake
[2.332s] -- Up-to-date: /home/bobo/ros2_ws/install/ros2cpp_tutorials_service/share/ros2cpp_tutorials_service/cmake/export_ros2cpp_tutorials_service__rosidl_generator_pyExport.cmake
[2.333s] -- Up-to-date: /home/bobo/ros2_ws/install/ros2cpp_tutorials_service/share/ros2cpp_tutorials_service/cmake/export_ros2cpp_tutorials_service__rosidl_generator_pyExport-noconfig.cmake
[2.333s] -- Up-to-date: /home/bobo/ros2_ws/install/ros2cpp_tutorials_service/share/ros2cpp_tutorials_service/cmake/rosidl_cmake-extras.cmake
[2.334s] -- Up-to-date: /home/bobo/ros2_ws/install/ros2cpp_tutorials_service/share/ros2cpp_tutorials_service/cmake/ament_cmake_export_include_directories-extras.cmake
[2.334s] -- Up-to-date: /home/bobo/ros2_ws/install/ros2cpp_tutorials_service/share/ros2cpp_tutorials_service/cmake/ament_cmake_export_libraries-extras.cmake
[2.335s] -- Up-to-date: /home/bobo/ros2_ws/install/ros2cpp_tutorials_service/share/ros2cpp_tutorials_service/cmake/ament_cmake_export_targets-extras.cmake
[2.335s] -- Up-to-date: /home/bobo/ros2_ws/install/ros2cpp_tutorials_service/share/ros2cpp_tutorials_service/cmake/rosidl_cmake_export_typesupport_targets-extras.cmake
[2.335s] -- Up-to-date: /home/bobo/ros2_ws/install/ros2cpp_tutorials_service/share/ros2cpp_tutorials_service/cmake/ament_cmake_export_dependencies-extras.cmake
[2.335s] -- Up-to-date: /home/bobo/ros2_ws/install/ros2cpp_tutorials_service/share/ros2cpp_tutorials_service/cmake/rosidl_cmake_export_typesupport_libraries-extras.cmake
[2.336s] -- Up-to-date: /home/bobo/ros2_ws/install/ros2cpp_tutorials_service/share/ros2cpp_tutorials_service/cmake/ros2cpp_tutorials_serviceConfig.cmake
[2.336s] -- Up-to-date: /home/bobo/ros2_ws/install/ros2cpp_tutorials_service/share/ros2cpp_tutorials_service/cmake/ros2cpp_tutorials_serviceConfig-version.cmake
[2.336s] -- Up-to-date: /home/bobo/ros2_ws/install/ros2cpp_tutorials_service/share/ros2cpp_tutorials_service/package.xml
[2.340s] Invoked command in '/home/bobo/ros2_ws/build/ros2cpp_tutorials_service' returned '0': CMAKE_PREFIX_PATH=${CMAKE_PREFIX_PATH}:/opt/ros/humble /usr/bin/cmake --install /home/bobo/ros2_ws/build/ros2cpp_tutorials_service
