[0.181s] DEBUG:colcon:Command line arguments: ['/usr/bin/colcon', 'build']
[0.181s] DEBUG:colcon:Parsed command line arguments: Namespace(log_base=None, log_level=None, verb_name='build', build_base='build', install_base='install', merge_install=False, symlink_install=False, test_result_base=None, continue_on_error=False, executor='parallel', parallel_workers=8, event_handlers=None, ignore_user_meta=False, metas=['./colcon.meta'], base_paths=['.'], packages_ignore=None, packages_ignore_regex=None, paths=None, packages_up_to=None, packages_up_to_regex=None, packages_above=None, packages_above_and_dependencies=None, packages_above_depth=None, packages_select_by_dep=None, packages_skip_by_dep=None, packages_skip_up_to=None, packages_select_build_failed=False, packages_skip_build_finished=False, packages_select_test_failures=False, packages_skip_test_passed=False, packages_select=None, packages_skip=None, packages_select_regex=None, packages_skip_regex=None, packages_start=None, packages_end=None, allow_overriding=[], cmake_args=None, cmake_target=None, cmake_target_skip_unavailable=False, cmake_clean_cache=False, cmake_clean_first=False, cmake_force_configure=False, ament_cmake_args=None, catkin_cmake_args=None, catkin_skip_building_tests=False, mixin_files=None, mixin=None, verb_parser=<colcon_mixin.mixin.mixin_argument.MixinArgumentDecorator object at 0x7badc44529b0>, verb_extension=<colcon_core.verb.build.BuildVerb object at 0x7badc44523e0>, main=<bound method BuildVerb.main of <colcon_core.verb.build.BuildVerb object at 0x7badc44523e0>>, mixin_verb=('build',))
[0.464s] Level 1:colcon.colcon_core.package_discovery:discover_packages(colcon_meta) check parameters
[0.465s] Level 1:colcon.colcon_core.package_discovery:discover_packages(recursive) check parameters
[0.465s] Level 1:colcon.colcon_core.package_discovery:discover_packages(ignore) check parameters
[0.465s] Level 1:colcon.colcon_core.package_discovery:discover_packages(path) check parameters
[0.465s] Level 1:colcon.colcon_core.package_discovery:discover_packages(colcon_meta) discover
[0.465s] Level 1:colcon.colcon_core.package_discovery:discover_packages(recursive) discover
[0.465s] INFO:colcon.colcon_core.package_discovery:Crawling recursively for packages in '/home/bobo/ros2_ws'
[0.465s] Level 1:colcon.colcon_core.package_identification:_identify(.) by extensions ['ignore', 'ignore_ament_install']
[0.465s] Level 1:colcon.colcon_core.package_identification:_identify(.) by extension 'ignore'
[0.465s] Level 1:colcon.colcon_core.package_identification:_identify(.) by extension 'ignore_ament_install'
[0.466s] Level 1:colcon.colcon_core.package_identification:_identify(.) by extensions ['colcon_pkg']
[0.466s] Level 1:colcon.colcon_core.package_identification:_identify(.) by extension 'colcon_pkg'
[0.466s] Level 1:colcon.colcon_core.package_identification:_identify(.) by extensions ['colcon_meta']
[0.466s] Level 1:colcon.colcon_core.package_identification:_identify(.) by extension 'colcon_meta'
[0.466s] Level 1:colcon.colcon_core.package_identification:_identify(.) by extensions ['ros']
[0.466s] Level 1:colcon.colcon_core.package_identification:_identify(.) by extension 'ros'
[0.481s] Level 1:colcon.colcon_core.package_identification:_identify(.) by extensions ['cmake', 'python']
[0.481s] Level 1:colcon.colcon_core.package_identification:_identify(.) by extension 'cmake'
[0.482s] Level 1:colcon.colcon_core.package_identification:_identify(.) by extension 'python'
[0.482s] Level 1:colcon.colcon_core.package_identification:_identify(.) by extensions ['python_setup_py']
[0.482s] Level 1:colcon.colcon_core.package_identification:_identify(.) by extension 'python_setup_py'
[0.482s] Level 1:colcon.colcon_core.package_identification:_identify(build) by extensions ['ignore', 'ignore_ament_install']
[0.482s] Level 1:colcon.colcon_core.package_identification:_identify(build) by extension 'ignore'
[0.482s] Level 1:colcon.colcon_core.package_identification:_identify(build) ignored
[0.482s] Level 1:colcon.colcon_core.package_identification:_identify(eigen-3.4.0) by extensions ['ignore', 'ignore_ament_install']
[0.482s] Level 1:colcon.colcon_core.package_identification:_identify(eigen-3.4.0) by extension 'ignore'
[0.483s] Level 1:colcon.colcon_core.package_identification:_identify(eigen-3.4.0) by extension 'ignore_ament_install'
[0.483s] Level 1:colcon.colcon_core.package_identification:_identify(eigen-3.4.0) by extensions ['colcon_pkg']
[0.483s] Level 1:colcon.colcon_core.package_identification:_identify(eigen-3.4.0) by extension 'colcon_pkg'
[0.483s] Level 1:colcon.colcon_core.package_identification:_identify(eigen-3.4.0) by extensions ['colcon_meta']
[0.483s] Level 1:colcon.colcon_core.package_identification:_identify(eigen-3.4.0) by extension 'colcon_meta'
[0.483s] Level 1:colcon.colcon_core.package_identification:_identify(eigen-3.4.0) by extensions ['ros']
[0.483s] Level 1:colcon.colcon_core.package_identification:_identify(eigen-3.4.0) by extension 'ros'
[0.483s] Level 1:colcon.colcon_core.package_identification:_identify(eigen-3.4.0) by extensions ['cmake', 'python']
[0.483s] Level 1:colcon.colcon_core.package_identification:_identify(eigen-3.4.0) by extension 'cmake'
[1.040s] Level 1:colcon.colcon_core.package_identification:_identify(eigen-3.4.0) by extension 'python'
[1.040s] DEBUG:colcon.colcon_core.package_identification:Package 'eigen-3.4.0' with type 'cmake' and name 'Eigen3'
[1.040s] Level 1:colcon.colcon_core.package_identification:_identify(install) by extensions ['ignore', 'ignore_ament_install']
[1.041s] Level 1:colcon.colcon_core.package_identification:_identify(install) by extension 'ignore'
[1.041s] Level 1:colcon.colcon_core.package_identification:_identify(install) ignored
[1.048s] Level 1:colcon.colcon_core.package_identification:_identify(log) by extensions ['ignore', 'ignore_ament_install']
[1.048s] Level 1:colcon.colcon_core.package_identification:_identify(log) by extension 'ignore'
[1.049s] Level 1:colcon.colcon_core.package_identification:_identify(log) ignored
[1.049s] Level 1:colcon.colcon_core.package_identification:_identify(src) by extensions ['ignore', 'ignore_ament_install']
[1.049s] Level 1:colcon.colcon_core.package_identification:_identify(src) by extension 'ignore'
[1.049s] Level 1:colcon.colcon_core.package_identification:_identify(src) by extension 'ignore_ament_install'
[1.049s] Level 1:colcon.colcon_core.package_identification:_identify(src) by extensions ['colcon_pkg']
[1.049s] Level 1:colcon.colcon_core.package_identification:_identify(src) by extension 'colcon_pkg'
[1.049s] Level 1:colcon.colcon_core.package_identification:_identify(src) by extensions ['colcon_meta']
[1.049s] Level 1:colcon.colcon_core.package_identification:_identify(src) by extension 'colcon_meta'
[1.049s] Level 1:colcon.colcon_core.package_identification:_identify(src) by extensions ['ros']
[1.049s] Level 1:colcon.colcon_core.package_identification:_identify(src) by extension 'ros'
[1.049s] Level 1:colcon.colcon_core.package_identification:_identify(src) by extensions ['cmake', 'python']
[1.050s] Level 1:colcon.colcon_core.package_identification:_identify(src) by extension 'cmake'
[1.050s] Level 1:colcon.colcon_core.package_identification:_identify(src) by extension 'python'
[1.050s] Level 1:colcon.colcon_core.package_identification:_identify(src) by extensions ['python_setup_py']
[1.050s] Level 1:colcon.colcon_core.package_identification:_identify(src) by extension 'python_setup_py'
[1.050s] Level 1:colcon.colcon_core.package_identification:_identify(src/mr2_public) by extensions ['ignore', 'ignore_ament_install']
[1.050s] Level 1:colcon.colcon_core.package_identification:_identify(src/mr2_public) by extension 'ignore'
[1.050s] Level 1:colcon.colcon_core.package_identification:_identify(src/mr2_public) by extension 'ignore_ament_install'
[1.050s] Level 1:colcon.colcon_core.package_identification:_identify(src/mr2_public) by extensions ['colcon_pkg']
[1.050s] Level 1:colcon.colcon_core.package_identification:_identify(src/mr2_public) by extension 'colcon_pkg'
[1.050s] Level 1:colcon.colcon_core.package_identification:_identify(src/mr2_public) by extensions ['colcon_meta']
[1.050s] Level 1:colcon.colcon_core.package_identification:_identify(src/mr2_public) by extension 'colcon_meta'
[1.050s] Level 1:colcon.colcon_core.package_identification:_identify(src/mr2_public) by extensions ['ros']
[1.051s] Level 1:colcon.colcon_core.package_identification:_identify(src/mr2_public) by extension 'ros'
[1.051s] Level 1:colcon.colcon_core.package_identification:_identify(src/mr2_public) by extensions ['cmake', 'python']
[1.051s] Level 1:colcon.colcon_core.package_identification:_identify(src/mr2_public) by extension 'cmake'
[1.051s] Level 1:colcon.colcon_core.package_identification:_identify(src/mr2_public) by extension 'python'
[1.051s] Level 1:colcon.colcon_core.package_identification:_identify(src/mr2_public) by extensions ['python_setup_py']
[1.051s] Level 1:colcon.colcon_core.package_identification:_identify(src/mr2_public) by extension 'python_setup_py'
[1.051s] Level 1:colcon.colcon_core.package_identification:_identify(src/mr2_public/tug_mr2) by extensions ['ignore', 'ignore_ament_install']
[1.051s] Level 1:colcon.colcon_core.package_identification:_identify(src/mr2_public/tug_mr2) by extension 'ignore'
[1.051s] Level 1:colcon.colcon_core.package_identification:_identify(src/mr2_public/tug_mr2) by extension 'ignore_ament_install'
[1.051s] Level 1:colcon.colcon_core.package_identification:_identify(src/mr2_public/tug_mr2) by extensions ['colcon_pkg']
[1.051s] Level 1:colcon.colcon_core.package_identification:_identify(src/mr2_public/tug_mr2) by extension 'colcon_pkg'
[1.051s] Level 1:colcon.colcon_core.package_identification:_identify(src/mr2_public/tug_mr2) by extensions ['colcon_meta']
[1.051s] Level 1:colcon.colcon_core.package_identification:_identify(src/mr2_public/tug_mr2) by extension 'colcon_meta'
[1.051s] Level 1:colcon.colcon_core.package_identification:_identify(src/mr2_public/tug_mr2) by extensions ['ros']
[1.052s] Level 1:colcon.colcon_core.package_identification:_identify(src/mr2_public/tug_mr2) by extension 'ros'
[1.055s] DEBUG:colcon.colcon_core.package_identification:Package 'src/mr2_public/tug_mr2' with type 'ros.ament_cmake' and name 'tug_mr2'
[1.056s] Level 1:colcon.colcon_core.package_identification:_identify(src/mr2_public/tug_msgs) by extensions ['ignore', 'ignore_ament_install']
[1.056s] Level 1:colcon.colcon_core.package_identification:_identify(src/mr2_public/tug_msgs) by extension 'ignore'
[1.056s] Level 1:colcon.colcon_core.package_identification:_identify(src/mr2_public/tug_msgs) by extension 'ignore_ament_install'
[1.056s] Level 1:colcon.colcon_core.package_identification:_identify(src/mr2_public/tug_msgs) by extensions ['colcon_pkg']
[1.056s] Level 1:colcon.colcon_core.package_identification:_identify(src/mr2_public/tug_msgs) by extension 'colcon_pkg'
[1.056s] Level 1:colcon.colcon_core.package_identification:_identify(src/mr2_public/tug_msgs) by extensions ['colcon_meta']
[1.056s] Level 1:colcon.colcon_core.package_identification:_identify(src/mr2_public/tug_msgs) by extension 'colcon_meta'
[1.056s] Level 1:colcon.colcon_core.package_identification:_identify(src/mr2_public/tug_msgs) by extensions ['ros']
[1.056s] Level 1:colcon.colcon_core.package_identification:_identify(src/mr2_public/tug_msgs) by extension 'ros'
[1.057s] DEBUG:colcon.colcon_core.package_identification:Package 'src/mr2_public/tug_msgs' with type 'ros.ament_cmake' and name 'tug_msgs'
[1.057s] Level 1:colcon.colcon_core.package_identification:_identify(src/mr2_public/tug_stage_ros2) by extensions ['ignore', 'ignore_ament_install']
[1.057s] Level 1:colcon.colcon_core.package_identification:_identify(src/mr2_public/tug_stage_ros2) by extension 'ignore'
[1.057s] Level 1:colcon.colcon_core.package_identification:_identify(src/mr2_public/tug_stage_ros2) by extension 'ignore_ament_install'
[1.058s] Level 1:colcon.colcon_core.package_identification:_identify(src/mr2_public/tug_stage_ros2) by extensions ['colcon_pkg']
[1.058s] Level 1:colcon.colcon_core.package_identification:_identify(src/mr2_public/tug_stage_ros2) by extension 'colcon_pkg'
[1.058s] Level 1:colcon.colcon_core.package_identification:_identify(src/mr2_public/tug_stage_ros2) by extensions ['colcon_meta']
[1.058s] Level 1:colcon.colcon_core.package_identification:_identify(src/mr2_public/tug_stage_ros2) by extension 'colcon_meta'
[1.058s] Level 1:colcon.colcon_core.package_identification:_identify(src/mr2_public/tug_stage_ros2) by extensions ['ros']
[1.058s] Level 1:colcon.colcon_core.package_identification:_identify(src/mr2_public/tug_stage_ros2) by extension 'ros'
[1.060s] DEBUG:colcon.colcon_core.package_identification:Package 'src/mr2_public/tug_stage_ros2' with type 'ros.ament_cmake' and name 'tug_stage_ros2'
[1.060s] Level 1:colcon.colcon_core.package_identification:_identify(src/mr2_public/tug_turtlebot4) by extensions ['ignore', 'ignore_ament_install']
[1.060s] Level 1:colcon.colcon_core.package_identification:_identify(src/mr2_public/tug_turtlebot4) by extension 'ignore'
[1.060s] Level 1:colcon.colcon_core.package_identification:_identify(src/mr2_public/tug_turtlebot4) by extension 'ignore_ament_install'
[1.060s] Level 1:colcon.colcon_core.package_identification:_identify(src/mr2_public/tug_turtlebot4) by extensions ['colcon_pkg']
[1.060s] Level 1:colcon.colcon_core.package_identification:_identify(src/mr2_public/tug_turtlebot4) by extension 'colcon_pkg'
[1.060s] Level 1:colcon.colcon_core.package_identification:_identify(src/mr2_public/tug_turtlebot4) by extensions ['colcon_meta']
[1.060s] Level 1:colcon.colcon_core.package_identification:_identify(src/mr2_public/tug_turtlebot4) by extension 'colcon_meta'
[1.060s] Level 1:colcon.colcon_core.package_identification:_identify(src/mr2_public/tug_turtlebot4) by extensions ['ros']
[1.060s] Level 1:colcon.colcon_core.package_identification:_identify(src/mr2_public/tug_turtlebot4) by extension 'ros'
[1.062s] DEBUG:colcon.colcon_core.package_identification:Package 'src/mr2_public/tug_turtlebot4' with type 'ros.ament_cmake' and name 'tug_turtlebot4'
[1.062s] Level 1:colcon.colcon_core.package_discovery:discover_packages(recursive) using defaults
[1.062s] Level 1:colcon.colcon_core.package_discovery:discover_packages(ignore) discover
[1.062s] Level 1:colcon.colcon_core.package_discovery:discover_packages(ignore) using defaults
[1.062s] Level 1:colcon.colcon_core.package_discovery:discover_packages(path) discover
[1.062s] Level 1:colcon.colcon_core.package_discovery:discover_packages(path) using defaults
[1.106s] Level 1:colcon.colcon_core.package_discovery:discover_packages(prefix_path) check parameters
[1.106s] Level 1:colcon.colcon_core.package_discovery:discover_packages(prefix_path) discover
[1.109s] DEBUG:colcon.colcon_installed_package_information.package_discovery:Found 9 installed packages in /home/bobo/ros2_ws/install
[1.113s] DEBUG:colcon.colcon_installed_package_information.package_discovery:Found 396 installed packages in /opt/ros/humble
[1.116s] Level 1:colcon.colcon_core.package_discovery:discover_packages(prefix_path) using defaults
[1.192s] Level 5:colcon.colcon_core.verb:set package 'Eigen3' build argument 'cmake_args' from command line to 'None'
[1.192s] Level 5:colcon.colcon_core.verb:set package 'Eigen3' build argument 'cmake_target' from command line to 'None'
[1.192s] Level 5:colcon.colcon_core.verb:set package 'Eigen3' build argument 'cmake_target_skip_unavailable' from command line to 'False'
[1.192s] Level 5:colcon.colcon_core.verb:set package 'Eigen3' build argument 'cmake_clean_cache' from command line to 'False'
[1.192s] Level 5:colcon.colcon_core.verb:set package 'Eigen3' build argument 'cmake_clean_first' from command line to 'False'
[1.192s] Level 5:colcon.colcon_core.verb:set package 'Eigen3' build argument 'cmake_force_configure' from command line to 'False'
[1.192s] Level 5:colcon.colcon_core.verb:set package 'Eigen3' build argument 'ament_cmake_args' from command line to 'None'
[1.192s] Level 5:colcon.colcon_core.verb:set package 'Eigen3' build argument 'catkin_cmake_args' from command line to 'None'
[1.192s] Level 5:colcon.colcon_core.verb:set package 'Eigen3' build argument 'catkin_skip_building_tests' from command line to 'False'
[1.192s] DEBUG:colcon.colcon_core.verb:Building package 'Eigen3' with the following arguments: {'ament_cmake_args': None, 'build_base': '/home/bobo/ros2_ws/build/Eigen3', 'catkin_cmake_args': None, 'catkin_skip_building_tests': False, 'cmake_args': None, 'cmake_clean_cache': False, 'cmake_clean_first': False, 'cmake_force_configure': False, 'cmake_target': None, 'cmake_target_skip_unavailable': False, 'install_base': '/home/bobo/ros2_ws/install/Eigen3', 'merge_install': False, 'path': '/home/bobo/ros2_ws/eigen-3.4.0', 'symlink_install': False, 'test_result_base': None}
[1.193s] Level 5:colcon.colcon_core.verb:set package 'tug_msgs' build argument 'cmake_args' from command line to 'None'
[1.193s] Level 5:colcon.colcon_core.verb:set package 'tug_msgs' build argument 'cmake_target' from command line to 'None'
[1.193s] Level 5:colcon.colcon_core.verb:set package 'tug_msgs' build argument 'cmake_target_skip_unavailable' from command line to 'False'
[1.193s] Level 5:colcon.colcon_core.verb:set package 'tug_msgs' build argument 'cmake_clean_cache' from command line to 'False'
[1.193s] Level 5:colcon.colcon_core.verb:set package 'tug_msgs' build argument 'cmake_clean_first' from command line to 'False'
[1.194s] Level 5:colcon.colcon_core.verb:set package 'tug_msgs' build argument 'cmake_force_configure' from command line to 'False'
[1.194s] Level 5:colcon.colcon_core.verb:set package 'tug_msgs' build argument 'ament_cmake_args' from command line to 'None'
[1.194s] Level 5:colcon.colcon_core.verb:set package 'tug_msgs' build argument 'catkin_cmake_args' from command line to 'None'
[1.194s] Level 5:colcon.colcon_core.verb:set package 'tug_msgs' build argument 'catkin_skip_building_tests' from command line to 'False'
[1.194s] DEBUG:colcon.colcon_core.verb:Building package 'tug_msgs' with the following arguments: {'ament_cmake_args': None, 'build_base': '/home/bobo/ros2_ws/build/tug_msgs', 'catkin_cmake_args': None, 'catkin_skip_building_tests': False, 'cmake_args': None, 'cmake_clean_cache': False, 'cmake_clean_first': False, 'cmake_force_configure': False, 'cmake_target': None, 'cmake_target_skip_unavailable': False, 'install_base': '/home/bobo/ros2_ws/install/tug_msgs', 'merge_install': False, 'path': '/home/bobo/ros2_ws/src/mr2_public/tug_msgs', 'symlink_install': False, 'test_result_base': None}
[1.194s] Level 5:colcon.colcon_core.verb:set package 'tug_mr2' build argument 'cmake_args' from command line to 'None'
[1.194s] Level 5:colcon.colcon_core.verb:set package 'tug_mr2' build argument 'cmake_target' from command line to 'None'
[1.195s] Level 5:colcon.colcon_core.verb:set package 'tug_mr2' build argument 'cmake_target_skip_unavailable' from command line to 'False'
[1.195s] Level 5:colcon.colcon_core.verb:set package 'tug_mr2' build argument 'cmake_clean_cache' from command line to 'False'
[1.195s] Level 5:colcon.colcon_core.verb:set package 'tug_mr2' build argument 'cmake_clean_first' from command line to 'False'
[1.195s] Level 5:colcon.colcon_core.verb:set package 'tug_mr2' build argument 'cmake_force_configure' from command line to 'False'
[1.195s] Level 5:colcon.colcon_core.verb:set package 'tug_mr2' build argument 'ament_cmake_args' from command line to 'None'
[1.195s] Level 5:colcon.colcon_core.verb:set package 'tug_mr2' build argument 'catkin_cmake_args' from command line to 'None'
[1.195s] Level 5:colcon.colcon_core.verb:set package 'tug_mr2' build argument 'catkin_skip_building_tests' from command line to 'False'
[1.195s] DEBUG:colcon.colcon_core.verb:Building package 'tug_mr2' with the following arguments: {'ament_cmake_args': None, 'build_base': '/home/bobo/ros2_ws/build/tug_mr2', 'catkin_cmake_args': None, 'catkin_skip_building_tests': False, 'cmake_args': None, 'cmake_clean_cache': False, 'cmake_clean_first': False, 'cmake_force_configure': False, 'cmake_target': None, 'cmake_target_skip_unavailable': False, 'install_base': '/home/bobo/ros2_ws/install/tug_mr2', 'merge_install': False, 'path': '/home/bobo/ros2_ws/src/mr2_public/tug_mr2', 'symlink_install': False, 'test_result_base': None}
[1.196s] Level 5:colcon.colcon_core.verb:set package 'tug_stage_ros2' build argument 'cmake_args' from command line to 'None'
[1.196s] Level 5:colcon.colcon_core.verb:set package 'tug_stage_ros2' build argument 'cmake_target' from command line to 'None'
[1.196s] Level 5:colcon.colcon_core.verb:set package 'tug_stage_ros2' build argument 'cmake_target_skip_unavailable' from command line to 'False'
[1.196s] Level 5:colcon.colcon_core.verb:set package 'tug_stage_ros2' build argument 'cmake_clean_cache' from command line to 'False'
[1.196s] Level 5:colcon.colcon_core.verb:set package 'tug_stage_ros2' build argument 'cmake_clean_first' from command line to 'False'
[1.196s] Level 5:colcon.colcon_core.verb:set package 'tug_stage_ros2' build argument 'cmake_force_configure' from command line to 'False'
[1.196s] Level 5:colcon.colcon_core.verb:set package 'tug_stage_ros2' build argument 'ament_cmake_args' from command line to 'None'
[1.196s] Level 5:colcon.colcon_core.verb:set package 'tug_stage_ros2' build argument 'catkin_cmake_args' from command line to 'None'
[1.196s] Level 5:colcon.colcon_core.verb:set package 'tug_stage_ros2' build argument 'catkin_skip_building_tests' from command line to 'False'
[1.196s] DEBUG:colcon.colcon_core.verb:Building package 'tug_stage_ros2' with the following arguments: {'ament_cmake_args': None, 'build_base': '/home/bobo/ros2_ws/build/tug_stage_ros2', 'catkin_cmake_args': None, 'catkin_skip_building_tests': False, 'cmake_args': None, 'cmake_clean_cache': False, 'cmake_clean_first': False, 'cmake_force_configure': False, 'cmake_target': None, 'cmake_target_skip_unavailable': False, 'install_base': '/home/bobo/ros2_ws/install/tug_stage_ros2', 'merge_install': False, 'path': '/home/bobo/ros2_ws/src/mr2_public/tug_stage_ros2', 'symlink_install': False, 'test_result_base': None}
[1.197s] Level 5:colcon.colcon_core.verb:set package 'tug_turtlebot4' build argument 'cmake_args' from command line to 'None'
[1.197s] Level 5:colcon.colcon_core.verb:set package 'tug_turtlebot4' build argument 'cmake_target' from command line to 'None'
[1.197s] Level 5:colcon.colcon_core.verb:set package 'tug_turtlebot4' build argument 'cmake_target_skip_unavailable' from command line to 'False'
[1.197s] Level 5:colcon.colcon_core.verb:set package 'tug_turtlebot4' build argument 'cmake_clean_cache' from command line to 'False'
[1.197s] Level 5:colcon.colcon_core.verb:set package 'tug_turtlebot4' build argument 'cmake_clean_first' from command line to 'False'
[1.197s] Level 5:colcon.colcon_core.verb:set package 'tug_turtlebot4' build argument 'cmake_force_configure' from command line to 'False'
[1.197s] Level 5:colcon.colcon_core.verb:set package 'tug_turtlebot4' build argument 'ament_cmake_args' from command line to 'None'
[1.197s] Level 5:colcon.colcon_core.verb:set package 'tug_turtlebot4' build argument 'catkin_cmake_args' from command line to 'None'
[1.197s] Level 5:colcon.colcon_core.verb:set package 'tug_turtlebot4' build argument 'catkin_skip_building_tests' from command line to 'False'
[1.197s] DEBUG:colcon.colcon_core.verb:Building package 'tug_turtlebot4' with the following arguments: {'ament_cmake_args': None, 'build_base': '/home/bobo/ros2_ws/build/tug_turtlebot4', 'catkin_cmake_args': None, 'catkin_skip_building_tests': False, 'cmake_args': None, 'cmake_clean_cache': False, 'cmake_clean_first': False, 'cmake_force_configure': False, 'cmake_target': None, 'cmake_target_skip_unavailable': False, 'install_base': '/home/bobo/ros2_ws/install/tug_turtlebot4', 'merge_install': False, 'path': '/home/bobo/ros2_ws/src/mr2_public/tug_turtlebot4', 'symlink_install': False, 'test_result_base': None}
[1.197s] INFO:colcon.colcon_core.executor:Executing jobs using 'parallel' executor
[1.199s] DEBUG:colcon.colcon_parallel_executor.executor.parallel:run_until_complete
[1.199s] INFO:colcon.colcon_ros.task.ament_cmake.build:Building ROS package in '/home/bobo/ros2_ws/src/mr2_public/tug_msgs' with build type 'ament_cmake'
[1.199s] INFO:colcon.colcon_cmake.task.cmake.build:Building CMake package in '/home/bobo/ros2_ws/src/mr2_public/tug_msgs'
[1.202s] INFO:colcon.colcon_core.plugin_system:Skipping extension 'colcon_core.shell.bat': Not used on non-Windows systems
[1.203s] INFO:colcon.colcon_core.shell:Skip shell extension 'powershell' for command environment: Not usable outside of PowerShell
[1.203s] DEBUG:colcon.colcon_core.shell:Skip shell extension 'dsv' for command environment
[1.209s] INFO:colcon.colcon_cmake.task.cmake.build:Building CMake package in '/home/bobo/ros2_ws/eigen-3.4.0'
[1.210s] INFO:colcon.colcon_core.shell:Skip shell extension 'powershell' for command environment: Not usable outside of PowerShell
[1.210s] DEBUG:colcon.colcon_core.shell:Skip shell extension 'dsv' for command environment
[1.228s] DEBUG:colcon.colcon_core.event_handler.log_command:Invoking command in '/home/bobo/ros2_ws/build/tug_msgs': CMAKE_PREFIX_PATH=${CMAKE_PREFIX_PATH}:/opt/ros/humble /usr/bin/cmake --build /home/bobo/ros2_ws/build/tug_msgs -- -j8 -l8
[1.234s] DEBUG:colcon.colcon_core.event_handler.log_command:Invoking command in '/home/bobo/ros2_ws/build/Eigen3': /usr/bin/cmake --build /home/bobo/ros2_ws/build/Eigen3 -- -j8 -l8
[1.775s] DEBUG:colcon.colcon_core.event_handler.log_command:Invoked command in '/home/bobo/ros2_ws/build/Eigen3' returned '0': /usr/bin/cmake --build /home/bobo/ros2_ws/build/Eigen3 -- -j8 -l8
[1.801s] DEBUG:colcon.colcon_core.event_handler.log_command:Invoking command in '/home/bobo/ros2_ws/build/Eigen3': /usr/bin/cmake --install /home/bobo/ros2_ws/build/Eigen3
[1.853s] Level 1:colcon.colcon_core.environment:create_environment_scripts_only(Eigen3)
[1.875s] Level 1:colcon.colcon_core.environment:checking '/home/bobo/ros2_ws/install/Eigen3' for CMake module files
[1.877s] Level 1:colcon.colcon_core.environment:checking '/home/bobo/ros2_ws/install/Eigen3' for CMake config files
[1.880s] Level 1:colcon.colcon_core.shell:create_environment_hook('Eigen3', 'cmake_prefix_path')
[1.880s] INFO:colcon.colcon_core.shell:Creating environment hook '/home/bobo/ros2_ws/install/Eigen3/share/Eigen3/hook/cmake_prefix_path.ps1'
[1.882s] INFO:colcon.colcon_core.shell:Creating environment descriptor '/home/bobo/ros2_ws/install/Eigen3/share/Eigen3/hook/cmake_prefix_path.dsv'
[1.883s] INFO:colcon.colcon_core.shell:Creating environment hook '/home/bobo/ros2_ws/install/Eigen3/share/Eigen3/hook/cmake_prefix_path.sh'
[1.885s] Level 1:colcon.colcon_core.environment:checking '/home/bobo/ros2_ws/install/Eigen3/bin'
[1.886s] Level 1:colcon.colcon_core.environment:checking '/home/bobo/ros2_ws/install/Eigen3/lib/pkgconfig/Eigen3.pc'
[1.886s] Level 1:colcon.colcon_core.environment:checking '/home/bobo/ros2_ws/install/Eigen3/lib/python3.10/site-packages'
[1.886s] Level 1:colcon.colcon_core.environment:checking '/home/bobo/ros2_ws/install/Eigen3/bin'
[1.887s] INFO:colcon.colcon_core.shell:Creating package script '/home/bobo/ros2_ws/install/Eigen3/share/Eigen3/package.ps1'
[1.889s] INFO:colcon.colcon_core.shell:Creating package descriptor '/home/bobo/ros2_ws/install/Eigen3/share/Eigen3/package.dsv'
[1.892s] INFO:colcon.colcon_core.shell:Creating package script '/home/bobo/ros2_ws/install/Eigen3/share/Eigen3/package.sh'
[1.894s] INFO:colcon.colcon_core.shell:Creating package script '/home/bobo/ros2_ws/install/Eigen3/share/Eigen3/package.bash'
[1.896s] INFO:colcon.colcon_core.shell:Creating package script '/home/bobo/ros2_ws/install/Eigen3/share/Eigen3/package.zsh'
[1.898s] Level 1:colcon.colcon_core.environment:create_file_with_runtime_dependencies(/home/bobo/ros2_ws/install/Eigen3/share/colcon-core/packages/Eigen3)
[1.932s] DEBUG:colcon.colcon_core.event_handler.log_command:Invoked command in '/home/bobo/ros2_ws/build/Eigen3' returned '0': /usr/bin/cmake --install /home/bobo/ros2_ws/build/Eigen3
[2.396s] DEBUG:colcon.colcon_core.event_handler.log_command:Invoked command in '/home/bobo/ros2_ws/build/tug_msgs' returned '0': CMAKE_PREFIX_PATH=${CMAKE_PREFIX_PATH}:/opt/ros/humble /usr/bin/cmake --build /home/bobo/ros2_ws/build/tug_msgs -- -j8 -l8
[2.398s] DEBUG:colcon.colcon_core.event_handler.log_command:Invoking command in '/home/bobo/ros2_ws/build/tug_msgs': CMAKE_PREFIX_PATH=${CMAKE_PREFIX_PATH}:/opt/ros/humble /usr/bin/cmake --install /home/bobo/ros2_ws/build/tug_msgs
[2.492s] Level 1:colcon.colcon_core.environment:create_environment_scripts_only(tug_msgs)
[2.492s] DEBUG:colcon.colcon_core.event_handler.log_command:Invoked command in '/home/bobo/ros2_ws/build/tug_msgs' returned '0': CMAKE_PREFIX_PATH=${CMAKE_PREFIX_PATH}:/opt/ros/humble /usr/bin/cmake --install /home/bobo/ros2_ws/build/tug_msgs
[2.493s] Level 1:colcon.colcon_core.environment:checking '/home/bobo/ros2_ws/install/tug_msgs' for CMake module files
[2.494s] Level 1:colcon.colcon_core.environment:checking '/home/bobo/ros2_ws/install/tug_msgs' for CMake config files
[2.494s] Level 1:colcon.colcon_core.shell:create_environment_hook('tug_msgs', 'cmake_prefix_path')
[2.495s] INFO:colcon.colcon_core.shell:Creating environment hook '/home/bobo/ros2_ws/install/tug_msgs/share/tug_msgs/hook/cmake_prefix_path.ps1'
[2.495s] INFO:colcon.colcon_core.shell:Creating environment descriptor '/home/bobo/ros2_ws/install/tug_msgs/share/tug_msgs/hook/cmake_prefix_path.dsv'
[2.496s] INFO:colcon.colcon_core.shell:Creating environment hook '/home/bobo/ros2_ws/install/tug_msgs/share/tug_msgs/hook/cmake_prefix_path.sh'
[2.497s] Level 1:colcon.colcon_core.environment:checking '/home/bobo/ros2_ws/install/tug_msgs/lib'
[2.497s] Level 1:colcon.colcon_core.shell:create_environment_hook('tug_msgs', 'ld_library_path_lib')
[2.497s] INFO:colcon.colcon_core.shell:Creating environment hook '/home/bobo/ros2_ws/install/tug_msgs/share/tug_msgs/hook/ld_library_path_lib.ps1'
[2.498s] INFO:colcon.colcon_core.shell:Creating environment descriptor '/home/bobo/ros2_ws/install/tug_msgs/share/tug_msgs/hook/ld_library_path_lib.dsv'
[2.498s] INFO:colcon.colcon_core.shell:Creating environment hook '/home/bobo/ros2_ws/install/tug_msgs/share/tug_msgs/hook/ld_library_path_lib.sh'
[2.499s] Level 1:colcon.colcon_core.environment:checking '/home/bobo/ros2_ws/install/tug_msgs/bin'
[2.499s] Level 1:colcon.colcon_core.environment:checking '/home/bobo/ros2_ws/install/tug_msgs/lib/pkgconfig/tug_msgs.pc'
[2.499s] Level 1:colcon.colcon_core.environment:checking '/home/bobo/ros2_ws/install/tug_msgs/lib/python3.10/site-packages'
[2.499s] Level 1:colcon.colcon_core.environment:checking '/home/bobo/ros2_ws/install/tug_msgs/bin'
[2.500s] INFO:colcon.colcon_core.shell:Creating package script '/home/bobo/ros2_ws/install/tug_msgs/share/tug_msgs/package.ps1'
[2.500s] INFO:colcon.colcon_core.shell:Creating package descriptor '/home/bobo/ros2_ws/install/tug_msgs/share/tug_msgs/package.dsv'
[2.501s] INFO:colcon.colcon_core.shell:Creating package script '/home/bobo/ros2_ws/install/tug_msgs/share/tug_msgs/package.sh'
[2.501s] INFO:colcon.colcon_core.shell:Creating package script '/home/bobo/ros2_ws/install/tug_msgs/share/tug_msgs/package.bash'
[2.502s] INFO:colcon.colcon_core.shell:Creating package script '/home/bobo/ros2_ws/install/tug_msgs/share/tug_msgs/package.zsh'
[2.503s] Level 1:colcon.colcon_core.environment:create_file_with_runtime_dependencies(/home/bobo/ros2_ws/install/tug_msgs/share/colcon-core/packages/tug_msgs)
[2.504s] Level 1:colcon.colcon_core.environment:create_environment_scripts_only(tug_msgs)
[2.504s] Level 1:colcon.colcon_core.environment:checking '/home/bobo/ros2_ws/install/tug_msgs' for CMake module files
[2.505s] Level 1:colcon.colcon_core.environment:checking '/home/bobo/ros2_ws/install/tug_msgs' for CMake config files
[2.506s] Level 1:colcon.colcon_core.shell:create_environment_hook('tug_msgs', 'cmake_prefix_path')
[2.507s] INFO:colcon.colcon_core.shell:Creating environment hook '/home/bobo/ros2_ws/install/tug_msgs/share/tug_msgs/hook/cmake_prefix_path.ps1'
[2.508s] INFO:colcon.colcon_core.shell:Creating environment descriptor '/home/bobo/ros2_ws/install/tug_msgs/share/tug_msgs/hook/cmake_prefix_path.dsv'
[2.509s] INFO:colcon.colcon_core.shell:Creating environment hook '/home/bobo/ros2_ws/install/tug_msgs/share/tug_msgs/hook/cmake_prefix_path.sh'
[2.510s] Level 1:colcon.colcon_core.environment:checking '/home/bobo/ros2_ws/install/tug_msgs/lib'
[2.510s] Level 1:colcon.colcon_core.shell:create_environment_hook('tug_msgs', 'ld_library_path_lib')
[2.511s] INFO:colcon.colcon_core.shell:Creating environment hook '/home/bobo/ros2_ws/install/tug_msgs/share/tug_msgs/hook/ld_library_path_lib.ps1'
[2.511s] INFO:colcon.colcon_core.shell:Creating environment descriptor '/home/bobo/ros2_ws/install/tug_msgs/share/tug_msgs/hook/ld_library_path_lib.dsv'
[2.512s] INFO:colcon.colcon_core.shell:Creating environment hook '/home/bobo/ros2_ws/install/tug_msgs/share/tug_msgs/hook/ld_library_path_lib.sh'
[2.513s] Level 1:colcon.colcon_core.environment:checking '/home/bobo/ros2_ws/install/tug_msgs/bin'
[2.513s] Level 1:colcon.colcon_core.environment:checking '/home/bobo/ros2_ws/install/tug_msgs/lib/pkgconfig/tug_msgs.pc'
[2.513s] Level 1:colcon.colcon_core.environment:checking '/home/bobo/ros2_ws/install/tug_msgs/lib/python3.10/site-packages'
[2.513s] Level 1:colcon.colcon_core.environment:checking '/home/bobo/ros2_ws/install/tug_msgs/bin'
[2.514s] INFO:colcon.colcon_core.shell:Creating package script '/home/bobo/ros2_ws/install/tug_msgs/share/tug_msgs/package.ps1'
[2.515s] INFO:colcon.colcon_core.shell:Creating package descriptor '/home/bobo/ros2_ws/install/tug_msgs/share/tug_msgs/package.dsv'
[2.515s] INFO:colcon.colcon_core.shell:Creating package script '/home/bobo/ros2_ws/install/tug_msgs/share/tug_msgs/package.sh'
[2.516s] INFO:colcon.colcon_core.shell:Creating package script '/home/bobo/ros2_ws/install/tug_msgs/share/tug_msgs/package.bash'
[2.517s] INFO:colcon.colcon_core.shell:Creating package script '/home/bobo/ros2_ws/install/tug_msgs/share/tug_msgs/package.zsh'
[2.517s] Level 1:colcon.colcon_core.environment:create_file_with_runtime_dependencies(/home/bobo/ros2_ws/install/tug_msgs/share/colcon-core/packages/tug_msgs)
[2.518s] INFO:colcon.colcon_ros.task.ament_cmake.build:Building ROS package in '/home/bobo/ros2_ws/src/mr2_public/tug_mr2' with build type 'ament_cmake'
[2.518s] INFO:colcon.colcon_cmake.task.cmake.build:Building CMake package in '/home/bobo/ros2_ws/src/mr2_public/tug_mr2'
[2.518s] INFO:colcon.colcon_core.shell:Skip shell extension 'powershell' for command environment: Not usable outside of PowerShell
[2.518s] DEBUG:colcon.colcon_core.shell:Skip shell extension 'dsv' for command environment
[2.527s] INFO:colcon.colcon_ros.task.ament_cmake.build:Building ROS package in '/home/bobo/ros2_ws/src/mr2_public/tug_stage_ros2' with build type 'ament_cmake'
[2.527s] INFO:colcon.colcon_cmake.task.cmake.build:Building CMake package in '/home/bobo/ros2_ws/src/mr2_public/tug_stage_ros2'
[2.528s] INFO:colcon.colcon_core.shell:Skip shell extension 'powershell' for command environment: Not usable outside of PowerShell
[2.528s] DEBUG:colcon.colcon_core.shell:Skip shell extension 'dsv' for command environment
[2.537s] INFO:colcon.colcon_ros.task.ament_cmake.build:Building ROS package in '/home/bobo/ros2_ws/src/mr2_public/tug_turtlebot4' with build type 'ament_cmake'
[2.538s] INFO:colcon.colcon_cmake.task.cmake.build:Building CMake package in '/home/bobo/ros2_ws/src/mr2_public/tug_turtlebot4'
[2.538s] INFO:colcon.colcon_core.shell:Skip shell extension 'powershell' for command environment: Not usable outside of PowerShell
[2.538s] DEBUG:colcon.colcon_core.shell:Skip shell extension 'dsv' for command environment
[2.555s] DEBUG:colcon.colcon_core.event_handler.log_command:Invoking command in '/home/bobo/ros2_ws/build/tug_mr2': CMAKE_PREFIX_PATH=/home/bobo/ros2_ws/install/tug_msgs:/home/bobo/ros2_ws/install/tug_turtlebot4:/home/bobo/ros2_ws/install/tug_stage_ros2:/home/bobo/ros2_ws/install/tug_mr2:/home/bobo/ros2_ws/install/ros2cpp_tutorials_service:/home/bobo/ros2_ws/install/ros2cpp_tutorials_publisher_subscriber:/home/bobo/ros2_ws/install/ros2cpp_tutorials_parameter:/home/bobo/ros2_ws/install/ros2cpp_tutorials_action:/home/bobo/ros2_ws/install/Eigen3:/opt/ros/humble LD_LIBRARY_PATH=/home/bobo/ros2_ws/install/tug_msgs/lib:/home/bobo/stg/lib:/home/bobo/ros2_ws/install/ros2cpp_tutorials_service/lib:/home/bobo/ros2_ws/install/ros2cpp_tutorials_action/lib:/opt/ros/humble/opt/rviz_ogre_vendor/lib:/opt/ros/humble/lib/x86_64-linux-gnu:/opt/ros/humble/lib /usr/bin/cmake --build /home/bobo/ros2_ws/build/tug_mr2 -- -j8 -l8
[2.562s] DEBUG:colcon.colcon_core.event_handler.log_command:Invoking command in '/home/bobo/ros2_ws/build/tug_stage_ros2': CMAKE_PREFIX_PATH=/home/bobo/ros2_ws/install/tug_msgs:/home/bobo/ros2_ws/install/tug_turtlebot4:/home/bobo/ros2_ws/install/tug_stage_ros2:/home/bobo/ros2_ws/install/tug_mr2:/home/bobo/ros2_ws/install/ros2cpp_tutorials_service:/home/bobo/ros2_ws/install/ros2cpp_tutorials_publisher_subscriber:/home/bobo/ros2_ws/install/ros2cpp_tutorials_parameter:/home/bobo/ros2_ws/install/ros2cpp_tutorials_action:/home/bobo/ros2_ws/install/Eigen3:/opt/ros/humble LD_LIBRARY_PATH=/home/bobo/ros2_ws/install/tug_msgs/lib:/home/bobo/stg/lib:/home/bobo/ros2_ws/install/ros2cpp_tutorials_service/lib:/home/bobo/ros2_ws/install/ros2cpp_tutorials_action/lib:/opt/ros/humble/opt/rviz_ogre_vendor/lib:/opt/ros/humble/lib/x86_64-linux-gnu:/opt/ros/humble/lib /usr/bin/cmake --build /home/bobo/ros2_ws/build/tug_stage_ros2 -- -j8 -l8
[2.568s] DEBUG:colcon.colcon_core.event_handler.log_command:Invoking command in '/home/bobo/ros2_ws/build/tug_turtlebot4': CMAKE_PREFIX_PATH=/home/bobo/ros2_ws/install/tug_msgs:/home/bobo/ros2_ws/install/tug_turtlebot4:/home/bobo/ros2_ws/install/tug_stage_ros2:/home/bobo/ros2_ws/install/tug_mr2:/home/bobo/ros2_ws/install/ros2cpp_tutorials_service:/home/bobo/ros2_ws/install/ros2cpp_tutorials_publisher_subscriber:/home/bobo/ros2_ws/install/ros2cpp_tutorials_parameter:/home/bobo/ros2_ws/install/ros2cpp_tutorials_action:/home/bobo/ros2_ws/install/Eigen3:/opt/ros/humble LD_LIBRARY_PATH=/home/bobo/ros2_ws/install/tug_msgs/lib:/home/bobo/stg/lib:/home/bobo/ros2_ws/install/ros2cpp_tutorials_service/lib:/home/bobo/ros2_ws/install/ros2cpp_tutorials_action/lib:/opt/ros/humble/opt/rviz_ogre_vendor/lib:/opt/ros/humble/lib/x86_64-linux-gnu:/opt/ros/humble/lib /usr/bin/cmake --build /home/bobo/ros2_ws/build/tug_turtlebot4 -- -j8 -l8
[2.692s] DEBUG:colcon.colcon_core.event_handler.log_command:Invoked command in '/home/bobo/ros2_ws/build/tug_stage_ros2' returned '0': CMAKE_PREFIX_PATH=/home/bobo/ros2_ws/install/tug_msgs:/home/bobo/ros2_ws/install/tug_turtlebot4:/home/bobo/ros2_ws/install/tug_stage_ros2:/home/bobo/ros2_ws/install/tug_mr2:/home/bobo/ros2_ws/install/ros2cpp_tutorials_service:/home/bobo/ros2_ws/install/ros2cpp_tutorials_publisher_subscriber:/home/bobo/ros2_ws/install/ros2cpp_tutorials_parameter:/home/bobo/ros2_ws/install/ros2cpp_tutorials_action:/home/bobo/ros2_ws/install/Eigen3:/opt/ros/humble LD_LIBRARY_PATH=/home/bobo/ros2_ws/install/tug_msgs/lib:/home/bobo/stg/lib:/home/bobo/ros2_ws/install/ros2cpp_tutorials_service/lib:/home/bobo/ros2_ws/install/ros2cpp_tutorials_action/lib:/opt/ros/humble/opt/rviz_ogre_vendor/lib:/opt/ros/humble/lib/x86_64-linux-gnu:/opt/ros/humble/lib /usr/bin/cmake --build /home/bobo/ros2_ws/build/tug_stage_ros2 -- -j8 -l8
[2.695s] DEBUG:colcon.colcon_core.event_handler.log_command:Invoking command in '/home/bobo/ros2_ws/build/tug_stage_ros2': CMAKE_PREFIX_PATH=/home/bobo/ros2_ws/install/tug_msgs:/home/bobo/ros2_ws/install/tug_turtlebot4:/home/bobo/ros2_ws/install/tug_stage_ros2:/home/bobo/ros2_ws/install/tug_mr2:/home/bobo/ros2_ws/install/ros2cpp_tutorials_service:/home/bobo/ros2_ws/install/ros2cpp_tutorials_publisher_subscriber:/home/bobo/ros2_ws/install/ros2cpp_tutorials_parameter:/home/bobo/ros2_ws/install/ros2cpp_tutorials_action:/home/bobo/ros2_ws/install/Eigen3:/opt/ros/humble LD_LIBRARY_PATH=/home/bobo/ros2_ws/install/tug_msgs/lib:/home/bobo/stg/lib:/home/bobo/ros2_ws/install/ros2cpp_tutorials_service/lib:/home/bobo/ros2_ws/install/ros2cpp_tutorials_action/lib:/opt/ros/humble/opt/rviz_ogre_vendor/lib:/opt/ros/humble/lib/x86_64-linux-gnu:/opt/ros/humble/lib /usr/bin/cmake --install /home/bobo/ros2_ws/build/tug_stage_ros2
[2.716s] Level 1:colcon.colcon_core.environment:create_environment_scripts_only(tug_stage_ros2)
[2.717s] Level 1:colcon.colcon_core.environment:checking '/home/bobo/ros2_ws/install/tug_stage_ros2' for CMake module files
[2.720s] DEBUG:colcon.colcon_core.event_handler.log_command:Invoked command in '/home/bobo/ros2_ws/build/tug_stage_ros2' returned '0': CMAKE_PREFIX_PATH=/home/bobo/ros2_ws/install/tug_msgs:/home/bobo/ros2_ws/install/tug_turtlebot4:/home/bobo/ros2_ws/install/tug_stage_ros2:/home/bobo/ros2_ws/install/tug_mr2:/home/bobo/ros2_ws/install/ros2cpp_tutorials_service:/home/bobo/ros2_ws/install/ros2cpp_tutorials_publisher_subscriber:/home/bobo/ros2_ws/install/ros2cpp_tutorials_parameter:/home/bobo/ros2_ws/install/ros2cpp_tutorials_action:/home/bobo/ros2_ws/install/Eigen3:/opt/ros/humble LD_LIBRARY_PATH=/home/bobo/ros2_ws/install/tug_msgs/lib:/home/bobo/stg/lib:/home/bobo/ros2_ws/install/ros2cpp_tutorials_service/lib:/home/bobo/ros2_ws/install/ros2cpp_tutorials_action/lib:/opt/ros/humble/opt/rviz_ogre_vendor/lib:/opt/ros/humble/lib/x86_64-linux-gnu:/opt/ros/humble/lib /usr/bin/cmake --install /home/bobo/ros2_ws/build/tug_stage_ros2
[2.721s] Level 1:colcon.colcon_core.environment:checking '/home/bobo/ros2_ws/install/tug_stage_ros2' for CMake config files
[2.721s] Level 1:colcon.colcon_core.shell:create_environment_hook('tug_stage_ros2', 'cmake_prefix_path')
[2.722s] INFO:colcon.colcon_core.shell:Creating environment hook '/home/bobo/ros2_ws/install/tug_stage_ros2/share/tug_stage_ros2/hook/cmake_prefix_path.ps1'
[2.723s] INFO:colcon.colcon_core.shell:Creating environment descriptor '/home/bobo/ros2_ws/install/tug_stage_ros2/share/tug_stage_ros2/hook/cmake_prefix_path.dsv'
[2.724s] INFO:colcon.colcon_core.shell:Creating environment hook '/home/bobo/ros2_ws/install/tug_stage_ros2/share/tug_stage_ros2/hook/cmake_prefix_path.sh'
[2.726s] Level 1:colcon.colcon_core.environment:checking '/home/bobo/ros2_ws/install/tug_stage_ros2/lib'
[2.726s] Level 1:colcon.colcon_core.environment:checking '/home/bobo/ros2_ws/install/tug_stage_ros2/bin'
[2.726s] Level 1:colcon.colcon_core.environment:checking '/home/bobo/ros2_ws/install/tug_stage_ros2/lib/pkgconfig/tug_stage_ros2.pc'
[2.727s] Level 1:colcon.colcon_core.environment:checking '/home/bobo/ros2_ws/install/tug_stage_ros2/lib/python3.10/site-packages'
[2.727s] Level 1:colcon.colcon_core.environment:checking '/home/bobo/ros2_ws/install/tug_stage_ros2/bin'
[2.728s] INFO:colcon.colcon_core.shell:Creating package script '/home/bobo/ros2_ws/install/tug_stage_ros2/share/tug_stage_ros2/package.ps1'
[2.729s] INFO:colcon.colcon_core.shell:Creating package descriptor '/home/bobo/ros2_ws/install/tug_stage_ros2/share/tug_stage_ros2/package.dsv'
[2.730s] INFO:colcon.colcon_core.shell:Creating package script '/home/bobo/ros2_ws/install/tug_stage_ros2/share/tug_stage_ros2/package.sh'
[2.731s] INFO:colcon.colcon_core.shell:Creating package script '/home/bobo/ros2_ws/install/tug_stage_ros2/share/tug_stage_ros2/package.bash'
[2.731s] INFO:colcon.colcon_core.shell:Creating package script '/home/bobo/ros2_ws/install/tug_stage_ros2/share/tug_stage_ros2/package.zsh'
[2.732s] Level 1:colcon.colcon_core.environment:create_file_with_runtime_dependencies(/home/bobo/ros2_ws/install/tug_stage_ros2/share/colcon-core/packages/tug_stage_ros2)
[2.733s] Level 1:colcon.colcon_core.environment:create_environment_scripts_only(tug_stage_ros2)
[2.733s] Level 1:colcon.colcon_core.environment:checking '/home/bobo/ros2_ws/install/tug_stage_ros2' for CMake module files
[2.734s] Level 1:colcon.colcon_core.environment:checking '/home/bobo/ros2_ws/install/tug_stage_ros2' for CMake config files
[2.735s] Level 1:colcon.colcon_core.shell:create_environment_hook('tug_stage_ros2', 'cmake_prefix_path')
[2.735s] INFO:colcon.colcon_core.shell:Creating environment hook '/home/bobo/ros2_ws/install/tug_stage_ros2/share/tug_stage_ros2/hook/cmake_prefix_path.ps1'
[2.736s] INFO:colcon.colcon_core.shell:Creating environment descriptor '/home/bobo/ros2_ws/install/tug_stage_ros2/share/tug_stage_ros2/hook/cmake_prefix_path.dsv'
[2.737s] INFO:colcon.colcon_core.shell:Creating environment hook '/home/bobo/ros2_ws/install/tug_stage_ros2/share/tug_stage_ros2/hook/cmake_prefix_path.sh'
[2.738s] Level 1:colcon.colcon_core.environment:checking '/home/bobo/ros2_ws/install/tug_stage_ros2/lib'
[2.738s] Level 1:colcon.colcon_core.environment:checking '/home/bobo/ros2_ws/install/tug_stage_ros2/bin'
[2.738s] Level 1:colcon.colcon_core.environment:checking '/home/bobo/ros2_ws/install/tug_stage_ros2/lib/pkgconfig/tug_stage_ros2.pc'
[2.738s] Level 1:colcon.colcon_core.environment:checking '/home/bobo/ros2_ws/install/tug_stage_ros2/lib/python3.10/site-packages'
[2.739s] Level 1:colcon.colcon_core.environment:checking '/home/bobo/ros2_ws/install/tug_stage_ros2/bin'
[2.740s] INFO:colcon.colcon_core.shell:Creating package script '/home/bobo/ros2_ws/install/tug_stage_ros2/share/tug_stage_ros2/package.ps1'
[2.742s] INFO:colcon.colcon_core.shell:Creating package descriptor '/home/bobo/ros2_ws/install/tug_stage_ros2/share/tug_stage_ros2/package.dsv'
[2.743s] INFO:colcon.colcon_core.shell:Creating package script '/home/bobo/ros2_ws/install/tug_stage_ros2/share/tug_stage_ros2/package.sh'
[2.743s] INFO:colcon.colcon_core.shell:Creating package script '/home/bobo/ros2_ws/install/tug_stage_ros2/share/tug_stage_ros2/package.bash'
[2.744s] INFO:colcon.colcon_core.shell:Creating package script '/home/bobo/ros2_ws/install/tug_stage_ros2/share/tug_stage_ros2/package.zsh'
[2.745s] Level 1:colcon.colcon_core.environment:create_file_with_runtime_dependencies(/home/bobo/ros2_ws/install/tug_stage_ros2/share/colcon-core/packages/tug_stage_ros2)
[2.748s] DEBUG:colcon.colcon_core.event_handler.log_command:Invoked command in '/home/bobo/ros2_ws/build/tug_mr2' returned '0': CMAKE_PREFIX_PATH=/home/bobo/ros2_ws/install/tug_msgs:/home/bobo/ros2_ws/install/tug_turtlebot4:/home/bobo/ros2_ws/install/tug_stage_ros2:/home/bobo/ros2_ws/install/tug_mr2:/home/bobo/ros2_ws/install/ros2cpp_tutorials_service:/home/bobo/ros2_ws/install/ros2cpp_tutorials_publisher_subscriber:/home/bobo/ros2_ws/install/ros2cpp_tutorials_parameter:/home/bobo/ros2_ws/install/ros2cpp_tutorials_action:/home/bobo/ros2_ws/install/Eigen3:/opt/ros/humble LD_LIBRARY_PATH=/home/bobo/ros2_ws/install/tug_msgs/lib:/home/bobo/stg/lib:/home/bobo/ros2_ws/install/ros2cpp_tutorials_service/lib:/home/bobo/ros2_ws/install/ros2cpp_tutorials_action/lib:/opt/ros/humble/opt/rviz_ogre_vendor/lib:/opt/ros/humble/lib/x86_64-linux-gnu:/opt/ros/humble/lib /usr/bin/cmake --build /home/bobo/ros2_ws/build/tug_mr2 -- -j8 -l8
[2.751s] DEBUG:colcon.colcon_core.event_handler.log_command:Invoking command in '/home/bobo/ros2_ws/build/tug_mr2': CMAKE_PREFIX_PATH=/home/bobo/ros2_ws/install/tug_msgs:/home/bobo/ros2_ws/install/tug_turtlebot4:/home/bobo/ros2_ws/install/tug_stage_ros2:/home/bobo/ros2_ws/install/tug_mr2:/home/bobo/ros2_ws/install/ros2cpp_tutorials_service:/home/bobo/ros2_ws/install/ros2cpp_tutorials_publisher_subscriber:/home/bobo/ros2_ws/install/ros2cpp_tutorials_parameter:/home/bobo/ros2_ws/install/ros2cpp_tutorials_action:/home/bobo/ros2_ws/install/Eigen3:/opt/ros/humble LD_LIBRARY_PATH=/home/bobo/ros2_ws/install/tug_msgs/lib:/home/bobo/stg/lib:/home/bobo/ros2_ws/install/ros2cpp_tutorials_service/lib:/home/bobo/ros2_ws/install/ros2cpp_tutorials_action/lib:/opt/ros/humble/opt/rviz_ogre_vendor/lib:/opt/ros/humble/lib/x86_64-linux-gnu:/opt/ros/humble/lib /usr/bin/cmake --install /home/bobo/ros2_ws/build/tug_mr2
[2.769s] Level 1:colcon.colcon_core.environment:create_environment_scripts_only(tug_mr2)
[2.770s] Level 1:colcon.colcon_core.environment:checking '/home/bobo/ros2_ws/install/tug_mr2' for CMake module files
[2.771s] DEBUG:colcon.colcon_core.event_handler.log_command:Invoked command in '/home/bobo/ros2_ws/build/tug_mr2' returned '0': CMAKE_PREFIX_PATH=/home/bobo/ros2_ws/install/tug_msgs:/home/bobo/ros2_ws/install/tug_turtlebot4:/home/bobo/ros2_ws/install/tug_stage_ros2:/home/bobo/ros2_ws/install/tug_mr2:/home/bobo/ros2_ws/install/ros2cpp_tutorials_service:/home/bobo/ros2_ws/install/ros2cpp_tutorials_publisher_subscriber:/home/bobo/ros2_ws/install/ros2cpp_tutorials_parameter:/home/bobo/ros2_ws/install/ros2cpp_tutorials_action:/home/bobo/ros2_ws/install/Eigen3:/opt/ros/humble LD_LIBRARY_PATH=/home/bobo/ros2_ws/install/tug_msgs/lib:/home/bobo/stg/lib:/home/bobo/ros2_ws/install/ros2cpp_tutorials_service/lib:/home/bobo/ros2_ws/install/ros2cpp_tutorials_action/lib:/opt/ros/humble/opt/rviz_ogre_vendor/lib:/opt/ros/humble/lib/x86_64-linux-gnu:/opt/ros/humble/lib /usr/bin/cmake --install /home/bobo/ros2_ws/build/tug_mr2
[2.772s] Level 1:colcon.colcon_core.environment:checking '/home/bobo/ros2_ws/install/tug_mr2' for CMake config files
[2.772s] Level 1:colcon.colcon_core.shell:create_environment_hook('tug_mr2', 'cmake_prefix_path')
[2.773s] INFO:colcon.colcon_core.shell:Creating environment hook '/home/bobo/ros2_ws/install/tug_mr2/share/tug_mr2/hook/cmake_prefix_path.ps1'
[2.774s] INFO:colcon.colcon_core.shell:Creating environment descriptor '/home/bobo/ros2_ws/install/tug_mr2/share/tug_mr2/hook/cmake_prefix_path.dsv'
[2.774s] INFO:colcon.colcon_core.shell:Creating environment hook '/home/bobo/ros2_ws/install/tug_mr2/share/tug_mr2/hook/cmake_prefix_path.sh'
[2.776s] Level 1:colcon.colcon_core.environment:checking '/home/bobo/ros2_ws/install/tug_mr2/lib'
[2.776s] Level 1:colcon.colcon_core.environment:checking '/home/bobo/ros2_ws/install/tug_mr2/bin'
[2.776s] Level 1:colcon.colcon_core.environment:checking '/home/bobo/ros2_ws/install/tug_mr2/lib/pkgconfig/tug_mr2.pc'
[2.776s] Level 1:colcon.colcon_core.environment:checking '/home/bobo/ros2_ws/install/tug_mr2/lib/python3.10/site-packages'
[2.777s] Level 1:colcon.colcon_core.environment:checking '/home/bobo/ros2_ws/install/tug_mr2/bin'
[2.777s] INFO:colcon.colcon_core.shell:Creating package script '/home/bobo/ros2_ws/install/tug_mr2/share/tug_mr2/package.ps1'
[2.778s] INFO:colcon.colcon_core.shell:Creating package descriptor '/home/bobo/ros2_ws/install/tug_mr2/share/tug_mr2/package.dsv'
[2.778s] INFO:colcon.colcon_core.shell:Creating package script '/home/bobo/ros2_ws/install/tug_mr2/share/tug_mr2/package.sh'
[2.779s] INFO:colcon.colcon_core.shell:Creating package script '/home/bobo/ros2_ws/install/tug_mr2/share/tug_mr2/package.bash'
[2.780s] INFO:colcon.colcon_core.shell:Creating package script '/home/bobo/ros2_ws/install/tug_mr2/share/tug_mr2/package.zsh'
[2.780s] Level 1:colcon.colcon_core.environment:create_file_with_runtime_dependencies(/home/bobo/ros2_ws/install/tug_mr2/share/colcon-core/packages/tug_mr2)
[2.781s] Level 1:colcon.colcon_core.environment:create_environment_scripts_only(tug_mr2)
[2.781s] Level 1:colcon.colcon_core.environment:checking '/home/bobo/ros2_ws/install/tug_mr2' for CMake module files
[2.782s] Level 1:colcon.colcon_core.environment:checking '/home/bobo/ros2_ws/install/tug_mr2' for CMake config files
[2.782s] Level 1:colcon.colcon_core.shell:create_environment_hook('tug_mr2', 'cmake_prefix_path')
[2.783s] INFO:colcon.colcon_core.shell:Creating environment hook '/home/bobo/ros2_ws/install/tug_mr2/share/tug_mr2/hook/cmake_prefix_path.ps1'
[2.783s] INFO:colcon.colcon_core.shell:Creating environment descriptor '/home/bobo/ros2_ws/install/tug_mr2/share/tug_mr2/hook/cmake_prefix_path.dsv'
[2.784s] INFO:colcon.colcon_core.shell:Creating environment hook '/home/bobo/ros2_ws/install/tug_mr2/share/tug_mr2/hook/cmake_prefix_path.sh'
[2.785s] Level 1:colcon.colcon_core.environment:checking '/home/bobo/ros2_ws/install/tug_mr2/lib'
[2.785s] Level 1:colcon.colcon_core.environment:checking '/home/bobo/ros2_ws/install/tug_mr2/bin'
[2.785s] Level 1:colcon.colcon_core.environment:checking '/home/bobo/ros2_ws/install/tug_mr2/lib/pkgconfig/tug_mr2.pc'
[2.786s] Level 1:colcon.colcon_core.environment:checking '/home/bobo/ros2_ws/install/tug_mr2/lib/python3.10/site-packages'
[2.786s] Level 1:colcon.colcon_core.environment:checking '/home/bobo/ros2_ws/install/tug_mr2/bin'
[2.786s] INFO:colcon.colcon_core.shell:Creating package script '/home/bobo/ros2_ws/install/tug_mr2/share/tug_mr2/package.ps1'
[2.787s] INFO:colcon.colcon_core.shell:Creating package descriptor '/home/bobo/ros2_ws/install/tug_mr2/share/tug_mr2/package.dsv'
[2.787s] INFO:colcon.colcon_core.shell:Creating package script '/home/bobo/ros2_ws/install/tug_mr2/share/tug_mr2/package.sh'
[2.788s] INFO:colcon.colcon_core.shell:Creating package script '/home/bobo/ros2_ws/install/tug_mr2/share/tug_mr2/package.bash'
[2.789s] INFO:colcon.colcon_core.shell:Creating package script '/home/bobo/ros2_ws/install/tug_mr2/share/tug_mr2/package.zsh'
[2.790s] Level 1:colcon.colcon_core.environment:create_file_with_runtime_dependencies(/home/bobo/ros2_ws/install/tug_mr2/share/colcon-core/packages/tug_mr2)
[27.583s] DEBUG:colcon.colcon_core.event_handler.log_command:Invoked command in '/home/bobo/ros2_ws/build/tug_turtlebot4' returned '0': CMAKE_PREFIX_PATH=/home/bobo/ros2_ws/install/tug_msgs:/home/bobo/ros2_ws/install/tug_turtlebot4:/home/bobo/ros2_ws/install/tug_stage_ros2:/home/bobo/ros2_ws/install/tug_mr2:/home/bobo/ros2_ws/install/ros2cpp_tutorials_service:/home/bobo/ros2_ws/install/ros2cpp_tutorials_publisher_subscriber:/home/bobo/ros2_ws/install/ros2cpp_tutorials_parameter:/home/bobo/ros2_ws/install/ros2cpp_tutorials_action:/home/bobo/ros2_ws/install/Eigen3:/opt/ros/humble LD_LIBRARY_PATH=/home/bobo/ros2_ws/install/tug_msgs/lib:/home/bobo/stg/lib:/home/bobo/ros2_ws/install/ros2cpp_tutorials_service/lib:/home/bobo/ros2_ws/install/ros2cpp_tutorials_action/lib:/opt/ros/humble/opt/rviz_ogre_vendor/lib:/opt/ros/humble/lib/x86_64-linux-gnu:/opt/ros/humble/lib /usr/bin/cmake --build /home/bobo/ros2_ws/build/tug_turtlebot4 -- -j8 -l8
[27.588s] DEBUG:colcon.colcon_core.event_handler.log_command:Invoking command in '/home/bobo/ros2_ws/build/tug_turtlebot4': CMAKE_PREFIX_PATH=/home/bobo/ros2_ws/install/tug_msgs:/home/bobo/ros2_ws/install/tug_turtlebot4:/home/bobo/ros2_ws/install/tug_stage_ros2:/home/bobo/ros2_ws/install/tug_mr2:/home/bobo/ros2_ws/install/ros2cpp_tutorials_service:/home/bobo/ros2_ws/install/ros2cpp_tutorials_publisher_subscriber:/home/bobo/ros2_ws/install/ros2cpp_tutorials_parameter:/home/bobo/ros2_ws/install/ros2cpp_tutorials_action:/home/bobo/ros2_ws/install/Eigen3:/opt/ros/humble LD_LIBRARY_PATH=/home/bobo/ros2_ws/install/tug_msgs/lib:/home/bobo/stg/lib:/home/bobo/ros2_ws/install/ros2cpp_tutorials_service/lib:/home/bobo/ros2_ws/install/ros2cpp_tutorials_action/lib:/opt/ros/humble/opt/rviz_ogre_vendor/lib:/opt/ros/humble/lib/x86_64-linux-gnu:/opt/ros/humble/lib /usr/bin/cmake --install /home/bobo/ros2_ws/build/tug_turtlebot4
[27.652s] Level 1:colcon.colcon_core.environment:create_environment_scripts_only(tug_turtlebot4)
[27.653s] Level 1:colcon.colcon_core.environment:checking '/home/bobo/ros2_ws/install/tug_turtlebot4' for CMake module files
[27.655s] Level 1:colcon.colcon_core.environment:checking '/home/bobo/ros2_ws/install/tug_turtlebot4' for CMake config files
[27.657s] DEBUG:colcon.colcon_core.event_handler.log_command:Invoked command in '/home/bobo/ros2_ws/build/tug_turtlebot4' returned '0': CMAKE_PREFIX_PATH=/home/bobo/ros2_ws/install/tug_msgs:/home/bobo/ros2_ws/install/tug_turtlebot4:/home/bobo/ros2_ws/install/tug_stage_ros2:/home/bobo/ros2_ws/install/tug_mr2:/home/bobo/ros2_ws/install/ros2cpp_tutorials_service:/home/bobo/ros2_ws/install/ros2cpp_tutorials_publisher_subscriber:/home/bobo/ros2_ws/install/ros2cpp_tutorials_parameter:/home/bobo/ros2_ws/install/ros2cpp_tutorials_action:/home/bobo/ros2_ws/install/Eigen3:/opt/ros/humble LD_LIBRARY_PATH=/home/bobo/ros2_ws/install/tug_msgs/lib:/home/bobo/stg/lib:/home/bobo/ros2_ws/install/ros2cpp_tutorials_service/lib:/home/bobo/ros2_ws/install/ros2cpp_tutorials_action/lib:/opt/ros/humble/opt/rviz_ogre_vendor/lib:/opt/ros/humble/lib/x86_64-linux-gnu:/opt/ros/humble/lib /usr/bin/cmake --install /home/bobo/ros2_ws/build/tug_turtlebot4
[27.657s] Level 1:colcon.colcon_core.shell:create_environment_hook('tug_turtlebot4', 'cmake_prefix_path')
[27.658s] INFO:colcon.colcon_core.shell:Creating environment hook '/home/bobo/ros2_ws/install/tug_turtlebot4/share/tug_turtlebot4/hook/cmake_prefix_path.ps1'
[27.660s] INFO:colcon.colcon_core.shell:Creating environment descriptor '/home/bobo/ros2_ws/install/tug_turtlebot4/share/tug_turtlebot4/hook/cmake_prefix_path.dsv'
[27.661s] INFO:colcon.colcon_core.shell:Creating environment hook '/home/bobo/ros2_ws/install/tug_turtlebot4/share/tug_turtlebot4/hook/cmake_prefix_path.sh'
[27.663s] Level 1:colcon.colcon_core.environment:checking '/home/bobo/ros2_ws/install/tug_turtlebot4/lib'
[27.663s] Level 1:colcon.colcon_core.environment:checking '/home/bobo/ros2_ws/install/tug_turtlebot4/bin'
[27.663s] Level 1:colcon.colcon_core.environment:checking '/home/bobo/ros2_ws/install/tug_turtlebot4/lib/pkgconfig/tug_turtlebot4.pc'
[27.664s] Level 1:colcon.colcon_core.environment:checking '/home/bobo/ros2_ws/install/tug_turtlebot4/lib/python3.10/site-packages'
[27.665s] Level 1:colcon.colcon_core.environment:checking '/home/bobo/ros2_ws/install/tug_turtlebot4/bin'
[27.667s] INFO:colcon.colcon_core.shell:Creating package script '/home/bobo/ros2_ws/install/tug_turtlebot4/share/tug_turtlebot4/package.ps1'
[27.668s] INFO:colcon.colcon_core.shell:Creating package descriptor '/home/bobo/ros2_ws/install/tug_turtlebot4/share/tug_turtlebot4/package.dsv'
[27.669s] INFO:colcon.colcon_core.shell:Creating package script '/home/bobo/ros2_ws/install/tug_turtlebot4/share/tug_turtlebot4/package.sh'
[27.671s] INFO:colcon.colcon_core.shell:Creating package script '/home/bobo/ros2_ws/install/tug_turtlebot4/share/tug_turtlebot4/package.bash'
[27.672s] INFO:colcon.colcon_core.shell:Creating package script '/home/bobo/ros2_ws/install/tug_turtlebot4/share/tug_turtlebot4/package.zsh'
[27.673s] Level 1:colcon.colcon_core.environment:create_file_with_runtime_dependencies(/home/bobo/ros2_ws/install/tug_turtlebot4/share/colcon-core/packages/tug_turtlebot4)
[27.675s] Level 1:colcon.colcon_core.environment:create_environment_scripts_only(tug_turtlebot4)
[27.676s] Level 1:colcon.colcon_core.environment:checking '/home/bobo/ros2_ws/install/tug_turtlebot4' for CMake module files
[27.678s] Level 1:colcon.colcon_core.environment:checking '/home/bobo/ros2_ws/install/tug_turtlebot4' for CMake config files
[27.679s] Level 1:colcon.colcon_core.shell:create_environment_hook('tug_turtlebot4', 'cmake_prefix_path')
[27.680s] INFO:colcon.colcon_core.shell:Creating environment hook '/home/bobo/ros2_ws/install/tug_turtlebot4/share/tug_turtlebot4/hook/cmake_prefix_path.ps1'
[27.681s] INFO:colcon.colcon_core.shell:Creating environment descriptor '/home/bobo/ros2_ws/install/tug_turtlebot4/share/tug_turtlebot4/hook/cmake_prefix_path.dsv'
[27.682s] INFO:colcon.colcon_core.shell:Creating environment hook '/home/bobo/ros2_ws/install/tug_turtlebot4/share/tug_turtlebot4/hook/cmake_prefix_path.sh'
[27.683s] Level 1:colcon.colcon_core.environment:checking '/home/bobo/ros2_ws/install/tug_turtlebot4/lib'
[27.684s] Level 1:colcon.colcon_core.environment:checking '/home/bobo/ros2_ws/install/tug_turtlebot4/bin'
[27.684s] Level 1:colcon.colcon_core.environment:checking '/home/bobo/ros2_ws/install/tug_turtlebot4/lib/pkgconfig/tug_turtlebot4.pc'
[27.684s] Level 1:colcon.colcon_core.environment:checking '/home/bobo/ros2_ws/install/tug_turtlebot4/lib/python3.10/site-packages'
[27.685s] Level 1:colcon.colcon_core.environment:checking '/home/bobo/ros2_ws/install/tug_turtlebot4/bin'
[27.686s] INFO:colcon.colcon_core.shell:Creating package script '/home/bobo/ros2_ws/install/tug_turtlebot4/share/tug_turtlebot4/package.ps1'
[27.688s] INFO:colcon.colcon_core.shell:Creating package descriptor '/home/bobo/ros2_ws/install/tug_turtlebot4/share/tug_turtlebot4/package.dsv'
[27.690s] INFO:colcon.colcon_core.shell:Creating package script '/home/bobo/ros2_ws/install/tug_turtlebot4/share/tug_turtlebot4/package.sh'
[27.692s] INFO:colcon.colcon_core.shell:Creating package script '/home/bobo/ros2_ws/install/tug_turtlebot4/share/tug_turtlebot4/package.bash'
[27.694s] INFO:colcon.colcon_core.shell:Creating package script '/home/bobo/ros2_ws/install/tug_turtlebot4/share/tug_turtlebot4/package.zsh'
[27.695s] Level 1:colcon.colcon_core.environment:create_file_with_runtime_dependencies(/home/bobo/ros2_ws/install/tug_turtlebot4/share/colcon-core/packages/tug_turtlebot4)
[27.696s] DEBUG:colcon.colcon_parallel_executor.executor.parallel:closing loop
[27.697s] DEBUG:colcon.colcon_parallel_executor.executor.parallel:loop closed
[27.698s] DEBUG:colcon.colcon_parallel_executor.executor.parallel:run_until_complete finished with '0'
[27.698s] DEBUG:colcon.colcon_core.event_reactor:joining thread
[27.718s] INFO:colcon.colcon_core.plugin_system:Skipping extension 'colcon_notification.desktop_notification.terminal_notifier': Not used on non-Darwin systems
[27.718s] INFO:colcon.colcon_core.plugin_system:Skipping extension 'colcon_notification.desktop_notification.win32': Not used on non-Windows systems
[27.718s] INFO:colcon.colcon_notification.desktop_notification:Sending desktop notification using 'notify2'
[27.746s] DEBUG:colcon.colcon_core.event_reactor:joined thread
[27.746s] INFO:colcon.colcon_core.shell:Creating prefix script '/home/bobo/ros2_ws/install/local_setup.ps1'
[27.748s] INFO:colcon.colcon_core.shell:Creating prefix util module '/home/bobo/ros2_ws/install/_local_setup_util_ps1.py'
[27.755s] INFO:colcon.colcon_core.shell:Creating prefix chain script '/home/bobo/ros2_ws/install/setup.ps1'
[27.761s] INFO:colcon.colcon_core.shell:Creating prefix script '/home/bobo/ros2_ws/install/local_setup.sh'
[27.763s] INFO:colcon.colcon_core.shell:Creating prefix util module '/home/bobo/ros2_ws/install/_local_setup_util_sh.py'
[27.765s] INFO:colcon.colcon_core.shell:Creating prefix chain script '/home/bobo/ros2_ws/install/setup.sh'
[27.769s] INFO:colcon.colcon_core.shell:Creating prefix script '/home/bobo/ros2_ws/install/local_setup.bash'
[27.771s] INFO:colcon.colcon_core.shell:Creating prefix chain script '/home/bobo/ros2_ws/install/setup.bash'
[27.775s] INFO:colcon.colcon_core.shell:Creating prefix script '/home/bobo/ros2_ws/install/local_setup.zsh'
[27.776s] INFO:colcon.colcon_core.shell:Creating prefix chain script '/home/bobo/ros2_ws/install/setup.zsh'
