[0.049s] Invoking command in '/home/bobo/ros2_ws/build/tug_stage_ros2': CMAKE_PREFIX_PATH=/home/bobo/ros2_ws/install/tug_msgs:/home/bobo/ros2_ws/install/tug_stage_ros2:/home/bobo/ros2_ws/install/tug_mr2:/home/bobo/ros2_ws/install/ros2cpp_tutorials_service:/home/bobo/ros2_ws/install/ros2cpp_tutorials_publisher_subscriber:/home/bobo/ros2_ws/install/ros2cpp_tutorials_parameter:/home/bobo/ros2_ws/install/ros2cpp_tutorials_action:/opt/ros/humble LD_LIBRARY_PATH=/home/bobo/ros2_ws/install/tug_msgs/lib:/home/bobo/stg/lib:/home/bobo/ros2_ws/install/ros2cpp_tutorials_service/lib:/home/bobo/ros2_ws/install/ros2cpp_tutorials_action/lib:/opt/ros/humble/opt/rviz_ogre_vendor/lib:/opt/ros/humble/lib/x86_64-linux-gnu:/opt/ros/humble/lib /usr/bin/cmake /home/bobo/ros2_ws/src/mr2_public/tug_stage_ros2 -DCMAKE_INSTALL_PREFIX=/home/bobo/ros2_ws/install/tug_stage_ros2
[0.358s] -- The C compiler identification is GNU 11.4.0
[0.574s] -- The CXX compiler identification is GNU 11.4.0
[0.606s] -- Detecting C compiler ABI info
[0.933s] -- Detecting C compiler ABI info - done
[0.962s] -- Check for working C compiler: /usr/bin/cc - skipped
[0.963s] -- Detecting C compile features
[0.978s] -- Detecting C compile features - done
[0.989s] -- Detecting CXX compiler ABI info
[1.376s] -- Detecting CXX compiler ABI info - done
[1.432s] -- Check for working CXX compiler: /usr/bin/c++ - skipped
[1.433s] -- Detecting CXX compile features
[1.435s] -- Detecting CXX compile features - done
[1.442s] -- Found ament_cmake: 1.3.10 (/opt/ros/humble/share/ament_cmake/cmake)
[2.018s] -- Found Python3: /usr/bin/python3 (found version "3.10.12") found components: Interpreter 
[2.600s] -- Found rclcpp: 16.0.10 (/opt/ros/humble/share/rclcpp/cmake)
[2.830s] -- Found rosidl_generator_c: 3.1.5 (/opt/ros/humble/share/rosidl_generator_c/cmake)
[2.847s] -- Found rosidl_adapter: 3.1.5 (/opt/ros/humble/share/rosidl_adapter/cmake)
[2.876s] -- Found rosidl_generator_cpp: 3.1.5 (/opt/ros/humble/share/rosidl_generator_cpp/cmake)
[2.940s] -- Using all available rosidl_typesupport_c: rosidl_typesupport_fastrtps_c;rosidl_typesupport_introspection_c
[3.027s] -- Using all available rosidl_typesupport_cpp: rosidl_typesupport_fastrtps_cpp;rosidl_typesupport_introspection_cpp
[3.213s] -- Found rmw_implementation_cmake: 6.1.2 (/opt/ros/humble/share/rmw_implementation_cmake/cmake)
[3.223s] -- Found rmw_fastrtps_cpp: 6.2.7 (/opt/ros/humble/share/rmw_fastrtps_cpp/cmake)
[3.736s] -- Found OpenSSL: /usr/lib/x86_64-linux-gnu/libcrypto.so (found version "3.0.2")  
[3.905s] -- Found FastRTPS: /opt/ros/humble/include  
[4.068s] -- Using RMW implementation 'rmw_fastrtps_cpp' as default
[4.138s] -- Looking for pthread.h
[4.637s] -- Looking for pthread.h - found
[4.637s] -- Performing Test CMAKE_HAVE_LIBC_PTHREAD
[5.081s] -- Performing Test CMAKE_HAVE_LIBC_PTHREAD - Success
[5.090s] -- Found Threads: TRUE  
[5.593s] -- Found tf2: 0.25.8 (/opt/ros/humble/share/tf2/cmake)
[5.865s] -- Found tf2_ros: 0.25.8 (/opt/ros/humble/share/tf2_ros/cmake)
[6.773s] -- Found nav_msgs: 4.2.4 (/opt/ros/humble/share/nav_msgs/cmake)
[6.941s] -- Found sensor_msgs: 4.2.4 (/opt/ros/humble/share/sensor_msgs/cmake)
[7.131s] -- Found tf2_geometry_msgs: 0.25.8 (/opt/ros/humble/share/tf2_geometry_msgs/cmake)
[7.249s] -- Found eigen3_cmake_module: 0.1.1 (/opt/ros/humble/share/eigen3_cmake_module/cmake)
[7.276s] -- Found Eigen3: TRUE (found version "3.4.0") 
[7.276s] -- Ensuring Eigen3 include directory is part of orocos-kdl CMake target
[7.327s] -- Found tug_msgs: 0.0.0 (/home/bobo/ros2_ws/install/tug_msgs/share/tug_msgs/cmake)
[7.427s] -- Found ament_lint_auto: 0.12.11 (/opt/ros/humble/share/ament_lint_auto/cmake)
[8.039s] -- Added test 'cppcheck' to perform static code analysis on C / C++ code
[8.055s] -- Configured cppcheck include dirs: /home/bobo/ros2_ws/src/mr2_public/tug_stage_ros2/include/
[8.055s] -- Configured cppcheck exclude dirs and/or files: 
[8.065s] -- Added test 'lint_cmake' to check CMake code style
[8.082s] -- Added test 'uncrustify' to check C / C++ code style
[8.083s] -- Configured uncrustify additional arguments: 
[8.111s] -- Added test 'xmllint' to check XML markup files
[8.112s] -- Configuring done
[8.223s] -- Generating done
[8.246s] -- Build files have been written to: /home/bobo/ros2_ws/build/tug_stage_ros2
[8.374s] Invoked command in '/home/bobo/ros2_ws/build/tug_stage_ros2' returned '0': CMAKE_PREFIX_PATH=/home/bobo/ros2_ws/install/tug_msgs:/home/bobo/ros2_ws/install/tug_stage_ros2:/home/bobo/ros2_ws/install/tug_mr2:/home/bobo/ros2_ws/install/ros2cpp_tutorials_service:/home/bobo/ros2_ws/install/ros2cpp_tutorials_publisher_subscriber:/home/bobo/ros2_ws/install/ros2cpp_tutorials_parameter:/home/bobo/ros2_ws/install/ros2cpp_tutorials_action:/opt/ros/humble LD_LIBRARY_PATH=/home/bobo/ros2_ws/install/tug_msgs/lib:/home/bobo/stg/lib:/home/bobo/ros2_ws/install/ros2cpp_tutorials_service/lib:/home/bobo/ros2_ws/install/ros2cpp_tutorials_action/lib:/opt/ros/humble/opt/rviz_ogre_vendor/lib:/opt/ros/humble/lib/x86_64-linux-gnu:/opt/ros/humble/lib /usr/bin/cmake /home/bobo/ros2_ws/src/mr2_public/tug_stage_ros2 -DCMAKE_INSTALL_PREFIX=/home/bobo/ros2_ws/install/tug_stage_ros2
[8.375s] Invoking command in '/home/bobo/ros2_ws/build/tug_stage_ros2': CMAKE_PREFIX_PATH=/home/bobo/ros2_ws/install/tug_msgs:/home/bobo/ros2_ws/install/tug_stage_ros2:/home/bobo/ros2_ws/install/tug_mr2:/home/bobo/ros2_ws/install/ros2cpp_tutorials_service:/home/bobo/ros2_ws/install/ros2cpp_tutorials_publisher_subscriber:/home/bobo/ros2_ws/install/ros2cpp_tutorials_parameter:/home/bobo/ros2_ws/install/ros2cpp_tutorials_action:/opt/ros/humble LD_LIBRARY_PATH=/home/bobo/ros2_ws/install/tug_msgs/lib:/home/bobo/stg/lib:/home/bobo/ros2_ws/install/ros2cpp_tutorials_service/lib:/home/bobo/ros2_ws/install/ros2cpp_tutorials_action/lib:/opt/ros/humble/opt/rviz_ogre_vendor/lib:/opt/ros/humble/lib/x86_64-linux-gnu:/opt/ros/humble/lib /usr/bin/cmake --build /home/bobo/ros2_ws/build/tug_stage_ros2 -- -j8 -l8
[8.750s] [ 33%] [32mBuilding CXX object CMakeFiles/tug_stage_ros2.dir/src/tug_stage_ros2.cpp.o[0m
[8.805s] [ 66%] [32mBuilding CXX object CMakeFiles/tug_stage_ros2.dir/src/StageNode.cpp.o[0m
[41.767s] [100%] [32m[1mLinking CXX executable tug_stage_ros2[0m
[42.888s] [100%] Built target tug_stage_ros2
[42.903s] Invoked command in '/home/bobo/ros2_ws/build/tug_stage_ros2' returned '0': CMAKE_PREFIX_PATH=/home/bobo/ros2_ws/install/tug_msgs:/home/bobo/ros2_ws/install/tug_stage_ros2:/home/bobo/ros2_ws/install/tug_mr2:/home/bobo/ros2_ws/install/ros2cpp_tutorials_service:/home/bobo/ros2_ws/install/ros2cpp_tutorials_publisher_subscriber:/home/bobo/ros2_ws/install/ros2cpp_tutorials_parameter:/home/bobo/ros2_ws/install/ros2cpp_tutorials_action:/opt/ros/humble LD_LIBRARY_PATH=/home/bobo/ros2_ws/install/tug_msgs/lib:/home/bobo/stg/lib:/home/bobo/ros2_ws/install/ros2cpp_tutorials_service/lib:/home/bobo/ros2_ws/install/ros2cpp_tutorials_action/lib:/opt/ros/humble/opt/rviz_ogre_vendor/lib:/opt/ros/humble/lib/x86_64-linux-gnu:/opt/ros/humble/lib /usr/bin/cmake --build /home/bobo/ros2_ws/build/tug_stage_ros2 -- -j8 -l8
[42.942s] Invoking command in '/home/bobo/ros2_ws/build/tug_stage_ros2': CMAKE_PREFIX_PATH=/home/bobo/ros2_ws/install/tug_msgs:/home/bobo/ros2_ws/install/tug_stage_ros2:/home/bobo/ros2_ws/install/tug_mr2:/home/bobo/ros2_ws/install/ros2cpp_tutorials_service:/home/bobo/ros2_ws/install/ros2cpp_tutorials_publisher_subscriber:/home/bobo/ros2_ws/install/ros2cpp_tutorials_parameter:/home/bobo/ros2_ws/install/ros2cpp_tutorials_action:/opt/ros/humble LD_LIBRARY_PATH=/home/bobo/ros2_ws/install/tug_msgs/lib:/home/bobo/stg/lib:/home/bobo/ros2_ws/install/ros2cpp_tutorials_service/lib:/home/bobo/ros2_ws/install/ros2cpp_tutorials_action/lib:/opt/ros/humble/opt/rviz_ogre_vendor/lib:/opt/ros/humble/lib/x86_64-linux-gnu:/opt/ros/humble/lib /usr/bin/cmake --install /home/bobo/ros2_ws/build/tug_stage_ros2
[42.951s] -- Install configuration: ""
[42.952s] -- Installing: /home/bobo/ros2_ws/install/tug_stage_ros2/lib/tug_stage_ros2/tug_stage_ros2
[42.961s] -- Set runtime path of "/home/bobo/ros2_ws/install/tug_stage_ros2/lib/tug_stage_ros2/tug_stage_ros2" to ""
[42.961s] -- Installing: /home/bobo/ros2_ws/install/tug_stage_ros2/share/tug_stage_ros2/launch
[42.961s] -- Installing: /home/bobo/ros2_ws/install/tug_stage_ros2/share/tug_stage_ros2/launch/kinematic_launch.xml
[42.961s] -- Installing: /home/bobo/ros2_ws/install/tug_stage_ros2/share/tug_stage_ros2/launch/transform_launch.xml
[42.961s] -- Installing: /home/bobo/ros2_ws/install/tug_stage_ros2/share/tug_stage_ros2/rviz
[42.961s] -- Installing: /home/bobo/ros2_ws/install/tug_stage_ros2/share/tug_stage_ros2/rviz/transform.rviz
[42.961s] -- Installing: /home/bobo/ros2_ws/install/tug_stage_ros2/share/tug_stage_ros2/rviz/kinematic.rviz
[42.961s] -- Installing: /home/bobo/ros2_ws/install/tug_stage_ros2/share/tug_stage_ros2/worlds
[42.961s] -- Installing: /home/bobo/ros2_ws/install/tug_stage_ros2/share/tug_stage_ros2/worlds/kinematic.pgm
[42.962s] -- Installing: /home/bobo/ros2_ws/install/tug_stage_ros2/share/tug_stage_ros2/worlds/transform.pgm
[42.962s] -- Installing: /home/bobo/ros2_ws/install/tug_stage_ros2/share/tug_stage_ros2/worlds/kinematic.world
[42.962s] -- Installing: /home/bobo/ros2_ws/install/tug_stage_ros2/share/tug_stage_ros2/worlds/transform.world
[42.962s] -- Installing: /home/bobo/ros2_ws/install/tug_stage_ros2/share/ament_index/resource_index/package_run_dependencies/tug_stage_ros2
[42.963s] -- Installing: /home/bobo/ros2_ws/install/tug_stage_ros2/share/ament_index/resource_index/parent_prefix_path/tug_stage_ros2
[42.963s] -- Installing: /home/bobo/ros2_ws/install/tug_stage_ros2/share/tug_stage_ros2/environment/ament_prefix_path.sh
[42.963s] -- Installing: /home/bobo/ros2_ws/install/tug_stage_ros2/share/tug_stage_ros2/environment/ament_prefix_path.dsv
[42.963s] -- Installing: /home/bobo/ros2_ws/install/tug_stage_ros2/share/tug_stage_ros2/environment/path.sh
[42.963s] -- Installing: /home/bobo/ros2_ws/install/tug_stage_ros2/share/tug_stage_ros2/environment/path.dsv
[42.964s] -- Installing: /home/bobo/ros2_ws/install/tug_stage_ros2/share/tug_stage_ros2/local_setup.bash
[42.964s] -- Installing: /home/bobo/ros2_ws/install/tug_stage_ros2/share/tug_stage_ros2/local_setup.sh
[42.964s] -- Installing: /home/bobo/ros2_ws/install/tug_stage_ros2/share/tug_stage_ros2/local_setup.zsh
[42.964s] -- Installing: /home/bobo/ros2_ws/install/tug_stage_ros2/share/tug_stage_ros2/local_setup.dsv
[42.964s] -- Installing: /home/bobo/ros2_ws/install/tug_stage_ros2/share/tug_stage_ros2/package.dsv
[42.964s] -- Installing: /home/bobo/ros2_ws/install/tug_stage_ros2/share/ament_index/resource_index/packages/tug_stage_ros2
[42.965s] -- Installing: /home/bobo/ros2_ws/install/tug_stage_ros2/share/tug_stage_ros2/cmake/tug_stage_ros2Config.cmake
[42.965s] -- Installing: /home/bobo/ros2_ws/install/tug_stage_ros2/share/tug_stage_ros2/cmake/tug_stage_ros2Config-version.cmake
[42.965s] -- Installing: /home/bobo/ros2_ws/install/tug_stage_ros2/share/tug_stage_ros2/package.xml
[42.968s] Invoked command in '/home/bobo/ros2_ws/build/tug_stage_ros2' returned '0': CMAKE_PREFIX_PATH=/home/bobo/ros2_ws/install/tug_msgs:/home/bobo/ros2_ws/install/tug_stage_ros2:/home/bobo/ros2_ws/install/tug_mr2:/home/bobo/ros2_ws/install/ros2cpp_tutorials_service:/home/bobo/ros2_ws/install/ros2cpp_tutorials_publisher_subscriber:/home/bobo/ros2_ws/install/ros2cpp_tutorials_parameter:/home/bobo/ros2_ws/install/ros2cpp_tutorials_action:/opt/ros/humble LD_LIBRARY_PATH=/home/bobo/ros2_ws/install/tug_msgs/lib:/home/bobo/stg/lib:/home/bobo/ros2_ws/install/ros2cpp_tutorials_service/lib:/home/bobo/ros2_ws/install/ros2cpp_tutorials_action/lib:/opt/ros/humble/opt/rviz_ogre_vendor/lib:/opt/ros/humble/lib/x86_64-linux-gnu:/opt/ros/humble/lib /usr/bin/cmake --install /home/bobo/ros2_ws/build/tug_stage_ros2
