[0.067s] Invoking command in '/home/bobo/ros2_ws/build/tug_turtlebot4': CMAKE_PREFIX_PATH=/home/bobo/ros2_ws/install/tug_msgs:/home/bobo/ros2_ws/install/tug_turtlebot4:/home/bobo/ros2_ws/install/tug_stage_ros2:/home/bobo/ros2_ws/install/tug_mr2:/home/bobo/ros2_ws/install/ros2cpp_tutorials_service:/home/bobo/ros2_ws/install/ros2cpp_tutorials_publisher_subscriber:/home/bobo/ros2_ws/install/ros2cpp_tutorials_parameter:/home/bobo/ros2_ws/install/ros2cpp_tutorials_action:/home/bobo/ros2_ws/install/Eigen3:/opt/ros/humble LD_LIBRARY_PATH=/home/bobo/ros2_ws/install/tug_msgs/lib:/home/bobo/stg/lib:/home/bobo/ros2_ws/install/ros2cpp_tutorials_service/lib:/home/bobo/ros2_ws/install/ros2cpp_tutorials_action/lib:/opt/ros/humble/opt/rviz_ogre_vendor/lib:/opt/ros/humble/lib/x86_64-linux-gnu:/opt/ros/humble/lib /usr/bin/cmake /home/bobo/ros2_ws/src/mr2_public/tug_turtlebot4 -DCMAKE_INSTALL_PREFIX=/home/bobo/ros2_ws/install/tug_turtlebot4
[2.912s] -- The C compiler identification is GNU 11.4.0
[2.912s] -- The CXX compiler identification is GNU 11.4.0
[2.918s] -- Detecting C compiler ABI info
[2.919s] -- Detecting C compiler ABI info - done
[2.919s] -- Check for working C compiler: /usr/bin/cc - skipped
[2.919s] -- Detecting C compile features
[2.920s] -- Detecting C compile features - done
[2.920s] -- Detecting CXX compiler ABI info
[2.920s] -- Detecting CXX compiler ABI info - done
[2.920s] -- Check for working CXX compiler: /usr/bin/c++ - skipped
[2.920s] -- Detecting CXX compile features
[2.921s] -- Detecting CXX compile features - done
[2.921s] -- Found ament_cmake: 1.3.10 (/opt/ros/humble/share/ament_cmake/cmake)
[2.921s] -- Found Python3: /usr/bin/python3 (found version "3.10.12") found components: Interpreter 
[2.921s] -- Found rclcpp: 16.0.10 (/opt/ros/humble/share/rclcpp/cmake)
[2.921s] -- Found rosidl_generator_c: 3.1.5 (/opt/ros/humble/share/rosidl_generator_c/cmake)
[2.922s] -- Found rosidl_adapter: 3.1.5 (/opt/ros/humble/share/rosidl_adapter/cmake)
[2.922s] -- Found rosidl_generator_cpp: 3.1.5 (/opt/ros/humble/share/rosidl_generator_cpp/cmake)
[2.922s] -- Using all available rosidl_typesupport_c: rosidl_typesupport_fastrtps_c;rosidl_typesupport_introspection_c
[2.926s] -- Using all available rosidl_typesupport_cpp: rosidl_typesupport_fastrtps_cpp;rosidl_typesupport_introspection_cpp
[2.926s] -- Found rmw_implementation_cmake: 6.1.2 (/opt/ros/humble/share/rmw_implementation_cmake/cmake)
[2.927s] -- Found rmw_fastrtps_cpp: 6.2.7 (/opt/ros/humble/share/rmw_fastrtps_cpp/cmake)
[2.927s] -- Found OpenSSL: /usr/lib/x86_64-linux-gnu/libcrypto.so (found version "3.0.2")  
[2.927s] -- Found FastRTPS: /opt/ros/humble/include  
[2.927s] -- Using RMW implementation 'rmw_fastrtps_cpp' as default
[2.927s] -- Looking for pthread.h
[2.983s] -- Looking for pthread.h - found
[2.984s] -- Performing Test CMAKE_HAVE_LIBC_PTHREAD
[3.191s] -- Performing Test CMAKE_HAVE_LIBC_PTHREAD - Success
[3.193s] -- Found Threads: TRUE  
[3.370s] -- Found tf2: 0.25.8 (/opt/ros/humble/share/tf2/cmake)
[3.449s] -- Found tf2_ros: 0.25.8 (/opt/ros/humble/share/tf2_ros/cmake)
[3.755s] -- Found tf2_geometry_msgs: 0.25.8 (/opt/ros/humble/share/tf2_geometry_msgs/cmake)
[3.797s] -- Found eigen3_cmake_module: 0.1.1 (/opt/ros/humble/share/eigen3_cmake_module/cmake)
[3.800s] -- Found Eigen3: TRUE (found version "3.4.0") 
[3.801s] -- Ensuring Eigen3 include directory is part of orocos-kdl CMake target
[3.805s] -- Found tug_msgs: 0.0.0 (/home/bobo/ros2_ws/install/tug_msgs/share/tug_msgs/cmake)
[3.844s] -- Looking for ignition-gazebo6 -- found version 6.16.0
[3.866s] -- Searching for dependencies of ignition-gazebo6
[3.877s] -- Looking for sdformat12 -- found version 12.8.0
[3.877s] -- Searching for dependencies of sdformat12
[3.890s] -- Checking for module 'tinyxml2'
[3.928s] --   Found tinyxml2, version 9.0.0
[4.035s] -- Looking for ignition-math6 -- found version 6.15.1
[4.037s] -- Searching for dependencies of ignition-math6
[4.047s] -- Looking for ignition-utils1 -- found version 1.5.1
[4.051s] -- Searching for dependencies of ignition-utils1
[4.069s] -- Looking for ignition-plugin1 -- found version 1.4.0
[4.070s] -- Searching for dependencies of ignition-plugin1
[4.073s] -- Searching for <ignition-plugin1> component [loader]
[4.079s] -- Looking for ignition-plugin1-loader -- found version 1.4.0
[4.082s] -- Searching for dependencies of ignition-plugin1-loader
[4.084s] -- Searching for <ignition-plugin1> component [register]
[4.092s] -- Looking for ignition-plugin1-register -- found version 1.4.0
[4.095s] -- Searching for dependencies of ignition-plugin1-register
[4.106s] -- Looking for ignition-transport11 -- found version 11.4.1
[4.107s] -- Searching for dependencies of ignition-transport11
[4.205s] -- Found Protobuf: /usr/lib/x86_64-linux-gnu/libprotobuf.so (found version "3.12.4") 
[4.239s] -- Config-file not installed for ZeroMQ -- checking for pkg-config
[4.253s] -- Checking for module 'libzmq >= 4'
[4.302s] --   Found libzmq , version 4.3.4
[4.408s] -- Found ZeroMQ: TRUE (Required is at least version "4") 
[4.439s] -- Checking for module 'uuid'
[4.484s] --   Found uuid, version 2.37.2
[4.585s] -- Found UUID: TRUE  
[4.587s] -- Looking for ignition-utils1 -- found version 1.5.1
[4.587s] -- Searching for dependencies of ignition-utils1
[4.588s] -- Searching for <ignition-utils1> component [cli]
[4.602s] -- Looking for ignition-utils1-cli -- found version 1.5.1
[4.603s] -- Searching for dependencies of ignition-utils1-cli
[4.611s] -- Looking for ignition-msgs8 -- found version 8.7.0
[4.612s] -- Searching for dependencies of ignition-msgs8
[4.666s] -- Found Protobuf: /usr/lib/x86_64-linux-gnu/libprotobuf.so (found suitable version "3.12.4", minimum required is "3") 
[4.669s] -- Looking for ignition-math6 -- found version 6.15.1
[4.694s] -- Searching for <ignition-transport11> component [log]
[4.703s] -- Looking for ignition-transport11-log -- found version 11.4.1
[4.705s] -- Searching for dependencies of ignition-transport11-log
[4.707s] -- Searching for <ignition-transport11> component [parameters]
[4.714s] -- Looking for ignition-transport11-parameters -- found version 11.4.1
[4.720s] -- Searching for dependencies of ignition-transport11-parameters
[4.723s] -- Looking for ignition-msgs8 -- found version 8.7.0
[4.732s] -- Looking for ignition-common4 -- found version 4.7.0
[4.734s] -- Searching for dependencies of ignition-common4
[4.736s] -- Looking for dlfcn.h - found
[4.741s] -- Looking for libdl - found
[4.744s] -- Found DL: TRUE  
[4.778s] -- Searching for <ignition-common4> component [profiler]
[4.786s] -- Looking for ignition-common4-profiler -- found version 4.7.0
[4.787s] -- Searching for dependencies of ignition-common4-profiler
[4.790s] -- Searching for <ignition-common4> component [events]
[4.797s] -- Looking for ignition-common4-events -- found version 4.7.0
[4.798s] -- Searching for dependencies of ignition-common4-events
[4.799s] -- Looking for ignition-math6 -- found version 6.15.1
[4.801s] -- Searching for <ignition-common4> component [av]
[4.809s] -- Looking for ignition-common4-av -- found version 4.7.0
[4.810s] -- Searching for dependencies of ignition-common4-av
[4.825s] -- Checking for module 'libswscale'
[4.870s] --   Found libswscale, version 5.9.100
[4.973s] -- Found SWSCALE: TRUE  
[5.000s] -- Checking for module 'libavdevice >= 56.4.100'
[5.047s] --   Found libavdevice , version 58.13.100
[5.158s] -- Found AVDEVICE: TRUE (Required is at least version "56.4.100") 
[5.180s] -- Checking for module 'libavformat'
[5.224s] --   Found libavformat, version 58.76.100
[5.332s] -- Found AVFORMAT: TRUE  
[5.348s] -- Checking for module 'libavcodec'
[5.390s] --   Found libavcodec, version 58.134.100
[5.497s] -- Found AVCODEC: TRUE  
[5.512s] -- Checking for module 'libavutil'
[5.550s] --   Found libavutil, version 56.70.100
[5.659s] -- Found AVUTIL: TRUE  
[5.670s] -- Looking for ignition-fuel_tools7 -- found version 7.3.1
[5.670s] -- Searching for dependencies of ignition-fuel_tools7
[5.943s] -- Found CURL: /usr/lib/x86_64-linux-gnu/libcurl.so (found version "7.81.0")  
[5.973s] -- Checking for module 'jsoncpp'
[6.015s] --   Found jsoncpp, version 1.9.5
[6.117s] -- Found JSONCPP: TRUE  
[6.142s] -- Checking for module 'libzip'
[6.183s] --   Found libzip, version 1.7.3
[6.284s] -- Found ZIP: TRUE  
[6.286s] -- Looking for ignition-common4 -- found version 4.7.0
[6.288s] -- Looking for ignition-math6 -- found version 6.15.1
[6.290s] -- Looking for ignition-msgs8 -- found version 8.7.0
[6.310s] -- Looking for ignition-gui6 -- found version 6.8.0
[6.312s] -- Searching for dependencies of ignition-gui6
[6.391s] -- Looking for ignition-math6 -- found version 6.15.1
[6.392s] -- Looking for ignition-common4 -- found version 4.7.0
[6.393s] -- Looking for ignition-plugin1 -- found version 1.4.0
[6.395s] -- Looking for ignition-transport11 -- found version 11.4.1
[6.403s] -- Looking for ignition-rendering6 -- found version 6.6.3
[6.408s] -- Searching for dependencies of ignition-rendering6
[6.408s] -- Looking for ignition-math6 -- found version 6.15.1
[6.411s] -- Searching for dependencies of ignition-math6
[6.412s] -- Searching for <ignition-math6> component [eigen3]
[6.420s] -- Looking for ignition-math6-eigen3 -- found version 6.15.1
[6.421s] -- Searching for dependencies of ignition-math6-eigen3
[6.426s] -- Looking for ignition-common4 -- found version 4.7.0
[6.428s] -- Searching for dependencies of ignition-common4
[6.431s] -- Looking for dlfcn.h - found
[6.431s] -- Looking for libdl - found
[6.455s] -- Searching for <ignition-common4> component [graphics]
[6.466s] -- Looking for ignition-common4-graphics -- found version 4.7.0
[6.466s] -- Searching for dependencies of ignition-common4-graphics
[6.467s] -- Looking for ignition-math6 -- found version 6.15.1
[6.468s] -- Looking for ignition-utils1 -- found version 1.5.1
[6.470s] -- Searching for <ignition-common4> component [events]
[6.475s] -- Looking for ignition-plugin1 -- found version 1.4.0
[6.476s] -- Searching for dependencies of ignition-plugin1
[6.476s] -- Searching for <ignition-plugin1> component [all]
[6.486s] -- Looking for all libraries of ignition-plugin1 -- found version 1.4.0
[6.487s] -- Looking for ignition-plugin1 -- found version 1.4.0
[6.495s] -- Looking for ignition-msgs8 -- found version 8.7.0
[6.602s] -- Looking for ignition-physics5 -- found version 5.3.2
[6.602s] -- Searching for dependencies of ignition-physics5
[6.604s] -- Looking for ignition-math6 -- found version 6.15.1
[6.605s] -- Looking for ignition-plugin1 -- found version 1.4.0
[6.606s] -- Looking for ignition-utils1 -- found version 1.5.1
[6.610s] -- Searching for <ignition-physics5> component [heightmap]
[6.618s] -- Looking for ignition-physics5-heightmap -- found version 5.3.2
[6.618s] -- Searching for dependencies of ignition-physics5-heightmap
[6.620s] -- Looking for ignition-common4 -- found version 4.7.0
[6.622s] -- Searching for <ignition-physics5> component [mesh]
[6.632s] -- Looking for ignition-physics5-mesh -- found version 5.3.2
[6.632s] -- Searching for dependencies of ignition-physics5-mesh
[6.632s] -- Looking for ignition-common4 -- found version 4.7.0
[6.634s] -- Searching for <ignition-physics5> component [sdf]
[6.640s] -- Looking for ignition-physics5-sdf -- found version 5.3.2
[6.642s] -- Searching for dependencies of ignition-physics5-sdf
[6.643s] -- Looking for sdformat12 -- found version 12.8.0
[6.653s] -- Looking for ignition-sensors6 -- found version 6.8.1
[6.655s] -- Searching for dependencies of ignition-sensors6
[6.718s] -- Found Protobuf: /usr/lib/x86_64-linux-gnu/libprotobuf.so (found version "3.12.4") 
[6.722s] -- Looking for ignition-math6 -- found version 6.15.1
[6.723s] -- Looking for ignition-common4 -- found version 4.7.0
[6.724s] -- Looking for ignition-transport11 -- found version 11.4.1
[6.727s] -- Looking for ignition-rendering6 -- found version 6.6.3
[6.728s] -- Looking for ignition-msgs8 -- found version 8.7.0
[6.729s] -- Looking for sdformat12 -- found version 12.8.0
[6.732s] -- Searching for <ignition-sensors6> component [air_pressure]
[6.741s] -- Looking for ignition-sensors6-air_pressure -- found version 6.8.1
[6.743s] -- Searching for dependencies of ignition-sensors6-air_pressure
[6.746s] -- Searching for <ignition-sensors6> component [altimeter]
[6.758s] -- Looking for ignition-sensors6-altimeter -- found version 6.8.1
[6.759s] -- Searching for dependencies of ignition-sensors6-altimeter
[6.762s] -- Searching for <ignition-sensors6> component [imu]
[6.772s] -- Looking for ignition-sensors6-imu -- found version 6.8.1
[6.774s] -- Searching for dependencies of ignition-sensors6-imu
[6.781s] -- Searching for <ignition-sensors6> component [force_torque]
[6.789s] -- Looking for ignition-sensors6-force_torque -- found version 6.8.1
[6.792s] -- Searching for dependencies of ignition-sensors6-force_torque
[6.793s] -- Searching for <ignition-sensors6> component [logical_camera]
[6.801s] -- Looking for ignition-sensors6-logical_camera -- found version 6.8.1
[6.803s] -- Searching for dependencies of ignition-sensors6-logical_camera
[6.804s] -- Searching for <ignition-sensors6> component [magnetometer]
[6.813s] -- Looking for ignition-sensors6-magnetometer -- found version 6.8.1
[6.813s] -- Searching for dependencies of ignition-sensors6-magnetometer
[6.826s] -- Searching for <ignition-sensors6> component [navsat]
[6.826s] -- Looking for ignition-sensors6-navsat -- found version 6.8.1
[6.826s] -- Searching for dependencies of ignition-sensors6-navsat
[6.829s] -- Searching for <ignition-sensors6> component [rendering]
[6.833s] -- Looking for ignition-sensors6-rendering -- found version 6.8.1
[6.834s] -- Searching for dependencies of ignition-sensors6-rendering
[6.837s] -- Searching for <ignition-sensors6> component [lidar]
[6.843s] -- Looking for ignition-sensors6-lidar -- found version 6.8.1
[6.844s] -- Searching for dependencies of ignition-sensors6-lidar
[6.845s] -- Looking for ignition-sensors6 -- found version 6.8.1
[6.847s] -- Searching for <ignition-sensors6> component [gpu_lidar]
[6.854s] -- Looking for ignition-sensors6-gpu_lidar -- found version 6.8.1
[6.856s] -- Searching for dependencies of ignition-sensors6-gpu_lidar
[6.856s] -- Looking for ignition-sensors6 -- found version 6.8.1
[6.859s] -- Searching for <ignition-sensors6> component [camera]
[6.865s] -- Looking for ignition-sensors6-camera -- found version 6.8.1
[6.869s] -- Searching for dependencies of ignition-sensors6-camera
[6.869s] -- Looking for ignition-sensors6 -- found version 6.8.1
[6.871s] -- Searching for <ignition-sensors6> component [boundingbox_camera]
[6.877s] -- Looking for ignition-sensors6-boundingbox_camera -- found version 6.8.1
[6.879s] -- Searching for dependencies of ignition-sensors6-boundingbox_camera
[6.883s] -- Searching for <ignition-sensors6> component [segmentation_camera]
[6.888s] -- Looking for ignition-sensors6-segmentation_camera -- found version 6.8.1
[6.890s] -- Searching for dependencies of ignition-sensors6-segmentation_camera
[6.893s] -- Searching for <ignition-sensors6> component [depth_camera]
[6.903s] -- Looking for ignition-sensors6-depth_camera -- found version 6.8.1
[6.904s] -- Searching for dependencies of ignition-sensors6-depth_camera
[6.906s] -- Looking for ignition-sensors6 -- found version 6.8.1
[6.909s] -- Searching for <ignition-sensors6> component [rgbd_camera]
[6.918s] -- Looking for ignition-sensors6-rgbd_camera -- found version 6.8.1
[6.920s] -- Searching for dependencies of ignition-sensors6-rgbd_camera
[6.921s] -- Looking for ignition-sensors6 -- found version 6.8.1
[6.924s] -- Searching for <ignition-sensors6> component [thermal_camera]
[6.931s] -- Looking for ignition-sensors6-thermal_camera -- found version 6.8.1
[6.933s] -- Searching for dependencies of ignition-sensors6-thermal_camera
[6.933s] -- Looking for ignition-sensors6 -- found version 6.8.1
[6.937s] -- Looking for ignition-rendering6 -- found version 6.6.3
[6.941s] -- Looking for ignition-math6 -- found version 6.15.1
[6.950s] -- Looking for ignition-utils1 -- found version 1.5.1
[7.022s] -- Looking for ignition-plugin1 -- found version 1.4.0
[7.044s] -- Found ament_lint_auto: 0.12.11 (/opt/ros/humble/share/ament_lint_auto/cmake)
[7.313s] -- Added test 'cppcheck' to perform static code analysis on C / C++ code
[7.315s] -- Configured cppcheck include dirs: /home/bobo/ros2_ws/src/mr2_public/tug_turtlebot4/include/
[7.315s] -- Configured cppcheck exclude dirs and/or files: 
[7.320s] -- Added test 'lint_cmake' to check CMake code style
[7.334s] -- Added test 'uncrustify' to check C / C++ code style
[7.334s] -- Configured uncrustify additional arguments: 
[7.336s] -- Added test 'xmllint' to check XML markup files
[7.341s] -- Configuring done
[7.428s] -- Generating done
[7.436s] -- Build files have been written to: /home/bobo/ros2_ws/build/tug_turtlebot4
[7.476s] Invoked command in '/home/bobo/ros2_ws/build/tug_turtlebot4' returned '0': CMAKE_PREFIX_PATH=/home/bobo/ros2_ws/install/tug_msgs:/home/bobo/ros2_ws/install/tug_turtlebot4:/home/bobo/ros2_ws/install/tug_stage_ros2:/home/bobo/ros2_ws/install/tug_mr2:/home/bobo/ros2_ws/install/ros2cpp_tutorials_service:/home/bobo/ros2_ws/install/ros2cpp_tutorials_publisher_subscriber:/home/bobo/ros2_ws/install/ros2cpp_tutorials_parameter:/home/bobo/ros2_ws/install/ros2cpp_tutorials_action:/home/bobo/ros2_ws/install/Eigen3:/opt/ros/humble LD_LIBRARY_PATH=/home/bobo/ros2_ws/install/tug_msgs/lib:/home/bobo/stg/lib:/home/bobo/ros2_ws/install/ros2cpp_tutorials_service/lib:/home/bobo/ros2_ws/install/ros2cpp_tutorials_action/lib:/opt/ros/humble/opt/rviz_ogre_vendor/lib:/opt/ros/humble/lib/x86_64-linux-gnu:/opt/ros/humble/lib /usr/bin/cmake /home/bobo/ros2_ws/src/mr2_public/tug_turtlebot4 -DCMAKE_INSTALL_PREFIX=/home/bobo/ros2_ws/install/tug_turtlebot4
[7.481s] Invoking command in '/home/bobo/ros2_ws/build/tug_turtlebot4': CMAKE_PREFIX_PATH=/home/bobo/ros2_ws/install/tug_msgs:/home/bobo/ros2_ws/install/tug_turtlebot4:/home/bobo/ros2_ws/install/tug_stage_ros2:/home/bobo/ros2_ws/install/tug_mr2:/home/bobo/ros2_ws/install/ros2cpp_tutorials_service:/home/bobo/ros2_ws/install/ros2cpp_tutorials_publisher_subscriber:/home/bobo/ros2_ws/install/ros2cpp_tutorials_parameter:/home/bobo/ros2_ws/install/ros2cpp_tutorials_action:/home/bobo/ros2_ws/install/Eigen3:/opt/ros/humble LD_LIBRARY_PATH=/home/bobo/ros2_ws/install/tug_msgs/lib:/home/bobo/stg/lib:/home/bobo/ros2_ws/install/ros2cpp_tutorials_service/lib:/home/bobo/ros2_ws/install/ros2cpp_tutorials_action/lib:/opt/ros/humble/opt/rviz_ogre_vendor/lib:/opt/ros/humble/lib/x86_64-linux-gnu:/opt/ros/humble/lib /usr/bin/cmake --build /home/bobo/ros2_ws/build/tug_turtlebot4 -- -j8 -l8
[7.643s] [ 14%] [32mBuilding CXX object CMakeFiles/tug_wheel_encoder-system.dir/src/ign_plugin/WheelEncoder.cpp.o[0m
[45.535s] [ 28%] [32m[1mLinking CXX shared library libtug_wheel_encoder-system.so[0m
[47.732s] [ 28%] Built target tug_wheel_encoder-system
[47.772s] [ 42%] [32mBuilding CXX object CMakeFiles/simple_turtle.dir/src/simple_turtle.cpp.o[0m
[47.773s] [ 57%] [32mBuilding CXX object CMakeFiles/static_transform_publisher.dir/src/static_transform_publisher.cpp.o[0m
[47.777s] [ 71%] [32mBuilding CXX object CMakeFiles/simple_turtle.dir/src/SimpleTurtleNode.cpp.o[0m
[54.437s] [01m[K/home/bobo/ros2_ws/src/mr2_public/tug_turtlebot4/src/SimpleTurtleNode.cpp:[m[K In member function ‘[01m[Kvoid tug_turtlebot4::SimpleTurtleNode::poseCallback(const Pose&)[m[K’:
[54.437s] [01m[K/home/bobo/ros2_ws/src/mr2_public/tug_turtlebot4/src/SimpleTurtleNode.cpp:115:49:[m[K [01;35m[Kwarning: [m[Kunused parameter ‘[01m[Kmsg[m[K’ [[01;35m[K]8;;https://gcc.gnu.org/onlinedocs/gcc/Warning-Options.html#index-Wunused-parameter-Wunused-parameter]8;;[m[K]
[54.437s]   115 | void SimpleTurtleNode::poseCallback([01;35m[Kconst Pose& msg[m[K)
[54.438s]       |                                     [01;35m[K~~~~~~~~~~~~^~~[m[K
[55.815s] [ 85%] [32m[1mLinking CXX executable static_transform_publisher[0m
[56.211s] [ 85%] Built target static_transform_publisher
[70.163s] [100%] [32m[1mLinking CXX executable simple_turtle[0m
[71.129s] [100%] Built target simple_turtle
[71.152s] Invoked command in '/home/bobo/ros2_ws/build/tug_turtlebot4' returned '0': CMAKE_PREFIX_PATH=/home/bobo/ros2_ws/install/tug_msgs:/home/bobo/ros2_ws/install/tug_turtlebot4:/home/bobo/ros2_ws/install/tug_stage_ros2:/home/bobo/ros2_ws/install/tug_mr2:/home/bobo/ros2_ws/install/ros2cpp_tutorials_service:/home/bobo/ros2_ws/install/ros2cpp_tutorials_publisher_subscriber:/home/bobo/ros2_ws/install/ros2cpp_tutorials_parameter:/home/bobo/ros2_ws/install/ros2cpp_tutorials_action:/home/bobo/ros2_ws/install/Eigen3:/opt/ros/humble LD_LIBRARY_PATH=/home/bobo/ros2_ws/install/tug_msgs/lib:/home/bobo/stg/lib:/home/bobo/ros2_ws/install/ros2cpp_tutorials_service/lib:/home/bobo/ros2_ws/install/ros2cpp_tutorials_action/lib:/opt/ros/humble/opt/rviz_ogre_vendor/lib:/opt/ros/humble/lib/x86_64-linux-gnu:/opt/ros/humble/lib /usr/bin/cmake --build /home/bobo/ros2_ws/build/tug_turtlebot4 -- -j8 -l8
[71.218s] Invoking command in '/home/bobo/ros2_ws/build/tug_turtlebot4': CMAKE_PREFIX_PATH=/home/bobo/ros2_ws/install/tug_msgs:/home/bobo/ros2_ws/install/tug_turtlebot4:/home/bobo/ros2_ws/install/tug_stage_ros2:/home/bobo/ros2_ws/install/tug_mr2:/home/bobo/ros2_ws/install/ros2cpp_tutorials_service:/home/bobo/ros2_ws/install/ros2cpp_tutorials_publisher_subscriber:/home/bobo/ros2_ws/install/ros2cpp_tutorials_parameter:/home/bobo/ros2_ws/install/ros2cpp_tutorials_action:/home/bobo/ros2_ws/install/Eigen3:/opt/ros/humble LD_LIBRARY_PATH=/home/bobo/ros2_ws/install/tug_msgs/lib:/home/bobo/stg/lib:/home/bobo/ros2_ws/install/ros2cpp_tutorials_service/lib:/home/bobo/ros2_ws/install/ros2cpp_tutorials_action/lib:/opt/ros/humble/opt/rviz_ogre_vendor/lib:/opt/ros/humble/lib/x86_64-linux-gnu:/opt/ros/humble/lib /usr/bin/cmake --install /home/bobo/ros2_ws/build/tug_turtlebot4
[71.230s] -- Install configuration: ""
[71.231s] -- Installing: /home/bobo/ros2_ws/install/tug_turtlebot4/lib/tug_turtlebot4/libtug_wheel_encoder-system.so
[71.247s] -- Set runtime path of "/home/bobo/ros2_ws/install/tug_turtlebot4/lib/tug_turtlebot4/libtug_wheel_encoder-system.so" to ""
[71.247s] -- Installing: /home/bobo/ros2_ws/install/tug_turtlebot4/lib/tug_turtlebot4/simple_turtle
[71.255s] -- Set runtime path of "/home/bobo/ros2_ws/install/tug_turtlebot4/lib/tug_turtlebot4/simple_turtle" to ""
[71.255s] -- Installing: /home/bobo/ros2_ws/install/tug_turtlebot4/lib/tug_turtlebot4/static_transform_publisher
[71.257s] -- Set runtime path of "/home/bobo/ros2_ws/install/tug_turtlebot4/lib/tug_turtlebot4/static_transform_publisher" to ""
[71.258s] -- Installing: /home/bobo/ros2_ws/install/tug_turtlebot4/share/tug_turtlebot4/config
[71.258s] -- Installing: /home/bobo/ros2_ws/install/tug_turtlebot4/share/tug_turtlebot4/config/static_transform_publisher.yaml
[71.266s] -- Installing: /home/bobo/ros2_ws/install/tug_turtlebot4/share/tug_turtlebot4/config/ros_gz_bridge.yaml
[71.267s] -- Installing: /home/bobo/ros2_ws/install/tug_turtlebot4/share/tug_turtlebot4/launch
[71.267s] -- Installing: /home/bobo/ros2_ws/install/tug_turtlebot4/share/tug_turtlebot4/launch/turtlebot_launch.xml
[71.267s] -- Installing: /home/bobo/ros2_ws/install/tug_turtlebot4/share/tug_turtlebot4/launch/simple_turtle_launch.xml
[71.268s] -- Installing: /home/bobo/ros2_ws/install/tug_turtlebot4/share/tug_turtlebot4/rviz
[71.268s] -- Installing: /home/bobo/ros2_ws/install/tug_turtlebot4/share/tug_turtlebot4/rviz/config.rviz
[71.268s] -- Installing: /home/bobo/ros2_ws/install/tug_turtlebot4/share/tug_turtlebot4/urdf
[71.268s] -- Installing: /home/bobo/ros2_ws/install/tug_turtlebot4/share/tug_turtlebot4/urdf/tug_turtlebot4.urdf
[71.269s] -- Installing: /home/bobo/ros2_ws/install/tug_turtlebot4/share/tug_turtlebot4/worlds
[71.269s] -- Installing: /home/bobo/ros2_ws/install/tug_turtlebot4/share/tug_turtlebot4/worlds/columns.sdf
[71.270s] -- Installing: /home/bobo/ros2_ws/install/tug_turtlebot4/share/ament_index/resource_index/package_run_dependencies/tug_turtlebot4
[71.270s] -- Installing: /home/bobo/ros2_ws/install/tug_turtlebot4/share/ament_index/resource_index/parent_prefix_path/tug_turtlebot4
[71.271s] -- Installing: /home/bobo/ros2_ws/install/tug_turtlebot4/share/tug_turtlebot4/environment/ament_prefix_path.sh
[71.271s] -- Installing: /home/bobo/ros2_ws/install/tug_turtlebot4/share/tug_turtlebot4/environment/ament_prefix_path.dsv
[71.271s] -- Installing: /home/bobo/ros2_ws/install/tug_turtlebot4/share/tug_turtlebot4/environment/path.sh
[71.272s] -- Installing: /home/bobo/ros2_ws/install/tug_turtlebot4/share/tug_turtlebot4/environment/path.dsv
[71.272s] -- Installing: /home/bobo/ros2_ws/install/tug_turtlebot4/share/tug_turtlebot4/local_setup.bash
[71.272s] -- Installing: /home/bobo/ros2_ws/install/tug_turtlebot4/share/tug_turtlebot4/local_setup.sh
[71.273s] -- Installing: /home/bobo/ros2_ws/install/tug_turtlebot4/share/tug_turtlebot4/local_setup.zsh
[71.273s] -- Installing: /home/bobo/ros2_ws/install/tug_turtlebot4/share/tug_turtlebot4/local_setup.dsv
[71.273s] -- Installing: /home/bobo/ros2_ws/install/tug_turtlebot4/share/tug_turtlebot4/package.dsv
[71.273s] -- Installing: /home/bobo/ros2_ws/install/tug_turtlebot4/share/ament_index/resource_index/packages/tug_turtlebot4
[71.274s] -- Installing: /home/bobo/ros2_ws/install/tug_turtlebot4/share/tug_turtlebot4/cmake/tug_turtlebot4Config.cmake
[71.274s] -- Installing: /home/bobo/ros2_ws/install/tug_turtlebot4/share/tug_turtlebot4/cmake/tug_turtlebot4Config-version.cmake
[71.274s] -- Installing: /home/bobo/ros2_ws/install/tug_turtlebot4/share/tug_turtlebot4/package.xml
[71.278s] Invoked command in '/home/bobo/ros2_ws/build/tug_turtlebot4' returned '0': CMAKE_PREFIX_PATH=/home/bobo/ros2_ws/install/tug_msgs:/home/bobo/ros2_ws/install/tug_turtlebot4:/home/bobo/ros2_ws/install/tug_stage_ros2:/home/bobo/ros2_ws/install/tug_mr2:/home/bobo/ros2_ws/install/ros2cpp_tutorials_service:/home/bobo/ros2_ws/install/ros2cpp_tutorials_publisher_subscriber:/home/bobo/ros2_ws/install/ros2cpp_tutorials_parameter:/home/bobo/ros2_ws/install/ros2cpp_tutorials_action:/home/bobo/ros2_ws/install/Eigen3:/opt/ros/humble LD_LIBRARY_PATH=/home/bobo/ros2_ws/install/tug_msgs/lib:/home/bobo/stg/lib:/home/bobo/ros2_ws/install/ros2cpp_tutorials_service/lib:/home/bobo/ros2_ws/install/ros2cpp_tutorials_action/lib:/opt/ros/humble/opt/rviz_ogre_vendor/lib:/opt/ros/humble/lib/x86_64-linux-gnu:/opt/ros/humble/lib /usr/bin/cmake --install /home/bobo/ros2_ws/build/tug_turtlebot4
