[0.191s] DEBUG:colcon:Command line arguments: ['/usr/bin/colcon', 'build']
[0.191s] DEBUG:colcon:Parsed command line arguments: Namespace(log_base=None, log_level=None, verb_name='build', build_base='build', install_base='install', merge_install=False, symlink_install=False, test_result_base=None, continue_on_error=False, executor='parallel', parallel_workers=8, event_handlers=None, ignore_user_meta=False, metas=['./colcon.meta'], base_paths=['.'], packages_ignore=None, packages_ignore_regex=None, paths=None, packages_up_to=None, packages_up_to_regex=None, packages_above=None, packages_above_and_dependencies=None, packages_above_depth=None, packages_select_by_dep=None, packages_skip_by_dep=None, packages_skip_up_to=None, packages_select_build_failed=False, packages_skip_build_finished=False, packages_select_test_failures=False, packages_skip_test_passed=False, packages_select=None, packages_skip=None, packages_select_regex=None, packages_skip_regex=None, packages_start=None, packages_end=None, allow_overriding=[], cmake_args=None, cmake_target=None, cmake_target_skip_unavailable=False, cmake_clean_cache=False, cmake_clean_first=False, cmake_force_configure=False, ament_cmake_args=None, catkin_cmake_args=None, catkin_skip_building_tests=False, mixin_files=None, mixin=None, verb_parser=<colcon_mixin.mixin.mixin_argument.MixinArgumentDecorator object at 0x7c25dd34a9b0>, verb_extension=<colcon_core.verb.build.BuildVerb object at 0x7c25dd34a3e0>, main=<bound method BuildVerb.main of <colcon_core.verb.build.BuildVerb object at 0x7c25dd34a3e0>>, mixin_verb=('build',))
[0.494s] Level 1:colcon.colcon_core.package_discovery:discover_packages(colcon_meta) check parameters
[0.494s] Level 1:colcon.colcon_core.package_discovery:discover_packages(recursive) check parameters
[0.494s] Level 1:colcon.colcon_core.package_discovery:discover_packages(ignore) check parameters
[0.494s] Level 1:colcon.colcon_core.package_discovery:discover_packages(path) check parameters
[0.494s] Level 1:colcon.colcon_core.package_discovery:discover_packages(colcon_meta) discover
[0.494s] Level 1:colcon.colcon_core.package_discovery:discover_packages(recursive) discover
[0.494s] INFO:colcon.colcon_core.package_discovery:Crawling recursively for packages in '/home/bobo/ros2_ws'
[0.494s] Level 1:colcon.colcon_core.package_identification:_identify(.) by extensions ['ignore', 'ignore_ament_install']
[0.495s] Level 1:colcon.colcon_core.package_identification:_identify(.) by extension 'ignore'
[0.495s] Level 1:colcon.colcon_core.package_identification:_identify(.) by extension 'ignore_ament_install'
[0.495s] Level 1:colcon.colcon_core.package_identification:_identify(.) by extensions ['colcon_pkg']
[0.495s] Level 1:colcon.colcon_core.package_identification:_identify(.) by extension 'colcon_pkg'
[0.495s] Level 1:colcon.colcon_core.package_identification:_identify(.) by extensions ['colcon_meta']
[0.495s] Level 1:colcon.colcon_core.package_identification:_identify(.) by extension 'colcon_meta'
[0.495s] Level 1:colcon.colcon_core.package_identification:_identify(.) by extensions ['ros']
[0.495s] Level 1:colcon.colcon_core.package_identification:_identify(.) by extension 'ros'
[0.516s] Level 1:colcon.colcon_core.package_identification:_identify(.) by extensions ['cmake', 'python']
[0.516s] Level 1:colcon.colcon_core.package_identification:_identify(.) by extension 'cmake'
[0.516s] Level 1:colcon.colcon_core.package_identification:_identify(.) by extension 'python'
[0.516s] Level 1:colcon.colcon_core.package_identification:_identify(.) by extensions ['python_setup_py']
[0.516s] Level 1:colcon.colcon_core.package_identification:_identify(.) by extension 'python_setup_py'
[0.516s] Level 1:colcon.colcon_core.package_identification:_identify(build) by extensions ['ignore', 'ignore_ament_install']
[0.516s] Level 1:colcon.colcon_core.package_identification:_identify(build) by extension 'ignore'
[0.516s] Level 1:colcon.colcon_core.package_identification:_identify(build) ignored
[0.516s] Level 1:colcon.colcon_core.package_identification:_identify(eigen-3.4.0) by extensions ['ignore', 'ignore_ament_install']
[0.517s] Level 1:colcon.colcon_core.package_identification:_identify(eigen-3.4.0) by extension 'ignore'
[0.517s] Level 1:colcon.colcon_core.package_identification:_identify(eigen-3.4.0) by extension 'ignore_ament_install'
[0.517s] Level 1:colcon.colcon_core.package_identification:_identify(eigen-3.4.0) by extensions ['colcon_pkg']
[0.517s] Level 1:colcon.colcon_core.package_identification:_identify(eigen-3.4.0) by extension 'colcon_pkg'
[0.517s] Level 1:colcon.colcon_core.package_identification:_identify(eigen-3.4.0) by extensions ['colcon_meta']
[0.517s] Level 1:colcon.colcon_core.package_identification:_identify(eigen-3.4.0) by extension 'colcon_meta'
[0.517s] Level 1:colcon.colcon_core.package_identification:_identify(eigen-3.4.0) by extensions ['ros']
[0.517s] Level 1:colcon.colcon_core.package_identification:_identify(eigen-3.4.0) by extension 'ros'
[0.517s] Level 1:colcon.colcon_core.package_identification:_identify(eigen-3.4.0) by extensions ['cmake', 'python']
[0.517s] Level 1:colcon.colcon_core.package_identification:_identify(eigen-3.4.0) by extension 'cmake'
[1.106s] Level 1:colcon.colcon_core.package_identification:_identify(eigen-3.4.0) by extension 'python'
[1.107s] DEBUG:colcon.colcon_core.package_identification:Package 'eigen-3.4.0' with type 'cmake' and name 'Eigen3'
[1.107s] Level 1:colcon.colcon_core.package_identification:_identify(install) by extensions ['ignore', 'ignore_ament_install']
[1.107s] Level 1:colcon.colcon_core.package_identification:_identify(install) by extension 'ignore'
[1.107s] Level 1:colcon.colcon_core.package_identification:_identify(install) ignored
[1.108s] Level 1:colcon.colcon_core.package_identification:_identify(log) by extensions ['ignore', 'ignore_ament_install']
[1.108s] Level 1:colcon.colcon_core.package_identification:_identify(log) by extension 'ignore'
[1.108s] Level 1:colcon.colcon_core.package_identification:_identify(log) ignored
[1.108s] Level 1:colcon.colcon_core.package_identification:_identify(src) by extensions ['ignore', 'ignore_ament_install']
[1.108s] Level 1:colcon.colcon_core.package_identification:_identify(src) by extension 'ignore'
[1.108s] Level 1:colcon.colcon_core.package_identification:_identify(src) by extension 'ignore_ament_install'
[1.108s] Level 1:colcon.colcon_core.package_identification:_identify(src) by extensions ['colcon_pkg']
[1.108s] Level 1:colcon.colcon_core.package_identification:_identify(src) by extension 'colcon_pkg'
[1.108s] Level 1:colcon.colcon_core.package_identification:_identify(src) by extensions ['colcon_meta']
[1.108s] Level 1:colcon.colcon_core.package_identification:_identify(src) by extension 'colcon_meta'
[1.108s] Level 1:colcon.colcon_core.package_identification:_identify(src) by extensions ['ros']
[1.108s] Level 1:colcon.colcon_core.package_identification:_identify(src) by extension 'ros'
[1.109s] Level 1:colcon.colcon_core.package_identification:_identify(src) by extensions ['cmake', 'python']
[1.109s] Level 1:colcon.colcon_core.package_identification:_identify(src) by extension 'cmake'
[1.109s] Level 1:colcon.colcon_core.package_identification:_identify(src) by extension 'python'
[1.109s] Level 1:colcon.colcon_core.package_identification:_identify(src) by extensions ['python_setup_py']
[1.109s] Level 1:colcon.colcon_core.package_identification:_identify(src) by extension 'python_setup_py'
[1.109s] Level 1:colcon.colcon_core.package_identification:_identify(src/mr2_public) by extensions ['ignore', 'ignore_ament_install']
[1.109s] Level 1:colcon.colcon_core.package_identification:_identify(src/mr2_public) by extension 'ignore'
[1.109s] Level 1:colcon.colcon_core.package_identification:_identify(src/mr2_public) by extension 'ignore_ament_install'
[1.109s] Level 1:colcon.colcon_core.package_identification:_identify(src/mr2_public) by extensions ['colcon_pkg']
[1.109s] Level 1:colcon.colcon_core.package_identification:_identify(src/mr2_public) by extension 'colcon_pkg'
[1.109s] Level 1:colcon.colcon_core.package_identification:_identify(src/mr2_public) by extensions ['colcon_meta']
[1.109s] Level 1:colcon.colcon_core.package_identification:_identify(src/mr2_public) by extension 'colcon_meta'
[1.109s] Level 1:colcon.colcon_core.package_identification:_identify(src/mr2_public) by extensions ['ros']
[1.110s] Level 1:colcon.colcon_core.package_identification:_identify(src/mr2_public) by extension 'ros'
[1.110s] Level 1:colcon.colcon_core.package_identification:_identify(src/mr2_public) by extensions ['cmake', 'python']
[1.110s] Level 1:colcon.colcon_core.package_identification:_identify(src/mr2_public) by extension 'cmake'
[1.110s] Level 1:colcon.colcon_core.package_identification:_identify(src/mr2_public) by extension 'python'
[1.110s] Level 1:colcon.colcon_core.package_identification:_identify(src/mr2_public) by extensions ['python_setup_py']
[1.110s] Level 1:colcon.colcon_core.package_identification:_identify(src/mr2_public) by extension 'python_setup_py'
[1.110s] Level 1:colcon.colcon_core.package_identification:_identify(src/mr2_public/tug_mr2) by extensions ['ignore', 'ignore_ament_install']
[1.110s] Level 1:colcon.colcon_core.package_identification:_identify(src/mr2_public/tug_mr2) by extension 'ignore'
[1.111s] Level 1:colcon.colcon_core.package_identification:_identify(src/mr2_public/tug_mr2) by extension 'ignore_ament_install'
[1.111s] Level 1:colcon.colcon_core.package_identification:_identify(src/mr2_public/tug_mr2) by extensions ['colcon_pkg']
[1.111s] Level 1:colcon.colcon_core.package_identification:_identify(src/mr2_public/tug_mr2) by extension 'colcon_pkg'
[1.111s] Level 1:colcon.colcon_core.package_identification:_identify(src/mr2_public/tug_mr2) by extensions ['colcon_meta']
[1.111s] Level 1:colcon.colcon_core.package_identification:_identify(src/mr2_public/tug_mr2) by extension 'colcon_meta'
[1.111s] Level 1:colcon.colcon_core.package_identification:_identify(src/mr2_public/tug_mr2) by extensions ['ros']
[1.111s] Level 1:colcon.colcon_core.package_identification:_identify(src/mr2_public/tug_mr2) by extension 'ros'
[1.117s] DEBUG:colcon.colcon_core.package_identification:Package 'src/mr2_public/tug_mr2' with type 'ros.ament_cmake' and name 'tug_mr2'
[1.117s] Level 1:colcon.colcon_core.package_identification:_identify(src/mr2_public/tug_msgs) by extensions ['ignore', 'ignore_ament_install']
[1.117s] Level 1:colcon.colcon_core.package_identification:_identify(src/mr2_public/tug_msgs) by extension 'ignore'
[1.117s] Level 1:colcon.colcon_core.package_identification:_identify(src/mr2_public/tug_msgs) by extension 'ignore_ament_install'
[1.117s] Level 1:colcon.colcon_core.package_identification:_identify(src/mr2_public/tug_msgs) by extensions ['colcon_pkg']
[1.118s] Level 1:colcon.colcon_core.package_identification:_identify(src/mr2_public/tug_msgs) by extension 'colcon_pkg'
[1.118s] Level 1:colcon.colcon_core.package_identification:_identify(src/mr2_public/tug_msgs) by extensions ['colcon_meta']
[1.118s] Level 1:colcon.colcon_core.package_identification:_identify(src/mr2_public/tug_msgs) by extension 'colcon_meta'
[1.118s] Level 1:colcon.colcon_core.package_identification:_identify(src/mr2_public/tug_msgs) by extensions ['ros']
[1.118s] Level 1:colcon.colcon_core.package_identification:_identify(src/mr2_public/tug_msgs) by extension 'ros'
[1.119s] DEBUG:colcon.colcon_core.package_identification:Package 'src/mr2_public/tug_msgs' with type 'ros.ament_cmake' and name 'tug_msgs'
[1.120s] Level 1:colcon.colcon_core.package_identification:_identify(src/mr2_public/tug_stage_ros2) by extensions ['ignore', 'ignore_ament_install']
[1.120s] Level 1:colcon.colcon_core.package_identification:_identify(src/mr2_public/tug_stage_ros2) by extension 'ignore'
[1.120s] Level 1:colcon.colcon_core.package_identification:_identify(src/mr2_public/tug_stage_ros2) by extension 'ignore_ament_install'
[1.120s] Level 1:colcon.colcon_core.package_identification:_identify(src/mr2_public/tug_stage_ros2) by extensions ['colcon_pkg']
[1.120s] Level 1:colcon.colcon_core.package_identification:_identify(src/mr2_public/tug_stage_ros2) by extension 'colcon_pkg'
[1.120s] Level 1:colcon.colcon_core.package_identification:_identify(src/mr2_public/tug_stage_ros2) by extensions ['colcon_meta']
[1.120s] Level 1:colcon.colcon_core.package_identification:_identify(src/mr2_public/tug_stage_ros2) by extension 'colcon_meta'
[1.121s] Level 1:colcon.colcon_core.package_identification:_identify(src/mr2_public/tug_stage_ros2) by extensions ['ros']
[1.121s] Level 1:colcon.colcon_core.package_identification:_identify(src/mr2_public/tug_stage_ros2) by extension 'ros'
[1.123s] DEBUG:colcon.colcon_core.package_identification:Package 'src/mr2_public/tug_stage_ros2' with type 'ros.ament_cmake' and name 'tug_stage_ros2'
[1.123s] Level 1:colcon.colcon_core.package_identification:_identify(src/mr2_public/tug_turtlebot4) by extensions ['ignore', 'ignore_ament_install']
[1.123s] Level 1:colcon.colcon_core.package_identification:_identify(src/mr2_public/tug_turtlebot4) by extension 'ignore'
[1.124s] Level 1:colcon.colcon_core.package_identification:_identify(src/mr2_public/tug_turtlebot4) by extension 'ignore_ament_install'
[1.124s] Level 1:colcon.colcon_core.package_identification:_identify(src/mr2_public/tug_turtlebot4) by extensions ['colcon_pkg']
[1.124s] Level 1:colcon.colcon_core.package_identification:_identify(src/mr2_public/tug_turtlebot4) by extension 'colcon_pkg'
[1.124s] Level 1:colcon.colcon_core.package_identification:_identify(src/mr2_public/tug_turtlebot4) by extensions ['colcon_meta']
[1.124s] Level 1:colcon.colcon_core.package_identification:_identify(src/mr2_public/tug_turtlebot4) by extension 'colcon_meta'
[1.124s] Level 1:colcon.colcon_core.package_identification:_identify(src/mr2_public/tug_turtlebot4) by extensions ['ros']
[1.124s] Level 1:colcon.colcon_core.package_identification:_identify(src/mr2_public/tug_turtlebot4) by extension 'ros'
[1.126s] DEBUG:colcon.colcon_core.package_identification:Package 'src/mr2_public/tug_turtlebot4' with type 'ros.ament_cmake' and name 'tug_turtlebot4'
[1.126s] Level 1:colcon.colcon_core.package_discovery:discover_packages(recursive) using defaults
[1.127s] Level 1:colcon.colcon_core.package_discovery:discover_packages(ignore) discover
[1.127s] Level 1:colcon.colcon_core.package_discovery:discover_packages(ignore) using defaults
[1.127s] Level 1:colcon.colcon_core.package_discovery:discover_packages(path) discover
[1.127s] Level 1:colcon.colcon_core.package_discovery:discover_packages(path) using defaults
[1.174s] Level 1:colcon.colcon_core.package_discovery:discover_packages(prefix_path) check parameters
[1.174s] Level 1:colcon.colcon_core.package_discovery:discover_packages(prefix_path) discover
[1.178s] DEBUG:colcon.colcon_installed_package_information.package_discovery:Found 9 installed packages in /home/bobo/ros2_ws/install
[1.180s] DEBUG:colcon.colcon_installed_package_information.package_discovery:Found 396 installed packages in /opt/ros/humble
[1.183s] Level 1:colcon.colcon_core.package_discovery:discover_packages(prefix_path) using defaults
[1.268s] Level 5:colcon.colcon_core.verb:set package 'Eigen3' build argument 'cmake_args' from command line to 'None'
[1.268s] Level 5:colcon.colcon_core.verb:set package 'Eigen3' build argument 'cmake_target' from command line to 'None'
[1.268s] Level 5:colcon.colcon_core.verb:set package 'Eigen3' build argument 'cmake_target_skip_unavailable' from command line to 'False'
[1.268s] Level 5:colcon.colcon_core.verb:set package 'Eigen3' build argument 'cmake_clean_cache' from command line to 'False'
[1.268s] Level 5:colcon.colcon_core.verb:set package 'Eigen3' build argument 'cmake_clean_first' from command line to 'False'
[1.268s] Level 5:colcon.colcon_core.verb:set package 'Eigen3' build argument 'cmake_force_configure' from command line to 'False'
[1.268s] Level 5:colcon.colcon_core.verb:set package 'Eigen3' build argument 'ament_cmake_args' from command line to 'None'
[1.268s] Level 5:colcon.colcon_core.verb:set package 'Eigen3' build argument 'catkin_cmake_args' from command line to 'None'
[1.268s] Level 5:colcon.colcon_core.verb:set package 'Eigen3' build argument 'catkin_skip_building_tests' from command line to 'False'
[1.268s] DEBUG:colcon.colcon_core.verb:Building package 'Eigen3' with the following arguments: {'ament_cmake_args': None, 'build_base': '/home/bobo/ros2_ws/build/Eigen3', 'catkin_cmake_args': None, 'catkin_skip_building_tests': False, 'cmake_args': None, 'cmake_clean_cache': False, 'cmake_clean_first': False, 'cmake_force_configure': False, 'cmake_target': None, 'cmake_target_skip_unavailable': False, 'install_base': '/home/bobo/ros2_ws/install/Eigen3', 'merge_install': False, 'path': '/home/bobo/ros2_ws/eigen-3.4.0', 'symlink_install': False, 'test_result_base': None}
[1.269s] Level 5:colcon.colcon_core.verb:set package 'tug_msgs' build argument 'cmake_args' from command line to 'None'
[1.269s] Level 5:colcon.colcon_core.verb:set package 'tug_msgs' build argument 'cmake_target' from command line to 'None'
[1.269s] Level 5:colcon.colcon_core.verb:set package 'tug_msgs' build argument 'cmake_target_skip_unavailable' from command line to 'False'
[1.269s] Level 5:colcon.colcon_core.verb:set package 'tug_msgs' build argument 'cmake_clean_cache' from command line to 'False'
[1.269s] Level 5:colcon.colcon_core.verb:set package 'tug_msgs' build argument 'cmake_clean_first' from command line to 'False'
[1.269s] Level 5:colcon.colcon_core.verb:set package 'tug_msgs' build argument 'cmake_force_configure' from command line to 'False'
[1.269s] Level 5:colcon.colcon_core.verb:set package 'tug_msgs' build argument 'ament_cmake_args' from command line to 'None'
[1.269s] Level 5:colcon.colcon_core.verb:set package 'tug_msgs' build argument 'catkin_cmake_args' from command line to 'None'
[1.269s] Level 5:colcon.colcon_core.verb:set package 'tug_msgs' build argument 'catkin_skip_building_tests' from command line to 'False'
[1.269s] DEBUG:colcon.colcon_core.verb:Building package 'tug_msgs' with the following arguments: {'ament_cmake_args': None, 'build_base': '/home/bobo/ros2_ws/build/tug_msgs', 'catkin_cmake_args': None, 'catkin_skip_building_tests': False, 'cmake_args': None, 'cmake_clean_cache': False, 'cmake_clean_first': False, 'cmake_force_configure': False, 'cmake_target': None, 'cmake_target_skip_unavailable': False, 'install_base': '/home/bobo/ros2_ws/install/tug_msgs', 'merge_install': False, 'path': '/home/bobo/ros2_ws/src/mr2_public/tug_msgs', 'symlink_install': False, 'test_result_base': None}
[1.270s] Level 5:colcon.colcon_core.verb:set package 'tug_mr2' build argument 'cmake_args' from command line to 'None'
[1.270s] Level 5:colcon.colcon_core.verb:set package 'tug_mr2' build argument 'cmake_target' from command line to 'None'
[1.270s] Level 5:colcon.colcon_core.verb:set package 'tug_mr2' build argument 'cmake_target_skip_unavailable' from command line to 'False'
[1.270s] Level 5:colcon.colcon_core.verb:set package 'tug_mr2' build argument 'cmake_clean_cache' from command line to 'False'
[1.270s] Level 5:colcon.colcon_core.verb:set package 'tug_mr2' build argument 'cmake_clean_first' from command line to 'False'
[1.270s] Level 5:colcon.colcon_core.verb:set package 'tug_mr2' build argument 'cmake_force_configure' from command line to 'False'
[1.270s] Level 5:colcon.colcon_core.verb:set package 'tug_mr2' build argument 'ament_cmake_args' from command line to 'None'
[1.270s] Level 5:colcon.colcon_core.verb:set package 'tug_mr2' build argument 'catkin_cmake_args' from command line to 'None'
[1.270s] Level 5:colcon.colcon_core.verb:set package 'tug_mr2' build argument 'catkin_skip_building_tests' from command line to 'False'
[1.270s] DEBUG:colcon.colcon_core.verb:Building package 'tug_mr2' with the following arguments: {'ament_cmake_args': None, 'build_base': '/home/bobo/ros2_ws/build/tug_mr2', 'catkin_cmake_args': None, 'catkin_skip_building_tests': False, 'cmake_args': None, 'cmake_clean_cache': False, 'cmake_clean_first': False, 'cmake_force_configure': False, 'cmake_target': None, 'cmake_target_skip_unavailable': False, 'install_base': '/home/bobo/ros2_ws/install/tug_mr2', 'merge_install': False, 'path': '/home/bobo/ros2_ws/src/mr2_public/tug_mr2', 'symlink_install': False, 'test_result_base': None}
[1.270s] Level 5:colcon.colcon_core.verb:set package 'tug_stage_ros2' build argument 'cmake_args' from command line to 'None'
[1.270s] Level 5:colcon.colcon_core.verb:set package 'tug_stage_ros2' build argument 'cmake_target' from command line to 'None'
[1.270s] Level 5:colcon.colcon_core.verb:set package 'tug_stage_ros2' build argument 'cmake_target_skip_unavailable' from command line to 'False'
[1.271s] Level 5:colcon.colcon_core.verb:set package 'tug_stage_ros2' build argument 'cmake_clean_cache' from command line to 'False'
[1.271s] Level 5:colcon.colcon_core.verb:set package 'tug_stage_ros2' build argument 'cmake_clean_first' from command line to 'False'
[1.271s] Level 5:colcon.colcon_core.verb:set package 'tug_stage_ros2' build argument 'cmake_force_configure' from command line to 'False'
[1.271s] Level 5:colcon.colcon_core.verb:set package 'tug_stage_ros2' build argument 'ament_cmake_args' from command line to 'None'
[1.271s] Level 5:colcon.colcon_core.verb:set package 'tug_stage_ros2' build argument 'catkin_cmake_args' from command line to 'None'
[1.271s] Level 5:colcon.colcon_core.verb:set package 'tug_stage_ros2' build argument 'catkin_skip_building_tests' from command line to 'False'
[1.271s] DEBUG:colcon.colcon_core.verb:Building package 'tug_stage_ros2' with the following arguments: {'ament_cmake_args': None, 'build_base': '/home/bobo/ros2_ws/build/tug_stage_ros2', 'catkin_cmake_args': None, 'catkin_skip_building_tests': False, 'cmake_args': None, 'cmake_clean_cache': False, 'cmake_clean_first': False, 'cmake_force_configure': False, 'cmake_target': None, 'cmake_target_skip_unavailable': False, 'install_base': '/home/bobo/ros2_ws/install/tug_stage_ros2', 'merge_install': False, 'path': '/home/bobo/ros2_ws/src/mr2_public/tug_stage_ros2', 'symlink_install': False, 'test_result_base': None}
[1.271s] Level 5:colcon.colcon_core.verb:set package 'tug_turtlebot4' build argument 'cmake_args' from command line to 'None'
[1.271s] Level 5:colcon.colcon_core.verb:set package 'tug_turtlebot4' build argument 'cmake_target' from command line to 'None'
[1.271s] Level 5:colcon.colcon_core.verb:set package 'tug_turtlebot4' build argument 'cmake_target_skip_unavailable' from command line to 'False'
[1.271s] Level 5:colcon.colcon_core.verb:set package 'tug_turtlebot4' build argument 'cmake_clean_cache' from command line to 'False'
[1.271s] Level 5:colcon.colcon_core.verb:set package 'tug_turtlebot4' build argument 'cmake_clean_first' from command line to 'False'
[1.271s] Level 5:colcon.colcon_core.verb:set package 'tug_turtlebot4' build argument 'cmake_force_configure' from command line to 'False'
[1.271s] Level 5:colcon.colcon_core.verb:set package 'tug_turtlebot4' build argument 'ament_cmake_args' from command line to 'None'
[1.271s] Level 5:colcon.colcon_core.verb:set package 'tug_turtlebot4' build argument 'catkin_cmake_args' from command line to 'None'
[1.271s] Level 5:colcon.colcon_core.verb:set package 'tug_turtlebot4' build argument 'catkin_skip_building_tests' from command line to 'False'
[1.272s] DEBUG:colcon.colcon_core.verb:Building package 'tug_turtlebot4' with the following arguments: {'ament_cmake_args': None, 'build_base': '/home/bobo/ros2_ws/build/tug_turtlebot4', 'catkin_cmake_args': None, 'catkin_skip_building_tests': False, 'cmake_args': None, 'cmake_clean_cache': False, 'cmake_clean_first': False, 'cmake_force_configure': False, 'cmake_target': None, 'cmake_target_skip_unavailable': False, 'install_base': '/home/bobo/ros2_ws/install/tug_turtlebot4', 'merge_install': False, 'path': '/home/bobo/ros2_ws/src/mr2_public/tug_turtlebot4', 'symlink_install': False, 'test_result_base': None}
[1.272s] INFO:colcon.colcon_core.executor:Executing jobs using 'parallel' executor
[1.273s] DEBUG:colcon.colcon_parallel_executor.executor.parallel:run_until_complete
[1.273s] INFO:colcon.colcon_ros.task.ament_cmake.build:Building ROS package in '/home/bobo/ros2_ws/src/mr2_public/tug_msgs' with build type 'ament_cmake'
[1.274s] INFO:colcon.colcon_cmake.task.cmake.build:Building CMake package in '/home/bobo/ros2_ws/src/mr2_public/tug_msgs'
[1.277s] INFO:colcon.colcon_core.plugin_system:Skipping extension 'colcon_core.shell.bat': Not used on non-Windows systems
[1.277s] INFO:colcon.colcon_core.shell:Skip shell extension 'powershell' for command environment: Not usable outside of PowerShell
[1.277s] DEBUG:colcon.colcon_core.shell:Skip shell extension 'dsv' for command environment
[1.284s] INFO:colcon.colcon_cmake.task.cmake.build:Building CMake package in '/home/bobo/ros2_ws/eigen-3.4.0'
[1.284s] INFO:colcon.colcon_core.shell:Skip shell extension 'powershell' for command environment: Not usable outside of PowerShell
[1.284s] DEBUG:colcon.colcon_core.shell:Skip shell extension 'dsv' for command environment
[1.301s] DEBUG:colcon.colcon_core.event_handler.log_command:Invoking command in '/home/bobo/ros2_ws/build/tug_msgs': CMAKE_PREFIX_PATH=${CMAKE_PREFIX_PATH}:/opt/ros/humble /usr/bin/cmake --build /home/bobo/ros2_ws/build/tug_msgs -- -j8 -l8
[1.310s] DEBUG:colcon.colcon_core.event_handler.log_command:Invoking command in '/home/bobo/ros2_ws/build/Eigen3': /usr/bin/cmake --build /home/bobo/ros2_ws/build/Eigen3 -- -j8 -l8
[1.934s] DEBUG:colcon.colcon_core.event_handler.log_command:Invoked command in '/home/bobo/ros2_ws/build/Eigen3' returned '0': /usr/bin/cmake --build /home/bobo/ros2_ws/build/Eigen3 -- -j8 -l8
[1.959s] DEBUG:colcon.colcon_core.event_handler.log_command:Invoking command in '/home/bobo/ros2_ws/build/Eigen3': /usr/bin/cmake --install /home/bobo/ros2_ws/build/Eigen3
[2.010s] Level 1:colcon.colcon_core.environment:create_environment_scripts_only(Eigen3)
[2.022s] Level 1:colcon.colcon_core.environment:checking '/home/bobo/ros2_ws/install/Eigen3' for CMake module files
[2.024s] Level 1:colcon.colcon_core.environment:checking '/home/bobo/ros2_ws/install/Eigen3' for CMake config files
[2.026s] Level 1:colcon.colcon_core.shell:create_environment_hook('Eigen3', 'cmake_prefix_path')
[2.027s] INFO:colcon.colcon_core.shell:Creating environment hook '/home/bobo/ros2_ws/install/Eigen3/share/Eigen3/hook/cmake_prefix_path.ps1'
[2.029s] INFO:colcon.colcon_core.shell:Creating environment descriptor '/home/bobo/ros2_ws/install/Eigen3/share/Eigen3/hook/cmake_prefix_path.dsv'
[2.030s] INFO:colcon.colcon_core.shell:Creating environment hook '/home/bobo/ros2_ws/install/Eigen3/share/Eigen3/hook/cmake_prefix_path.sh'
[2.033s] Level 1:colcon.colcon_core.environment:checking '/home/bobo/ros2_ws/install/Eigen3/bin'
[2.033s] Level 1:colcon.colcon_core.environment:checking '/home/bobo/ros2_ws/install/Eigen3/lib/pkgconfig/Eigen3.pc'
[2.034s] Level 1:colcon.colcon_core.environment:checking '/home/bobo/ros2_ws/install/Eigen3/lib/python3.10/site-packages'
[2.034s] Level 1:colcon.colcon_core.environment:checking '/home/bobo/ros2_ws/install/Eigen3/bin'
[2.035s] INFO:colcon.colcon_core.shell:Creating package script '/home/bobo/ros2_ws/install/Eigen3/share/Eigen3/package.ps1'
[2.038s] INFO:colcon.colcon_core.shell:Creating package descriptor '/home/bobo/ros2_ws/install/Eigen3/share/Eigen3/package.dsv'
[2.040s] INFO:colcon.colcon_core.shell:Creating package script '/home/bobo/ros2_ws/install/Eigen3/share/Eigen3/package.sh'
[2.042s] INFO:colcon.colcon_core.shell:Creating package script '/home/bobo/ros2_ws/install/Eigen3/share/Eigen3/package.bash'
[2.045s] INFO:colcon.colcon_core.shell:Creating package script '/home/bobo/ros2_ws/install/Eigen3/share/Eigen3/package.zsh'
[2.049s] Level 1:colcon.colcon_core.environment:create_file_with_runtime_dependencies(/home/bobo/ros2_ws/install/Eigen3/share/colcon-core/packages/Eigen3)
[2.116s] DEBUG:colcon.colcon_core.event_handler.log_command:Invoked command in '/home/bobo/ros2_ws/build/Eigen3' returned '0': /usr/bin/cmake --install /home/bobo/ros2_ws/build/Eigen3
[2.117s] DEBUG:colcon.colcon_core.event_handler.log_command:Invoked command in '/home/bobo/ros2_ws/build/tug_msgs' returned '0': CMAKE_PREFIX_PATH=${CMAKE_PREFIX_PATH}:/opt/ros/humble /usr/bin/cmake --build /home/bobo/ros2_ws/build/tug_msgs -- -j8 -l8
[2.118s] DEBUG:colcon.colcon_core.event_handler.log_command:Invoking command in '/home/bobo/ros2_ws/build/tug_msgs': CMAKE_PREFIX_PATH=${CMAKE_PREFIX_PATH}:/opt/ros/humble /usr/bin/cmake --install /home/bobo/ros2_ws/build/tug_msgs
[2.178s] Level 1:colcon.colcon_core.environment:create_environment_scripts_only(tug_msgs)
[2.178s] Level 1:colcon.colcon_core.environment:checking '/home/bobo/ros2_ws/install/tug_msgs' for CMake module files
[2.179s] DEBUG:colcon.colcon_core.event_handler.log_command:Invoked command in '/home/bobo/ros2_ws/build/tug_msgs' returned '0': CMAKE_PREFIX_PATH=${CMAKE_PREFIX_PATH}:/opt/ros/humble /usr/bin/cmake --install /home/bobo/ros2_ws/build/tug_msgs
[2.180s] Level 1:colcon.colcon_core.environment:checking '/home/bobo/ros2_ws/install/tug_msgs' for CMake config files
[2.180s] Level 1:colcon.colcon_core.shell:create_environment_hook('tug_msgs', 'cmake_prefix_path')
[2.181s] INFO:colcon.colcon_core.shell:Creating environment hook '/home/bobo/ros2_ws/install/tug_msgs/share/tug_msgs/hook/cmake_prefix_path.ps1'
[2.181s] INFO:colcon.colcon_core.shell:Creating environment descriptor '/home/bobo/ros2_ws/install/tug_msgs/share/tug_msgs/hook/cmake_prefix_path.dsv'
[2.182s] INFO:colcon.colcon_core.shell:Creating environment hook '/home/bobo/ros2_ws/install/tug_msgs/share/tug_msgs/hook/cmake_prefix_path.sh'
[2.183s] Level 1:colcon.colcon_core.environment:checking '/home/bobo/ros2_ws/install/tug_msgs/lib'
[2.183s] Level 1:colcon.colcon_core.shell:create_environment_hook('tug_msgs', 'ld_library_path_lib')
[2.183s] INFO:colcon.colcon_core.shell:Creating environment hook '/home/bobo/ros2_ws/install/tug_msgs/share/tug_msgs/hook/ld_library_path_lib.ps1'
[2.184s] INFO:colcon.colcon_core.shell:Creating environment descriptor '/home/bobo/ros2_ws/install/tug_msgs/share/tug_msgs/hook/ld_library_path_lib.dsv'
[2.184s] INFO:colcon.colcon_core.shell:Creating environment hook '/home/bobo/ros2_ws/install/tug_msgs/share/tug_msgs/hook/ld_library_path_lib.sh'
[2.185s] Level 1:colcon.colcon_core.environment:checking '/home/bobo/ros2_ws/install/tug_msgs/bin'
[2.185s] Level 1:colcon.colcon_core.environment:checking '/home/bobo/ros2_ws/install/tug_msgs/lib/pkgconfig/tug_msgs.pc'
[2.185s] Level 1:colcon.colcon_core.environment:checking '/home/bobo/ros2_ws/install/tug_msgs/lib/python3.10/site-packages'
[2.186s] Level 1:colcon.colcon_core.environment:checking '/home/bobo/ros2_ws/install/tug_msgs/bin'
[2.186s] INFO:colcon.colcon_core.shell:Creating package script '/home/bobo/ros2_ws/install/tug_msgs/share/tug_msgs/package.ps1'
[2.187s] INFO:colcon.colcon_core.shell:Creating package descriptor '/home/bobo/ros2_ws/install/tug_msgs/share/tug_msgs/package.dsv'
[2.188s] INFO:colcon.colcon_core.shell:Creating package script '/home/bobo/ros2_ws/install/tug_msgs/share/tug_msgs/package.sh'
[2.188s] INFO:colcon.colcon_core.shell:Creating package script '/home/bobo/ros2_ws/install/tug_msgs/share/tug_msgs/package.bash'
[2.189s] INFO:colcon.colcon_core.shell:Creating package script '/home/bobo/ros2_ws/install/tug_msgs/share/tug_msgs/package.zsh'
[2.189s] Level 1:colcon.colcon_core.environment:create_file_with_runtime_dependencies(/home/bobo/ros2_ws/install/tug_msgs/share/colcon-core/packages/tug_msgs)
[2.191s] Level 1:colcon.colcon_core.environment:create_environment_scripts_only(tug_msgs)
[2.192s] Level 1:colcon.colcon_core.environment:checking '/home/bobo/ros2_ws/install/tug_msgs' for CMake module files
[2.194s] Level 1:colcon.colcon_core.environment:checking '/home/bobo/ros2_ws/install/tug_msgs' for CMake config files
[2.195s] Level 1:colcon.colcon_core.shell:create_environment_hook('tug_msgs', 'cmake_prefix_path')
[2.196s] INFO:colcon.colcon_core.shell:Creating environment hook '/home/bobo/ros2_ws/install/tug_msgs/share/tug_msgs/hook/cmake_prefix_path.ps1'
[2.197s] INFO:colcon.colcon_core.shell:Creating environment descriptor '/home/bobo/ros2_ws/install/tug_msgs/share/tug_msgs/hook/cmake_prefix_path.dsv'
[2.197s] INFO:colcon.colcon_core.shell:Creating environment hook '/home/bobo/ros2_ws/install/tug_msgs/share/tug_msgs/hook/cmake_prefix_path.sh'
[2.198s] Level 1:colcon.colcon_core.environment:checking '/home/bobo/ros2_ws/install/tug_msgs/lib'
[2.198s] Level 1:colcon.colcon_core.shell:create_environment_hook('tug_msgs', 'ld_library_path_lib')
[2.199s] INFO:colcon.colcon_core.shell:Creating environment hook '/home/bobo/ros2_ws/install/tug_msgs/share/tug_msgs/hook/ld_library_path_lib.ps1'
[2.200s] INFO:colcon.colcon_core.shell:Creating environment descriptor '/home/bobo/ros2_ws/install/tug_msgs/share/tug_msgs/hook/ld_library_path_lib.dsv'
[2.201s] INFO:colcon.colcon_core.shell:Creating environment hook '/home/bobo/ros2_ws/install/tug_msgs/share/tug_msgs/hook/ld_library_path_lib.sh'
[2.202s] Level 1:colcon.colcon_core.environment:checking '/home/bobo/ros2_ws/install/tug_msgs/bin'
[2.202s] Level 1:colcon.colcon_core.environment:checking '/home/bobo/ros2_ws/install/tug_msgs/lib/pkgconfig/tug_msgs.pc'
[2.203s] Level 1:colcon.colcon_core.environment:checking '/home/bobo/ros2_ws/install/tug_msgs/lib/python3.10/site-packages'
[2.203s] Level 1:colcon.colcon_core.environment:checking '/home/bobo/ros2_ws/install/tug_msgs/bin'
[2.204s] INFO:colcon.colcon_core.shell:Creating package script '/home/bobo/ros2_ws/install/tug_msgs/share/tug_msgs/package.ps1'
[2.205s] INFO:colcon.colcon_core.shell:Creating package descriptor '/home/bobo/ros2_ws/install/tug_msgs/share/tug_msgs/package.dsv'
[2.206s] INFO:colcon.colcon_core.shell:Creating package script '/home/bobo/ros2_ws/install/tug_msgs/share/tug_msgs/package.sh'
[2.207s] INFO:colcon.colcon_core.shell:Creating package script '/home/bobo/ros2_ws/install/tug_msgs/share/tug_msgs/package.bash'
[2.208s] INFO:colcon.colcon_core.shell:Creating package script '/home/bobo/ros2_ws/install/tug_msgs/share/tug_msgs/package.zsh'
[2.209s] Level 1:colcon.colcon_core.environment:create_file_with_runtime_dependencies(/home/bobo/ros2_ws/install/tug_msgs/share/colcon-core/packages/tug_msgs)
[2.209s] INFO:colcon.colcon_ros.task.ament_cmake.build:Building ROS package in '/home/bobo/ros2_ws/src/mr2_public/tug_mr2' with build type 'ament_cmake'
[2.209s] INFO:colcon.colcon_cmake.task.cmake.build:Building CMake package in '/home/bobo/ros2_ws/src/mr2_public/tug_mr2'
[2.210s] INFO:colcon.colcon_core.shell:Skip shell extension 'powershell' for command environment: Not usable outside of PowerShell
[2.210s] DEBUG:colcon.colcon_core.shell:Skip shell extension 'dsv' for command environment
[2.219s] INFO:colcon.colcon_ros.task.ament_cmake.build:Building ROS package in '/home/bobo/ros2_ws/src/mr2_public/tug_stage_ros2' with build type 'ament_cmake'
[2.219s] INFO:colcon.colcon_cmake.task.cmake.build:Building CMake package in '/home/bobo/ros2_ws/src/mr2_public/tug_stage_ros2'
[2.220s] INFO:colcon.colcon_core.shell:Skip shell extension 'powershell' for command environment: Not usable outside of PowerShell
[2.220s] DEBUG:colcon.colcon_core.shell:Skip shell extension 'dsv' for command environment
[2.229s] INFO:colcon.colcon_ros.task.ament_cmake.build:Building ROS package in '/home/bobo/ros2_ws/src/mr2_public/tug_turtlebot4' with build type 'ament_cmake'
[2.230s] INFO:colcon.colcon_cmake.task.cmake.build:Building CMake package in '/home/bobo/ros2_ws/src/mr2_public/tug_turtlebot4'
[2.230s] INFO:colcon.colcon_core.shell:Skip shell extension 'powershell' for command environment: Not usable outside of PowerShell
[2.230s] DEBUG:colcon.colcon_core.shell:Skip shell extension 'dsv' for command environment
[2.248s] DEBUG:colcon.colcon_core.event_handler.log_command:Invoking command in '/home/bobo/ros2_ws/build/tug_mr2': CMAKE_PREFIX_PATH=/home/bobo/ros2_ws/install/tug_msgs:/home/bobo/ros2_ws/install/tug_turtlebot4:/home/bobo/ros2_ws/install/tug_stage_ros2:/home/bobo/ros2_ws/install/tug_mr2:/home/bobo/ros2_ws/install/ros2cpp_tutorials_service:/home/bobo/ros2_ws/install/ros2cpp_tutorials_publisher_subscriber:/home/bobo/ros2_ws/install/ros2cpp_tutorials_parameter:/home/bobo/ros2_ws/install/ros2cpp_tutorials_action:/home/bobo/ros2_ws/install/Eigen3:/opt/ros/humble LD_LIBRARY_PATH=/home/bobo/ros2_ws/install/tug_msgs/lib:/home/bobo/stg/lib:/home/bobo/ros2_ws/install/ros2cpp_tutorials_service/lib:/home/bobo/ros2_ws/install/ros2cpp_tutorials_action/lib:/opt/ros/humble/opt/rviz_ogre_vendor/lib:/opt/ros/humble/lib/x86_64-linux-gnu:/opt/ros/humble/lib /usr/bin/cmake --build /home/bobo/ros2_ws/build/tug_mr2 -- -j8 -l8
[2.255s] DEBUG:colcon.colcon_core.event_handler.log_command:Invoking command in '/home/bobo/ros2_ws/build/tug_stage_ros2': CMAKE_PREFIX_PATH=/home/bobo/ros2_ws/install/tug_msgs:/home/bobo/ros2_ws/install/tug_turtlebot4:/home/bobo/ros2_ws/install/tug_stage_ros2:/home/bobo/ros2_ws/install/tug_mr2:/home/bobo/ros2_ws/install/ros2cpp_tutorials_service:/home/bobo/ros2_ws/install/ros2cpp_tutorials_publisher_subscriber:/home/bobo/ros2_ws/install/ros2cpp_tutorials_parameter:/home/bobo/ros2_ws/install/ros2cpp_tutorials_action:/home/bobo/ros2_ws/install/Eigen3:/opt/ros/humble LD_LIBRARY_PATH=/home/bobo/ros2_ws/install/tug_msgs/lib:/home/bobo/stg/lib:/home/bobo/ros2_ws/install/ros2cpp_tutorials_service/lib:/home/bobo/ros2_ws/install/ros2cpp_tutorials_action/lib:/opt/ros/humble/opt/rviz_ogre_vendor/lib:/opt/ros/humble/lib/x86_64-linux-gnu:/opt/ros/humble/lib /usr/bin/cmake --build /home/bobo/ros2_ws/build/tug_stage_ros2 -- -j8 -l8
[2.262s] DEBUG:colcon.colcon_core.event_handler.log_command:Invoking command in '/home/bobo/ros2_ws/build/tug_turtlebot4': CMAKE_PREFIX_PATH=/home/bobo/ros2_ws/install/tug_msgs:/home/bobo/ros2_ws/install/tug_turtlebot4:/home/bobo/ros2_ws/install/tug_stage_ros2:/home/bobo/ros2_ws/install/tug_mr2:/home/bobo/ros2_ws/install/ros2cpp_tutorials_service:/home/bobo/ros2_ws/install/ros2cpp_tutorials_publisher_subscriber:/home/bobo/ros2_ws/install/ros2cpp_tutorials_parameter:/home/bobo/ros2_ws/install/ros2cpp_tutorials_action:/home/bobo/ros2_ws/install/Eigen3:/opt/ros/humble LD_LIBRARY_PATH=/home/bobo/ros2_ws/install/tug_msgs/lib:/home/bobo/stg/lib:/home/bobo/ros2_ws/install/ros2cpp_tutorials_service/lib:/home/bobo/ros2_ws/install/ros2cpp_tutorials_action/lib:/opt/ros/humble/opt/rviz_ogre_vendor/lib:/opt/ros/humble/lib/x86_64-linux-gnu:/opt/ros/humble/lib /usr/bin/cmake --build /home/bobo/ros2_ws/build/tug_turtlebot4 -- -j8 -l8
[2.406s] DEBUG:colcon.colcon_core.event_handler.log_command:Invoked command in '/home/bobo/ros2_ws/build/tug_mr2' returned '0': CMAKE_PREFIX_PATH=/home/bobo/ros2_ws/install/tug_msgs:/home/bobo/ros2_ws/install/tug_turtlebot4:/home/bobo/ros2_ws/install/tug_stage_ros2:/home/bobo/ros2_ws/install/tug_mr2:/home/bobo/ros2_ws/install/ros2cpp_tutorials_service:/home/bobo/ros2_ws/install/ros2cpp_tutorials_publisher_subscriber:/home/bobo/ros2_ws/install/ros2cpp_tutorials_parameter:/home/bobo/ros2_ws/install/ros2cpp_tutorials_action:/home/bobo/ros2_ws/install/Eigen3:/opt/ros/humble LD_LIBRARY_PATH=/home/bobo/ros2_ws/install/tug_msgs/lib:/home/bobo/stg/lib:/home/bobo/ros2_ws/install/ros2cpp_tutorials_service/lib:/home/bobo/ros2_ws/install/ros2cpp_tutorials_action/lib:/opt/ros/humble/opt/rviz_ogre_vendor/lib:/opt/ros/humble/lib/x86_64-linux-gnu:/opt/ros/humble/lib /usr/bin/cmake --build /home/bobo/ros2_ws/build/tug_mr2 -- -j8 -l8
[2.409s] DEBUG:colcon.colcon_core.event_handler.log_command:Invoking command in '/home/bobo/ros2_ws/build/tug_mr2': CMAKE_PREFIX_PATH=/home/bobo/ros2_ws/install/tug_msgs:/home/bobo/ros2_ws/install/tug_turtlebot4:/home/bobo/ros2_ws/install/tug_stage_ros2:/home/bobo/ros2_ws/install/tug_mr2:/home/bobo/ros2_ws/install/ros2cpp_tutorials_service:/home/bobo/ros2_ws/install/ros2cpp_tutorials_publisher_subscriber:/home/bobo/ros2_ws/install/ros2cpp_tutorials_parameter:/home/bobo/ros2_ws/install/ros2cpp_tutorials_action:/home/bobo/ros2_ws/install/Eigen3:/opt/ros/humble LD_LIBRARY_PATH=/home/bobo/ros2_ws/install/tug_msgs/lib:/home/bobo/stg/lib:/home/bobo/ros2_ws/install/ros2cpp_tutorials_service/lib:/home/bobo/ros2_ws/install/ros2cpp_tutorials_action/lib:/opt/ros/humble/opt/rviz_ogre_vendor/lib:/opt/ros/humble/lib/x86_64-linux-gnu:/opt/ros/humble/lib /usr/bin/cmake --install /home/bobo/ros2_ws/build/tug_mr2
[2.424s] DEBUG:colcon.colcon_core.event_handler.log_command:Invoked command in '/home/bobo/ros2_ws/build/tug_stage_ros2' returned '0': CMAKE_PREFIX_PATH=/home/bobo/ros2_ws/install/tug_msgs:/home/bobo/ros2_ws/install/tug_turtlebot4:/home/bobo/ros2_ws/install/tug_stage_ros2:/home/bobo/ros2_ws/install/tug_mr2:/home/bobo/ros2_ws/install/ros2cpp_tutorials_service:/home/bobo/ros2_ws/install/ros2cpp_tutorials_publisher_subscriber:/home/bobo/ros2_ws/install/ros2cpp_tutorials_parameter:/home/bobo/ros2_ws/install/ros2cpp_tutorials_action:/home/bobo/ros2_ws/install/Eigen3:/opt/ros/humble LD_LIBRARY_PATH=/home/bobo/ros2_ws/install/tug_msgs/lib:/home/bobo/stg/lib:/home/bobo/ros2_ws/install/ros2cpp_tutorials_service/lib:/home/bobo/ros2_ws/install/ros2cpp_tutorials_action/lib:/opt/ros/humble/opt/rviz_ogre_vendor/lib:/opt/ros/humble/lib/x86_64-linux-gnu:/opt/ros/humble/lib /usr/bin/cmake --build /home/bobo/ros2_ws/build/tug_stage_ros2 -- -j8 -l8
[2.428s] DEBUG:colcon.colcon_core.event_handler.log_command:Invoking command in '/home/bobo/ros2_ws/build/tug_stage_ros2': CMAKE_PREFIX_PATH=/home/bobo/ros2_ws/install/tug_msgs:/home/bobo/ros2_ws/install/tug_turtlebot4:/home/bobo/ros2_ws/install/tug_stage_ros2:/home/bobo/ros2_ws/install/tug_mr2:/home/bobo/ros2_ws/install/ros2cpp_tutorials_service:/home/bobo/ros2_ws/install/ros2cpp_tutorials_publisher_subscriber:/home/bobo/ros2_ws/install/ros2cpp_tutorials_parameter:/home/bobo/ros2_ws/install/ros2cpp_tutorials_action:/home/bobo/ros2_ws/install/Eigen3:/opt/ros/humble LD_LIBRARY_PATH=/home/bobo/ros2_ws/install/tug_msgs/lib:/home/bobo/stg/lib:/home/bobo/ros2_ws/install/ros2cpp_tutorials_service/lib:/home/bobo/ros2_ws/install/ros2cpp_tutorials_action/lib:/opt/ros/humble/opt/rviz_ogre_vendor/lib:/opt/ros/humble/lib/x86_64-linux-gnu:/opt/ros/humble/lib /usr/bin/cmake --install /home/bobo/ros2_ws/build/tug_stage_ros2
[2.435s] Level 1:colcon.colcon_core.environment:create_environment_scripts_only(tug_mr2)
[2.436s] Level 1:colcon.colcon_core.environment:checking '/home/bobo/ros2_ws/install/tug_mr2' for CMake module files
[2.438s] Level 1:colcon.colcon_core.environment:checking '/home/bobo/ros2_ws/install/tug_mr2' for CMake config files
[2.439s] DEBUG:colcon.colcon_core.event_handler.log_command:Invoked command in '/home/bobo/ros2_ws/build/tug_mr2' returned '0': CMAKE_PREFIX_PATH=/home/bobo/ros2_ws/install/tug_msgs:/home/bobo/ros2_ws/install/tug_turtlebot4:/home/bobo/ros2_ws/install/tug_stage_ros2:/home/bobo/ros2_ws/install/tug_mr2:/home/bobo/ros2_ws/install/ros2cpp_tutorials_service:/home/bobo/ros2_ws/install/ros2cpp_tutorials_publisher_subscriber:/home/bobo/ros2_ws/install/ros2cpp_tutorials_parameter:/home/bobo/ros2_ws/install/ros2cpp_tutorials_action:/home/bobo/ros2_ws/install/Eigen3:/opt/ros/humble LD_LIBRARY_PATH=/home/bobo/ros2_ws/install/tug_msgs/lib:/home/bobo/stg/lib:/home/bobo/ros2_ws/install/ros2cpp_tutorials_service/lib:/home/bobo/ros2_ws/install/ros2cpp_tutorials_action/lib:/opt/ros/humble/opt/rviz_ogre_vendor/lib:/opt/ros/humble/lib/x86_64-linux-gnu:/opt/ros/humble/lib /usr/bin/cmake --install /home/bobo/ros2_ws/build/tug_mr2
[2.440s] Level 1:colcon.colcon_core.shell:create_environment_hook('tug_mr2', 'cmake_prefix_path')
[2.441s] INFO:colcon.colcon_core.shell:Creating environment hook '/home/bobo/ros2_ws/install/tug_mr2/share/tug_mr2/hook/cmake_prefix_path.ps1'
[2.442s] INFO:colcon.colcon_core.shell:Creating environment descriptor '/home/bobo/ros2_ws/install/tug_mr2/share/tug_mr2/hook/cmake_prefix_path.dsv'
[2.443s] INFO:colcon.colcon_core.shell:Creating environment hook '/home/bobo/ros2_ws/install/tug_mr2/share/tug_mr2/hook/cmake_prefix_path.sh'
[2.444s] Level 1:colcon.colcon_core.environment:checking '/home/bobo/ros2_ws/install/tug_mr2/lib'
[2.445s] Level 1:colcon.colcon_core.environment:checking '/home/bobo/ros2_ws/install/tug_mr2/bin'
[2.445s] Level 1:colcon.colcon_core.environment:checking '/home/bobo/ros2_ws/install/tug_mr2/lib/pkgconfig/tug_mr2.pc'
[2.446s] Level 1:colcon.colcon_core.environment:checking '/home/bobo/ros2_ws/install/tug_mr2/lib/python3.10/site-packages'
[2.447s] Level 1:colcon.colcon_core.environment:checking '/home/bobo/ros2_ws/install/tug_mr2/bin'
[2.448s] INFO:colcon.colcon_core.shell:Creating package script '/home/bobo/ros2_ws/install/tug_mr2/share/tug_mr2/package.ps1'
[2.452s] INFO:colcon.colcon_core.shell:Creating package descriptor '/home/bobo/ros2_ws/install/tug_mr2/share/tug_mr2/package.dsv'
[2.454s] INFO:colcon.colcon_core.shell:Creating package script '/home/bobo/ros2_ws/install/tug_mr2/share/tug_mr2/package.sh'
[2.456s] INFO:colcon.colcon_core.shell:Creating package script '/home/bobo/ros2_ws/install/tug_mr2/share/tug_mr2/package.bash'
[2.459s] INFO:colcon.colcon_core.shell:Creating package script '/home/bobo/ros2_ws/install/tug_mr2/share/tug_mr2/package.zsh'
[2.460s] Level 1:colcon.colcon_core.environment:create_file_with_runtime_dependencies(/home/bobo/ros2_ws/install/tug_mr2/share/colcon-core/packages/tug_mr2)
[2.462s] Level 1:colcon.colcon_core.environment:create_environment_scripts_only(tug_mr2)
[2.462s] Level 1:colcon.colcon_core.environment:checking '/home/bobo/ros2_ws/install/tug_mr2' for CMake module files
[2.463s] Level 1:colcon.colcon_core.environment:checking '/home/bobo/ros2_ws/install/tug_mr2' for CMake config files
[2.464s] Level 1:colcon.colcon_core.shell:create_environment_hook('tug_mr2', 'cmake_prefix_path')
[2.464s] INFO:colcon.colcon_core.shell:Creating environment hook '/home/bobo/ros2_ws/install/tug_mr2/share/tug_mr2/hook/cmake_prefix_path.ps1'
[2.465s] INFO:colcon.colcon_core.shell:Creating environment descriptor '/home/bobo/ros2_ws/install/tug_mr2/share/tug_mr2/hook/cmake_prefix_path.dsv'
[2.465s] INFO:colcon.colcon_core.shell:Creating environment hook '/home/bobo/ros2_ws/install/tug_mr2/share/tug_mr2/hook/cmake_prefix_path.sh'
[2.466s] Level 1:colcon.colcon_core.environment:checking '/home/bobo/ros2_ws/install/tug_mr2/lib'
[2.466s] Level 1:colcon.colcon_core.environment:checking '/home/bobo/ros2_ws/install/tug_mr2/bin'
[2.466s] Level 1:colcon.colcon_core.environment:checking '/home/bobo/ros2_ws/install/tug_mr2/lib/pkgconfig/tug_mr2.pc'
[2.467s] Level 1:colcon.colcon_core.environment:checking '/home/bobo/ros2_ws/install/tug_mr2/lib/python3.10/site-packages'
[2.467s] Level 1:colcon.colcon_core.environment:checking '/home/bobo/ros2_ws/install/tug_mr2/bin'
[2.468s] INFO:colcon.colcon_core.shell:Creating package script '/home/bobo/ros2_ws/install/tug_mr2/share/tug_mr2/package.ps1'
[2.468s] INFO:colcon.colcon_core.shell:Creating package descriptor '/home/bobo/ros2_ws/install/tug_mr2/share/tug_mr2/package.dsv'
[2.469s] INFO:colcon.colcon_core.shell:Creating package script '/home/bobo/ros2_ws/install/tug_mr2/share/tug_mr2/package.sh'
[2.470s] INFO:colcon.colcon_core.shell:Creating package script '/home/bobo/ros2_ws/install/tug_mr2/share/tug_mr2/package.bash'
[2.470s] INFO:colcon.colcon_core.shell:Creating package script '/home/bobo/ros2_ws/install/tug_mr2/share/tug_mr2/package.zsh'
[2.471s] Level 1:colcon.colcon_core.environment:create_file_with_runtime_dependencies(/home/bobo/ros2_ws/install/tug_mr2/share/colcon-core/packages/tug_mr2)
[2.473s] Level 1:colcon.colcon_core.environment:create_environment_scripts_only(tug_stage_ros2)
[2.474s] Level 1:colcon.colcon_core.environment:checking '/home/bobo/ros2_ws/install/tug_stage_ros2' for CMake module files
[2.475s] DEBUG:colcon.colcon_core.event_handler.log_command:Invoked command in '/home/bobo/ros2_ws/build/tug_stage_ros2' returned '0': CMAKE_PREFIX_PATH=/home/bobo/ros2_ws/install/tug_msgs:/home/bobo/ros2_ws/install/tug_turtlebot4:/home/bobo/ros2_ws/install/tug_stage_ros2:/home/bobo/ros2_ws/install/tug_mr2:/home/bobo/ros2_ws/install/ros2cpp_tutorials_service:/home/bobo/ros2_ws/install/ros2cpp_tutorials_publisher_subscriber:/home/bobo/ros2_ws/install/ros2cpp_tutorials_parameter:/home/bobo/ros2_ws/install/ros2cpp_tutorials_action:/home/bobo/ros2_ws/install/Eigen3:/opt/ros/humble LD_LIBRARY_PATH=/home/bobo/ros2_ws/install/tug_msgs/lib:/home/bobo/stg/lib:/home/bobo/ros2_ws/install/ros2cpp_tutorials_service/lib:/home/bobo/ros2_ws/install/ros2cpp_tutorials_action/lib:/opt/ros/humble/opt/rviz_ogre_vendor/lib:/opt/ros/humble/lib/x86_64-linux-gnu:/opt/ros/humble/lib /usr/bin/cmake --install /home/bobo/ros2_ws/build/tug_stage_ros2
[2.476s] Level 1:colcon.colcon_core.environment:checking '/home/bobo/ros2_ws/install/tug_stage_ros2' for CMake config files
[2.476s] Level 1:colcon.colcon_core.shell:create_environment_hook('tug_stage_ros2', 'cmake_prefix_path')
[2.477s] INFO:colcon.colcon_core.shell:Creating environment hook '/home/bobo/ros2_ws/install/tug_stage_ros2/share/tug_stage_ros2/hook/cmake_prefix_path.ps1'
[2.478s] INFO:colcon.colcon_core.shell:Creating environment descriptor '/home/bobo/ros2_ws/install/tug_stage_ros2/share/tug_stage_ros2/hook/cmake_prefix_path.dsv'
[2.478s] INFO:colcon.colcon_core.shell:Creating environment hook '/home/bobo/ros2_ws/install/tug_stage_ros2/share/tug_stage_ros2/hook/cmake_prefix_path.sh'
[2.480s] Level 1:colcon.colcon_core.environment:checking '/home/bobo/ros2_ws/install/tug_stage_ros2/lib'
[2.480s] Level 1:colcon.colcon_core.environment:checking '/home/bobo/ros2_ws/install/tug_stage_ros2/bin'
[2.480s] Level 1:colcon.colcon_core.environment:checking '/home/bobo/ros2_ws/install/tug_stage_ros2/lib/pkgconfig/tug_stage_ros2.pc'
[2.480s] Level 1:colcon.colcon_core.environment:checking '/home/bobo/ros2_ws/install/tug_stage_ros2/lib/python3.10/site-packages'
[2.480s] Level 1:colcon.colcon_core.environment:checking '/home/bobo/ros2_ws/install/tug_stage_ros2/bin'
[2.481s] INFO:colcon.colcon_core.shell:Creating package script '/home/bobo/ros2_ws/install/tug_stage_ros2/share/tug_stage_ros2/package.ps1'
[2.482s] INFO:colcon.colcon_core.shell:Creating package descriptor '/home/bobo/ros2_ws/install/tug_stage_ros2/share/tug_stage_ros2/package.dsv'
[2.483s] INFO:colcon.colcon_core.shell:Creating package script '/home/bobo/ros2_ws/install/tug_stage_ros2/share/tug_stage_ros2/package.sh'
[2.483s] INFO:colcon.colcon_core.shell:Creating package script '/home/bobo/ros2_ws/install/tug_stage_ros2/share/tug_stage_ros2/package.bash'
[2.484s] INFO:colcon.colcon_core.shell:Creating package script '/home/bobo/ros2_ws/install/tug_stage_ros2/share/tug_stage_ros2/package.zsh'
[2.485s] Level 1:colcon.colcon_core.environment:create_file_with_runtime_dependencies(/home/bobo/ros2_ws/install/tug_stage_ros2/share/colcon-core/packages/tug_stage_ros2)
[2.486s] Level 1:colcon.colcon_core.environment:create_environment_scripts_only(tug_stage_ros2)
[2.486s] Level 1:colcon.colcon_core.environment:checking '/home/bobo/ros2_ws/install/tug_stage_ros2' for CMake module files
[2.487s] Level 1:colcon.colcon_core.environment:checking '/home/bobo/ros2_ws/install/tug_stage_ros2' for CMake config files
[2.487s] Level 1:colcon.colcon_core.shell:create_environment_hook('tug_stage_ros2', 'cmake_prefix_path')
[2.487s] INFO:colcon.colcon_core.shell:Creating environment hook '/home/bobo/ros2_ws/install/tug_stage_ros2/share/tug_stage_ros2/hook/cmake_prefix_path.ps1'
[2.488s] INFO:colcon.colcon_core.shell:Creating environment descriptor '/home/bobo/ros2_ws/install/tug_stage_ros2/share/tug_stage_ros2/hook/cmake_prefix_path.dsv'
[2.489s] INFO:colcon.colcon_core.shell:Creating environment hook '/home/bobo/ros2_ws/install/tug_stage_ros2/share/tug_stage_ros2/hook/cmake_prefix_path.sh'
[2.489s] Level 1:colcon.colcon_core.environment:checking '/home/bobo/ros2_ws/install/tug_stage_ros2/lib'
[2.490s] Level 1:colcon.colcon_core.environment:checking '/home/bobo/ros2_ws/install/tug_stage_ros2/bin'
[2.490s] Level 1:colcon.colcon_core.environment:checking '/home/bobo/ros2_ws/install/tug_stage_ros2/lib/pkgconfig/tug_stage_ros2.pc'
[2.490s] Level 1:colcon.colcon_core.environment:checking '/home/bobo/ros2_ws/install/tug_stage_ros2/lib/python3.10/site-packages'
[2.491s] Level 1:colcon.colcon_core.environment:checking '/home/bobo/ros2_ws/install/tug_stage_ros2/bin'
[2.491s] INFO:colcon.colcon_core.shell:Creating package script '/home/bobo/ros2_ws/install/tug_stage_ros2/share/tug_stage_ros2/package.ps1'
[2.493s] INFO:colcon.colcon_core.shell:Creating package descriptor '/home/bobo/ros2_ws/install/tug_stage_ros2/share/tug_stage_ros2/package.dsv'
[2.494s] INFO:colcon.colcon_core.shell:Creating package script '/home/bobo/ros2_ws/install/tug_stage_ros2/share/tug_stage_ros2/package.sh'
[2.495s] INFO:colcon.colcon_core.shell:Creating package script '/home/bobo/ros2_ws/install/tug_stage_ros2/share/tug_stage_ros2/package.bash'
[2.496s] INFO:colcon.colcon_core.shell:Creating package script '/home/bobo/ros2_ws/install/tug_stage_ros2/share/tug_stage_ros2/package.zsh'
[2.497s] Level 1:colcon.colcon_core.environment:create_file_with_runtime_dependencies(/home/bobo/ros2_ws/install/tug_stage_ros2/share/colcon-core/packages/tug_stage_ros2)
[30.028s] DEBUG:colcon.colcon_core.event_handler.log_command:Invoked command in '/home/bobo/ros2_ws/build/tug_turtlebot4' returned '0': CMAKE_PREFIX_PATH=/home/bobo/ros2_ws/install/tug_msgs:/home/bobo/ros2_ws/install/tug_turtlebot4:/home/bobo/ros2_ws/install/tug_stage_ros2:/home/bobo/ros2_ws/install/tug_mr2:/home/bobo/ros2_ws/install/ros2cpp_tutorials_service:/home/bobo/ros2_ws/install/ros2cpp_tutorials_publisher_subscriber:/home/bobo/ros2_ws/install/ros2cpp_tutorials_parameter:/home/bobo/ros2_ws/install/ros2cpp_tutorials_action:/home/bobo/ros2_ws/install/Eigen3:/opt/ros/humble LD_LIBRARY_PATH=/home/bobo/ros2_ws/install/tug_msgs/lib:/home/bobo/stg/lib:/home/bobo/ros2_ws/install/ros2cpp_tutorials_service/lib:/home/bobo/ros2_ws/install/ros2cpp_tutorials_action/lib:/opt/ros/humble/opt/rviz_ogre_vendor/lib:/opt/ros/humble/lib/x86_64-linux-gnu:/opt/ros/humble/lib /usr/bin/cmake --build /home/bobo/ros2_ws/build/tug_turtlebot4 -- -j8 -l8
[30.030s] DEBUG:colcon.colcon_core.event_handler.log_command:Invoking command in '/home/bobo/ros2_ws/build/tug_turtlebot4': CMAKE_PREFIX_PATH=/home/bobo/ros2_ws/install/tug_msgs:/home/bobo/ros2_ws/install/tug_turtlebot4:/home/bobo/ros2_ws/install/tug_stage_ros2:/home/bobo/ros2_ws/install/tug_mr2:/home/bobo/ros2_ws/install/ros2cpp_tutorials_service:/home/bobo/ros2_ws/install/ros2cpp_tutorials_publisher_subscriber:/home/bobo/ros2_ws/install/ros2cpp_tutorials_parameter:/home/bobo/ros2_ws/install/ros2cpp_tutorials_action:/home/bobo/ros2_ws/install/Eigen3:/opt/ros/humble LD_LIBRARY_PATH=/home/bobo/ros2_ws/install/tug_msgs/lib:/home/bobo/stg/lib:/home/bobo/ros2_ws/install/ros2cpp_tutorials_service/lib:/home/bobo/ros2_ws/install/ros2cpp_tutorials_action/lib:/opt/ros/humble/opt/rviz_ogre_vendor/lib:/opt/ros/humble/lib/x86_64-linux-gnu:/opt/ros/humble/lib /usr/bin/cmake --install /home/bobo/ros2_ws/build/tug_turtlebot4
[30.104s] Level 1:colcon.colcon_core.environment:create_environment_scripts_only(tug_turtlebot4)
[30.105s] Level 1:colcon.colcon_core.environment:checking '/home/bobo/ros2_ws/install/tug_turtlebot4' for CMake module files
[30.106s] DEBUG:colcon.colcon_core.event_handler.log_command:Invoked command in '/home/bobo/ros2_ws/build/tug_turtlebot4' returned '0': CMAKE_PREFIX_PATH=/home/bobo/ros2_ws/install/tug_msgs:/home/bobo/ros2_ws/install/tug_turtlebot4:/home/bobo/ros2_ws/install/tug_stage_ros2:/home/bobo/ros2_ws/install/tug_mr2:/home/bobo/ros2_ws/install/ros2cpp_tutorials_service:/home/bobo/ros2_ws/install/ros2cpp_tutorials_publisher_subscriber:/home/bobo/ros2_ws/install/ros2cpp_tutorials_parameter:/home/bobo/ros2_ws/install/ros2cpp_tutorials_action:/home/bobo/ros2_ws/install/Eigen3:/opt/ros/humble LD_LIBRARY_PATH=/home/bobo/ros2_ws/install/tug_msgs/lib:/home/bobo/stg/lib:/home/bobo/ros2_ws/install/ros2cpp_tutorials_service/lib:/home/bobo/ros2_ws/install/ros2cpp_tutorials_action/lib:/opt/ros/humble/opt/rviz_ogre_vendor/lib:/opt/ros/humble/lib/x86_64-linux-gnu:/opt/ros/humble/lib /usr/bin/cmake --install /home/bobo/ros2_ws/build/tug_turtlebot4
[30.107s] Level 1:colcon.colcon_core.environment:checking '/home/bobo/ros2_ws/install/tug_turtlebot4' for CMake config files
[30.107s] Level 1:colcon.colcon_core.shell:create_environment_hook('tug_turtlebot4', 'cmake_prefix_path')
[30.108s] INFO:colcon.colcon_core.shell:Creating environment hook '/home/bobo/ros2_ws/install/tug_turtlebot4/share/tug_turtlebot4/hook/cmake_prefix_path.ps1'
[30.109s] INFO:colcon.colcon_core.shell:Creating environment descriptor '/home/bobo/ros2_ws/install/tug_turtlebot4/share/tug_turtlebot4/hook/cmake_prefix_path.dsv'
[30.109s] INFO:colcon.colcon_core.shell:Creating environment hook '/home/bobo/ros2_ws/install/tug_turtlebot4/share/tug_turtlebot4/hook/cmake_prefix_path.sh'
[30.110s] Level 1:colcon.colcon_core.environment:checking '/home/bobo/ros2_ws/install/tug_turtlebot4/lib'
[30.111s] Level 1:colcon.colcon_core.environment:checking '/home/bobo/ros2_ws/install/tug_turtlebot4/bin'
[30.111s] Level 1:colcon.colcon_core.environment:checking '/home/bobo/ros2_ws/install/tug_turtlebot4/lib/pkgconfig/tug_turtlebot4.pc'
[30.111s] Level 1:colcon.colcon_core.environment:checking '/home/bobo/ros2_ws/install/tug_turtlebot4/lib/python3.10/site-packages'
[30.111s] Level 1:colcon.colcon_core.environment:checking '/home/bobo/ros2_ws/install/tug_turtlebot4/bin'
[30.112s] INFO:colcon.colcon_core.shell:Creating package script '/home/bobo/ros2_ws/install/tug_turtlebot4/share/tug_turtlebot4/package.ps1'
[30.112s] INFO:colcon.colcon_core.shell:Creating package descriptor '/home/bobo/ros2_ws/install/tug_turtlebot4/share/tug_turtlebot4/package.dsv'
[30.113s] INFO:colcon.colcon_core.shell:Creating package script '/home/bobo/ros2_ws/install/tug_turtlebot4/share/tug_turtlebot4/package.sh'
[30.114s] INFO:colcon.colcon_core.shell:Creating package script '/home/bobo/ros2_ws/install/tug_turtlebot4/share/tug_turtlebot4/package.bash'
[30.115s] INFO:colcon.colcon_core.shell:Creating package script '/home/bobo/ros2_ws/install/tug_turtlebot4/share/tug_turtlebot4/package.zsh'
[30.116s] Level 1:colcon.colcon_core.environment:create_file_with_runtime_dependencies(/home/bobo/ros2_ws/install/tug_turtlebot4/share/colcon-core/packages/tug_turtlebot4)
[30.117s] Level 1:colcon.colcon_core.environment:create_environment_scripts_only(tug_turtlebot4)
[30.118s] Level 1:colcon.colcon_core.environment:checking '/home/bobo/ros2_ws/install/tug_turtlebot4' for CMake module files
[30.119s] Level 1:colcon.colcon_core.environment:checking '/home/bobo/ros2_ws/install/tug_turtlebot4' for CMake config files
[30.120s] Level 1:colcon.colcon_core.shell:create_environment_hook('tug_turtlebot4', 'cmake_prefix_path')
[30.120s] INFO:colcon.colcon_core.shell:Creating environment hook '/home/bobo/ros2_ws/install/tug_turtlebot4/share/tug_turtlebot4/hook/cmake_prefix_path.ps1'
[30.121s] INFO:colcon.colcon_core.shell:Creating environment descriptor '/home/bobo/ros2_ws/install/tug_turtlebot4/share/tug_turtlebot4/hook/cmake_prefix_path.dsv'
[30.121s] INFO:colcon.colcon_core.shell:Creating environment hook '/home/bobo/ros2_ws/install/tug_turtlebot4/share/tug_turtlebot4/hook/cmake_prefix_path.sh'
[30.122s] Level 1:colcon.colcon_core.environment:checking '/home/bobo/ros2_ws/install/tug_turtlebot4/lib'
[30.122s] Level 1:colcon.colcon_core.environment:checking '/home/bobo/ros2_ws/install/tug_turtlebot4/bin'
[30.122s] Level 1:colcon.colcon_core.environment:checking '/home/bobo/ros2_ws/install/tug_turtlebot4/lib/pkgconfig/tug_turtlebot4.pc'
[30.123s] Level 1:colcon.colcon_core.environment:checking '/home/bobo/ros2_ws/install/tug_turtlebot4/lib/python3.10/site-packages'
[30.123s] Level 1:colcon.colcon_core.environment:checking '/home/bobo/ros2_ws/install/tug_turtlebot4/bin'
[30.123s] INFO:colcon.colcon_core.shell:Creating package script '/home/bobo/ros2_ws/install/tug_turtlebot4/share/tug_turtlebot4/package.ps1'
[30.125s] INFO:colcon.colcon_core.shell:Creating package descriptor '/home/bobo/ros2_ws/install/tug_turtlebot4/share/tug_turtlebot4/package.dsv'
[30.125s] INFO:colcon.colcon_core.shell:Creating package script '/home/bobo/ros2_ws/install/tug_turtlebot4/share/tug_turtlebot4/package.sh'
[30.126s] INFO:colcon.colcon_core.shell:Creating package script '/home/bobo/ros2_ws/install/tug_turtlebot4/share/tug_turtlebot4/package.bash'
[30.127s] INFO:colcon.colcon_core.shell:Creating package script '/home/bobo/ros2_ws/install/tug_turtlebot4/share/tug_turtlebot4/package.zsh'
[30.127s] Level 1:colcon.colcon_core.environment:create_file_with_runtime_dependencies(/home/bobo/ros2_ws/install/tug_turtlebot4/share/colcon-core/packages/tug_turtlebot4)
[30.128s] DEBUG:colcon.colcon_parallel_executor.executor.parallel:closing loop
[30.128s] DEBUG:colcon.colcon_parallel_executor.executor.parallel:loop closed
[30.129s] DEBUG:colcon.colcon_parallel_executor.executor.parallel:run_until_complete finished with '0'
[30.129s] DEBUG:colcon.colcon_core.event_reactor:joining thread
[30.138s] INFO:colcon.colcon_core.plugin_system:Skipping extension 'colcon_notification.desktop_notification.terminal_notifier': Not used on non-Darwin systems
[30.139s] INFO:colcon.colcon_core.plugin_system:Skipping extension 'colcon_notification.desktop_notification.win32': Not used on non-Windows systems
[30.139s] INFO:colcon.colcon_notification.desktop_notification:Sending desktop notification using 'notify2'
[30.158s] DEBUG:colcon.colcon_core.event_reactor:joined thread
[30.158s] INFO:colcon.colcon_core.shell:Creating prefix script '/home/bobo/ros2_ws/install/local_setup.ps1'
[30.160s] INFO:colcon.colcon_core.shell:Creating prefix util module '/home/bobo/ros2_ws/install/_local_setup_util_ps1.py'
[30.163s] INFO:colcon.colcon_core.shell:Creating prefix chain script '/home/bobo/ros2_ws/install/setup.ps1'
[30.166s] INFO:colcon.colcon_core.shell:Creating prefix script '/home/bobo/ros2_ws/install/local_setup.sh'
[30.167s] INFO:colcon.colcon_core.shell:Creating prefix util module '/home/bobo/ros2_ws/install/_local_setup_util_sh.py'
[30.169s] INFO:colcon.colcon_core.shell:Creating prefix chain script '/home/bobo/ros2_ws/install/setup.sh'
[30.172s] INFO:colcon.colcon_core.shell:Creating prefix script '/home/bobo/ros2_ws/install/local_setup.bash'
[30.172s] INFO:colcon.colcon_core.shell:Creating prefix chain script '/home/bobo/ros2_ws/install/setup.bash'
[30.175s] INFO:colcon.colcon_core.shell:Creating prefix script '/home/bobo/ros2_ws/install/local_setup.zsh'
[30.176s] INFO:colcon.colcon_core.shell:Creating prefix chain script '/home/bobo/ros2_ws/install/setup.zsh'
