[0.027s] Invoking command in '/home/bobo/ros2_ws/build/tug_mr2': CMAKE_PREFIX_PATH=/home/bobo/ros2_ws/install/tug_msgs:/home/bobo/ros2_ws/install/tug_turtlebot4:/home/bobo/ros2_ws/install/tug_stage_ros2:/home/bobo/ros2_ws/install/tug_mr2:/home/bobo/ros2_ws/install/ros2cpp_tutorials_service:/home/bobo/ros2_ws/install/ros2cpp_tutorials_publisher_subscriber:/home/bobo/ros2_ws/install/ros2cpp_tutorials_parameter:/home/bobo/ros2_ws/install/ros2cpp_tutorials_action:/home/bobo/ros2_ws/install/Eigen3:/opt/ros/humble LD_LIBRARY_PATH=/home/bobo/ros2_ws/install/tug_msgs/lib:/home/bobo/stg/lib:/home/bobo/ros2_ws/install/ros2cpp_tutorials_service/lib:/home/bobo/ros2_ws/install/ros2cpp_tutorials_action/lib:/opt/ros/humble/opt/rviz_ogre_vendor/lib:/opt/ros/humble/lib/x86_64-linux-gnu:/opt/ros/humble/lib /usr/bin/cmake --build /home/bobo/ros2_ws/build/tug_mr2 -- -j8 -l8
[0.123s] [ 50%] Built target tug_kinematic
[0.173s] [100%] Built target tug_transform
[0.200s] Invoked command in '/home/bobo/ros2_ws/build/tug_mr2' returned '0': CMAKE_PREFIX_PATH=/home/bobo/ros2_ws/install/tug_msgs:/home/bobo/ros2_ws/install/tug_turtlebot4:/home/bobo/ros2_ws/install/tug_stage_ros2:/home/bobo/ros2_ws/install/tug_mr2:/home/bobo/ros2_ws/install/ros2cpp_tutorials_service:/home/bobo/ros2_ws/install/ros2cpp_tutorials_publisher_subscriber:/home/bobo/ros2_ws/install/ros2cpp_tutorials_parameter:/home/bobo/ros2_ws/install/ros2cpp_tutorials_action:/home/bobo/ros2_ws/install/Eigen3:/opt/ros/humble LD_LIBRARY_PATH=/home/bobo/ros2_ws/install/tug_msgs/lib:/home/bobo/stg/lib:/home/bobo/ros2_ws/install/ros2cpp_tutorials_service/lib:/home/bobo/ros2_ws/install/ros2cpp_tutorials_action/lib:/opt/ros/humble/opt/rviz_ogre_vendor/lib:/opt/ros/humble/lib/x86_64-linux-gnu:/opt/ros/humble/lib /usr/bin/cmake --build /home/bobo/ros2_ws/build/tug_mr2 -- -j8 -l8
[0.203s] Invoking command in '/home/bobo/ros2_ws/build/tug_mr2': CMAKE_PREFIX_PATH=/home/bobo/ros2_ws/install/tug_msgs:/home/bobo/ros2_ws/install/tug_turtlebot4:/home/bobo/ros2_ws/install/tug_stage_ros2:/home/bobo/ros2_ws/install/tug_mr2:/home/bobo/ros2_ws/install/ros2cpp_tutorials_service:/home/bobo/ros2_ws/install/ros2cpp_tutorials_publisher_subscriber:/home/bobo/ros2_ws/install/ros2cpp_tutorials_parameter:/home/bobo/ros2_ws/install/ros2cpp_tutorials_action:/home/bobo/ros2_ws/install/Eigen3:/opt/ros/humble LD_LIBRARY_PATH=/home/bobo/ros2_ws/install/tug_msgs/lib:/home/bobo/stg/lib:/home/bobo/ros2_ws/install/ros2cpp_tutorials_service/lib:/home/bobo/ros2_ws/install/ros2cpp_tutorials_action/lib:/opt/ros/humble/opt/rviz_ogre_vendor/lib:/opt/ros/humble/lib/x86_64-linux-gnu:/opt/ros/humble/lib /usr/bin/cmake --install /home/bobo/ros2_ws/build/tug_mr2
[0.215s] -- Install configuration: ""
[0.216s] -- Up-to-date: /home/bobo/ros2_ws/install/tug_mr2/lib/tug_mr2/tug_kinematic
[0.217s] -- Up-to-date: /home/bobo/ros2_ws/install/tug_mr2/lib/tug_mr2/tug_transform
[0.217s] -- Up-to-date: /home/bobo/ros2_ws/install/tug_mr2/share/tug_mr2/launch
[0.218s] -- Up-to-date: /home/bobo/ros2_ws/install/tug_mr2/share/tug_mr2/launch/kinematic_launch.xml
[0.218s] -- Up-to-date: /home/bobo/ros2_ws/install/tug_mr2/share/tug_mr2/launch/transform_launch.xml
[0.219s] -- Up-to-date: /home/bobo/ros2_ws/install/tug_mr2/share/ament_index/resource_index/package_run_dependencies/tug_mr2
[0.219s] -- Up-to-date: /home/bobo/ros2_ws/install/tug_mr2/share/ament_index/resource_index/parent_prefix_path/tug_mr2
[0.219s] -- Up-to-date: /home/bobo/ros2_ws/install/tug_mr2/share/tug_mr2/environment/ament_prefix_path.sh
[0.219s] -- Up-to-date: /home/bobo/ros2_ws/install/tug_mr2/share/tug_mr2/environment/ament_prefix_path.dsv
[0.219s] -- Up-to-date: /home/bobo/ros2_ws/install/tug_mr2/share/tug_mr2/environment/path.sh
[0.219s] -- Up-to-date: /home/bobo/ros2_ws/install/tug_mr2/share/tug_mr2/environment/path.dsv
[0.220s] -- Up-to-date: /home/bobo/ros2_ws/install/tug_mr2/share/tug_mr2/local_setup.bash
[0.220s] -- Up-to-date: /home/bobo/ros2_ws/install/tug_mr2/share/tug_mr2/local_setup.sh
[0.220s] -- Up-to-date: /home/bobo/ros2_ws/install/tug_mr2/share/tug_mr2/local_setup.zsh
[0.220s] -- Up-to-date: /home/bobo/ros2_ws/install/tug_mr2/share/tug_mr2/local_setup.dsv
[0.220s] -- Installing: /home/bobo/ros2_ws/install/tug_mr2/share/tug_mr2/package.dsv
[0.220s] -- Up-to-date: /home/bobo/ros2_ws/install/tug_mr2/share/ament_index/resource_index/packages/tug_mr2
[0.220s] -- Up-to-date: /home/bobo/ros2_ws/install/tug_mr2/share/tug_mr2/cmake/tug_mr2Config.cmake
[0.221s] -- Up-to-date: /home/bobo/ros2_ws/install/tug_mr2/share/tug_mr2/cmake/tug_mr2Config-version.cmake
[0.221s] -- Up-to-date: /home/bobo/ros2_ws/install/tug_mr2/share/tug_mr2/package.xml
[0.223s] Invoked command in '/home/bobo/ros2_ws/build/tug_mr2' returned '0': CMAKE_PREFIX_PATH=/home/bobo/ros2_ws/install/tug_msgs:/home/bobo/ros2_ws/install/tug_turtlebot4:/home/bobo/ros2_ws/install/tug_stage_ros2:/home/bobo/ros2_ws/install/tug_mr2:/home/bobo/ros2_ws/install/ros2cpp_tutorials_service:/home/bobo/ros2_ws/install/ros2cpp_tutorials_publisher_subscriber:/home/bobo/ros2_ws/install/ros2cpp_tutorials_parameter:/home/bobo/ros2_ws/install/ros2cpp_tutorials_action:/home/bobo/ros2_ws/install/Eigen3:/opt/ros/humble LD_LIBRARY_PATH=/home/bobo/ros2_ws/install/tug_msgs/lib:/home/bobo/stg/lib:/home/bobo/ros2_ws/install/ros2cpp_tutorials_service/lib:/home/bobo/ros2_ws/install/ros2cpp_tutorials_action/lib:/opt/ros/humble/opt/rviz_ogre_vendor/lib:/opt/ros/humble/lib/x86_64-linux-gnu:/opt/ros/humble/lib /usr/bin/cmake --install /home/bobo/ros2_ws/build/tug_mr2
