[0.181s] DEBUG:colcon:Command line arguments: ['/usr/bin/colcon', 'build']
[0.181s] DEBUG:colcon:Parsed command line arguments: Namespace(log_base=None, log_level=None, verb_name='build', build_base='build', install_base='install', merge_install=False, symlink_install=False, test_result_base=None, continue_on_error=False, executor='parallel', parallel_workers=8, event_handlers=None, ignore_user_meta=False, metas=['./colcon.meta'], base_paths=['.'], packages_ignore=None, packages_ignore_regex=None, paths=None, packages_up_to=None, packages_up_to_regex=None, packages_above=None, packages_above_and_dependencies=None, packages_above_depth=None, packages_select_by_dep=None, packages_skip_by_dep=None, packages_skip_up_to=None, packages_select_build_failed=False, packages_skip_build_finished=False, packages_select_test_failures=False, packages_skip_test_passed=False, packages_select=None, packages_skip=None, packages_select_regex=None, packages_skip_regex=None, packages_start=None, packages_end=None, allow_overriding=[], cmake_args=None, cmake_target=None, cmake_target_skip_unavailable=False, cmake_clean_cache=False, cmake_clean_first=False, cmake_force_configure=False, ament_cmake_args=None, catkin_cmake_args=None, catkin_skip_building_tests=False, mixin_files=None, mixin=None, verb_parser=<colcon_mixin.mixin.mixin_argument.MixinArgumentDecorator object at 0x740151c475b0>, verb_extension=<colcon_core.verb.build.BuildVerb object at 0x740151c46fe0>, main=<bound method BuildVerb.main of <colcon_core.verb.build.BuildVerb object at 0x740151c46fe0>>, mixin_verb=('build',))
[0.479s] Level 1:colcon.colcon_core.package_discovery:discover_packages(colcon_meta) check parameters
[0.479s] Level 1:colcon.colcon_core.package_discovery:discover_packages(recursive) check parameters
[0.479s] Level 1:colcon.colcon_core.package_discovery:discover_packages(ignore) check parameters
[0.479s] Level 1:colcon.colcon_core.package_discovery:discover_packages(path) check parameters
[0.479s] Level 1:colcon.colcon_core.package_discovery:discover_packages(colcon_meta) discover
[0.479s] Level 1:colcon.colcon_core.package_discovery:discover_packages(recursive) discover
[0.479s] INFO:colcon.colcon_core.package_discovery:Crawling recursively for packages in '/home/bobo/ros2_ws'
[0.479s] Level 1:colcon.colcon_core.package_identification:_identify(.) by extensions ['ignore', 'ignore_ament_install']
[0.480s] Level 1:colcon.colcon_core.package_identification:_identify(.) by extension 'ignore'
[0.480s] Level 1:colcon.colcon_core.package_identification:_identify(.) by extension 'ignore_ament_install'
[0.480s] Level 1:colcon.colcon_core.package_identification:_identify(.) by extensions ['colcon_pkg']
[0.480s] Level 1:colcon.colcon_core.package_identification:_identify(.) by extension 'colcon_pkg'
[0.480s] Level 1:colcon.colcon_core.package_identification:_identify(.) by extensions ['colcon_meta']
[0.480s] Level 1:colcon.colcon_core.package_identification:_identify(.) by extension 'colcon_meta'
[0.480s] Level 1:colcon.colcon_core.package_identification:_identify(.) by extensions ['ros']
[0.480s] Level 1:colcon.colcon_core.package_identification:_identify(.) by extension 'ros'
[0.496s] Level 1:colcon.colcon_core.package_identification:_identify(.) by extensions ['cmake', 'python']
[0.497s] Level 1:colcon.colcon_core.package_identification:_identify(.) by extension 'cmake'
[0.497s] Level 1:colcon.colcon_core.package_identification:_identify(.) by extension 'python'
[0.497s] Level 1:colcon.colcon_core.package_identification:_identify(.) by extensions ['python_setup_py']
[0.497s] Level 1:colcon.colcon_core.package_identification:_identify(.) by extension 'python_setup_py'
[0.497s] Level 1:colcon.colcon_core.package_identification:_identify(build) by extensions ['ignore', 'ignore_ament_install']
[0.497s] Level 1:colcon.colcon_core.package_identification:_identify(build) by extension 'ignore'
[0.497s] Level 1:colcon.colcon_core.package_identification:_identify(build) ignored
[0.498s] Level 1:colcon.colcon_core.package_identification:_identify(eigen-3.4.0) by extensions ['ignore', 'ignore_ament_install']
[0.498s] Level 1:colcon.colcon_core.package_identification:_identify(eigen-3.4.0) by extension 'ignore'
[0.498s] Level 1:colcon.colcon_core.package_identification:_identify(eigen-3.4.0) by extension 'ignore_ament_install'
[0.498s] Level 1:colcon.colcon_core.package_identification:_identify(eigen-3.4.0) by extensions ['colcon_pkg']
[0.498s] Level 1:colcon.colcon_core.package_identification:_identify(eigen-3.4.0) by extension 'colcon_pkg'
[0.498s] Level 1:colcon.colcon_core.package_identification:_identify(eigen-3.4.0) by extensions ['colcon_meta']
[0.498s] Level 1:colcon.colcon_core.package_identification:_identify(eigen-3.4.0) by extension 'colcon_meta'
[0.498s] Level 1:colcon.colcon_core.package_identification:_identify(eigen-3.4.0) by extensions ['ros']
[0.498s] Level 1:colcon.colcon_core.package_identification:_identify(eigen-3.4.0) by extension 'ros'
[0.498s] Level 1:colcon.colcon_core.package_identification:_identify(eigen-3.4.0) by extensions ['cmake', 'python']
[0.498s] Level 1:colcon.colcon_core.package_identification:_identify(eigen-3.4.0) by extension 'cmake'
[1.043s] Level 1:colcon.colcon_core.package_identification:_identify(eigen-3.4.0) by extension 'python'
[1.043s] DEBUG:colcon.colcon_core.package_identification:Package 'eigen-3.4.0' with type 'cmake' and name 'Eigen3'
[1.043s] Level 1:colcon.colcon_core.package_identification:_identify(install) by extensions ['ignore', 'ignore_ament_install']
[1.043s] Level 1:colcon.colcon_core.package_identification:_identify(install) by extension 'ignore'
[1.043s] Level 1:colcon.colcon_core.package_identification:_identify(install) ignored
[1.044s] Level 1:colcon.colcon_core.package_identification:_identify(log) by extensions ['ignore', 'ignore_ament_install']
[1.044s] Level 1:colcon.colcon_core.package_identification:_identify(log) by extension 'ignore'
[1.044s] Level 1:colcon.colcon_core.package_identification:_identify(log) ignored
[1.044s] Level 1:colcon.colcon_core.package_identification:_identify(src) by extensions ['ignore', 'ignore_ament_install']
[1.044s] Level 1:colcon.colcon_core.package_identification:_identify(src) by extension 'ignore'
[1.044s] Level 1:colcon.colcon_core.package_identification:_identify(src) by extension 'ignore_ament_install'
[1.044s] Level 1:colcon.colcon_core.package_identification:_identify(src) by extensions ['colcon_pkg']
[1.044s] Level 1:colcon.colcon_core.package_identification:_identify(src) by extension 'colcon_pkg'
[1.044s] Level 1:colcon.colcon_core.package_identification:_identify(src) by extensions ['colcon_meta']
[1.044s] Level 1:colcon.colcon_core.package_identification:_identify(src) by extension 'colcon_meta'
[1.044s] Level 1:colcon.colcon_core.package_identification:_identify(src) by extensions ['ros']
[1.044s] Level 1:colcon.colcon_core.package_identification:_identify(src) by extension 'ros'
[1.044s] Level 1:colcon.colcon_core.package_identification:_identify(src) by extensions ['cmake', 'python']
[1.044s] Level 1:colcon.colcon_core.package_identification:_identify(src) by extension 'cmake'
[1.045s] Level 1:colcon.colcon_core.package_identification:_identify(src) by extension 'python'
[1.045s] Level 1:colcon.colcon_core.package_identification:_identify(src) by extensions ['python_setup_py']
[1.045s] Level 1:colcon.colcon_core.package_identification:_identify(src) by extension 'python_setup_py'
[1.045s] Level 1:colcon.colcon_core.package_identification:_identify(src/mr2_public) by extensions ['ignore', 'ignore_ament_install']
[1.045s] Level 1:colcon.colcon_core.package_identification:_identify(src/mr2_public) by extension 'ignore'
[1.045s] Level 1:colcon.colcon_core.package_identification:_identify(src/mr2_public) by extension 'ignore_ament_install'
[1.045s] Level 1:colcon.colcon_core.package_identification:_identify(src/mr2_public) by extensions ['colcon_pkg']
[1.045s] Level 1:colcon.colcon_core.package_identification:_identify(src/mr2_public) by extension 'colcon_pkg'
[1.045s] Level 1:colcon.colcon_core.package_identification:_identify(src/mr2_public) by extensions ['colcon_meta']
[1.045s] Level 1:colcon.colcon_core.package_identification:_identify(src/mr2_public) by extension 'colcon_meta'
[1.045s] Level 1:colcon.colcon_core.package_identification:_identify(src/mr2_public) by extensions ['ros']
[1.045s] Level 1:colcon.colcon_core.package_identification:_identify(src/mr2_public) by extension 'ros'
[1.045s] Level 1:colcon.colcon_core.package_identification:_identify(src/mr2_public) by extensions ['cmake', 'python']
[1.045s] Level 1:colcon.colcon_core.package_identification:_identify(src/mr2_public) by extension 'cmake'
[1.046s] Level 1:colcon.colcon_core.package_identification:_identify(src/mr2_public) by extension 'python'
[1.046s] Level 1:colcon.colcon_core.package_identification:_identify(src/mr2_public) by extensions ['python_setup_py']
[1.046s] Level 1:colcon.colcon_core.package_identification:_identify(src/mr2_public) by extension 'python_setup_py'
[1.046s] Level 1:colcon.colcon_core.package_identification:_identify(src/mr2_public/tug_mr2) by extensions ['ignore', 'ignore_ament_install']
[1.046s] Level 1:colcon.colcon_core.package_identification:_identify(src/mr2_public/tug_mr2) by extension 'ignore'
[1.046s] Level 1:colcon.colcon_core.package_identification:_identify(src/mr2_public/tug_mr2) by extension 'ignore_ament_install'
[1.046s] Level 1:colcon.colcon_core.package_identification:_identify(src/mr2_public/tug_mr2) by extensions ['colcon_pkg']
[1.046s] Level 1:colcon.colcon_core.package_identification:_identify(src/mr2_public/tug_mr2) by extension 'colcon_pkg'
[1.046s] Level 1:colcon.colcon_core.package_identification:_identify(src/mr2_public/tug_mr2) by extensions ['colcon_meta']
[1.046s] Level 1:colcon.colcon_core.package_identification:_identify(src/mr2_public/tug_mr2) by extension 'colcon_meta'
[1.046s] Level 1:colcon.colcon_core.package_identification:_identify(src/mr2_public/tug_mr2) by extensions ['ros']
[1.046s] Level 1:colcon.colcon_core.package_identification:_identify(src/mr2_public/tug_mr2) by extension 'ros'
[1.051s] DEBUG:colcon.colcon_core.package_identification:Package 'src/mr2_public/tug_mr2' with type 'ros.ament_cmake' and name 'tug_mr2'
[1.052s] Level 1:colcon.colcon_core.package_identification:_identify(src/mr2_public/tug_msgs) by extensions ['ignore', 'ignore_ament_install']
[1.052s] Level 1:colcon.colcon_core.package_identification:_identify(src/mr2_public/tug_msgs) by extension 'ignore'
[1.052s] Level 1:colcon.colcon_core.package_identification:_identify(src/mr2_public/tug_msgs) by extension 'ignore_ament_install'
[1.052s] Level 1:colcon.colcon_core.package_identification:_identify(src/mr2_public/tug_msgs) by extensions ['colcon_pkg']
[1.052s] Level 1:colcon.colcon_core.package_identification:_identify(src/mr2_public/tug_msgs) by extension 'colcon_pkg'
[1.052s] Level 1:colcon.colcon_core.package_identification:_identify(src/mr2_public/tug_msgs) by extensions ['colcon_meta']
[1.052s] Level 1:colcon.colcon_core.package_identification:_identify(src/mr2_public/tug_msgs) by extension 'colcon_meta'
[1.052s] Level 1:colcon.colcon_core.package_identification:_identify(src/mr2_public/tug_msgs) by extensions ['ros']
[1.052s] Level 1:colcon.colcon_core.package_identification:_identify(src/mr2_public/tug_msgs) by extension 'ros'
[1.053s] DEBUG:colcon.colcon_core.package_identification:Package 'src/mr2_public/tug_msgs' with type 'ros.ament_cmake' and name 'tug_msgs'
[1.053s] Level 1:colcon.colcon_core.package_identification:_identify(src/mr2_public/tug_stage_ros2) by extensions ['ignore', 'ignore_ament_install']
[1.054s] Level 1:colcon.colcon_core.package_identification:_identify(src/mr2_public/tug_stage_ros2) by extension 'ignore'
[1.054s] Level 1:colcon.colcon_core.package_identification:_identify(src/mr2_public/tug_stage_ros2) by extension 'ignore_ament_install'
[1.054s] Level 1:colcon.colcon_core.package_identification:_identify(src/mr2_public/tug_stage_ros2) by extensions ['colcon_pkg']
[1.054s] Level 1:colcon.colcon_core.package_identification:_identify(src/mr2_public/tug_stage_ros2) by extension 'colcon_pkg'
[1.054s] Level 1:colcon.colcon_core.package_identification:_identify(src/mr2_public/tug_stage_ros2) by extensions ['colcon_meta']
[1.054s] Level 1:colcon.colcon_core.package_identification:_identify(src/mr2_public/tug_stage_ros2) by extension 'colcon_meta'
[1.054s] Level 1:colcon.colcon_core.package_identification:_identify(src/mr2_public/tug_stage_ros2) by extensions ['ros']
[1.054s] Level 1:colcon.colcon_core.package_identification:_identify(src/mr2_public/tug_stage_ros2) by extension 'ros'
[1.056s] DEBUG:colcon.colcon_core.package_identification:Package 'src/mr2_public/tug_stage_ros2' with type 'ros.ament_cmake' and name 'tug_stage_ros2'
[1.056s] Level 1:colcon.colcon_core.package_identification:_identify(src/mr2_public/tug_turtlebot4) by extensions ['ignore', 'ignore_ament_install']
[1.056s] Level 1:colcon.colcon_core.package_identification:_identify(src/mr2_public/tug_turtlebot4) by extension 'ignore'
[1.056s] Level 1:colcon.colcon_core.package_identification:_identify(src/mr2_public/tug_turtlebot4) by extension 'ignore_ament_install'
[1.056s] Level 1:colcon.colcon_core.package_identification:_identify(src/mr2_public/tug_turtlebot4) by extensions ['colcon_pkg']
[1.056s] Level 1:colcon.colcon_core.package_identification:_identify(src/mr2_public/tug_turtlebot4) by extension 'colcon_pkg'
[1.056s] Level 1:colcon.colcon_core.package_identification:_identify(src/mr2_public/tug_turtlebot4) by extensions ['colcon_meta']
[1.056s] Level 1:colcon.colcon_core.package_identification:_identify(src/mr2_public/tug_turtlebot4) by extension 'colcon_meta'
[1.056s] Level 1:colcon.colcon_core.package_identification:_identify(src/mr2_public/tug_turtlebot4) by extensions ['ros']
[1.056s] Level 1:colcon.colcon_core.package_identification:_identify(src/mr2_public/tug_turtlebot4) by extension 'ros'
[1.058s] DEBUG:colcon.colcon_core.package_identification:Package 'src/mr2_public/tug_turtlebot4' with type 'ros.ament_cmake' and name 'tug_turtlebot4'
[1.058s] Level 1:colcon.colcon_core.package_discovery:discover_packages(recursive) using defaults
[1.058s] Level 1:colcon.colcon_core.package_discovery:discover_packages(ignore) discover
[1.058s] Level 1:colcon.colcon_core.package_discovery:discover_packages(ignore) using defaults
[1.058s] Level 1:colcon.colcon_core.package_discovery:discover_packages(path) discover
[1.058s] Level 1:colcon.colcon_core.package_discovery:discover_packages(path) using defaults
[1.099s] Level 1:colcon.colcon_core.package_discovery:discover_packages(prefix_path) check parameters
[1.099s] Level 1:colcon.colcon_core.package_discovery:discover_packages(prefix_path) discover
[1.101s] WARNING:colcon.colcon_ros.prefix_path.ament:The path '/home/bobo/ros2_ws/install/ros2cpp_tutorials_service' in the environment variable AMENT_PREFIX_PATH doesn't exist
[1.101s] WARNING:colcon.colcon_ros.prefix_path.ament:The path '/home/bobo/ros2_ws/install/ros2cpp_tutorials_publisher_subscriber' in the environment variable AMENT_PREFIX_PATH doesn't exist
[1.101s] WARNING:colcon.colcon_ros.prefix_path.ament:The path '/home/bobo/ros2_ws/install/ros2cpp_tutorials_parameter' in the environment variable AMENT_PREFIX_PATH doesn't exist
[1.101s] WARNING:colcon.colcon_ros.prefix_path.ament:The path '/home/bobo/ros2_ws/install/ros2cpp_tutorials_action' in the environment variable AMENT_PREFIX_PATH doesn't exist
[1.101s] WARNING:colcon.colcon_ros.prefix_path.catkin:The path '/home/bobo/ros2_ws/install/ros2cpp_tutorials_service' in the environment variable CMAKE_PREFIX_PATH doesn't exist
[1.101s] WARNING:colcon.colcon_ros.prefix_path.catkin:The path '/home/bobo/ros2_ws/install/ros2cpp_tutorials_publisher_subscriber' in the environment variable CMAKE_PREFIX_PATH doesn't exist
[1.101s] WARNING:colcon.colcon_ros.prefix_path.catkin:The path '/home/bobo/ros2_ws/install/ros2cpp_tutorials_parameter' in the environment variable CMAKE_PREFIX_PATH doesn't exist
[1.102s] WARNING:colcon.colcon_ros.prefix_path.catkin:The path '/home/bobo/ros2_ws/install/ros2cpp_tutorials_action' in the environment variable CMAKE_PREFIX_PATH doesn't exist
[1.103s] DEBUG:colcon.colcon_installed_package_information.package_discovery:Found 5 installed packages in /home/bobo/ros2_ws/install
[1.106s] DEBUG:colcon.colcon_installed_package_information.package_discovery:Found 396 installed packages in /opt/ros/humble
[1.108s] Level 1:colcon.colcon_core.package_discovery:discover_packages(prefix_path) using defaults
[1.190s] Level 5:colcon.colcon_core.verb:set package 'Eigen3' build argument 'cmake_args' from command line to 'None'
[1.190s] Level 5:colcon.colcon_core.verb:set package 'Eigen3' build argument 'cmake_target' from command line to 'None'
[1.190s] Level 5:colcon.colcon_core.verb:set package 'Eigen3' build argument 'cmake_target_skip_unavailable' from command line to 'False'
[1.190s] Level 5:colcon.colcon_core.verb:set package 'Eigen3' build argument 'cmake_clean_cache' from command line to 'False'
[1.190s] Level 5:colcon.colcon_core.verb:set package 'Eigen3' build argument 'cmake_clean_first' from command line to 'False'
[1.191s] Level 5:colcon.colcon_core.verb:set package 'Eigen3' build argument 'cmake_force_configure' from command line to 'False'
[1.191s] Level 5:colcon.colcon_core.verb:set package 'Eigen3' build argument 'ament_cmake_args' from command line to 'None'
[1.191s] Level 5:colcon.colcon_core.verb:set package 'Eigen3' build argument 'catkin_cmake_args' from command line to 'None'
[1.191s] Level 5:colcon.colcon_core.verb:set package 'Eigen3' build argument 'catkin_skip_building_tests' from command line to 'False'
[1.191s] DEBUG:colcon.colcon_core.verb:Building package 'Eigen3' with the following arguments: {'ament_cmake_args': None, 'build_base': '/home/bobo/ros2_ws/build/Eigen3', 'catkin_cmake_args': None, 'catkin_skip_building_tests': False, 'cmake_args': None, 'cmake_clean_cache': False, 'cmake_clean_first': False, 'cmake_force_configure': False, 'cmake_target': None, 'cmake_target_skip_unavailable': False, 'install_base': '/home/bobo/ros2_ws/install/Eigen3', 'merge_install': False, 'path': '/home/bobo/ros2_ws/eigen-3.4.0', 'symlink_install': False, 'test_result_base': None}
[1.191s] Level 5:colcon.colcon_core.verb:set package 'tug_msgs' build argument 'cmake_args' from command line to 'None'
[1.191s] Level 5:colcon.colcon_core.verb:set package 'tug_msgs' build argument 'cmake_target' from command line to 'None'
[1.191s] Level 5:colcon.colcon_core.verb:set package 'tug_msgs' build argument 'cmake_target_skip_unavailable' from command line to 'False'
[1.191s] Level 5:colcon.colcon_core.verb:set package 'tug_msgs' build argument 'cmake_clean_cache' from command line to 'False'
[1.191s] Level 5:colcon.colcon_core.verb:set package 'tug_msgs' build argument 'cmake_clean_first' from command line to 'False'
[1.191s] Level 5:colcon.colcon_core.verb:set package 'tug_msgs' build argument 'cmake_force_configure' from command line to 'False'
[1.192s] Level 5:colcon.colcon_core.verb:set package 'tug_msgs' build argument 'ament_cmake_args' from command line to 'None'
[1.192s] Level 5:colcon.colcon_core.verb:set package 'tug_msgs' build argument 'catkin_cmake_args' from command line to 'None'
[1.192s] Level 5:colcon.colcon_core.verb:set package 'tug_msgs' build argument 'catkin_skip_building_tests' from command line to 'False'
[1.192s] DEBUG:colcon.colcon_core.verb:Building package 'tug_msgs' with the following arguments: {'ament_cmake_args': None, 'build_base': '/home/bobo/ros2_ws/build/tug_msgs', 'catkin_cmake_args': None, 'catkin_skip_building_tests': False, 'cmake_args': None, 'cmake_clean_cache': False, 'cmake_clean_first': False, 'cmake_force_configure': False, 'cmake_target': None, 'cmake_target_skip_unavailable': False, 'install_base': '/home/bobo/ros2_ws/install/tug_msgs', 'merge_install': False, 'path': '/home/bobo/ros2_ws/src/mr2_public/tug_msgs', 'symlink_install': False, 'test_result_base': None}
[1.192s] Level 5:colcon.colcon_core.verb:set package 'tug_mr2' build argument 'cmake_args' from command line to 'None'
[1.192s] Level 5:colcon.colcon_core.verb:set package 'tug_mr2' build argument 'cmake_target' from command line to 'None'
[1.192s] Level 5:colcon.colcon_core.verb:set package 'tug_mr2' build argument 'cmake_target_skip_unavailable' from command line to 'False'
[1.192s] Level 5:colcon.colcon_core.verb:set package 'tug_mr2' build argument 'cmake_clean_cache' from command line to 'False'
[1.192s] Level 5:colcon.colcon_core.verb:set package 'tug_mr2' build argument 'cmake_clean_first' from command line to 'False'
[1.193s] Level 5:colcon.colcon_core.verb:set package 'tug_mr2' build argument 'cmake_force_configure' from command line to 'False'
[1.193s] Level 5:colcon.colcon_core.verb:set package 'tug_mr2' build argument 'ament_cmake_args' from command line to 'None'
[1.193s] Level 5:colcon.colcon_core.verb:set package 'tug_mr2' build argument 'catkin_cmake_args' from command line to 'None'
[1.193s] Level 5:colcon.colcon_core.verb:set package 'tug_mr2' build argument 'catkin_skip_building_tests' from command line to 'False'
[1.193s] DEBUG:colcon.colcon_core.verb:Building package 'tug_mr2' with the following arguments: {'ament_cmake_args': None, 'build_base': '/home/bobo/ros2_ws/build/tug_mr2', 'catkin_cmake_args': None, 'catkin_skip_building_tests': False, 'cmake_args': None, 'cmake_clean_cache': False, 'cmake_clean_first': False, 'cmake_force_configure': False, 'cmake_target': None, 'cmake_target_skip_unavailable': False, 'install_base': '/home/bobo/ros2_ws/install/tug_mr2', 'merge_install': False, 'path': '/home/bobo/ros2_ws/src/mr2_public/tug_mr2', 'symlink_install': False, 'test_result_base': None}
[1.193s] Level 5:colcon.colcon_core.verb:set package 'tug_stage_ros2' build argument 'cmake_args' from command line to 'None'
[1.193s] Level 5:colcon.colcon_core.verb:set package 'tug_stage_ros2' build argument 'cmake_target' from command line to 'None'
[1.193s] Level 5:colcon.colcon_core.verb:set package 'tug_stage_ros2' build argument 'cmake_target_skip_unavailable' from command line to 'False'
[1.193s] Level 5:colcon.colcon_core.verb:set package 'tug_stage_ros2' build argument 'cmake_clean_cache' from command line to 'False'
[1.193s] Level 5:colcon.colcon_core.verb:set package 'tug_stage_ros2' build argument 'cmake_clean_first' from command line to 'False'
[1.193s] Level 5:colcon.colcon_core.verb:set package 'tug_stage_ros2' build argument 'cmake_force_configure' from command line to 'False'
[1.193s] Level 5:colcon.colcon_core.verb:set package 'tug_stage_ros2' build argument 'ament_cmake_args' from command line to 'None'
[1.193s] Level 5:colcon.colcon_core.verb:set package 'tug_stage_ros2' build argument 'catkin_cmake_args' from command line to 'None'
[1.193s] Level 5:colcon.colcon_core.verb:set package 'tug_stage_ros2' build argument 'catkin_skip_building_tests' from command line to 'False'
[1.194s] DEBUG:colcon.colcon_core.verb:Building package 'tug_stage_ros2' with the following arguments: {'ament_cmake_args': None, 'build_base': '/home/bobo/ros2_ws/build/tug_stage_ros2', 'catkin_cmake_args': None, 'catkin_skip_building_tests': False, 'cmake_args': None, 'cmake_clean_cache': False, 'cmake_clean_first': False, 'cmake_force_configure': False, 'cmake_target': None, 'cmake_target_skip_unavailable': False, 'install_base': '/home/bobo/ros2_ws/install/tug_stage_ros2', 'merge_install': False, 'path': '/home/bobo/ros2_ws/src/mr2_public/tug_stage_ros2', 'symlink_install': False, 'test_result_base': None}
[1.194s] Level 5:colcon.colcon_core.verb:set package 'tug_turtlebot4' build argument 'cmake_args' from command line to 'None'
[1.194s] Level 5:colcon.colcon_core.verb:set package 'tug_turtlebot4' build argument 'cmake_target' from command line to 'None'
[1.194s] Level 5:colcon.colcon_core.verb:set package 'tug_turtlebot4' build argument 'cmake_target_skip_unavailable' from command line to 'False'
[1.194s] Level 5:colcon.colcon_core.verb:set package 'tug_turtlebot4' build argument 'cmake_clean_cache' from command line to 'False'
[1.194s] Level 5:colcon.colcon_core.verb:set package 'tug_turtlebot4' build argument 'cmake_clean_first' from command line to 'False'
[1.194s] Level 5:colcon.colcon_core.verb:set package 'tug_turtlebot4' build argument 'cmake_force_configure' from command line to 'False'
[1.194s] Level 5:colcon.colcon_core.verb:set package 'tug_turtlebot4' build argument 'ament_cmake_args' from command line to 'None'
[1.194s] Level 5:colcon.colcon_core.verb:set package 'tug_turtlebot4' build argument 'catkin_cmake_args' from command line to 'None'
[1.194s] Level 5:colcon.colcon_core.verb:set package 'tug_turtlebot4' build argument 'catkin_skip_building_tests' from command line to 'False'
[1.194s] DEBUG:colcon.colcon_core.verb:Building package 'tug_turtlebot4' with the following arguments: {'ament_cmake_args': None, 'build_base': '/home/bobo/ros2_ws/build/tug_turtlebot4', 'catkin_cmake_args': None, 'catkin_skip_building_tests': False, 'cmake_args': None, 'cmake_clean_cache': False, 'cmake_clean_first': False, 'cmake_force_configure': False, 'cmake_target': None, 'cmake_target_skip_unavailable': False, 'install_base': '/home/bobo/ros2_ws/install/tug_turtlebot4', 'merge_install': False, 'path': '/home/bobo/ros2_ws/src/mr2_public/tug_turtlebot4', 'symlink_install': False, 'test_result_base': None}
[1.194s] INFO:colcon.colcon_core.executor:Executing jobs using 'parallel' executor
[1.196s] DEBUG:colcon.colcon_parallel_executor.executor.parallel:run_until_complete
[1.196s] INFO:colcon.colcon_ros.task.ament_cmake.build:Building ROS package in '/home/bobo/ros2_ws/src/mr2_public/tug_msgs' with build type 'ament_cmake'
[1.196s] INFO:colcon.colcon_cmake.task.cmake.build:Building CMake package in '/home/bobo/ros2_ws/src/mr2_public/tug_msgs'
[1.200s] INFO:colcon.colcon_core.plugin_system:Skipping extension 'colcon_core.shell.bat': Not used on non-Windows systems
[1.200s] INFO:colcon.colcon_core.shell:Skip shell extension 'powershell' for command environment: Not usable outside of PowerShell
[1.200s] DEBUG:colcon.colcon_core.shell:Skip shell extension 'dsv' for command environment
[1.206s] INFO:colcon.colcon_cmake.task.cmake.build:Building CMake package in '/home/bobo/ros2_ws/eigen-3.4.0'
[1.206s] INFO:colcon.colcon_core.shell:Skip shell extension 'powershell' for command environment: Not usable outside of PowerShell
[1.206s] DEBUG:colcon.colcon_core.shell:Skip shell extension 'dsv' for command environment
[1.221s] DEBUG:colcon.colcon_core.event_handler.log_command:Invoking command in '/home/bobo/ros2_ws/build/tug_msgs': CMAKE_PREFIX_PATH=${CMAKE_PREFIX_PATH}:/opt/ros/humble /usr/bin/cmake --build /home/bobo/ros2_ws/build/tug_msgs -- -j8 -l8
[1.229s] DEBUG:colcon.colcon_core.event_handler.log_command:Invoking command in '/home/bobo/ros2_ws/build/Eigen3': /usr/bin/cmake --build /home/bobo/ros2_ws/build/Eigen3 -- -j8 -l8
[1.838s] DEBUG:colcon.colcon_core.event_handler.log_command:Invoked command in '/home/bobo/ros2_ws/build/Eigen3' returned '0': /usr/bin/cmake --build /home/bobo/ros2_ws/build/Eigen3 -- -j8 -l8
[1.862s] DEBUG:colcon.colcon_core.event_handler.log_command:Invoking command in '/home/bobo/ros2_ws/build/Eigen3': /usr/bin/cmake --install /home/bobo/ros2_ws/build/Eigen3
[1.915s] Level 1:colcon.colcon_core.environment:create_environment_scripts_only(Eigen3)
[1.933s] Level 1:colcon.colcon_core.environment:checking '/home/bobo/ros2_ws/install/Eigen3' for CMake module files
[1.934s] Level 1:colcon.colcon_core.environment:checking '/home/bobo/ros2_ws/install/Eigen3' for CMake config files
[1.937s] Level 1:colcon.colcon_core.shell:create_environment_hook('Eigen3', 'cmake_prefix_path')
[1.937s] INFO:colcon.colcon_core.shell:Creating environment hook '/home/bobo/ros2_ws/install/Eigen3/share/Eigen3/hook/cmake_prefix_path.ps1'
[1.939s] INFO:colcon.colcon_core.shell:Creating environment descriptor '/home/bobo/ros2_ws/install/Eigen3/share/Eigen3/hook/cmake_prefix_path.dsv'
[1.940s] INFO:colcon.colcon_core.shell:Creating environment hook '/home/bobo/ros2_ws/install/Eigen3/share/Eigen3/hook/cmake_prefix_path.sh'
[1.943s] Level 1:colcon.colcon_core.environment:checking '/home/bobo/ros2_ws/install/Eigen3/bin'
[1.943s] Level 1:colcon.colcon_core.environment:checking '/home/bobo/ros2_ws/install/Eigen3/lib/pkgconfig/Eigen3.pc'
[1.944s] Level 1:colcon.colcon_core.environment:checking '/home/bobo/ros2_ws/install/Eigen3/lib/python3.10/site-packages'
[1.945s] Level 1:colcon.colcon_core.environment:checking '/home/bobo/ros2_ws/install/Eigen3/bin'
[1.946s] INFO:colcon.colcon_core.shell:Creating package script '/home/bobo/ros2_ws/install/Eigen3/share/Eigen3/package.ps1'
[1.948s] INFO:colcon.colcon_core.shell:Creating package descriptor '/home/bobo/ros2_ws/install/Eigen3/share/Eigen3/package.dsv'
[1.950s] INFO:colcon.colcon_core.shell:Creating package script '/home/bobo/ros2_ws/install/Eigen3/share/Eigen3/package.sh'
[1.955s] INFO:colcon.colcon_core.shell:Creating package script '/home/bobo/ros2_ws/install/Eigen3/share/Eigen3/package.bash'
[1.958s] INFO:colcon.colcon_core.shell:Creating package script '/home/bobo/ros2_ws/install/Eigen3/share/Eigen3/package.zsh'
[1.962s] Level 1:colcon.colcon_core.environment:create_file_with_runtime_dependencies(/home/bobo/ros2_ws/install/Eigen3/share/colcon-core/packages/Eigen3)
[1.976s] DEBUG:colcon.colcon_core.event_handler.log_command:Invoked command in '/home/bobo/ros2_ws/build/tug_msgs' returned '0': CMAKE_PREFIX_PATH=${CMAKE_PREFIX_PATH}:/opt/ros/humble /usr/bin/cmake --build /home/bobo/ros2_ws/build/tug_msgs -- -j8 -l8
[1.982s] DEBUG:colcon.colcon_core.event_handler.log_command:Invoking command in '/home/bobo/ros2_ws/build/tug_msgs': CMAKE_PREFIX_PATH=${CMAKE_PREFIX_PATH}:/opt/ros/humble /usr/bin/cmake --install /home/bobo/ros2_ws/build/tug_msgs
[2.016s] DEBUG:colcon.colcon_core.event_handler.log_command:Invoked command in '/home/bobo/ros2_ws/build/Eigen3' returned '0': /usr/bin/cmake --install /home/bobo/ros2_ws/build/Eigen3
[2.018s] Level 1:colcon.colcon_core.environment:create_environment_scripts_only(tug_msgs)
[2.019s] Level 1:colcon.colcon_core.environment:checking '/home/bobo/ros2_ws/install/tug_msgs' for CMake module files
[2.022s] Level 1:colcon.colcon_core.environment:checking '/home/bobo/ros2_ws/install/tug_msgs' for CMake config files
[2.031s] Level 1:colcon.colcon_core.shell:create_environment_hook('tug_msgs', 'cmake_prefix_path')
[2.032s] INFO:colcon.colcon_core.shell:Creating environment hook '/home/bobo/ros2_ws/install/tug_msgs/share/tug_msgs/hook/cmake_prefix_path.ps1'
[2.035s] INFO:colcon.colcon_core.shell:Creating environment descriptor '/home/bobo/ros2_ws/install/tug_msgs/share/tug_msgs/hook/cmake_prefix_path.dsv'
[2.038s] INFO:colcon.colcon_core.shell:Creating environment hook '/home/bobo/ros2_ws/install/tug_msgs/share/tug_msgs/hook/cmake_prefix_path.sh'
[2.040s] Level 1:colcon.colcon_core.environment:checking '/home/bobo/ros2_ws/install/tug_msgs/lib'
[2.040s] Level 1:colcon.colcon_core.shell:create_environment_hook('tug_msgs', 'ld_library_path_lib')
[2.041s] INFO:colcon.colcon_core.shell:Creating environment hook '/home/bobo/ros2_ws/install/tug_msgs/share/tug_msgs/hook/ld_library_path_lib.ps1'
[2.042s] INFO:colcon.colcon_core.shell:Creating environment descriptor '/home/bobo/ros2_ws/install/tug_msgs/share/tug_msgs/hook/ld_library_path_lib.dsv'
[2.043s] INFO:colcon.colcon_core.shell:Creating environment hook '/home/bobo/ros2_ws/install/tug_msgs/share/tug_msgs/hook/ld_library_path_lib.sh'
[2.045s] Level 1:colcon.colcon_core.environment:checking '/home/bobo/ros2_ws/install/tug_msgs/bin'
[2.045s] Level 1:colcon.colcon_core.environment:checking '/home/bobo/ros2_ws/install/tug_msgs/lib/pkgconfig/tug_msgs.pc'
[2.046s] Level 1:colcon.colcon_core.environment:checking '/home/bobo/ros2_ws/install/tug_msgs/lib/python3.10/site-packages'
[2.047s] Level 1:colcon.colcon_core.environment:checking '/home/bobo/ros2_ws/install/tug_msgs/bin'
[2.047s] INFO:colcon.colcon_core.shell:Creating package script '/home/bobo/ros2_ws/install/tug_msgs/share/tug_msgs/package.ps1'
[2.049s] INFO:colcon.colcon_core.shell:Creating package descriptor '/home/bobo/ros2_ws/install/tug_msgs/share/tug_msgs/package.dsv'
[2.050s] INFO:colcon.colcon_core.shell:Creating package script '/home/bobo/ros2_ws/install/tug_msgs/share/tug_msgs/package.sh'
[2.051s] INFO:colcon.colcon_core.shell:Creating package script '/home/bobo/ros2_ws/install/tug_msgs/share/tug_msgs/package.bash'
[2.053s] INFO:colcon.colcon_core.shell:Creating package script '/home/bobo/ros2_ws/install/tug_msgs/share/tug_msgs/package.zsh'
[2.054s] Level 1:colcon.colcon_core.environment:create_file_with_runtime_dependencies(/home/bobo/ros2_ws/install/tug_msgs/share/colcon-core/packages/tug_msgs)
[2.057s] Level 1:colcon.colcon_core.environment:create_environment_scripts_only(tug_msgs)
[2.058s] Level 1:colcon.colcon_core.environment:checking '/home/bobo/ros2_ws/install/tug_msgs' for CMake module files
[2.062s] Level 1:colcon.colcon_core.environment:checking '/home/bobo/ros2_ws/install/tug_msgs' for CMake config files
[2.066s] DEBUG:colcon.colcon_core.event_handler.log_command:Invoked command in '/home/bobo/ros2_ws/build/tug_msgs' returned '0': CMAKE_PREFIX_PATH=${CMAKE_PREFIX_PATH}:/opt/ros/humble /usr/bin/cmake --install /home/bobo/ros2_ws/build/tug_msgs
[2.067s] Level 1:colcon.colcon_core.shell:create_environment_hook('tug_msgs', 'cmake_prefix_path')
[2.067s] INFO:colcon.colcon_core.shell:Creating environment hook '/home/bobo/ros2_ws/install/tug_msgs/share/tug_msgs/hook/cmake_prefix_path.ps1'
[2.068s] INFO:colcon.colcon_core.shell:Creating environment descriptor '/home/bobo/ros2_ws/install/tug_msgs/share/tug_msgs/hook/cmake_prefix_path.dsv'
[2.068s] INFO:colcon.colcon_core.shell:Creating environment hook '/home/bobo/ros2_ws/install/tug_msgs/share/tug_msgs/hook/cmake_prefix_path.sh'
[2.069s] Level 1:colcon.colcon_core.environment:checking '/home/bobo/ros2_ws/install/tug_msgs/lib'
[2.069s] Level 1:colcon.colcon_core.shell:create_environment_hook('tug_msgs', 'ld_library_path_lib')
[2.070s] INFO:colcon.colcon_core.shell:Creating environment hook '/home/bobo/ros2_ws/install/tug_msgs/share/tug_msgs/hook/ld_library_path_lib.ps1'
[2.070s] INFO:colcon.colcon_core.shell:Creating environment descriptor '/home/bobo/ros2_ws/install/tug_msgs/share/tug_msgs/hook/ld_library_path_lib.dsv'
[2.071s] INFO:colcon.colcon_core.shell:Creating environment hook '/home/bobo/ros2_ws/install/tug_msgs/share/tug_msgs/hook/ld_library_path_lib.sh'
[2.071s] Level 1:colcon.colcon_core.environment:checking '/home/bobo/ros2_ws/install/tug_msgs/bin'
[2.071s] Level 1:colcon.colcon_core.environment:checking '/home/bobo/ros2_ws/install/tug_msgs/lib/pkgconfig/tug_msgs.pc'
[2.072s] Level 1:colcon.colcon_core.environment:checking '/home/bobo/ros2_ws/install/tug_msgs/lib/python3.10/site-packages'
[2.072s] Level 1:colcon.colcon_core.environment:checking '/home/bobo/ros2_ws/install/tug_msgs/bin'
[2.072s] INFO:colcon.colcon_core.shell:Creating package script '/home/bobo/ros2_ws/install/tug_msgs/share/tug_msgs/package.ps1'
[2.073s] INFO:colcon.colcon_core.shell:Creating package descriptor '/home/bobo/ros2_ws/install/tug_msgs/share/tug_msgs/package.dsv'
[2.074s] INFO:colcon.colcon_core.shell:Creating package script '/home/bobo/ros2_ws/install/tug_msgs/share/tug_msgs/package.sh'
[2.075s] INFO:colcon.colcon_core.shell:Creating package script '/home/bobo/ros2_ws/install/tug_msgs/share/tug_msgs/package.bash'
[2.075s] INFO:colcon.colcon_core.shell:Creating package script '/home/bobo/ros2_ws/install/tug_msgs/share/tug_msgs/package.zsh'
[2.076s] Level 1:colcon.colcon_core.environment:create_file_with_runtime_dependencies(/home/bobo/ros2_ws/install/tug_msgs/share/colcon-core/packages/tug_msgs)
[2.077s] INFO:colcon.colcon_ros.task.ament_cmake.build:Building ROS package in '/home/bobo/ros2_ws/src/mr2_public/tug_mr2' with build type 'ament_cmake'
[2.077s] INFO:colcon.colcon_cmake.task.cmake.build:Building CMake package in '/home/bobo/ros2_ws/src/mr2_public/tug_mr2'
[2.077s] INFO:colcon.colcon_core.shell:Skip shell extension 'powershell' for command environment: Not usable outside of PowerShell
[2.077s] DEBUG:colcon.colcon_core.shell:Skip shell extension 'dsv' for command environment
[2.084s] INFO:colcon.colcon_ros.task.ament_cmake.build:Building ROS package in '/home/bobo/ros2_ws/src/mr2_public/tug_stage_ros2' with build type 'ament_cmake'
[2.085s] INFO:colcon.colcon_cmake.task.cmake.build:Building CMake package in '/home/bobo/ros2_ws/src/mr2_public/tug_stage_ros2'
[2.085s] INFO:colcon.colcon_core.shell:Skip shell extension 'powershell' for command environment: Not usable outside of PowerShell
[2.085s] DEBUG:colcon.colcon_core.shell:Skip shell extension 'dsv' for command environment
[2.093s] INFO:colcon.colcon_ros.task.ament_cmake.build:Building ROS package in '/home/bobo/ros2_ws/src/mr2_public/tug_turtlebot4' with build type 'ament_cmake'
[2.093s] INFO:colcon.colcon_cmake.task.cmake.build:Building CMake package in '/home/bobo/ros2_ws/src/mr2_public/tug_turtlebot4'
[2.094s] INFO:colcon.colcon_core.shell:Skip shell extension 'powershell' for command environment: Not usable outside of PowerShell
[2.094s] DEBUG:colcon.colcon_core.shell:Skip shell extension 'dsv' for command environment
[2.109s] DEBUG:colcon.colcon_core.event_handler.log_command:Invoking command in '/home/bobo/ros2_ws/build/tug_mr2': CMAKE_PREFIX_PATH=/home/bobo/ros2_ws/install/tug_msgs:/home/bobo/ros2_ws/install/tug_turtlebot4:/home/bobo/ros2_ws/install/tug_stage_ros2:/home/bobo/ros2_ws/install/tug_mr2:/home/bobo/ros2_ws/install/ros2cpp_tutorials_service:/home/bobo/ros2_ws/install/ros2cpp_tutorials_publisher_subscriber:/home/bobo/ros2_ws/install/ros2cpp_tutorials_parameter:/home/bobo/ros2_ws/install/ros2cpp_tutorials_action:/home/bobo/ros2_ws/install/Eigen3:/opt/ros/humble LD_LIBRARY_PATH=/home/bobo/ros2_ws/install/tug_msgs/lib:/home/bobo/stg/lib:/home/bobo/ros2_ws/install/ros2cpp_tutorials_service/lib:/home/bobo/ros2_ws/install/ros2cpp_tutorials_action/lib:/opt/ros/humble/opt/rviz_ogre_vendor/lib:/opt/ros/humble/lib/x86_64-linux-gnu:/opt/ros/humble/lib /usr/bin/cmake --build /home/bobo/ros2_ws/build/tug_mr2 -- -j8 -l8
[2.116s] DEBUG:colcon.colcon_core.event_handler.log_command:Invoking command in '/home/bobo/ros2_ws/build/tug_stage_ros2': CMAKE_PREFIX_PATH=/home/bobo/ros2_ws/install/tug_msgs:/home/bobo/ros2_ws/install/tug_turtlebot4:/home/bobo/ros2_ws/install/tug_stage_ros2:/home/bobo/ros2_ws/install/tug_mr2:/home/bobo/ros2_ws/install/ros2cpp_tutorials_service:/home/bobo/ros2_ws/install/ros2cpp_tutorials_publisher_subscriber:/home/bobo/ros2_ws/install/ros2cpp_tutorials_parameter:/home/bobo/ros2_ws/install/ros2cpp_tutorials_action:/home/bobo/ros2_ws/install/Eigen3:/opt/ros/humble LD_LIBRARY_PATH=/home/bobo/ros2_ws/install/tug_msgs/lib:/home/bobo/stg/lib:/home/bobo/ros2_ws/install/ros2cpp_tutorials_service/lib:/home/bobo/ros2_ws/install/ros2cpp_tutorials_action/lib:/opt/ros/humble/opt/rviz_ogre_vendor/lib:/opt/ros/humble/lib/x86_64-linux-gnu:/opt/ros/humble/lib /usr/bin/cmake --build /home/bobo/ros2_ws/build/tug_stage_ros2 -- -j8 -l8
[2.123s] DEBUG:colcon.colcon_core.event_handler.log_command:Invoking command in '/home/bobo/ros2_ws/build/tug_turtlebot4': CMAKE_PREFIX_PATH=/home/bobo/ros2_ws/install/tug_msgs:/home/bobo/ros2_ws/install/tug_turtlebot4:/home/bobo/ros2_ws/install/tug_stage_ros2:/home/bobo/ros2_ws/install/tug_mr2:/home/bobo/ros2_ws/install/ros2cpp_tutorials_service:/home/bobo/ros2_ws/install/ros2cpp_tutorials_publisher_subscriber:/home/bobo/ros2_ws/install/ros2cpp_tutorials_parameter:/home/bobo/ros2_ws/install/ros2cpp_tutorials_action:/home/bobo/ros2_ws/install/Eigen3:/opt/ros/humble LD_LIBRARY_PATH=/home/bobo/ros2_ws/install/tug_msgs/lib:/home/bobo/stg/lib:/home/bobo/ros2_ws/install/ros2cpp_tutorials_service/lib:/home/bobo/ros2_ws/install/ros2cpp_tutorials_action/lib:/opt/ros/humble/opt/rviz_ogre_vendor/lib:/opt/ros/humble/lib/x86_64-linux-gnu:/opt/ros/humble/lib /usr/bin/cmake --build /home/bobo/ros2_ws/build/tug_turtlebot4 -- -j8 -l8
[2.262s] DEBUG:colcon.colcon_core.event_handler.log_command:Invoked command in '/home/bobo/ros2_ws/build/tug_mr2' returned '0': CMAKE_PREFIX_PATH=/home/bobo/ros2_ws/install/tug_msgs:/home/bobo/ros2_ws/install/tug_turtlebot4:/home/bobo/ros2_ws/install/tug_stage_ros2:/home/bobo/ros2_ws/install/tug_mr2:/home/bobo/ros2_ws/install/ros2cpp_tutorials_service:/home/bobo/ros2_ws/install/ros2cpp_tutorials_publisher_subscriber:/home/bobo/ros2_ws/install/ros2cpp_tutorials_parameter:/home/bobo/ros2_ws/install/ros2cpp_tutorials_action:/home/bobo/ros2_ws/install/Eigen3:/opt/ros/humble LD_LIBRARY_PATH=/home/bobo/ros2_ws/install/tug_msgs/lib:/home/bobo/stg/lib:/home/bobo/ros2_ws/install/ros2cpp_tutorials_service/lib:/home/bobo/ros2_ws/install/ros2cpp_tutorials_action/lib:/opt/ros/humble/opt/rviz_ogre_vendor/lib:/opt/ros/humble/lib/x86_64-linux-gnu:/opt/ros/humble/lib /usr/bin/cmake --build /home/bobo/ros2_ws/build/tug_mr2 -- -j8 -l8
[2.267s] DEBUG:colcon.colcon_core.event_handler.log_command:Invoking command in '/home/bobo/ros2_ws/build/tug_mr2': CMAKE_PREFIX_PATH=/home/bobo/ros2_ws/install/tug_msgs:/home/bobo/ros2_ws/install/tug_turtlebot4:/home/bobo/ros2_ws/install/tug_stage_ros2:/home/bobo/ros2_ws/install/tug_mr2:/home/bobo/ros2_ws/install/ros2cpp_tutorials_service:/home/bobo/ros2_ws/install/ros2cpp_tutorials_publisher_subscriber:/home/bobo/ros2_ws/install/ros2cpp_tutorials_parameter:/home/bobo/ros2_ws/install/ros2cpp_tutorials_action:/home/bobo/ros2_ws/install/Eigen3:/opt/ros/humble LD_LIBRARY_PATH=/home/bobo/ros2_ws/install/tug_msgs/lib:/home/bobo/stg/lib:/home/bobo/ros2_ws/install/ros2cpp_tutorials_service/lib:/home/bobo/ros2_ws/install/ros2cpp_tutorials_action/lib:/opt/ros/humble/opt/rviz_ogre_vendor/lib:/opt/ros/humble/lib/x86_64-linux-gnu:/opt/ros/humble/lib /usr/bin/cmake --install /home/bobo/ros2_ws/build/tug_mr2
[2.271s] DEBUG:colcon.colcon_core.event_handler.log_command:Invoked command in '/home/bobo/ros2_ws/build/tug_stage_ros2' returned '0': CMAKE_PREFIX_PATH=/home/bobo/ros2_ws/install/tug_msgs:/home/bobo/ros2_ws/install/tug_turtlebot4:/home/bobo/ros2_ws/install/tug_stage_ros2:/home/bobo/ros2_ws/install/tug_mr2:/home/bobo/ros2_ws/install/ros2cpp_tutorials_service:/home/bobo/ros2_ws/install/ros2cpp_tutorials_publisher_subscriber:/home/bobo/ros2_ws/install/ros2cpp_tutorials_parameter:/home/bobo/ros2_ws/install/ros2cpp_tutorials_action:/home/bobo/ros2_ws/install/Eigen3:/opt/ros/humble LD_LIBRARY_PATH=/home/bobo/ros2_ws/install/tug_msgs/lib:/home/bobo/stg/lib:/home/bobo/ros2_ws/install/ros2cpp_tutorials_service/lib:/home/bobo/ros2_ws/install/ros2cpp_tutorials_action/lib:/opt/ros/humble/opt/rviz_ogre_vendor/lib:/opt/ros/humble/lib/x86_64-linux-gnu:/opt/ros/humble/lib /usr/bin/cmake --build /home/bobo/ros2_ws/build/tug_stage_ros2 -- -j8 -l8
[2.274s] DEBUG:colcon.colcon_core.event_handler.log_command:Invoking command in '/home/bobo/ros2_ws/build/tug_stage_ros2': CMAKE_PREFIX_PATH=/home/bobo/ros2_ws/install/tug_msgs:/home/bobo/ros2_ws/install/tug_turtlebot4:/home/bobo/ros2_ws/install/tug_stage_ros2:/home/bobo/ros2_ws/install/tug_mr2:/home/bobo/ros2_ws/install/ros2cpp_tutorials_service:/home/bobo/ros2_ws/install/ros2cpp_tutorials_publisher_subscriber:/home/bobo/ros2_ws/install/ros2cpp_tutorials_parameter:/home/bobo/ros2_ws/install/ros2cpp_tutorials_action:/home/bobo/ros2_ws/install/Eigen3:/opt/ros/humble LD_LIBRARY_PATH=/home/bobo/ros2_ws/install/tug_msgs/lib:/home/bobo/stg/lib:/home/bobo/ros2_ws/install/ros2cpp_tutorials_service/lib:/home/bobo/ros2_ws/install/ros2cpp_tutorials_action/lib:/opt/ros/humble/opt/rviz_ogre_vendor/lib:/opt/ros/humble/lib/x86_64-linux-gnu:/opt/ros/humble/lib /usr/bin/cmake --install /home/bobo/ros2_ws/build/tug_stage_ros2
[2.285s] Level 1:colcon.colcon_core.environment:create_environment_scripts_only(tug_mr2)
[2.286s] Level 1:colcon.colcon_core.environment:checking '/home/bobo/ros2_ws/install/tug_mr2' for CMake module files
[2.287s] DEBUG:colcon.colcon_core.event_handler.log_command:Invoked command in '/home/bobo/ros2_ws/build/tug_mr2' returned '0': CMAKE_PREFIX_PATH=/home/bobo/ros2_ws/install/tug_msgs:/home/bobo/ros2_ws/install/tug_turtlebot4:/home/bobo/ros2_ws/install/tug_stage_ros2:/home/bobo/ros2_ws/install/tug_mr2:/home/bobo/ros2_ws/install/ros2cpp_tutorials_service:/home/bobo/ros2_ws/install/ros2cpp_tutorials_publisher_subscriber:/home/bobo/ros2_ws/install/ros2cpp_tutorials_parameter:/home/bobo/ros2_ws/install/ros2cpp_tutorials_action:/home/bobo/ros2_ws/install/Eigen3:/opt/ros/humble LD_LIBRARY_PATH=/home/bobo/ros2_ws/install/tug_msgs/lib:/home/bobo/stg/lib:/home/bobo/ros2_ws/install/ros2cpp_tutorials_service/lib:/home/bobo/ros2_ws/install/ros2cpp_tutorials_action/lib:/opt/ros/humble/opt/rviz_ogre_vendor/lib:/opt/ros/humble/lib/x86_64-linux-gnu:/opt/ros/humble/lib /usr/bin/cmake --install /home/bobo/ros2_ws/build/tug_mr2
[2.290s] Level 1:colcon.colcon_core.environment:checking '/home/bobo/ros2_ws/install/tug_mr2' for CMake config files
[2.295s] Level 1:colcon.colcon_core.shell:create_environment_hook('tug_mr2', 'cmake_prefix_path')
[2.295s] INFO:colcon.colcon_core.shell:Creating environment hook '/home/bobo/ros2_ws/install/tug_mr2/share/tug_mr2/hook/cmake_prefix_path.ps1'
[2.296s] INFO:colcon.colcon_core.shell:Creating environment descriptor '/home/bobo/ros2_ws/install/tug_mr2/share/tug_mr2/hook/cmake_prefix_path.dsv'
[2.296s] INFO:colcon.colcon_core.shell:Creating environment hook '/home/bobo/ros2_ws/install/tug_mr2/share/tug_mr2/hook/cmake_prefix_path.sh'
[2.297s] Level 1:colcon.colcon_core.environment:checking '/home/bobo/ros2_ws/install/tug_mr2/lib'
[2.298s] Level 1:colcon.colcon_core.environment:checking '/home/bobo/ros2_ws/install/tug_mr2/bin'
[2.298s] Level 1:colcon.colcon_core.environment:checking '/home/bobo/ros2_ws/install/tug_mr2/lib/pkgconfig/tug_mr2.pc'
[2.298s] Level 1:colcon.colcon_core.environment:checking '/home/bobo/ros2_ws/install/tug_mr2/lib/python3.10/site-packages'
[2.299s] Level 1:colcon.colcon_core.environment:checking '/home/bobo/ros2_ws/install/tug_mr2/bin'
[2.299s] INFO:colcon.colcon_core.shell:Creating package script '/home/bobo/ros2_ws/install/tug_mr2/share/tug_mr2/package.ps1'
[2.300s] INFO:colcon.colcon_core.shell:Creating package descriptor '/home/bobo/ros2_ws/install/tug_mr2/share/tug_mr2/package.dsv'
[2.301s] INFO:colcon.colcon_core.shell:Creating package script '/home/bobo/ros2_ws/install/tug_mr2/share/tug_mr2/package.sh'
[2.301s] INFO:colcon.colcon_core.shell:Creating package script '/home/bobo/ros2_ws/install/tug_mr2/share/tug_mr2/package.bash'
[2.302s] INFO:colcon.colcon_core.shell:Creating package script '/home/bobo/ros2_ws/install/tug_mr2/share/tug_mr2/package.zsh'
[2.303s] Level 1:colcon.colcon_core.environment:create_file_with_runtime_dependencies(/home/bobo/ros2_ws/install/tug_mr2/share/colcon-core/packages/tug_mr2)
[2.303s] Level 1:colcon.colcon_core.environment:create_environment_scripts_only(tug_mr2)
[2.304s] Level 1:colcon.colcon_core.environment:checking '/home/bobo/ros2_ws/install/tug_mr2' for CMake module files
[2.304s] Level 1:colcon.colcon_core.environment:checking '/home/bobo/ros2_ws/install/tug_mr2' for CMake config files
[2.305s] Level 1:colcon.colcon_core.shell:create_environment_hook('tug_mr2', 'cmake_prefix_path')
[2.305s] INFO:colcon.colcon_core.shell:Creating environment hook '/home/bobo/ros2_ws/install/tug_mr2/share/tug_mr2/hook/cmake_prefix_path.ps1'
[2.306s] INFO:colcon.colcon_core.shell:Creating environment descriptor '/home/bobo/ros2_ws/install/tug_mr2/share/tug_mr2/hook/cmake_prefix_path.dsv'
[2.306s] INFO:colcon.colcon_core.shell:Creating environment hook '/home/bobo/ros2_ws/install/tug_mr2/share/tug_mr2/hook/cmake_prefix_path.sh'
[2.307s] Level 1:colcon.colcon_core.environment:checking '/home/bobo/ros2_ws/install/tug_mr2/lib'
[2.307s] Level 1:colcon.colcon_core.environment:checking '/home/bobo/ros2_ws/install/tug_mr2/bin'
[2.307s] Level 1:colcon.colcon_core.environment:checking '/home/bobo/ros2_ws/install/tug_mr2/lib/pkgconfig/tug_mr2.pc'
[2.307s] Level 1:colcon.colcon_core.environment:checking '/home/bobo/ros2_ws/install/tug_mr2/lib/python3.10/site-packages'
[2.308s] Level 1:colcon.colcon_core.environment:checking '/home/bobo/ros2_ws/install/tug_mr2/bin'
[2.308s] INFO:colcon.colcon_core.shell:Creating package script '/home/bobo/ros2_ws/install/tug_mr2/share/tug_mr2/package.ps1'
[2.309s] INFO:colcon.colcon_core.shell:Creating package descriptor '/home/bobo/ros2_ws/install/tug_mr2/share/tug_mr2/package.dsv'
[2.310s] INFO:colcon.colcon_core.shell:Creating package script '/home/bobo/ros2_ws/install/tug_mr2/share/tug_mr2/package.sh'
[2.310s] INFO:colcon.colcon_core.shell:Creating package script '/home/bobo/ros2_ws/install/tug_mr2/share/tug_mr2/package.bash'
[2.311s] INFO:colcon.colcon_core.shell:Creating package script '/home/bobo/ros2_ws/install/tug_mr2/share/tug_mr2/package.zsh'
[2.312s] Level 1:colcon.colcon_core.environment:create_file_with_runtime_dependencies(/home/bobo/ros2_ws/install/tug_mr2/share/colcon-core/packages/tug_mr2)
[2.314s] Level 1:colcon.colcon_core.environment:create_environment_scripts_only(tug_stage_ros2)
[2.315s] Level 1:colcon.colcon_core.environment:checking '/home/bobo/ros2_ws/install/tug_stage_ros2' for CMake module files
[2.316s] DEBUG:colcon.colcon_core.event_handler.log_command:Invoked command in '/home/bobo/ros2_ws/build/tug_stage_ros2' returned '0': CMAKE_PREFIX_PATH=/home/bobo/ros2_ws/install/tug_msgs:/home/bobo/ros2_ws/install/tug_turtlebot4:/home/bobo/ros2_ws/install/tug_stage_ros2:/home/bobo/ros2_ws/install/tug_mr2:/home/bobo/ros2_ws/install/ros2cpp_tutorials_service:/home/bobo/ros2_ws/install/ros2cpp_tutorials_publisher_subscriber:/home/bobo/ros2_ws/install/ros2cpp_tutorials_parameter:/home/bobo/ros2_ws/install/ros2cpp_tutorials_action:/home/bobo/ros2_ws/install/Eigen3:/opt/ros/humble LD_LIBRARY_PATH=/home/bobo/ros2_ws/install/tug_msgs/lib:/home/bobo/stg/lib:/home/bobo/ros2_ws/install/ros2cpp_tutorials_service/lib:/home/bobo/ros2_ws/install/ros2cpp_tutorials_action/lib:/opt/ros/humble/opt/rviz_ogre_vendor/lib:/opt/ros/humble/lib/x86_64-linux-gnu:/opt/ros/humble/lib /usr/bin/cmake --install /home/bobo/ros2_ws/build/tug_stage_ros2
[2.317s] Level 1:colcon.colcon_core.environment:checking '/home/bobo/ros2_ws/install/tug_stage_ros2' for CMake config files
[2.317s] Level 1:colcon.colcon_core.shell:create_environment_hook('tug_stage_ros2', 'cmake_prefix_path')
[2.317s] INFO:colcon.colcon_core.shell:Creating environment hook '/home/bobo/ros2_ws/install/tug_stage_ros2/share/tug_stage_ros2/hook/cmake_prefix_path.ps1'
[2.318s] INFO:colcon.colcon_core.shell:Creating environment descriptor '/home/bobo/ros2_ws/install/tug_stage_ros2/share/tug_stage_ros2/hook/cmake_prefix_path.dsv'
[2.319s] INFO:colcon.colcon_core.shell:Creating environment hook '/home/bobo/ros2_ws/install/tug_stage_ros2/share/tug_stage_ros2/hook/cmake_prefix_path.sh'
[2.319s] Level 1:colcon.colcon_core.environment:checking '/home/bobo/ros2_ws/install/tug_stage_ros2/lib'
[2.319s] Level 1:colcon.colcon_core.environment:checking '/home/bobo/ros2_ws/install/tug_stage_ros2/bin'
[2.320s] Level 1:colcon.colcon_core.environment:checking '/home/bobo/ros2_ws/install/tug_stage_ros2/lib/pkgconfig/tug_stage_ros2.pc'
[2.320s] Level 1:colcon.colcon_core.environment:checking '/home/bobo/ros2_ws/install/tug_stage_ros2/lib/python3.10/site-packages'
[2.320s] Level 1:colcon.colcon_core.environment:checking '/home/bobo/ros2_ws/install/tug_stage_ros2/bin'
[2.321s] INFO:colcon.colcon_core.shell:Creating package script '/home/bobo/ros2_ws/install/tug_stage_ros2/share/tug_stage_ros2/package.ps1'
[2.321s] INFO:colcon.colcon_core.shell:Creating package descriptor '/home/bobo/ros2_ws/install/tug_stage_ros2/share/tug_stage_ros2/package.dsv'
[2.322s] INFO:colcon.colcon_core.shell:Creating package script '/home/bobo/ros2_ws/install/tug_stage_ros2/share/tug_stage_ros2/package.sh'
[2.322s] INFO:colcon.colcon_core.shell:Creating package script '/home/bobo/ros2_ws/install/tug_stage_ros2/share/tug_stage_ros2/package.bash'
[2.323s] INFO:colcon.colcon_core.shell:Creating package script '/home/bobo/ros2_ws/install/tug_stage_ros2/share/tug_stage_ros2/package.zsh'
[2.324s] Level 1:colcon.colcon_core.environment:create_file_with_runtime_dependencies(/home/bobo/ros2_ws/install/tug_stage_ros2/share/colcon-core/packages/tug_stage_ros2)
[2.324s] Level 1:colcon.colcon_core.environment:create_environment_scripts_only(tug_stage_ros2)
[2.325s] Level 1:colcon.colcon_core.environment:checking '/home/bobo/ros2_ws/install/tug_stage_ros2' for CMake module files
[2.325s] Level 1:colcon.colcon_core.environment:checking '/home/bobo/ros2_ws/install/tug_stage_ros2' for CMake config files
[2.326s] Level 1:colcon.colcon_core.shell:create_environment_hook('tug_stage_ros2', 'cmake_prefix_path')
[2.326s] INFO:colcon.colcon_core.shell:Creating environment hook '/home/bobo/ros2_ws/install/tug_stage_ros2/share/tug_stage_ros2/hook/cmake_prefix_path.ps1'
[2.327s] INFO:colcon.colcon_core.shell:Creating environment descriptor '/home/bobo/ros2_ws/install/tug_stage_ros2/share/tug_stage_ros2/hook/cmake_prefix_path.dsv'
[2.327s] INFO:colcon.colcon_core.shell:Creating environment hook '/home/bobo/ros2_ws/install/tug_stage_ros2/share/tug_stage_ros2/hook/cmake_prefix_path.sh'
[2.328s] Level 1:colcon.colcon_core.environment:checking '/home/bobo/ros2_ws/install/tug_stage_ros2/lib'
[2.328s] Level 1:colcon.colcon_core.environment:checking '/home/bobo/ros2_ws/install/tug_stage_ros2/bin'
[2.329s] Level 1:colcon.colcon_core.environment:checking '/home/bobo/ros2_ws/install/tug_stage_ros2/lib/pkgconfig/tug_stage_ros2.pc'
[2.329s] Level 1:colcon.colcon_core.environment:checking '/home/bobo/ros2_ws/install/tug_stage_ros2/lib/python3.10/site-packages'
[2.329s] Level 1:colcon.colcon_core.environment:checking '/home/bobo/ros2_ws/install/tug_stage_ros2/bin'
[2.330s] INFO:colcon.colcon_core.shell:Creating package script '/home/bobo/ros2_ws/install/tug_stage_ros2/share/tug_stage_ros2/package.ps1'
[2.331s] INFO:colcon.colcon_core.shell:Creating package descriptor '/home/bobo/ros2_ws/install/tug_stage_ros2/share/tug_stage_ros2/package.dsv'
[2.331s] INFO:colcon.colcon_core.shell:Creating package script '/home/bobo/ros2_ws/install/tug_stage_ros2/share/tug_stage_ros2/package.sh'
[2.332s] INFO:colcon.colcon_core.shell:Creating package script '/home/bobo/ros2_ws/install/tug_stage_ros2/share/tug_stage_ros2/package.bash'
[2.333s] INFO:colcon.colcon_core.shell:Creating package script '/home/bobo/ros2_ws/install/tug_stage_ros2/share/tug_stage_ros2/package.zsh'
[2.334s] Level 1:colcon.colcon_core.environment:create_file_with_runtime_dependencies(/home/bobo/ros2_ws/install/tug_stage_ros2/share/colcon-core/packages/tug_stage_ros2)
[22.427s] DEBUG:colcon.colcon_core.event_handler.log_command:Invoked command in '/home/bobo/ros2_ws/build/tug_turtlebot4' returned '0': CMAKE_PREFIX_PATH=/home/bobo/ros2_ws/install/tug_msgs:/home/bobo/ros2_ws/install/tug_turtlebot4:/home/bobo/ros2_ws/install/tug_stage_ros2:/home/bobo/ros2_ws/install/tug_mr2:/home/bobo/ros2_ws/install/ros2cpp_tutorials_service:/home/bobo/ros2_ws/install/ros2cpp_tutorials_publisher_subscriber:/home/bobo/ros2_ws/install/ros2cpp_tutorials_parameter:/home/bobo/ros2_ws/install/ros2cpp_tutorials_action:/home/bobo/ros2_ws/install/Eigen3:/opt/ros/humble LD_LIBRARY_PATH=/home/bobo/ros2_ws/install/tug_msgs/lib:/home/bobo/stg/lib:/home/bobo/ros2_ws/install/ros2cpp_tutorials_service/lib:/home/bobo/ros2_ws/install/ros2cpp_tutorials_action/lib:/opt/ros/humble/opt/rviz_ogre_vendor/lib:/opt/ros/humble/lib/x86_64-linux-gnu:/opt/ros/humble/lib /usr/bin/cmake --build /home/bobo/ros2_ws/build/tug_turtlebot4 -- -j8 -l8
[22.431s] DEBUG:colcon.colcon_core.event_handler.log_command:Invoking command in '/home/bobo/ros2_ws/build/tug_turtlebot4': CMAKE_PREFIX_PATH=/home/bobo/ros2_ws/install/tug_msgs:/home/bobo/ros2_ws/install/tug_turtlebot4:/home/bobo/ros2_ws/install/tug_stage_ros2:/home/bobo/ros2_ws/install/tug_mr2:/home/bobo/ros2_ws/install/ros2cpp_tutorials_service:/home/bobo/ros2_ws/install/ros2cpp_tutorials_publisher_subscriber:/home/bobo/ros2_ws/install/ros2cpp_tutorials_parameter:/home/bobo/ros2_ws/install/ros2cpp_tutorials_action:/home/bobo/ros2_ws/install/Eigen3:/opt/ros/humble LD_LIBRARY_PATH=/home/bobo/ros2_ws/install/tug_msgs/lib:/home/bobo/stg/lib:/home/bobo/ros2_ws/install/ros2cpp_tutorials_service/lib:/home/bobo/ros2_ws/install/ros2cpp_tutorials_action/lib:/opt/ros/humble/opt/rviz_ogre_vendor/lib:/opt/ros/humble/lib/x86_64-linux-gnu:/opt/ros/humble/lib /usr/bin/cmake --install /home/bobo/ros2_ws/build/tug_turtlebot4
[22.470s] Level 1:colcon.colcon_core.environment:create_environment_scripts_only(tug_turtlebot4)
[22.471s] Level 1:colcon.colcon_core.environment:checking '/home/bobo/ros2_ws/install/tug_turtlebot4' for CMake module files
[22.472s] DEBUG:colcon.colcon_core.event_handler.log_command:Invoked command in '/home/bobo/ros2_ws/build/tug_turtlebot4' returned '0': CMAKE_PREFIX_PATH=/home/bobo/ros2_ws/install/tug_msgs:/home/bobo/ros2_ws/install/tug_turtlebot4:/home/bobo/ros2_ws/install/tug_stage_ros2:/home/bobo/ros2_ws/install/tug_mr2:/home/bobo/ros2_ws/install/ros2cpp_tutorials_service:/home/bobo/ros2_ws/install/ros2cpp_tutorials_publisher_subscriber:/home/bobo/ros2_ws/install/ros2cpp_tutorials_parameter:/home/bobo/ros2_ws/install/ros2cpp_tutorials_action:/home/bobo/ros2_ws/install/Eigen3:/opt/ros/humble LD_LIBRARY_PATH=/home/bobo/ros2_ws/install/tug_msgs/lib:/home/bobo/stg/lib:/home/bobo/ros2_ws/install/ros2cpp_tutorials_service/lib:/home/bobo/ros2_ws/install/ros2cpp_tutorials_action/lib:/opt/ros/humble/opt/rviz_ogre_vendor/lib:/opt/ros/humble/lib/x86_64-linux-gnu:/opt/ros/humble/lib /usr/bin/cmake --install /home/bobo/ros2_ws/build/tug_turtlebot4
[22.472s] Level 1:colcon.colcon_core.environment:checking '/home/bobo/ros2_ws/install/tug_turtlebot4' for CMake config files
[22.473s] Level 1:colcon.colcon_core.shell:create_environment_hook('tug_turtlebot4', 'cmake_prefix_path')
[22.473s] INFO:colcon.colcon_core.shell:Creating environment hook '/home/bobo/ros2_ws/install/tug_turtlebot4/share/tug_turtlebot4/hook/cmake_prefix_path.ps1'
[22.474s] INFO:colcon.colcon_core.shell:Creating environment descriptor '/home/bobo/ros2_ws/install/tug_turtlebot4/share/tug_turtlebot4/hook/cmake_prefix_path.dsv'
[22.474s] INFO:colcon.colcon_core.shell:Creating environment hook '/home/bobo/ros2_ws/install/tug_turtlebot4/share/tug_turtlebot4/hook/cmake_prefix_path.sh'
[22.475s] Level 1:colcon.colcon_core.environment:checking '/home/bobo/ros2_ws/install/tug_turtlebot4/lib'
[22.475s] Level 1:colcon.colcon_core.environment:checking '/home/bobo/ros2_ws/install/tug_turtlebot4/bin'
[22.475s] Level 1:colcon.colcon_core.environment:checking '/home/bobo/ros2_ws/install/tug_turtlebot4/lib/pkgconfig/tug_turtlebot4.pc'
[22.475s] Level 1:colcon.colcon_core.environment:checking '/home/bobo/ros2_ws/install/tug_turtlebot4/lib/python3.10/site-packages'
[22.476s] Level 1:colcon.colcon_core.environment:checking '/home/bobo/ros2_ws/install/tug_turtlebot4/bin'
[22.476s] INFO:colcon.colcon_core.shell:Creating package script '/home/bobo/ros2_ws/install/tug_turtlebot4/share/tug_turtlebot4/package.ps1'
[22.477s] INFO:colcon.colcon_core.shell:Creating package descriptor '/home/bobo/ros2_ws/install/tug_turtlebot4/share/tug_turtlebot4/package.dsv'
[22.477s] INFO:colcon.colcon_core.shell:Creating package script '/home/bobo/ros2_ws/install/tug_turtlebot4/share/tug_turtlebot4/package.sh'
[22.478s] INFO:colcon.colcon_core.shell:Creating package script '/home/bobo/ros2_ws/install/tug_turtlebot4/share/tug_turtlebot4/package.bash'
[22.478s] INFO:colcon.colcon_core.shell:Creating package script '/home/bobo/ros2_ws/install/tug_turtlebot4/share/tug_turtlebot4/package.zsh'
[22.479s] Level 1:colcon.colcon_core.environment:create_file_with_runtime_dependencies(/home/bobo/ros2_ws/install/tug_turtlebot4/share/colcon-core/packages/tug_turtlebot4)
[22.480s] Level 1:colcon.colcon_core.environment:create_environment_scripts_only(tug_turtlebot4)
[22.480s] Level 1:colcon.colcon_core.environment:checking '/home/bobo/ros2_ws/install/tug_turtlebot4' for CMake module files
[22.480s] Level 1:colcon.colcon_core.environment:checking '/home/bobo/ros2_ws/install/tug_turtlebot4' for CMake config files
[22.481s] Level 1:colcon.colcon_core.shell:create_environment_hook('tug_turtlebot4', 'cmake_prefix_path')
[22.481s] INFO:colcon.colcon_core.shell:Creating environment hook '/home/bobo/ros2_ws/install/tug_turtlebot4/share/tug_turtlebot4/hook/cmake_prefix_path.ps1'
[22.482s] INFO:colcon.colcon_core.shell:Creating environment descriptor '/home/bobo/ros2_ws/install/tug_turtlebot4/share/tug_turtlebot4/hook/cmake_prefix_path.dsv'
[22.483s] INFO:colcon.colcon_core.shell:Creating environment hook '/home/bobo/ros2_ws/install/tug_turtlebot4/share/tug_turtlebot4/hook/cmake_prefix_path.sh'
[22.484s] Level 1:colcon.colcon_core.environment:checking '/home/bobo/ros2_ws/install/tug_turtlebot4/lib'
[22.484s] Level 1:colcon.colcon_core.environment:checking '/home/bobo/ros2_ws/install/tug_turtlebot4/bin'
[22.484s] Level 1:colcon.colcon_core.environment:checking '/home/bobo/ros2_ws/install/tug_turtlebot4/lib/pkgconfig/tug_turtlebot4.pc'
[22.484s] Level 1:colcon.colcon_core.environment:checking '/home/bobo/ros2_ws/install/tug_turtlebot4/lib/python3.10/site-packages'
[22.485s] Level 1:colcon.colcon_core.environment:checking '/home/bobo/ros2_ws/install/tug_turtlebot4/bin'
[22.485s] INFO:colcon.colcon_core.shell:Creating package script '/home/bobo/ros2_ws/install/tug_turtlebot4/share/tug_turtlebot4/package.ps1'
[22.485s] INFO:colcon.colcon_core.shell:Creating package descriptor '/home/bobo/ros2_ws/install/tug_turtlebot4/share/tug_turtlebot4/package.dsv'
[22.486s] INFO:colcon.colcon_core.shell:Creating package script '/home/bobo/ros2_ws/install/tug_turtlebot4/share/tug_turtlebot4/package.sh'
[22.487s] INFO:colcon.colcon_core.shell:Creating package script '/home/bobo/ros2_ws/install/tug_turtlebot4/share/tug_turtlebot4/package.bash'
[22.487s] INFO:colcon.colcon_core.shell:Creating package script '/home/bobo/ros2_ws/install/tug_turtlebot4/share/tug_turtlebot4/package.zsh'
[22.488s] Level 1:colcon.colcon_core.environment:create_file_with_runtime_dependencies(/home/bobo/ros2_ws/install/tug_turtlebot4/share/colcon-core/packages/tug_turtlebot4)
[22.488s] DEBUG:colcon.colcon_parallel_executor.executor.parallel:closing loop
[22.489s] DEBUG:colcon.colcon_parallel_executor.executor.parallel:loop closed
[22.489s] DEBUG:colcon.colcon_parallel_executor.executor.parallel:run_until_complete finished with '0'
[22.489s] DEBUG:colcon.colcon_core.event_reactor:joining thread
[22.498s] INFO:colcon.colcon_core.plugin_system:Skipping extension 'colcon_notification.desktop_notification.terminal_notifier': Not used on non-Darwin systems
[22.498s] INFO:colcon.colcon_core.plugin_system:Skipping extension 'colcon_notification.desktop_notification.win32': Not used on non-Windows systems
[22.498s] INFO:colcon.colcon_notification.desktop_notification:Sending desktop notification using 'notify2'
[22.521s] DEBUG:colcon.colcon_core.event_reactor:joined thread
[22.522s] INFO:colcon.colcon_core.shell:Creating prefix script '/home/bobo/ros2_ws/install/local_setup.ps1'
[22.524s] INFO:colcon.colcon_core.shell:Creating prefix util module '/home/bobo/ros2_ws/install/_local_setup_util_ps1.py'
[22.526s] INFO:colcon.colcon_core.shell:Creating prefix chain script '/home/bobo/ros2_ws/install/setup.ps1'
[22.529s] INFO:colcon.colcon_core.shell:Creating prefix script '/home/bobo/ros2_ws/install/local_setup.sh'
[22.530s] INFO:colcon.colcon_core.shell:Creating prefix util module '/home/bobo/ros2_ws/install/_local_setup_util_sh.py'
[22.531s] INFO:colcon.colcon_core.shell:Creating prefix chain script '/home/bobo/ros2_ws/install/setup.sh'
[22.533s] INFO:colcon.colcon_core.shell:Creating prefix script '/home/bobo/ros2_ws/install/local_setup.bash'
[22.534s] INFO:colcon.colcon_core.shell:Creating prefix chain script '/home/bobo/ros2_ws/install/setup.bash'
[22.536s] INFO:colcon.colcon_core.shell:Creating prefix script '/home/bobo/ros2_ws/install/local_setup.zsh'
[22.537s] INFO:colcon.colcon_core.shell:Creating prefix chain script '/home/bobo/ros2_ws/install/setup.zsh'
